13:12:37:000518 8.380 8.770 13:11:00 4.06 13:11:06 4.65 6 0.60
13:12:38:000518 8.380 8.770 13:11:00 4.06 13:11:06 4.65 6 0.60
13:12:44:000518 8.380 8.770 13:11:00 4.06 13:11:15 4.65 15 0.60
13:12:45:000518 8.380 8.770 13:11:00 4.06 13:11:15 4.65 15 0.60
13:12:46:000518 8.380 8.770 13:11:00 4.06 13:11:15 4.65 15 0.60
13:12:47:000518 8.380 8.770 13:11:00 4.06 13:11:15 4.65 15 0.60
13:13:10:002349 22.320 22.850 13:11:00 1.57 13:11:39 2.37 39 0.81
13:13:11:002349 22.320 22.850 13:11:00 1.57 13:11:42 2.37 42 0.81
13:13:12:002349 22.320 22.850 13:11:00 1.57 13:11:42 2.37 42 0.81
13:13:13:002349 22.320 22.850 13:11:00 1.57 13:11:42 2.37 42 0.81
13:13:14:002349 22.320 22.850 13:11:00 1.57 13:11:42 2.37 42 0.81
13:13:15:002349 22.320 22.850 13:11:00 1.57 13:11:45 2.37 45 0.81
13:13:16:002349 22.320 22.850 13:11:00 1.57 13:11:45 2.37 45 0.81
13:13:18:002349 22.320 22.850 13:11:00 1.57 13:11:45 2.37 45 0.81
13:13:19:002349 22.320 22.850 13:11:00 1.57 13:11:48 2.37 48 0.81
13:13:20:002349 22.320 22.850 13:11:00 1.57 13:11:51 2.37 51 0.81
13:13:21:002349 22.320 22.850 13:11:00 1.57 13:11:51 2.37 51 0.81
13:13:22:002349 22.320 22.850 13:11:00 1.57 13:11:51 2.37 51 0.81
13:13:23:002349 22.320 22.850 13:11:00 1.57 13:11:51 2.37 51 0.81
13:13:24:002349 22.320 22.850 13:11:00 1.57 13:11:54 2.37 54 0.81
13:13:25:002349 22.320 22.850 13:11:00 1.57 13:11:54 2.37 54 0.81
13:13:26:002349 22.320 22.850 13:11:00 1.57 13:11:54 2.37 54 0.81
13:15:04:002019 16.690 17.640 13:13:00 5.15 13:13:33 5.69 33 0.54
13:15:05:002019 16.690 17.640 13:13:00 5.15 13:13:33 5.69 33 0.54
13:15:11:002019 16.690 17.660 13:13:00 5.15 13:13:42 5.81 42 0.66
13:15:12:002019 16.690 17.660 13:13:00 5.15 13:13:42 5.81 42 0.66
13:15:13:002019 16.690 17.660 13:13:00 5.15 13:13:42 5.81 42 0.66
13:15:14:002019 16.690 17.670 13:13:00 5.15 13:13:45 5.87 45 0.72
13:15:15:002019 16.690 17.670 13:13:00 5.15 13:13:45 5.87 45 0.72
13:15:16:002019 16.690 17.670 13:13:00 5.15 13:13:45 5.87 45 0.72
13:15:17:002019 16.690 17.670 13:13:00 5.15 13:13:48 5.87 48 0.72
13:15:18:002019 16.690 17.670 13:13:00 5.15 13:13:48 5.87 48 0.72
13:15:19:002019 16.690 17.670 13:13:00 5.15 13:13:48 5.87 48 0.72
13:15:20:002019 16.690 17.680 13:13:00 5.15 13:13:51 5.93 51 0.78
13:15:21:002019 16.690 17.680 13:13:00 5.15 13:13:51 5.93 51 0.78
13:15:22:002019 16.690 17.680 13:13:00 5.15 13:13:51 5.93 51 0.78
13:15:24:002019 16.690 17.680 13:13:00 5.15 13:13:54 5.93 54 0.78
13:15:24:002019 16.690 17.680 13:13:00 5.15 13:13:54 5.93 54 0.78
13:15:25:002019 16.690 17.680 13:13:00 5.15 13:13:54 5.93 54 0.78
13:15:59:000659 5.680 5.890 13:14:03 3.17 13:14:30 3.70 27 0.53
13:16:00:000659 5.680 5.890 13:14:03 3.17 13:14:30 3.70 27 0.53
13:16:01:000659 5.680 5.890 13:14:03 3.17 13:14:30 3.70 27 0.53
13:16:03:000659 5.680 5.890 13:14:03 3.17 13:14:33 3.70 30 0.53
13:16:04:000659 5.680 5.890 13:14:03 3.17 13:14:33 3.70 30 0.53
13:16:06:000659 5.680 5.890 13:14:03 3.17 13:14:36 3.70 33 0.53
13:16:07:000659 5.680 5.890 13:14:03 3.17 13:14:36 3.70 33 0.53
13:16:08:000659 5.680 5.890 13:14:03 3.17 13:14:39 3.70 36 0.53
13:16:09:000659 5.680 5.890 13:14:03 3.17 13:14:39 3.70 36 0.53
13:16:10:000659 5.680 5.890 13:14:03 3.17 13:14:39 3.70 36 0.53
13:16:11:000659 5.680 5.890 13:14:03 3.17 13:14:42 3.70 39 0.53
13:16:12:000659 5.680 5.890 13:14:03 3.17 13:14:42 3.70 39 0.53
13:16:13:000659 5.680 5.890 13:14:03 3.17 13:14:42 3.70 39 0.53
13:16:14:000659 5.680 5.900 13:14:03 3.17 13:14:45 3.87 42 0.70
13:16:16:000659 5.680 5.900 13:14:03 3.17 13:14:45 3.87 42 0.70
13:16:16:000659 5.680 5.900 13:14:03 3.17 13:14:45 3.87 42 0.70
13:16:23:000659 5.680 5.900 13:14:03 3.17 13:14:54 3.87 51 0.70
13:16:24:000659 5.680 5.900 13:14:03 3.17 13:14:54 3.87 51 0.70
13:16:25:000659 5.680 5.900 13:14:03 3.17 13:14:54 3.87 51 0.70
13:16:25:000659 5.680 5.900 13:14:03 3.17 13:14:54 3.87 51 0.70
13:16:26:000659 5.680 5.900 13:14:03 3.17 13:14:57 3.87 54 0.70
13:16:27:000659 5.680 5.900 13:14:03 3.17 13:14:57 3.87 54 0.70
13:16:29:000659 5.680 5.900 13:14:03 3.17 13:14:57 3.87 54 0.70
13:16:57:002504 7.880 8.230 13:15:03 3.93 13:15:27 4.44 24 0.51
13:16:59:002504 7.880 8.230 13:15:03 3.93 13:15:27 4.44 24 0.51
13:17:02:002504 7.880 8.240 13:15:03 3.93 13:15:33 4.57 30 0.63
13:17:03:002504 7.880 8.240 13:15:03 3.93 13:15:33 4.57 30 0.63
13:17:05:002504 7.880 8.240 13:15:03 3.93 13:15:33 4.57 30 0.63
13:17:11:002504 7.880 8.240 13:15:03 3.93 13:15:42 4.57 39 0.63
13:17:12:002504 7.880 8.240 13:15:03 3.93 13:15:42 4.57 39 0.63
13:17:13:002504 7.880 8.240 13:15:03 3.93 13:15:42 4.57 39 0.63
13:18:21:002620 45.700 48.980 13:16:36 6.52 13:16:51 7.18 15 0.66
13:18:23:002620 45.700 48.980 13:16:36 6.52 13:16:51 7.18 15 0.66
13:18:27:002620 45.700 49.000 13:16:36 6.52 13:16:57 7.22 21 0.70
13:18:29:002620 45.700 49.000 13:16:36 6.52 13:16:57 7.22 21 0.70
13:19:27:600779 19.220 20.300 13:17:00 5.10 13:17:57 5.62 57 0.52
13:19:28:600779 19.220 20.300 13:17:00 5.10 13:17:57 5.62 57 0.52
13:20:13:600335 12.620 13.050 13:18:03 2.77 13:18:42 3.41 39 0.63
13:20:16:600335 12.620 13.050 13:18:03 2.77 13:18:45 3.41 42 0.63
13:20:17:600335 12.620 13.050 13:18:03 2.77 13:18:45 3.41 42 0.63
13:20:27:600335 12.620 13.060 13:18:03 2.77 13:18:57 3.49 54 0.71
13:20:29:600335 12.620 13.060 13:18:03 2.77 13:18:57 3.49 54 0.71
13:21:03:600779 19.220 20.500 13:19:15 5.98 13:19:33 6.66 18 0.68
13:21:04:600779 19.220 20.500 13:19:15 5.98 13:19:33 6.66 18 0.68
13:21:05:600779 19.220 20.500 13:19:15 5.98 13:19:33 6.66 18 0.68
13:21:06:600779 19.220 20.500 13:19:15 5.98 13:19:33 6.66 18 0.68
13:21:07:600779 19.220 20.500 13:19:15 5.98 13:19:33 6.66 18 0.68
13:21:08:600779 19.220 20.500 13:19:15 5.98 13:19:36 6.66 21 0.68
13:21:09:600779 19.220 20.500 13:19:15 5.98 13:19:36 6.66 21 0.68
13:21:11:600779 19.220 20.500 13:19:15 5.98 13:19:39 6.66 24 0.68
13:21:12:600779 19.220 20.500 13:19:15 5.98 13:19:39 6.66 24 0.68
13:21:13:600779 19.220 20.510 13:19:15 5.98 13:19:42 6.71 27 0.73
13:21:14:600779 19.220 20.510 13:19:15 5.98 13:19:42 6.71 27 0.73
13:22:13:002562 12.750 13.120 13:20:18 2.35 13:20:42 2.90 24 0.55
13:22:15:002562 12.750 13.120 13:20:18 2.35 13:20:45 2.90 27 0.55
13:22:16:002562 12.750 13.120 13:20:18 2.35 13:20:45 2.90 27 0.55
13:22:22:002562 12.750 13.150 13:20:18 2.35 13:20:51 3.14 33 0.78
13:22:23:002562 12.750 13.150 13:20:18 2.35 13:20:51 3.14 33 0.78
13:22:25:002562 12.750 13.150 13:20:18 2.35 13:20:54 3.14 36 0.78
13:22:27:002562 12.750 13.150 13:20:18 2.35 13:20:54 3.14 36 0.78
13:22:29:002562 12.750 13.150 13:20:18 2.35 13:20:57 3.14 39 0.78
13:22:44:000585 8.670 9.250 13:21:03 6.00 13:21:12 6.69 9 0.69
13:22:45:000585 8.670 9.280 13:21:03 6.00 13:21:15 7.04 12 1.04
13:22:47:000585 8.670 9.280 13:21:03 6.00 13:21:15 7.04 12 1.04
13:22:48:000585 8.670 9.290 13:21:03 6.00 13:21:18 7.15 15 1.15
13:22:49:000585 8.670 9.290 13:21:03 6.00 13:21:18 7.15 15 1.15
13:23:00:000585 8.670 9.380 13:21:03 6.00 13:21:30 8.19 27 2.19
13:23:01:000585 8.670 9.380 13:21:03 6.00 13:21:30 8.19 27 2.19
13:23:02:000585 8.670 9.380 13:21:03 6.00 13:21:33 8.19 30 2.19
13:23:04:000585 8.670 9.380 13:21:03 6.00 13:21:33 8.19 30 2.19
13:23:05:000585 8.670 9.380 13:21:03 6.00 13:21:33 8.19 30 2.19
13:23:06:000585 8.670 9.410 13:21:03 6.00 13:21:36 8.54 33 2.54
13:23:07:000585 8.670 9.410 13:21:03 6.00 13:21:36 8.54 33 2.54
13:23:08:000585 8.670 9.410 13:21:03 6.00 13:21:36 8.54 33 2.54
13:23:09:000585 8.670 9.410 13:21:03 6.00 13:21:39 8.54 36 2.54
13:23:25:600702 23.050 24.360 13:21:00 5.16 13:21:54 5.68 54 0.52
13:23:27:600702 23.050 24.360 13:21:00 5.16 13:21:54 5.68 54 0.52
13:24:07:600865 13.950 14.370 13:22:00 2.51 13:22:36 3.01 36 0.50
13:24:08:600865 13.950 14.370 13:22:00 2.51 13:22:36 3.01 36 0.50
13:24:09:600865 13.950 14.370 13:22:00 2.51 13:22:39 3.01 39 0.50
13:24:10:600865 13.950 14.370 13:22:00 2.51 13:22:39 3.01 39 0.50
13:24:11:600865 13.950 14.370 13:22:00 2.51 13:22:39 3.01 39 0.50
13:24:13:600865 13.950 14.370 13:22:00 2.51 13:22:39 3.01 39 0.50
13:24:13:600865 13.950 14.370 13:22:00 2.51 13:22:39 3.01 39 0.50
13:24:16:600488 6.270 6.520 13:22:03 3.35 13:22:45 3.99 42 0.64
13:24:17:600488 6.270 6.520 13:22:03 3.35 13:22:45 3.99 42 0.64
13:24:18:600488 6.270 6.520 13:22:03 3.35 13:22:45 3.99 42 0.64
13:24:20:600865 13.950 14.380 13:22:00 2.51 13:22:48 3.08 48 0.57
13:24:21:600865 13.950 14.380 13:22:00 2.51 13:22:51 3.08 51 0.57
13:24:22:600865 13.950 14.380 13:22:00 2.51 13:22:51 3.08 51 0.57
13:24:24:600865 13.950 14.380 13:22:00 2.51 13:22:51 3.08 51 0.57
13:24:25:600865 13.950 14.380 13:22:00 2.51 13:22:51 3.08 51 0.57
13:24:27:600865 13.950 14.390 13:22:00 2.51 13:22:57 3.15 57 0.65
13:24:28:600865 13.950 14.390 13:22:00 2.51 13:22:57 3.15 57 0.65
13:24:29:600865 13.950 14.390 13:22:00 2.51 13:22:57 3.15 57 0.65
13:24:52:002312 7.700 8.020 13:23:00 3.51 13:23:21 4.16 21 0.65
13:24:53:002312 7.700 8.020 13:23:00 3.51 13:23:21 4.16 21 0.65
13:24:54:002312 7.700 8.020 13:23:00 3.51 13:23:24 4.16 24 0.65
13:24:55:600381 17.600 18.090 13:23:03 2.16 13:23:24 2.78 21 0.62
13:24:55:002312 7.700 8.020 13:23:00 3.51 13:23:24 4.16 24 0.65
13:24:56:600381 17.600 18.090 13:23:03 2.16 13:23:24 2.78 21 0.62
13:25:00:600381 17.600 18.100 13:23:03 2.16 13:23:30 2.84 27 0.68
13:25:00:002312 7.700 8.020 13:23:00 3.51 13:23:30 4.16 30 0.65
13:25:01:600381 17.600 18.100 13:23:03 2.16 13:23:30 2.84 27 0.68
13:25:01:002312 7.700 8.020 13:23:00 3.51 13:23:30 4.16 30 0.65
13:25:03:600381 17.600 18.100 13:23:03 2.16 13:23:30 2.84 27 0.68
13:25:03:600381 17.600 18.100 13:23:03 2.16 13:23:33 2.84 30 0.68
13:25:05:600381 17.600 18.100 13:23:03 2.16 13:23:33 2.84 30 0.68
13:25:06:600381 17.600 18.100 13:23:03 2.16 13:23:33 2.84 30 0.68
13:25:07:600381 17.600 18.100 13:23:03 2.16 13:23:33 2.84 30 0.68
13:25:08:600381 17.600 18.100 13:23:03 2.16 13:23:33 2.84 30 0.68
13:25:09:600381 17.600 18.100 13:23:03 2.16 13:23:36 2.84 33 0.68
13:25:10:600381 17.600 18.100 13:23:03 2.16 13:23:36 2.84 33 0.68
13:25:10:002312 7.700 8.030 13:23:00 3.51 13:23:39 4.29 39 0.78
13:25:11:600381 17.600 18.180 13:23:03 2.16 13:23:39 3.30 36 1.14
13:25:12:600381 17.600 18.180 13:23:03 2.16 13:23:39 3.30 36 1.14
13:25:13:600381 17.600 18.180 13:23:03 2.16 13:23:39 3.30 36 1.14
13:26:11:002312 7.700 8.100 13:24:30 4.55 13:24:42 5.19 12 0.65
13:26:12:002312 7.700 8.100 13:24:30 4.55 13:24:42 5.19 12 0.65
13:26:14:002312 7.700 8.100 13:24:30 4.55 13:24:42 5.19 12 0.65
13:26:19:002312 7.700 8.150 13:24:30 4.55 13:24:48 5.84 18 1.30
13:26:20:002312 7.700 8.180 13:24:30 4.55 13:24:51 6.23 21 1.69
13:26:21:002312 7.700 8.180 13:24:30 4.55 13:24:51 6.23 21 1.69
13:26:23:002312 7.700 8.180 13:24:30 4.55 13:24:51 6.23 21 1.69
13:26:46:002312 7.700 8.330 13:25:00 7.01 13:25:15 8.18 15 1.17
13:26:47:002312 7.700 8.330 13:25:00 7.01 13:25:15 8.18 15 1.17
13:27:02:600381 17.600 18.300 13:25:18 3.41 13:25:30 3.98 12 0.57
13:27:04:600381 17.600 18.300 13:25:18 3.41 13:25:30 3.98 12 0.57
13:27:06:600381 17.600 18.350 13:25:18 3.41 13:25:33 4.26 15 0.85
13:27:08:600381 17.600 18.380 13:25:18 3.41 13:25:36 4.43 18 1.02
13:27:11:600381 17.600 18.390 13:25:18 3.41 13:25:39 4.49 21 1.08
13:27:14:600381 17.600 18.390 13:25:18 3.41 13:25:42 4.49 24 1.08
13:27:16:600381 17.600 18.390 13:25:18 3.41 13:25:42 4.49 24 1.08
13:27:18:600381 17.600 18.400 13:25:18 3.41 13:25:45 4.55 27 1.14
13:27:19:600381 17.600 18.400 13:25:18 3.41 13:25:45 4.55 27 1.14
13:30:22:600423 8.080 8.300 13:28:00 2.10 13:28:51 2.72 51 0.62
13:30:24:600423 8.080 8.300 13:28:00 2.10 13:28:51 2.72 51 0.62
13:30:26:600423 8.080 8.300 13:28:00 2.10 13:28:51 2.72 51 0.62
13:32:21:000929 17.200 17.680 13:30:03 2.21 13:30:51 2.79 48 0.58
13:32:23:000929 17.200 17.680 13:30:03 2.21 13:30:51 2.79 48 0.58
13:32:28:000929 17.200 17.680 13:30:03 2.21 13:30:57 2.79 54 0.58
13:32:29:000929 17.200 17.680 13:30:03 2.21 13:30:57 2.79 54 0.58
13:33:16:600722 10.650 11.100 13:31:00 3.66 13:31:45 4.23 45 0.56
13:33:17:600722 10.650 11.100 13:31:00 3.66 13:31:48 4.23 48 0.56
13:33:19:600722 10.650 11.100 13:31:00 3.66 13:31:48 4.23 48 0.56
13:33:21:600722 10.650 11.100 13:31:00 3.66 13:31:48 4.23 48 0.56
13:33:23:600381 17.600 18.700 13:31:45 5.45 13:31:50 6.25 5 0.80
13:33:56:600722 10.650 11.220 13:32:03 4.69 13:32:27 5.35 24 0.66
13:33:57:600722 10.650 11.220 13:32:03 4.69 13:32:27 5.35 24 0.66
13:33:58:600722 10.650 11.220 13:32:03 4.69 13:32:27 5.35 24 0.66
13:33:59:600722 10.650 11.220 13:32:03 4.69 13:32:27 5.35 24 0.66
13:34:08:600722 10.650 11.240 13:32:03 4.69 13:32:39 5.54 36 0.85
13:34:09:600722 10.650 11.240 13:32:03 4.69 13:32:39 5.54 36 0.85
13:34:10:600722 10.650 11.240 13:32:03 4.69 13:32:39 5.54 36 0.85
13:34:11:600722 10.650 11.240 13:32:03 4.69 13:32:39 5.54 36 0.85
13:34:12:600722 10.650 11.250 13:32:03 4.69 13:32:42 5.63 39 0.94
13:34:12:002699 33.050 34.400 13:32:00 3.54 13:32:42 4.08 42 0.54
13:34:13:600722 10.650 11.250 13:32:03 4.69 13:32:42 5.63 39 0.94
13:34:13:002699 33.050 34.400 13:32:00 3.54 13:32:42 4.08 42 0.54
13:34:14:600722 10.650 11.250 13:32:03 4.69 13:32:42 5.63 39 0.94
13:34:14:002699 33.050 34.400 13:32:00 3.54 13:32:42 4.08 42 0.54
13:34:15:600722 10.650 11.250 13:32:03 4.69 13:32:42 5.63 39 0.94
13:34:15:002699 33.050 34.400 13:32:00 3.54 13:32:45 4.08 45 0.54
13:34:16:600722 10.650 11.250 13:32:03 4.69 13:32:42 5.63 39 0.94
13:34:16:002699 33.050 34.400 13:32:00 3.54 13:32:45 4.08 45 0.54
13:34:17:600722 10.650 11.250 13:32:03 4.69 13:32:44 5.63 41 0.94
13:34:17:002699 33.050 34.400 13:32:00 3.54 13:32:45 4.08 45 0.54
13:35:24:002560 13.100 13.450 13:33:00 2.14 13:33:54 2.67 54 0.53
13:35:25:002560 13.100 13.450 13:33:00 2.14 13:33:54 2.67 54 0.53
13:35:26:002560 13.100 13.450 13:33:00 2.14 13:33:54 2.67 54 0.53
13:35:27:002560 13.100 13.470 13:33:00 2.14 13:33:57 2.82 57 0.69
13:35:28:002560 13.100 13.470 13:33:00 2.14 13:33:57 2.82 57 0.69
13:35:29:002560 13.100 13.470 13:33:00 2.14 13:33:57 2.82 57 0.69
13:36:13:600113 20.880 22.150 13:34:27 5.46 13:34:42 6.08 15 0.62
13:36:15:600113 20.880 22.150 13:34:27 5.46 13:34:42 6.08 15 0.62
13:36:35:600113 20.880 22.470 13:35:00 7.09 13:35:03 7.61 3 0.53
13:36:36:600113 20.880 22.470 13:35:00 7.09 13:35:03 7.61 3 0.53
13:36:37:600113 20.880 22.470 13:35:00 7.09 13:35:03 7.61 3 0.53
13:36:38:600113 20.880 22.470 13:35:00 7.09 13:35:03 7.61 3 0.53
13:36:43:600113 20.880 22.470 13:35:00 7.09 13:35:12 7.61 12 0.53
13:36:44:600113 20.880 22.470 13:35:00 7.09 13:35:12 7.61 12 0.53
13:36:50:600416 15.900 17.230 13:35:12 7.86 13:35:18 8.36 6 0.50
13:36:56:600416 15.900 17.320 13:35:12 7.86 13:35:24 8.93 12 1.07
13:36:58:600416 15.900 17.320 13:35:12 7.86 13:35:24 8.93 12 1.07
13:37:04:600113 20.880 22.500 13:35:00 7.09 13:35:33 7.76 33 0.67
13:37:16:600722 10.650 11.340 13:35:15 5.82 13:35:45 6.48 30 0.66
13:37:17:600722 10.650 11.340 13:35:15 5.82 13:35:45 6.48 30 0.66
13:37:18:600722 10.650 11.340 13:35:15 5.82 13:35:45 6.48 30 0.66
13:37:19:600722 10.650 11.350 13:35:15 5.82 13:35:48 6.57 33 0.75
13:37:19:600462 8.130 8.350 13:35:24 2.09 13:35:48 2.71 24 0.62
13:37:20:600722 10.650 11.350 13:35:15 5.82 13:35:48 6.57 33 0.75
13:37:20:600462 8.130 8.350 13:35:24 2.09 13:35:48 2.71 24 0.62
13:37:21:600722 10.650 11.350 13:35:15 5.82 13:35:48 6.57 33 0.75
13:37:21:600462 8.130 8.350 13:35:24 2.09 13:35:48 2.71 24 0.62
13:37:22:600462 8.130 8.350 13:35:24 2.09 13:35:51 2.71 27 0.62
13:37:23:600462 8.130 8.350 13:35:24 2.09 13:35:51 2.71 27 0.62
13:37:27:600462 8.130 8.370 13:35:24 2.09 13:35:57 2.95 33 0.86
13:37:28:600462 8.130 8.370 13:35:24 2.09 13:35:57 2.95 33 0.86
13:37:29:600462 8.130 8.370 13:35:24 2.09 13:35:57 2.95 33 0.86
13:40:15:600268 8.720 8.990 13:38:03 2.52 13:38:45 3.10 42 0.57
13:40:17:600268 8.720 8.990 13:38:03 2.52 13:38:45 3.10 42 0.57
13:40:18:600268 8.720 8.990 13:38:03 2.52 13:38:45 3.10 42 0.57
13:40:23:600268 8.720 8.990 13:38:03 2.52 13:38:51 3.10 48 0.57
13:40:24:600268 8.720 8.990 13:38:03 2.52 13:38:51 3.10 48 0.57
13:40:26:600268 8.720 8.990 13:38:03 2.52 13:38:54 3.10 51 0.57
13:40:27:600268 8.720 8.990 13:38:03 2.52 13:38:54 3.10 51 0.57
13:40:56:000906 16.300 17.100 13:39:00 4.29 13:39:27 4.91 27 0.61
13:40:58:000906 16.300 17.100 13:39:00 4.29 13:39:27 4.91 27 0.61
13:41:02:000906 16.300 17.120 13:39:00 4.29 13:39:33 5.03 33 0.74
13:41:04:000906 16.300 17.120 13:39:00 4.29 13:39:33 5.03 33 0.74
13:41:05:000906 16.300 17.140 13:39:00 4.29 13:39:36 5.15 36 0.86
13:41:06:000906 16.300 17.140 13:39:00 4.29 13:39:36 5.15 36 0.86
13:41:17:000906 16.300 17.150 13:39:00 4.29 13:39:48 5.21 48 0.92
13:41:18:000906 16.300 17.150 13:39:00 4.29 13:39:48 5.21 48 0.92
13:41:20:000906 16.300 17.150 13:39:00 4.29 13:39:48 5.21 48 0.92
13:42:28:600746 13.100 13.490 13:40:33 2.29 13:40:57 2.98 24 0.69
13:42:29:600746 13.100 13.490 13:40:33 2.29 13:40:57 2.98 24 0.69
13:45:26:000906 16.300 17.310 13:43:27 5.64 13:43:57 6.20 30 0.55
13:45:28:000906 16.300 17.310 13:43:27 5.64 13:43:57 6.20 30 0.55
13:47:20:002336 12.170 12.710 13:45:00 3.53 13:45:48 4.44 48 0.90
13:47:24:002336 12.170 12.760 13:45:00 3.53 13:45:51 4.85 51 1.31
13:47:28:002336 12.170 12.760 13:45:00 3.53 13:45:57 4.85 57 1.31
13:52:12:600426 13.320 14.150 13:50:00 5.71 13:50:42 6.23 42 0.53
13:52:13:600426 13.320 14.150 13:50:00 5.71 13:50:42 6.23 42 0.53
13:52:15:600426 13.320 14.150 13:50:00 5.71 13:50:45 6.23 45 0.53
13:52:16:600426 13.320 14.150 13:50:00 5.71 13:50:45 6.23 45 0.53
13:52:17:600426 13.320 14.150 13:50:00 5.71 13:50:45 6.23 45 0.53
13:52:19:600426 13.320 14.150 13:50:00 5.71 13:50:48 6.23 48 0.53
13:52:20:600426 13.320 14.150 13:50:00 5.71 13:50:48 6.23 48 0.53
13:52:22:600426 13.320 14.150 13:50:00 5.71 13:50:48 6.23 48 0.53
13:52:23:600426 13.320 14.150 13:50:00 5.71 13:50:48 6.23 48 0.53
13:52:25:600426 13.320 14.150 13:50:00 5.71 13:50:54 6.23 54 0.53
13:52:26:600426 13.320 14.150 13:50:00 5.71 13:50:54 6.23 54 0.53
13:54:06:600379 23.120 23.880 13:52:03 2.72 13:52:36 3.29 33 0.56
13:54:13:600379 23.120 23.880 13:52:03 2.72 13:52:42 3.29 39 0.56
13:54:15:600379 23.120 23.880 13:52:03 2.72 13:52:45 3.29 42 0.56
13:54:21:600379 23.120 23.920 13:52:03 2.72 13:52:51 3.46 48 0.74
13:54:24:600379 23.120 23.920 13:52:03 2.72 13:52:51 3.46 48 0.74
13:54:27:600379 23.120 23.920 13:52:03 2.72 13:52:57 3.46 54 0.74
13:57:21:600821 11.970 12.320 13:55:06 2.34 13:55:51 2.92 45 0.58
13:57:23:600821 11.970 12.320 13:55:06 2.34 13:55:51 2.92 45 0.58
13:57:24:600821 11.970 12.320 13:55:06 2.34 13:55:54 2.92 48 0.58
13:57:26:600821 11.970 12.320 13:55:06 2.34 13:55:54 2.92 48 0.58
13:57:28:600821 11.970 12.320 13:55:06 2.34 13:55:54 2.92 48 0.58
13:57:29:600821 11.970 12.320 13:55:06 2.34 13:55:57 2.92 51 0.58
13:57:53:000927 6.440 6.660 13:56:00 2.80 13:56:24 3.42 24 0.62
13:57:54:000927 6.440 6.660 13:56:00 2.80 13:56:24 3.42 24 0.62
13:57:55:000927 6.440 6.660 13:56:00 2.80 13:56:24 3.42 24 0.62
13:57:58:000927 6.440 6.660 13:56:00 2.80 13:56:27 3.42 27 0.62
13:57:59:000927 6.440 6.670 13:56:00 2.80 13:56:30 3.57 30 0.78
13:58:00:000927 6.440 6.670 13:56:00 2.80 13:56:30 3.57 30 0.78
13:58:01:000927 6.440 6.670 13:56:00 2.80 13:56:30 3.57 30 0.78
13:58:02:000927 6.440 6.670 13:56:00 2.80 13:56:33 3.57 33 0.78
13:58:03:000927 6.440 6.670 13:56:00 2.80 13:56:33 3.57 33 0.78
13:58:04:000927 6.440 6.670 13:56:00 2.80 13:56:33 3.57 33 0.78
13:58:05:000927 6.440 6.680 13:56:00 2.80 13:56:36 3.73 36 0.93
13:58:07:000927 6.440 6.680 13:56:00 2.80 13:56:36 3.73 36 0.93
13:58:08:000927 6.440 6.680 13:56:00 2.80 13:56:39 3.73 39 0.93
13:58:10:000927 6.440 6.680 13:56:00 2.80 13:56:39 3.73 39 0.93
13:58:11:000927 6.440 6.680 13:56:00 2.80 13:56:42 3.73 42 0.93
13:58:12:000927 6.440 6.680 13:56:00 2.80 13:56:42 3.73 42 0.93
13:58:14:000927 6.440 6.680 13:56:00 2.80 13:56:42 3.73 42 0.93
13:58:15:000927 6.440 6.680 13:56:00 2.80 13:56:45 3.73 45 0.93
13:58:16:600821 11.970 12.420 13:56:00 3.17 13:56:45 3.76 45 0.58
13:58:16:000927 6.440 6.680 13:56:00 2.80 13:56:45 3.73 45 0.93
13:58:17:600821 11.970 12.420 13:56:00 3.17 13:56:45 3.76 45 0.58
13:58:18:600821 11.970 12.420 13:56:00 3.17 13:56:45 3.76 45 0.58
13:58:20:600821 11.970 12.420 13:56:00 3.17 13:56:48 3.76 48 0.58
13:58:21:600821 11.970 12.420 13:56:00 3.17 13:56:48 3.76 48 0.58
13:58:25:600821 11.970 12.450 13:56:00 3.17 13:56:54 4.01 54 0.84
13:58:26:600821 11.970 12.450 13:56:00 3.17 13:56:54 4.01 54 0.84
13:58:28:600821 11.970 12.450 13:56:00 3.17 13:56:54 4.01 54 0.84
13:59:12:600821 11.970 12.510 13:57:15 4.01 13:57:42 4.51 27 0.50
13:59:13:600821 11.970 12.510 13:57:15 4.01 13:57:42 4.51 27 0.50
13:59:15:600821 11.970 12.510 13:57:15 4.01 13:57:42 4.51 27 0.50
13:59:16:600821 11.970 12.510 13:57:15 4.01 13:57:45 4.51 30 0.50
13:59:17:600821 11.970 12.510 13:57:15 4.01 13:57:45 4.51 30 0.50
13:59:25:600821 11.970 12.550 13:57:15 4.01 13:57:54 4.85 39 0.84
13:59:27:600821 11.970 12.550 13:57:15 4.01 13:57:54 4.85 39 0.84
13:59:28:600821 11.970 12.550 13:57:15 4.01 13:57:57 4.85 42 0.84
13:59:29:600821 11.970 12.550 13:57:15 4.01 13:57:57 4.85 42 0.84
13:59:30:600821 11.970 12.550 13:57:15 4.01 13:57:57 4.85 42 0.84
14:00:23:603993 4.300 4.560 13:58:00 5.12 13:58:51 6.05 51 0.93
14:00:24:603993 4.300 4.560 13:58:00 5.12 13:58:51 6.05 51 0.93
14:00:25:603993 4.300 4.560 13:58:00 5.12 13:58:54 6.05 54 0.93
14:00:26:603993 4.300 4.560 13:58:00 5.12 13:58:54 6.05 54 0.93
14:00:27:002098 16.390 16.820 13:58:00 2.07 13:58:57 2.62 57 0.55
14:00:27:603993 4.300 4.560 13:58:00 5.12 13:58:54 6.05 54 0.93
14:00:28:002098 16.390 16.820 13:58:00 2.07 13:58:57 2.62 57 0.55
14:00:29:002098 16.390 16.820 13:58:00 2.07 13:58:57 2.62 57 0.55
14:01:21:002340 6.380 6.620 13:59:00 3.13 13:59:51 3.76 51 0.63
14:01:23:002340 6.380 6.620 13:59:00 3.13 13:59:51 3.76 51 0.63
14:01:25:002340 6.380 6.620 13:59:00 3.13 13:59:54 3.76 54 0.63
14:01:25:002558 62.000 63.770 13:59:00 2.31 13:59:54 2.85 54 0.55
14:01:25:601958 8.100 8.330 13:59:24 2.22 13:59:54 2.84 30 0.62
14:01:27:002340 6.380 6.620 13:59:00 3.13 13:59:57 3.76 57 0.63
14:01:27:601958 8.100 8.330 13:59:24 2.22 13:59:54 2.84 30 0.62
14:01:28:002340 6.380 6.620 13:59:00 3.13 13:59:57 3.76 57 0.63
14:01:28:601958 8.100 8.330 13:59:24 2.22 13:59:54 2.84 30 0.62
14:01:38:002340 6.380 6.620 13:59:00 3.13 13:59:57 3.76 57 0.63
14:02:14:600877 9.990 10.270 14:00:27 2.10 14:00:42 2.80 15 0.70
14:02:15:600877 9.990 10.270 14:00:27 2.10 14:00:42 2.80 15 0.70
14:02:15:002340 6.380 6.690 14:00:09 4.23 14:00:45 4.86 36 0.63
14:02:16:002340 6.380 6.690 14:00:09 4.23 14:00:45 4.86 36 0.63
14:02:18:002340 6.380 6.690 14:00:09 4.23 14:00:45 4.86 36 0.63
14:02:22:000906 16.300 17.480 14:00:33 6.44 14:00:51 7.24 18 0.80
14:02:22:002340 6.380 6.700 14:00:09 4.23 14:00:51 5.02 42 0.78
14:02:23:600877 9.990 10.280 14:00:27 2.10 14:00:51 2.90 24 0.80
14:02:23:000906 16.300 17.480 14:00:33 6.44 14:00:51 7.24 18 0.80
14:02:23:002340 6.380 6.700 14:00:09 4.23 14:00:51 5.02 42 0.78
14:02:25:000906 16.300 17.480 14:00:33 6.44 14:00:54 7.24 21 0.80
14:02:25:002558 62.000 64.190 14:00:00 2.90 14:00:54 3.53 54 0.63
14:02:25:002340 6.380 6.700 14:00:09 4.23 14:00:54 5.02 45 0.78
14:02:26:000906 16.300 17.500 14:00:33 6.44 14:00:57 7.36 24 0.92
14:02:26:002558 62.000 64.190 14:00:00 2.90 14:00:54 3.53 54 0.63
14:02:26:002340 6.380 6.700 14:00:09 4.23 14:00:54 5.02 45 0.78
14:02:28:600877 9.990 10.300 14:00:27 2.10 14:00:57 3.10 30 1.00
14:02:28:000906 16.300 17.500 14:00:33 6.44 14:00:57 7.36 24 0.92
14:02:29:600877 9.990 10.300 14:00:27 2.10 14:00:57 3.10 30 1.00
14:02:29:000906 16.300 17.500 14:00:33 6.44 14:00:57 7.36 24 0.92
14:02:31:600877 9.990 10.300 14:00:27 2.10 14:00:57 3.10 30 1.00
14:03:08:000906 16.300 17.680 14:01:12 7.85 14:01:39 8.47 27 0.61
14:03:08:002558 62.000 64.800 14:01:00 3.74 14:01:36 4.52 36 0.77
14:03:10:000906 16.300 17.680 14:01:12 7.85 14:01:39 8.47 27 0.61
14:03:18:002340 6.380 6.740 14:01:00 5.02 14:01:45 5.64 45 0.63
14:03:20:002558 62.000 65.000 14:01:00 3.74 14:01:48 4.84 48 1.10
14:03:25:002558 62.000 65.000 14:01:00 3.74 14:01:51 4.84 51 1.10
14:03:29:002558 62.000 65.000 14:01:00 3.74 14:01:57 4.84 57 1.10
14:04:16:002558 62.000 65.690 14:02:15 5.40 14:02:45 5.95 30 0.55
14:04:17:002558 62.000 65.690 14:02:15 5.40 14:02:45 5.95 30 0.55
14:04:21:002558 62.000 65.780 14:02:15 5.40 14:02:48 6.10 33 0.69
14:04:24:002558 62.000 65.780 14:02:15 5.40 14:02:51 6.10 36 0.69
14:04:30:002558 62.000 65.870 14:02:15 5.40 14:02:54 6.24 39 0.84
14:05:23:600230 24.600 25.730 14:03:06 4.07 14:03:44 4.59 38 0.53
14:05:23:000717 5.860 6.020 14:03:03 2.22 14:03:39 2.73 36 0.51
14:05:28:600230 24.600 25.730 14:03:06 4.07 14:03:56 4.59 50 0.53
14:08:15:603988 70.500 75.180 14:06:02 6.10 14:06:44 6.64 42 0.54
14:08:20:603988 70.500 75.180 14:06:02 6.10 14:06:50 6.64 48 0.54
14:08:25:603988 70.500 75.250 14:06:02 6.10 14:06:53 6.74 51 0.64
14:10:27:600166 3.430 3.530 14:08:05 2.33 14:08:57 2.92 52 0.58
14:10:29:600166 3.430 3.530 14:08:05 2.33 14:08:57 2.92 52 0.58
14:11:02:002762 50.080 53.350 14:09:00 5.83 14:09:30 6.53 30 0.70
14:11:04:002762 50.080 53.350 14:09:00 5.83 14:09:33 6.53 33 0.70
14:11:04:002562 12.750 13.460 14:09:00 5.02 14:09:33 5.57 33 0.55
14:11:07:002762 50.080 53.500 14:09:00 5.83 14:09:36 6.83 36 1.00
14:11:07:002562 12.750 13.460 14:09:00 5.02 14:09:36 5.57 36 0.55
14:11:12:002762 50.080 53.500 14:09:00 5.83 14:09:39 6.83 39 1.00
14:11:12:002562 12.750 13.470 14:09:00 5.02 14:09:39 5.65 39 0.63
14:11:15:002762 50.080 53.500 14:09:00 5.83 14:09:42 6.83 42 1.00
14:11:25:603988 70.500 76.500 14:09:00 7.80 14:09:54 8.51 54 0.71
14:11:32:002762 50.080 53.500 14:09:00 5.83 14:09:54 6.83 54 1.00
14:12:17:000026 14.240 14.900 14:10:03 4.00 14:10:42 4.63 39 0.63
14:12:21:000026 14.240 14.930 14:10:03 4.00 14:10:48 4.85 45 0.84
14:12:24:000026 14.240 14.950 14:10:03 4.00 14:10:51 4.99 48 0.98
14:12:27:000026 14.240 14.950 14:10:03 4.00 14:10:54 4.99 51 0.98
14:12:35:000026 14.240 14.950 14:10:03 4.00 14:10:54 4.99 51 0.98
14:12:41:000026 14.240 14.950 14:10:03 4.00 14:10:54 4.99 51 0.98
14:12:45:000026 14.240 14.950 14:10:03 4.00 14:10:54 4.99 51 0.98
14:13:00:000026 14.240 15.080 14:11:24 5.34 14:11:30 5.90 6 0.56
14:13:04:000026 14.240 15.100 14:11:24 5.34 14:11:33 6.04 9 0.70
14:13:12:000026 14.240 15.150 14:11:24 5.34 14:11:42 6.39 18 1.05
14:13:14:000026 14.240 15.150 14:11:24 5.34 14:11:42 6.39 18 1.05
14:13:18:000026 14.240 15.260 14:11:24 5.34 14:11:48 7.16 24 1.83
14:13:20:000026 14.240 15.260 14:11:24 5.34 14:11:48 7.16 24 1.83
14:13:22:000026 14.240 15.260 14:11:24 5.34 14:11:48 7.16 24 1.83
14:13:25:000026 14.240 15.300 14:11:24 5.34 14:11:54 7.44 30 2.11
14:16:50:600020 4.740 4.970 14:15:00 4.22 14:15:18 4.85 18 0.63
14:18:19:002090 23.150 24.730 14:16:00 6.22 14:16:48 6.83 48 0.60
14:18:19:600759 8.860 9.120 14:16:00 2.37 14:16:48 2.93 48 0.56
14:18:21:002090 23.150 24.730 14:16:00 6.22 14:16:48 6.83 48 0.60
14:18:21:600759 8.860 9.120 14:16:00 2.37 14:16:48 2.93 48 0.56
14:18:23:002090 23.150 24.730 14:16:00 6.22 14:16:51 6.83 51 0.60
14:18:30:002090 23.150 24.730 14:16:00 6.22 14:16:54 6.83 54 0.60
14:23:09:002678 14.200 14.580 14:21:15 2.11 14:21:39 2.68 24 0.56
14:23:11:002678 14.200 14.580 14:21:15 2.11 14:21:39 2.68 24 0.56
14:23:14:002678 14.200 14.590 14:21:15 2.11 14:21:42 2.75 27 0.63
14:23:15:002678 14.200 14.590 14:21:15 2.11 14:21:42 2.75 27 0.63
14:23:17:002678 14.200 14.590 14:21:15 2.11 14:21:45 2.75 30 0.63
14:23:19:002678 14.200 14.600 14:21:15 2.11 14:21:48 2.82 33 0.70
14:23:24:002678 14.200 14.630 14:21:15 2.11 14:21:54 3.03 39 0.92
14:23:25:002678 14.200 14.630 14:21:15 2.11 14:21:54 3.03 39 0.92
14:23:27:002678 14.200 14.640 14:21:15 2.11 14:21:57 3.10 42 0.99
14:23:28:002678 14.200 14.640 14:21:15 2.11 14:21:57 3.10 42 0.99
14:23:29:002678 14.200 14.640 14:21:15 2.11 14:21:57 3.10 42 0.99
14:24:00:600803 13.740 14.150 14:22:09 2.04 14:22:27 2.98 18 0.95
14:24:00:002678 14.200 14.750 14:22:00 3.31 14:22:21 3.87 21 0.56
14:24:10:600803 13.740 14.170 14:22:09 2.04 14:22:38 3.13 29 1.09
14:25:05:000838 8.370 8.730 14:23:00 3.70 14:23:30 4.30 30 0.60
14:25:17:000838 8.370 8.750 14:23:00 3.70 14:23:48 4.54 48 0.84
14:25:20:000838 8.370 8.750 14:23:00 3.70 14:23:48 4.54 48 0.84
14:27:13:600610 10.390 10.700 14:25:03 2.02 14:25:42 2.98 39 0.96
14:27:27:600610 10.390 10.750 14:25:03 2.02 14:25:57 3.46 54 1.44
14:27:30:600610 10.390 10.750 14:25:03 2.02 14:25:57 3.46 54 1.44
14:27:53:600381 17.600 19.100 14:26:06 7.95 14:26:21 8.52 15 0.57
14:27:55:600381 17.600 19.100 14:26:06 7.95 14:26:24 8.52 18 0.57
14:27:56:600381 17.600 19.100 14:26:06 7.95 14:26:24 8.52 18 0.57
14:27:59:600381 17.600 19.100 14:26:06 7.95 14:26:27 8.52 21 0.57
14:28:00:600381 17.600 19.120 14:26:06 7.95 14:26:30 8.64 24 0.68
14:28:02:600381 17.600 19.120 14:26:06 7.95 14:26:30 8.64 24 0.68
14:28:03:600381 17.600 19.120 14:26:06 7.95 14:26:30 8.64 24 0.68
14:28:05:600381 17.600 19.140 14:26:06 7.95 14:26:33 8.75 27 0.80
14:28:13:600381 17.600 19.180 14:26:06 7.95 14:26:42 8.98 36 1.02
14:28:18:600381 17.600 19.180 14:26:06 7.95 14:26:45 8.98 39 1.02
14:30:51:000597 10.600 11.010 14:29:06 3.30 14:29:21 3.87 15 0.57
14:30:53:000597 10.600 11.010 14:29:06 3.30 14:29:21 3.87 15 0.57
14:30:57:000597 10.600 11.030 14:29:06 3.30 14:29:24 4.06 18 0.75
14:30:59:000597 10.600 11.050 14:29:06 3.30 14:29:27 4.25 21 0.94
14:31:01:002297 12.600 13.200 14:29:00 4.21 14:29:30 4.76 30 0.56
14:31:02:002297 12.600 13.200 14:29:00 4.21 14:29:30 4.76 30 0.56
14:31:06:000597 10.600 11.100 14:29:06 3.30 14:29:36 4.72 30 1.42
14:31:08:000597 10.600 11.100 14:29:06 3.30 14:29:36 4.72 30 1.42
14:31:10:000597 10.600 11.100 14:29:06 3.30 14:29:36 4.72 30 1.42
14:31:12:000597 10.600 11.140 14:29:06 3.30 14:29:42 5.09 36 1.79
14:31:18:000597 10.600 11.140 14:29:06 3.30 14:29:42 5.09 36 1.79
14:31:22:000597 10.600 11.180 14:29:06 3.30 14:29:48 5.47 42 2.17
14:31:26:000597 10.600 11.220 14:29:06 3.30 14:29:54 5.85 48 2.55
14:34:09:002297 12.600 13.370 14:32:00 5.24 14:32:36 6.11 36 0.87
14:34:15:000428 7.800 8.160 14:32:21 3.85 14:32:42 4.62 21 0.77
14:34:17:000428 7.800 8.180 14:32:21 3.85 14:32:45 4.87 24 1.03
14:34:19:000428 7.800 8.200 14:32:21 3.85 14:32:48 5.13 27 1.28
14:34:22:000428 7.800 8.200 14:32:21 3.85 14:32:48 5.13 27 1.28
14:34:24:000428 7.800 8.200 14:32:21 3.85 14:32:48 5.13 27 1.28
14:34:28:000428 7.800 8.230 14:32:21 3.85 14:32:57 5.51 36 1.67
14:34:30:000428 7.800 8.230 14:32:21 3.85 14:32:57 5.51 36 1.67
14:34:47:000428 7.800 8.340 14:33:00 6.03 14:33:15 6.92 15 0.90
14:34:49:000428 7.800 8.340 14:33:00 6.03 14:33:18 6.92 18 0.90
14:34:51:000428 7.800 8.340 14:33:00 6.03 14:33:18 6.92 18 0.90
14:34:56:000428 7.800 8.380 14:33:00 6.03 14:33:21 7.44 21 1.41
14:34:58:000428 7.800 8.390 14:33:00 6.03 14:33:27 7.56 27 1.54
14:35:00:000428 7.800 8.390 14:33:00 6.03 14:33:30 7.56 30 1.54
14:35:03:000428 7.800 8.390 14:33:00 6.03 14:33:30 7.56 30 1.54
14:35:08:600865 13.950 14.620 14:33:06 4.30 14:33:36 4.80 30 0.50
14:35:08:000428 7.800 8.450 14:33:00 6.03 14:33:36 8.33 36 2.31
14:35:10:600865 13.950 14.630 14:33:06 4.30 14:33:39 4.87 33 0.57
14:35:10:000428 7.800 8.460 14:33:00 6.03 14:33:39 8.46 39 2.44
14:35:14:600865 13.950 14.640 14:33:06 4.30 14:33:42 4.95 36 0.65
14:35:22:600865 13.950 14.650 14:33:06 4.30 14:33:51 5.02 45 0.72
14:35:22:000428 7.800 8.470 14:33:00 6.03 14:33:48 8.59 48 2.56
14:39:01:002130 13.810 14.180 14:37:24 2.10 14:37:30 2.68 6 0.58
14:39:04:002130 13.810 14.180 14:37:24 2.10 14:37:30 2.68 6 0.58
14:39:10:002130 13.810 14.200 14:37:24 2.10 14:37:33 2.82 9 0.72
14:39:27:002130 13.810 14.230 14:37:24 2.10 14:37:48 3.04 24 0.94
14:40:30:603006 33.100 34.400 14:38:00 3.26 14:38:57 3.93 57 0.66
14:44:11:000918 7.930 8.170 14:42:06 2.40 14:42:39 3.03 33 0.63
14:47:07:601116 35.010 36.890 14:45:00 4.80 14:45:36 5.37 36 0.57
14:50:20:600422 12.900 13.260 14:48:06 2.09 14:48:48 2.79 42 0.70
14:50:58:002161 10.520 10.850 14:49:18 2.57 14:49:21 3.14 3 0.57
14:52:05:600405 10.910 11.350 14:50:03 2.66 14:50:30 4.03 27 1.37
14:52:26:600405 10.910 11.420 14:50:03 2.66 14:50:54 4.67 51 2.02
14:53:23:000953 14.100 14.650 14:51:06 3.19 14:51:48 3.90 42 0.71
14:53:44:600483 11.040 11.850 14:52:00 6.70 14:52:12 7.34 12 0.63
14:58:59:603020 19.300 19.850 14:57:20 2.07 14:57:29 2.85 9 0.78
14:59:27:603020 19.300 19.980 14:57:20 2.07 14:57:56 3.52 36 1.45
14:59:32:600609 7.450 7.660 14:57:35 2.01 14:57:59 2.82 24 0.81
15:00:21:601233 15.820 16.930 14:58:02 6.51 14:58:50 7.02 48 0.51
