09:47:00:002204 4.910 5.090 09:45:00 2.44 09:45:27 3.67 27 1.22
09:47:01:002204 4.910 5.090 09:45:00 2.44 09:45:27 3.67 27 1.22
09:47:02:002204 4.910 5.090 09:45:00 2.44 09:45:27 3.67 27 1.22
09:47:03:002204 4.910 5.090 09:45:00 2.44 09:45:27 3.67 27 1.22
09:47:04:002204 4.910 5.090 09:45:00 2.44 09:45:27 3.67 27 1.22
09:47:10:002600 11.220 11.470 09:45:00 1.16 09:45:36 2.23 36 1.07
09:47:11:002600 11.220 11.470 09:45:00 1.16 09:45:36 2.23 36 1.07
09:47:12:002600 11.220 11.470 09:45:00 1.16 09:45:36 2.23 36 1.07
09:47:12:002224 14.990 15.330 09:45:00 1.73 09:45:39 2.27 39 0.53
09:47:13:002224 14.990 15.330 09:45:00 1.73 09:45:39 2.27 39 0.53
09:47:16:002224 14.990 15.330 09:45:00 1.73 09:45:39 2.27 39 0.53
09:47:19:002224 14.990 15.330 09:45:00 1.73 09:45:42 2.27 42 0.53
09:47:20:002224 14.990 15.340 09:45:00 1.73 09:45:45 2.33 45 0.60
09:47:24:002600 11.220 11.500 09:45:00 1.16 09:45:51 2.50 51 1.34
09:47:24:002224 14.990 15.350 09:45:00 1.73 09:45:51 2.40 51 0.67
09:47:25:002600 11.220 11.500 09:45:00 1.16 09:45:51 2.50 51 1.34
09:47:25:002224 14.990 15.350 09:45:00 1.73 09:45:51 2.40 51 0.67
09:47:25:002600 11.220 11.500 09:45:00 1.16 09:45:51 2.50 51 1.34
09:47:25:002224 14.990 15.350 09:45:00 1.73 09:45:51 2.40 51 0.67
09:47:26:002600 11.220 11.500 09:45:00 1.16 09:45:51 2.50 51 1.34
09:47:26:002224 14.990 15.350 09:45:00 1.73 09:45:51 2.40 51 0.67
09:47:27:002600 11.220 11.500 09:45:00 1.16 09:45:51 2.50 51 1.34
09:47:28:002600 11.220 11.500 09:45:00 1.16 09:45:51 2.50 51 1.34
09:48:07:600779 22.400 22.990 09:46:00 2.05 09:46:33 2.63 33 0.58
09:48:09:600233 24.500 25.270 09:46:00 2.61 09:46:35 3.14 35 0.53
09:48:10:600668 17.550 18.000 09:46:03 2.05 09:46:36 2.56 33 0.51
09:48:10:600233 24.500 25.270 09:46:00 2.61 09:46:35 3.14 35 0.53
09:48:11:600668 17.550 18.000 09:46:03 2.05 09:46:36 2.56 33 0.51
09:48:11:600233 24.500 25.280 09:46:00 2.61 09:46:38 3.18 38 0.57
09:48:13:600779 22.400 23.000 09:46:00 2.05 09:46:39 2.68 39 0.63
09:48:13:600668 17.550 18.030 09:46:03 2.05 09:46:39 2.74 36 0.68
09:48:13:600233 24.500 25.280 09:46:00 2.61 09:46:38 3.18 38 0.57
09:48:14:600779 22.400 23.000 09:46:00 2.05 09:46:39 2.68 39 0.63
09:48:14:600668 17.550 18.030 09:46:03 2.05 09:46:39 2.74 36 0.68
09:48:15:600779 22.400 23.000 09:46:00 2.05 09:46:42 2.68 42 0.63
09:48:15:600883 15.550 16.090 09:46:21 2.77 09:46:42 3.47 21 0.71
09:48:15:600668 17.550 18.030 09:46:03 2.05 09:46:42 2.74 39 0.68
09:48:17:600779 22.400 23.000 09:46:00 2.05 09:46:42 2.68 42 0.63
09:48:17:600883 15.550 16.090 09:46:21 2.77 09:46:42 3.47 21 0.71
09:48:17:600668 17.550 18.030 09:46:03 2.05 09:46:42 2.74 39 0.68
09:48:18:600883 15.550 16.090 09:46:21 2.77 09:46:42 3.47 21 0.71
09:48:18:600668 17.550 18.030 09:46:03 2.05 09:46:42 2.74 39 0.68
09:48:18:600233 24.500 25.300 09:46:00 2.61 09:46:44 3.27 44 0.65
09:48:19:600883 15.550 16.100 09:46:21 2.77 09:46:45 3.54 24 0.77
09:48:19:600233 24.500 25.300 09:46:00 2.61 09:46:44 3.27 44 0.65
09:48:20:600779 22.400 23.010 09:46:00 2.05 09:46:47 2.72 47 0.67
09:48:20:600883 15.550 16.100 09:46:21 2.77 09:46:45 3.54 24 0.77
09:48:20:600233 24.500 25.300 09:46:00 2.61 09:46:44 3.27 44 0.65
09:48:21:600779 22.400 23.010 09:46:00 2.05 09:46:47 2.72 47 0.67
09:48:21:600883 15.550 16.100 09:46:21 2.77 09:46:45 3.54 24 0.77
09:48:22:600779 22.400 23.010 09:46:00 2.05 09:46:47 2.72 47 0.67
09:48:22:600883 15.550 16.100 09:46:21 2.77 09:46:48 3.54 27 0.77
09:48:24:600779 22.400 23.010 09:46:00 2.05 09:46:47 2.72 47 0.67
09:48:24:600883 15.550 16.130 09:46:21 2.77 09:46:50 3.73 29 0.96
09:48:25:600883 15.550 16.130 09:46:21 2.77 09:46:50 3.73 29 0.96
09:48:25:600668 17.550 18.080 09:46:03 2.05 09:46:50 3.02 47 0.97
09:48:26:600883 15.550 16.130 09:46:21 2.77 09:46:50 3.73 29 0.96
09:48:26:600668 17.550 18.080 09:46:03 2.05 09:46:50 3.02 47 0.97
09:48:27:600779 22.400 23.030 09:46:00 2.05 09:46:53 2.81 53 0.76
09:48:27:600233 24.500 25.340 09:46:00 2.61 09:46:53 3.43 53 0.82
09:48:28:600779 22.400 23.030 09:46:00 2.05 09:46:53 2.81 53 0.76
09:48:28:600233 24.500 25.340 09:46:00 2.61 09:46:53 3.43 53 0.82
09:48:29:600779 22.400 23.030 09:46:00 2.05 09:46:53 2.81 53 0.76
09:48:29:600233 24.500 25.340 09:46:00 2.61 09:46:53 3.43 53 0.82
09:48:30:600779 22.400 23.030 09:46:00 2.05 09:46:53 2.81 53 0.76
09:48:30:000632 8.500 8.820 09:46:45 3.06 09:46:57 3.76 12 0.71
09:48:30:600233 24.500 25.340 09:46:00 2.61 09:46:53 3.43 53 0.82
09:48:32:600779 22.400 23.050 09:46:00 2.05 09:46:57 2.90 57 0.85
09:48:32:000632 8.500 8.820 09:46:45 3.06 09:46:57 3.76 12 0.71
09:48:32:600883 15.550 16.150 09:46:21 2.77 09:46:57 3.86 36 1.09
09:48:33:600779 22.400 23.050 09:46:00 2.05 09:46:59 2.90 59 0.85
09:48:33:600883 15.550 16.150 09:46:21 2.77 09:46:57 3.86 36 1.09
09:48:34:600779 22.400 23.050 09:46:00 2.05 09:46:59 2.90 59 0.85
09:48:34:600883 15.550 16.150 09:46:21 2.77 09:46:57 3.86 36 1.09
09:48:35:600779 22.400 23.050 09:46:00 2.05 09:46:59 2.90 59 0.85
09:48:57:000632 8.500 8.920 09:47:03 4.00 09:47:24 4.94 21 0.94
09:48:57:000632 8.500 8.920 09:47:03 4.00 09:47:24 4.94 21 0.94
09:48:58:000632 8.500 8.920 09:47:03 4.00 09:47:24 4.94 21 0.94
09:48:59:000632 8.500 8.920 09:47:03 4.00 09:47:24 4.94 21 0.94
09:49:00:000632 8.500 8.940 09:47:03 4.00 09:47:27 5.18 24 1.18
09:49:01:000632 8.500 8.940 09:47:03 4.00 09:47:27 5.18 24 1.18
09:49:03:000632 8.500 8.940 09:47:03 4.00 09:47:27 5.18 24 1.18
09:49:04:600779 22.400 23.200 09:47:02 2.99 09:47:29 3.57 27 0.58
09:49:06:600779 22.400 23.200 09:47:02 2.99 09:47:29 3.57 27 0.58
09:49:07:600779 22.400 23.260 09:47:02 2.99 09:47:33 3.84 31 0.85
09:49:08:002581 21.920 22.740 09:47:03 3.24 09:47:33 3.74 30 0.50
09:49:08:600779 22.400 23.260 09:47:02 2.99 09:47:33 3.84 31 0.85
09:49:09:002581 21.920 22.740 09:47:03 3.24 09:47:33 3.74 30 0.50
09:49:09:600779 22.400 23.260 09:47:02 2.99 09:47:33 3.84 31 0.85
09:49:10:002581 21.920 22.740 09:47:03 3.24 09:47:33 3.74 30 0.50
09:49:12:600779 22.400 23.290 09:47:02 2.99 09:47:39 3.97 37 0.98
09:49:12:002233 11.350 11.840 09:47:03 3.79 09:47:39 4.32 36 0.53
09:49:13:600779 22.400 23.290 09:47:02 2.99 09:47:39 3.97 37 0.98
09:49:13:002233 11.350 11.840 09:47:03 3.79 09:47:39 4.32 36 0.53
09:49:15:002233 11.350 11.840 09:47:03 3.79 09:47:39 4.32 36 0.53
09:49:18:600779 22.400 23.340 09:47:02 2.99 09:47:44 4.20 42 1.21
09:49:18:002233 11.350 11.850 09:47:03 3.79 09:47:42 4.41 39 0.62
09:49:21:000038 42.090 43.380 09:47:00 2.40 09:47:45 3.06 45 0.67
09:49:23:000038 42.090 43.400 09:47:00 2.40 09:47:48 3.11 48 0.71
09:49:24:002581 21.920 22.770 09:47:03 3.24 09:47:51 3.88 48 0.64
09:49:24:600779 22.400 23.340 09:47:02 2.99 09:47:51 4.20 49 1.21
09:49:25:002581 21.920 22.770 09:47:03 3.24 09:47:51 3.88 48 0.64
09:49:25:600779 22.400 23.340 09:47:02 2.99 09:47:51 4.20 49 1.21
09:49:26:002581 21.920 22.770 09:47:03 3.24 09:47:51 3.88 48 0.64
09:49:26:600779 22.400 23.340 09:47:02 2.99 09:47:51 4.20 49 1.21
09:49:27:002581 21.920 22.770 09:47:03 3.24 09:47:51 3.88 48 0.64
09:49:27:000905 12.600 13.070 09:47:24 3.02 09:47:54 3.73 30 0.71
09:49:28:000905 12.600 13.070 09:47:24 3.02 09:47:54 3.73 30 0.71
09:49:30:600779 22.400 23.350 09:47:02 2.99 09:47:56 4.24 54 1.25
09:49:30:000905 12.600 13.070 09:47:24 3.02 09:47:54 3.73 30 0.71
09:49:30:600033 3.700 3.810 09:47:20 2.43 09:47:56 2.97 36 0.54
09:49:30:600779 22.400 23.350 09:47:02 2.99 09:47:56 4.24 54 1.25
09:49:30:000038 42.090 43.450 09:47:00 2.40 09:47:57 3.23 57 0.83
09:49:30:000905 12.600 13.070 09:47:24 3.02 09:47:57 3.73 33 0.71
09:49:30:603606 16.900 17.380 09:47:00 2.31 09:47:57 2.84 57 0.53
09:49:32:600033 3.700 3.810 09:47:20 2.43 09:47:56 2.97 36 0.54
09:49:32:600779 22.400 23.350 09:47:02 2.99 09:47:56 4.24 54 1.25
09:49:32:000038 42.090 43.450 09:47:00 2.40 09:47:57 3.23 57 0.83
09:49:32:000905 12.600 13.070 09:47:24 3.02 09:47:57 3.73 33 0.71
09:49:32:603606 16.900 17.380 09:47:00 2.31 09:47:57 2.84 57 0.53
09:49:33:600033 3.700 3.810 09:47:20 2.43 09:47:56 2.97 36 0.54
09:49:33:603606 16.900 17.380 09:47:00 2.31 09:47:57 2.84 57 0.53
09:49:48:000632 8.500 9.130 09:48:00 5.88 09:48:15 7.41 15 1.53
09:49:50:000632 8.500 9.130 09:48:00 5.88 09:48:15 7.41 15 1.53
09:49:53:600801 9.940 10.360 09:48:05 3.62 09:48:20 4.23 15 0.60
09:49:57:600801 9.940 10.360 09:48:05 3.62 09:48:20 4.23 15 0.60
09:50:01:000789 9.360 9.760 09:48:03 3.74 09:48:27 4.27 24 0.53
09:50:02:000789 9.360 9.760 09:48:03 3.74 09:48:27 4.27 24 0.53
09:50:03:000789 9.360 9.760 09:48:03 3.74 09:48:30 4.27 27 0.53
09:50:04:000789 9.360 9.760 09:48:03 3.74 09:48:30 4.27 27 0.53
09:50:05:000789 9.360 9.760 09:48:03 3.74 09:48:30 4.27 27 0.53
09:50:06:002204 4.910 5.120 09:48:03 3.67 09:48:33 4.28 30 0.61
09:50:07:002204 4.910 5.120 09:48:03 3.67 09:48:33 4.28 30 0.61
09:50:08:002204 4.910 5.120 09:48:03 3.67 09:48:33 4.28 30 0.61
09:50:09:000789 9.360 9.770 09:48:03 3.74 09:48:36 4.38 33 0.64
09:50:10:000789 9.360 9.770 09:48:03 3.74 09:48:36 4.38 33 0.64
09:50:11:000789 9.360 9.770 09:48:03 3.74 09:48:36 4.38 33 0.64
09:50:12:000789 9.360 9.770 09:48:03 3.74 09:48:36 4.38 33 0.64
09:50:13:000789 9.360 9.770 09:48:03 3.74 09:48:36 4.38 33 0.64
09:50:14:000789 9.360 9.770 09:48:03 3.74 09:48:36 4.38 33 0.64
09:50:15:000789 9.360 9.770 09:48:03 3.74 09:48:36 4.38 33 0.64
09:50:16:000789 9.360 9.770 09:48:03 3.74 09:48:36 4.38 33 0.64
09:50:17:002204 4.910 5.120 09:48:03 3.67 09:48:42 4.28 39 0.61
09:50:18:000596 52.150 53.780 09:48:00 2.59 09:48:45 3.13 45 0.54
09:50:18:002204 4.910 5.120 09:48:03 3.67 09:48:45 4.28 42 0.61
09:50:19:000596 52.150 53.780 09:48:00 2.59 09:48:45 3.13 45 0.54
09:50:19:002204 4.910 5.120 09:48:03 3.67 09:48:45 4.28 42 0.61
09:50:20:000596 52.150 53.780 09:48:00 2.59 09:48:45 3.13 45 0.54
09:50:20:002204 4.910 5.120 09:48:03 3.67 09:48:45 4.28 42 0.61
09:50:21:000596 52.150 53.780 09:48:00 2.59 09:48:45 3.13 45 0.54
09:50:21:002204 4.910 5.120 09:48:03 3.67 09:48:45 4.28 42 0.61
09:50:22:000596 52.150 53.780 09:48:00 2.59 09:48:45 3.13 45 0.54
09:50:22:002204 4.910 5.120 09:48:03 3.67 09:48:45 4.28 42 0.61
09:50:23:000596 52.150 53.780 09:48:00 2.59 09:48:45 3.13 45 0.54
09:50:23:002204 4.910 5.120 09:48:03 3.67 09:48:45 4.28 42 0.61
09:50:24:000596 52.150 53.780 09:48:00 2.59 09:48:45 3.13 45 0.54
09:50:24:002204 4.910 5.120 09:48:03 3.67 09:48:45 4.28 42 0.61
09:50:25:000789 9.360 9.770 09:48:03 3.74 09:48:51 4.38 48 0.64
09:50:25:000596 52.150 53.800 09:48:00 2.59 09:48:51 3.16 51 0.58
09:50:26:000789 9.360 9.770 09:48:03 3.74 09:48:51 4.38 48 0.64
09:50:26:000596 52.150 53.800 09:48:00 2.59 09:48:51 3.16 51 0.58
09:50:27:000596 52.150 53.800 09:48:00 2.59 09:48:54 3.16 54 0.58
09:50:28:000596 52.150 53.800 09:48:00 2.59 09:48:54 3.16 54 0.58
09:50:29:000596 52.150 53.800 09:48:00 2.59 09:48:54 3.16 54 0.58
09:50:44:000753 5.920 6.080 09:49:00 2.20 09:49:09 2.70 9 0.51
09:50:54:000570 9.260 9.540 09:49:00 2.48 09:49:21 3.02 21 0.54
09:50:55:000570 9.260 9.540 09:49:00 2.48 09:49:21 3.02 21 0.54
09:50:57:000570 9.260 9.540 09:49:00 2.48 09:49:21 3.02 21 0.54
09:50:58:000789 9.360 9.830 09:49:00 4.49 09:49:24 5.02 24 0.53
09:50:59:000789 9.360 9.830 09:49:00 4.49 09:49:24 5.02 24 0.53
09:51:00:000789 9.360 9.830 09:49:00 4.49 09:49:24 5.02 24 0.53
09:51:12:000425 4.010 4.150 09:49:03 2.74 09:49:39 3.49 36 0.75
09:51:13:000425 4.010 4.150 09:49:03 2.74 09:49:39 3.49 36 0.75
09:51:14:000425 4.010 4.150 09:49:03 2.74 09:49:39 3.49 36 0.75
09:51:15:600057 11.400 11.750 09:49:03 2.54 09:49:42 3.07 39 0.53
09:51:16:600057 11.400 11.750 09:49:03 2.54 09:49:42 3.07 39 0.53
09:51:17:600057 11.400 11.750 09:49:03 2.54 09:49:42 3.07 39 0.53
09:51:18:000425 4.010 4.150 09:49:03 2.74 09:49:45 3.49 42 0.75
09:51:18:600057 11.400 11.750 09:49:03 2.54 09:49:45 3.07 42 0.53
09:51:19:000425 4.010 4.150 09:49:03 2.74 09:49:45 3.49 42 0.75
09:51:19:600057 11.400 11.750 09:49:03 2.54 09:49:45 3.07 42 0.53
09:51:20:000425 4.010 4.150 09:49:03 2.74 09:49:45 3.49 42 0.75
09:51:20:600057 11.400 11.750 09:49:03 2.54 09:49:45 3.07 42 0.53
09:51:21:000425 4.010 4.150 09:49:03 2.74 09:49:45 3.49 42 0.75
09:51:21:600057 11.400 11.750 09:49:03 2.54 09:49:45 3.07 42 0.53
09:51:22:000425 4.010 4.150 09:49:03 2.74 09:49:48 3.49 45 0.75
09:51:22:600057 11.400 11.770 09:49:03 2.54 09:49:48 3.25 45 0.70
09:51:22:600335 13.160 13.580 09:49:00 2.43 09:49:48 3.19 48 0.76
09:51:23:000425 4.010 4.150 09:49:03 2.74 09:49:48 3.49 45 0.75
09:51:23:600057 11.400 11.770 09:49:03 2.54 09:49:48 3.25 45 0.70
09:51:23:600335 13.160 13.580 09:49:00 2.43 09:49:48 3.19 48 0.76
09:51:24:000425 4.010 4.150 09:49:03 2.74 09:49:48 3.49 45 0.75
09:51:24:600057 11.400 11.770 09:49:03 2.54 09:49:48 3.25 45 0.70
09:51:24:600335 13.160 13.580 09:49:00 2.43 09:49:48 3.19 48 0.76
09:51:27:000038 42.090 44.500 09:49:06 4.28 09:49:54 5.73 48 1.45
09:51:28:000038 42.090 44.500 09:49:06 4.28 09:49:54 5.73 48 1.45
09:51:29:000038 42.090 44.500 09:49:06 4.28 09:49:54 5.73 48 1.45
09:51:30:000425 4.010 4.160 09:49:03 2.74 09:49:57 3.74 54 1.00
09:51:30:600335 13.160 13.580 09:49:00 2.43 09:49:57 3.19 57 0.76
09:51:31:000425 4.010 4.160 09:49:03 2.74 09:49:57 3.74 54 1.00
09:51:31:600335 13.160 13.580 09:49:00 2.43 09:49:57 3.19 57 0.76
09:51:32:000425 4.010 4.160 09:49:03 2.74 09:49:57 3.74 54 1.00
09:51:32:600335 13.160 13.580 09:49:00 2.43 09:49:57 3.19 57 0.76
09:51:33:600335 13.160 13.580 09:49:00 2.43 09:49:57 3.19 57 0.76
09:52:14:600057 11.400 11.900 09:50:00 3.68 09:50:39 4.39 39 0.70
09:52:16:600057 11.400 11.900 09:50:00 3.68 09:50:39 4.39 39 0.70
09:52:18:600057 11.400 11.900 09:50:00 3.68 09:50:42 4.39 42 0.70
09:52:20:600057 11.400 11.920 09:50:00 3.68 09:50:45 4.56 45 0.88
09:52:21:600057 11.400 11.920 09:50:00 3.68 09:50:45 4.56 45 0.88
09:52:25:600057 11.400 11.970 09:50:00 3.68 09:50:51 5.00 51 1.32
09:52:26:600057 11.400 11.970 09:50:00 3.68 09:50:51 5.00 51 1.32
09:52:27:600057 11.400 11.970 09:50:00 3.68 09:50:51 5.00 51 1.32
09:53:25:000852 12.400 12.730 09:51:18 2.02 09:51:51 2.66 33 0.65
09:53:25:603838 20.500 21.500 09:51:48 3.56 09:51:51 4.88 3 1.32
09:53:27:000852 12.400 12.730 09:51:18 2.02 09:51:51 2.66 33 0.65
09:53:27:603838 20.500 21.500 09:51:48 3.56 09:51:51 4.88 3 1.32
09:53:29:000852 12.400 12.740 09:51:18 2.02 09:51:54 2.74 36 0.73
09:53:29:603838 20.500 21.530 09:51:48 3.56 09:51:54 5.02 6 1.46
09:53:30:000852 12.400 12.740 09:51:18 2.02 09:51:57 2.74 39 0.73
09:53:30:603838 20.500 21.530 09:51:48 3.56 09:51:54 5.02 6 1.46
09:53:32:000852 12.400 12.740 09:51:18 2.02 09:51:57 2.74 39 0.73
09:53:32:603838 20.500 21.530 09:51:48 3.56 09:51:57 5.02 9 1.46
09:53:33:000852 12.400 12.740 09:51:18 2.02 09:51:57 2.74 39 0.73
09:53:33:603838 20.500 21.530 09:51:48 3.56 09:51:57 5.02 9 1.46
09:53:34:603838 20.500 21.530 09:51:48 3.56 09:51:57 5.02 9 1.46
09:54:16:600160 11.250 11.580 09:52:30 2.40 09:52:42 2.93 12 0.53
09:54:18:600160 11.250 11.580 09:52:30 2.40 09:52:42 2.93 12 0.53
09:54:28:600057 11.400 12.320 09:52:48 7.46 09:52:54 8.07 6 0.61
09:54:29:600057 11.400 12.320 09:52:48 7.46 09:52:54 8.07 6 0.61
09:54:30:600057 11.400 12.320 09:52:48 7.46 09:52:54 8.07 6 0.61
09:55:07:600897 23.970 24.800 09:53:00 2.96 09:53:33 3.46 33 0.50
09:55:10:600897 23.970 24.800 09:53:00 2.96 09:53:33 3.46 33 0.50
09:55:11:600897 23.970 24.880 09:53:00 2.96 09:53:36 3.80 36 0.83
09:55:12:600897 23.970 24.880 09:53:00 2.96 09:53:36 3.80 36 0.83
09:55:23:600897 23.970 24.890 09:53:00 2.96 09:53:48 3.84 48 0.88
09:55:25:600897 23.970 24.890 09:53:00 2.96 09:53:48 3.84 48 0.88
09:56:16:600809 28.760 30.160 09:54:12 4.31 09:54:42 4.87 30 0.56
09:56:17:600809 28.760 30.160 09:54:12 4.31 09:54:42 4.87 30 0.56
09:56:18:600809 28.760 30.160 09:54:12 4.31 09:54:42 4.87 30 0.56
09:56:23:600809 28.760 30.200 09:54:12 4.31 09:54:48 5.01 36 0.70
09:56:24:600809 28.760 30.200 09:54:12 4.31 09:54:48 5.01 36 0.70
09:56:25:600809 28.760 30.200 09:54:12 4.31 09:54:48 5.01 36 0.70
09:56:26:600809 28.760 30.200 09:54:12 4.31 09:54:51 5.01 39 0.70
09:56:27:600809 28.760 30.200 09:54:12 4.31 09:54:51 5.01 39 0.70
09:56:56:600892 70.030 72.700 09:55:00 2.64 09:55:21 3.81 21 1.17
09:56:57:600892 70.030 72.700 09:55:00 2.64 09:55:21 3.81 21 1.17
09:56:59:600892 70.030 72.700 09:55:00 2.64 09:55:21 3.81 21 1.17
09:57:00:600892 70.030 72.700 09:55:00 2.64 09:55:24 3.81 24 1.17
09:57:01:600892 70.030 72.700 09:55:00 2.64 09:55:24 3.81 24 1.17
09:57:02:600892 70.030 72.700 09:55:00 2.64 09:55:27 3.81 27 1.17
09:57:04:600892 70.030 72.700 09:55:00 2.64 09:55:27 3.81 27 1.17
09:57:05:600892 70.030 72.700 09:55:00 2.64 09:55:30 3.81 30 1.17
09:57:06:600892 70.030 72.700 09:55:00 2.64 09:55:30 3.81 30 1.17
09:57:07:600892 70.030 72.880 09:55:00 2.64 09:55:33 4.07 33 1.43
09:57:08:600892 70.030 72.880 09:55:00 2.64 09:55:33 4.07 33 1.43
09:57:16:600892 70.030 72.880 09:55:00 2.64 09:55:42 4.07 42 1.43
09:57:17:600892 70.030 72.880 09:55:00 2.64 09:55:42 4.07 42 1.43
09:57:24:600892 70.030 72.990 09:55:00 2.64 09:55:48 4.23 48 1.59
09:57:24:600686 14.750 15.150 09:55:12 2.17 09:55:48 2.71 36 0.54
09:57:26:600892 70.030 73.000 09:55:00 2.64 09:55:51 4.24 51 1.60
09:57:26:600686 14.750 15.150 09:55:12 2.17 09:55:51 2.71 39 0.54
09:57:28:600892 70.030 73.000 09:55:00 2.64 09:55:51 4.24 51 1.60
09:57:28:600686 14.750 15.150 09:55:12 2.17 09:55:51 2.71 39 0.54
09:57:33:600686 14.750 15.150 09:55:12 2.17 09:55:57 2.71 45 0.54
09:57:34:600686 14.750 15.150 09:55:12 2.17 09:55:57 2.71 45 0.54
09:58:01:002224 14.990 15.480 09:56:00 2.67 09:56:27 3.27 27 0.60
09:58:07:002224 14.990 15.480 09:56:00 2.67 09:56:33 3.27 33 0.60
09:58:08:002224 14.990 15.480 09:56:00 2.67 09:56:33 3.27 33 0.60
09:58:10:002224 14.990 15.480 09:56:00 2.67 09:56:36 3.27 36 0.60
09:58:12:002224 14.990 15.480 09:56:00 2.67 09:56:36 3.27 36 0.60
09:58:13:002224 14.990 15.480 09:56:00 2.67 09:56:39 3.27 39 0.60
09:58:14:002224 14.990 15.480 09:56:00 2.67 09:56:39 3.27 39 0.60
09:58:18:002353 22.300 23.060 09:56:36 2.78 09:56:45 3.41 9 0.63
09:58:20:002353 22.300 23.060 09:56:36 2.78 09:56:45 3.41 9 0.63
09:58:21:002182 19.080 20.320 09:56:00 5.97 09:56:48 6.50 48 0.52
09:58:21:002353 22.300 23.060 09:56:36 2.78 09:56:45 3.41 9 0.63
09:58:23:002182 19.080 20.320 09:56:00 5.97 09:56:48 6.50 48 0.52
09:58:23:002353 22.300 23.070 09:56:36 2.78 09:56:48 3.45 12 0.67
09:58:24:002182 19.080 20.330 09:56:00 5.97 09:56:51 6.55 51 0.58
09:58:24:002353 22.300 23.080 09:56:36 2.78 09:56:51 3.50 15 0.72
09:58:24:600686 14.750 15.230 09:56:00 2.71 09:56:48 3.25 48 0.54
09:58:25:002182 19.080 20.330 09:56:00 5.97 09:56:51 6.55 51 0.58
09:58:25:002353 22.300 23.080 09:56:36 2.78 09:56:51 3.50 15 0.72
09:58:25:600686 14.750 15.230 09:56:00 2.71 09:56:48 3.25 48 0.54
09:58:26:002182 19.080 20.330 09:56:00 5.97 09:56:51 6.55 51 0.58
09:58:26:002353 22.300 23.080 09:56:36 2.78 09:56:51 3.50 15 0.72
09:58:26:600686 14.750 15.250 09:56:00 2.71 09:56:51 3.39 51 0.68
09:58:27:002353 22.300 23.170 09:56:36 2.78 09:56:54 3.90 18 1.12
09:58:27:600686 14.750 15.250 09:56:00 2.71 09:56:51 3.39 51 0.68
09:58:28:002353 22.300 23.170 09:56:36 2.78 09:56:54 3.90 18 1.12
09:58:28:600686 14.750 15.250 09:56:00 2.71 09:56:51 3.39 51 0.68
09:58:29:002353 22.300 23.170 09:56:36 2.78 09:56:54 3.90 18 1.12
09:58:30:002182 19.080 20.350 09:56:00 5.97 09:56:57 6.66 57 0.68
09:58:30:002353 22.300 23.170 09:56:36 2.78 09:56:54 3.90 18 1.12
09:58:31:002182 19.080 20.350 09:56:00 5.97 09:56:57 6.66 57 0.68
09:58:32:002182 19.080 20.350 09:56:00 5.97 09:56:57 6.66 57 0.68
09:58:32:600686 14.750 15.250 09:56:00 2.71 09:56:57 3.39 57 0.68
09:58:33:002182 19.080 20.350 09:56:00 5.97 09:56:57 6.66 57 0.68
09:58:33:600686 14.750 15.250 09:56:00 2.71 09:56:57 3.39 57 0.68
09:58:34:600686 14.750 15.250 09:56:00 2.71 09:56:57 3.39 57 0.68
09:58:58:002353 22.300 23.390 09:57:06 4.26 09:57:24 4.89 18 0.63
09:58:59:002353 22.300 23.390 09:57:06 4.26 09:57:24 4.89 18 0.63
09:59:20:600892 70.030 74.380 09:57:03 5.65 09:57:45 6.21 42 0.56
09:59:21:600892 70.030 74.380 09:57:03 5.65 09:57:45 6.21 42 0.56
09:59:22:600892 70.030 74.380 09:57:03 5.65 09:57:45 6.21 42 0.56
09:59:23:600892 70.030 74.380 09:57:03 5.65 09:57:50 6.21 47 0.56
09:59:25:600892 70.030 74.380 09:57:03 5.65 09:57:50 6.21 47 0.56
09:59:29:600892 70.030 74.380 09:57:03 5.65 09:57:51 6.21 48 0.56
09:59:30:600892 70.030 74.380 09:57:03 5.65 09:57:56 6.21 53 0.56
09:59:31:600892 70.030 74.380 09:57:03 5.65 09:57:56 6.21 53 0.56
10:00:29:000599 8.680 8.950 09:58:18 2.19 09:58:57 3.11 39 0.92
10:00:31:000599 8.680 8.950 09:58:18 2.19 09:58:57 3.11 39 0.92
10:00:32:000599 8.680 8.950 09:58:18 2.19 09:58:57 3.11 39 0.92
10:01:09:600120 29.060 29.800 09:59:17 2.03 09:59:35 2.55 18 0.52
10:01:10:002047 9.190 9.550 09:59:03 3.37 09:59:36 3.92 33 0.54
10:01:10:600120 29.060 29.800 09:59:17 2.03 09:59:35 2.55 18 0.52
10:01:12:002047 9.190 9.550 09:59:03 3.37 09:59:36 3.92 33 0.54
10:01:16:002047 9.190 9.550 09:59:03 3.37 09:59:42 3.92 39 0.54
10:01:17:002047 9.190 9.550 09:59:03 3.37 09:59:42 3.92 39 0.54
10:01:19:002047 9.190 9.550 09:59:03 3.37 09:59:45 3.92 42 0.54
10:01:20:002047 9.190 9.550 09:59:03 3.37 09:59:45 3.92 42 0.54
10:01:21:002047 9.190 9.550 09:59:03 3.37 09:59:48 3.92 45 0.54
10:01:22:002047 9.190 9.550 09:59:03 3.37 09:59:48 3.92 45 0.54
10:01:23:002047 9.190 9.550 09:59:03 3.37 09:59:48 3.92 45 0.54
10:01:25:002047 9.190 9.560 09:59:03 3.37 09:59:51 4.03 48 0.65
10:01:26:002047 9.190 9.560 09:59:03 3.37 09:59:51 4.03 48 0.65
10:01:26:600779 22.400 23.820 09:59:02 5.36 09:59:53 6.34 51 0.98
10:01:27:600779 22.400 23.820 09:59:02 5.36 09:59:53 6.34 51 0.98
10:01:27:002692 11.750 12.110 09:59:00 2.55 09:59:54 3.06 54 0.51
10:01:28:002692 11.750 12.110 09:59:00 2.55 09:59:54 3.06 54 0.51
10:01:30:002692 11.750 12.110 09:59:00 2.55 09:59:54 3.06 54 0.51
10:01:33:002692 11.750 12.110 09:59:00 2.55 09:59:57 3.06 57 0.51
10:02:10:000923 21.350 22.220 10:00:21 3.00 10:00:36 4.07 15 1.08
10:02:11:000923 21.350 22.220 10:00:21 3.00 10:00:36 4.07 15 1.08
10:02:11:600853 7.080 7.340 10:00:02 2.68 10:00:38 3.67 36 0.99
10:02:11:000923 21.350 22.220 10:00:21 3.00 10:00:36 4.07 15 1.08
10:02:11:600853 7.080 7.340 10:00:02 2.68 10:00:38 3.67 36 0.99
10:02:13:600853 7.080 7.340 10:00:02 2.68 10:00:38 3.67 36 0.99
10:02:14:600853 7.080 7.340 10:00:02 2.68 10:00:38 3.67 36 0.99
10:02:14:600853 7.080 7.350 10:00:02 2.68 10:00:41 3.81 39 1.13
10:02:15:600853 7.080 7.350 10:00:02 2.68 10:00:41 3.81 39 1.13
10:02:16:600853 7.080 7.350 10:00:02 2.68 10:00:41 3.81 39 1.13
10:02:17:600853 7.080 7.350 10:00:02 2.68 10:00:44 3.81 42 1.13
10:02:18:600853 7.080 7.350 10:00:02 2.68 10:00:44 3.81 42 1.13
10:02:19:600853 7.080 7.350 10:00:02 2.68 10:00:44 3.81 42 1.13
10:02:20:600853 7.080 7.360 10:00:02 2.68 10:00:47 3.95 45 1.27
10:02:21:600853 7.080 7.360 10:00:02 2.68 10:00:47 3.95 45 1.27
10:02:22:600853 7.080 7.360 10:00:02 2.68 10:00:47 3.95 45 1.27
10:02:23:600853 7.080 7.360 10:00:02 2.68 10:00:47 3.95 45 1.27
10:02:24:600853 7.080 7.360 10:00:02 2.68 10:00:50 3.95 48 1.27
10:02:25:600853 7.080 7.360 10:00:02 2.68 10:00:50 3.95 48 1.27
10:02:26:600853 7.080 7.360 10:00:02 2.68 10:00:50 3.95 48 1.27
10:02:29:600853 7.080 7.380 10:00:02 2.68 10:00:56 4.24 54 1.55
10:02:30:600853 7.080 7.380 10:00:02 2.68 10:00:56 4.24 54 1.55
10:03:08:600737 11.880 12.180 10:01:02 2.02 10:01:35 2.53 33 0.51
10:03:10:600737 11.880 12.180 10:01:02 2.02 10:01:35 2.53 33 0.51
10:03:11:600737 11.880 12.180 10:01:02 2.02 10:01:35 2.53 33 0.51
10:03:12:000930 13.610 14.400 10:01:27 5.07 10:01:39 5.80 12 0.73
10:03:12:600737 11.880 12.180 10:01:02 2.02 10:01:38 2.53 36 0.51
10:03:13:000930 13.610 14.400 10:01:27 5.07 10:01:39 5.80 12 0.73
10:03:13:600737 11.880 12.180 10:01:02 2.02 10:01:38 2.53 36 0.51
10:03:14:000930 13.610 14.400 10:01:27 5.07 10:01:39 5.80 12 0.73
10:03:14:600737 11.880 12.180 10:01:02 2.02 10:01:38 2.53 36 0.51
10:03:19:002047 9.190 9.700 10:01:00 4.68 10:01:45 5.55 45 0.87
10:03:19:002215 11.320 11.610 10:01:21 2.03 10:01:45 2.56 24 0.53
10:03:20:002047 9.190 9.700 10:01:00 4.68 10:01:45 5.55 45 0.87
10:03:20:002215 11.320 11.610 10:01:21 2.03 10:01:45 2.56 24 0.53
10:03:22:002047 9.190 9.700 10:01:00 4.68 10:01:45 5.55 45 0.87
10:03:22:002215 11.320 11.610 10:01:21 2.03 10:01:45 2.56 24 0.53
10:03:23:600853 7.080 7.450 10:01:05 4.38 10:01:50 5.23 45 0.85
10:03:28:002047 9.190 9.700 10:01:00 4.68 10:01:51 5.55 51 0.87
10:03:28:002215 11.320 11.650 10:01:21 2.03 10:01:51 2.92 30 0.88
10:03:32:002047 9.190 9.720 10:01:00 4.68 10:01:54 5.77 54 1.09
10:03:32:600737 11.880 12.200 10:01:02 2.02 10:01:56 2.69 54 0.67
10:03:36:002047 9.190 9.720 10:01:00 4.68 10:01:57 5.77 57 1.09
10:03:36:600853 7.080 7.470 10:01:05 4.38 10:01:59 5.51 54 1.13
10:03:36:600737 11.880 12.200 10:01:02 2.02 10:01:59 2.69 57 0.67
10:04:02:000930 13.610 14.720 10:02:15 6.54 10:02:27 8.16 12 1.62
10:04:06:600853 7.080 7.520 10:02:02 5.51 10:02:32 6.21 30 0.71
10:04:06:600737 11.880 12.280 10:02:05 2.69 10:02:32 3.37 27 0.67
10:04:07:600853 7.080 7.520 10:02:02 5.51 10:02:32 6.21 30 0.71
10:04:07:000031 8.510 8.800 10:02:00 2.82 10:02:33 3.41 33 0.59
10:04:07:600737 11.880 12.280 10:02:05 2.69 10:02:32 3.37 27 0.67
10:04:08:600853 7.080 7.520 10:02:02 5.51 10:02:32 6.21 30 0.71
10:04:08:000031 8.510 8.800 10:02:00 2.82 10:02:33 3.41 33 0.59
10:04:08:600737 11.880 12.280 10:02:05 2.69 10:02:32 3.37 27 0.67
10:04:09:000031 8.510 8.800 10:02:00 2.82 10:02:36 3.41 36 0.59
10:04:10:000031 8.510 8.800 10:02:00 2.82 10:02:36 3.41 36 0.59
10:04:11:000031 8.510 8.800 10:02:00 2.82 10:02:36 3.41 36 0.59
10:04:12:000031 8.510 8.800 10:02:00 2.82 10:02:36 3.41 36 0.59
10:04:13:000031 8.510 8.830 10:02:00 2.82 10:02:39 3.76 39 0.94
10:04:14:000031 8.510 8.830 10:02:00 2.82 10:02:39 3.76 39 0.94
10:04:15:600737 11.880 12.300 10:02:05 2.69 10:02:41 3.54 36 0.84
10:04:16:600737 11.880 12.300 10:02:05 2.69 10:02:41 3.54 36 0.84
10:04:17:600737 11.880 12.300 10:02:05 2.69 10:02:41 3.54 36 0.84
10:04:18:000151 19.250 19.790 10:02:39 2.29 10:02:45 2.81 6 0.52
10:04:18:000789 9.360 9.950 10:02:30 5.77 10:02:45 6.30 15 0.53
10:04:18:600737 11.880 12.350 10:02:05 2.69 10:02:44 3.96 39 1.26
10:04:19:000151 19.250 19.790 10:02:39 2.29 10:02:45 2.81 6 0.52
10:04:19:000789 9.360 9.950 10:02:30 5.77 10:02:45 6.30 15 0.53
10:04:19:600737 11.880 12.350 10:02:05 2.69 10:02:44 3.96 39 1.26
10:04:20:000151 19.250 19.790 10:02:39 2.29 10:02:45 2.81 6 0.52
10:04:20:000789 9.360 9.950 10:02:30 5.77 10:02:45 6.30 15 0.53
10:04:20:600737 11.880 12.350 10:02:05 2.69 10:02:44 3.96 39 1.26
10:04:21:000789 9.360 9.950 10:02:30 5.77 10:02:48 6.30 18 0.53
10:04:21:600737 11.880 12.380 10:02:05 2.69 10:02:47 4.21 42 1.52
10:04:22:000789 9.360 9.950 10:02:30 5.77 10:02:48 6.30 18 0.53
10:04:22:600737 11.880 12.380 10:02:05 2.69 10:02:47 4.21 42 1.52
10:04:23:000789 9.360 9.950 10:02:30 5.77 10:02:48 6.30 18 0.53
10:04:23:600853 7.080 7.600 10:02:02 5.51 10:02:50 7.34 48 1.84
10:04:24:600853 7.080 7.600 10:02:02 5.51 10:02:50 7.34 48 1.84
10:04:24:000031 8.510 8.920 10:02:00 2.82 10:02:51 4.82 51 2.00
10:04:24:000570 9.260 9.680 10:02:33 3.89 10:02:51 4.54 18 0.65
10:04:25:600853 7.080 7.600 10:02:02 5.51 10:02:50 7.34 48 1.84
10:04:25:000031 8.510 8.920 10:02:00 2.82 10:02:51 4.82 51 2.00
10:04:25:000570 9.260 9.680 10:02:33 3.89 10:02:51 4.54 18 0.65
10:04:26:600853 7.080 7.600 10:02:02 5.51 10:02:50 7.34 48 1.84
10:04:26:000031 8.510 8.920 10:02:00 2.82 10:02:51 4.82 51 2.00
10:04:26:000570 9.260 9.680 10:02:33 3.89 10:02:51 4.54 18 0.65
10:04:28:000789 9.360 9.950 10:02:30 5.77 10:02:54 6.30 24 0.53
10:04:28:000031 8.510 8.930 10:02:00 2.82 10:02:54 4.94 54 2.12
10:04:28:000570 9.260 9.700 10:02:33 3.89 10:02:54 4.75 21 0.86
10:04:28:600853 7.080 7.600 10:02:02 5.51 10:02:53 7.34 51 1.84
10:04:28:600737 11.880 12.460 10:02:05 2.69 10:02:53 4.88 48 2.19
10:04:29:000789 9.360 9.950 10:02:30 5.77 10:02:54 6.30 24 0.53
10:04:29:000031 8.510 8.930 10:02:00 2.82 10:02:54 4.94 54 2.12
10:04:29:000570 9.260 9.700 10:02:33 3.89 10:02:54 4.75 21 0.86
10:04:29:600853 7.080 7.600 10:02:02 5.51 10:02:53 7.34 51 1.84
10:04:29:600737 11.880 12.460 10:02:05 2.69 10:02:53 4.88 48 2.19
10:04:30:000031 8.510 8.930 10:02:00 2.82 10:02:54 4.94 54 2.12
10:04:30:000570 9.260 9.700 10:02:33 3.89 10:02:57 4.75 24 0.86
10:04:30:603005 28.740 29.660 10:02:26 2.64 10:02:56 3.20 30 0.56
10:04:31:002047 9.190 9.810 10:02:15 6.09 10:02:57 6.75 42 0.65
10:04:31:000031 8.510 8.980 10:02:00 2.82 10:02:57 5.52 57 2.70
10:04:31:000570 9.260 9.700 10:02:33 3.89 10:02:57 4.75 24 0.86
10:04:31:603005 28.740 29.660 10:02:26 2.64 10:02:56 3.20 30 0.56
10:04:32:002047 9.190 9.810 10:02:15 6.09 10:02:57 6.75 42 0.65
10:04:32:000031 8.510 8.980 10:02:00 2.82 10:02:57 5.52 57 2.70
10:04:32:000570 9.260 9.700 10:02:33 3.89 10:02:57 4.75 24 0.86
10:04:32:603005 28.740 29.660 10:02:26 2.64 10:02:59 3.20 33 0.56
10:04:33:002047 9.190 9.810 10:02:15 6.09 10:02:57 6.75 42 0.65
10:04:33:603005 28.740 29.660 10:02:26 2.64 10:02:59 3.20 33 0.56
10:04:33:000031 8.510 8.980 10:02:00 2.82 10:02:57 5.52 57 2.70
10:04:33:000570 9.260 9.700 10:02:33 3.89 10:02:57 4.75 24 0.86
10:04:33:600737 11.880 12.550 10:02:05 2.69 10:02:59 5.64 54 2.95
10:04:34:603005 28.740 29.660 10:02:26 2.64 10:02:59 3.20 33 0.56
10:04:34:600737 11.880 12.550 10:02:05 2.69 10:02:59 5.64 54 2.95
10:04:36:603005 28.740 29.660 10:02:26 2.64 10:02:59 3.20 33 0.56
10:04:36:600737 11.880 12.550 10:02:05 2.69 10:02:59 5.64 54 2.95
10:04:45:000031 8.510 9.090 10:03:00 5.52 10:03:12 6.82 12 1.29
10:04:46:000031 8.510 9.090 10:03:00 5.52 10:03:12 6.82 12 1.29
10:04:47:000031 8.510 9.090 10:03:00 5.52 10:03:12 6.82 12 1.29
10:04:48:000031 8.510 9.090 10:03:00 5.52 10:03:12 6.82 12 1.29
10:04:52:002066 17.570 18.140 10:03:00 2.73 10:03:18 3.24 18 0.51
10:04:53:002066 17.570 18.140 10:03:00 2.73 10:03:18 3.24 18 0.51
10:04:54:002066 17.570 18.140 10:03:00 2.73 10:03:18 3.24 18 0.51
10:04:54:600962 17.390 18.010 10:03:02 2.65 10:03:20 3.57 18 0.92
10:04:54:600737 11.880 12.800 10:03:05 6.06 10:03:20 7.74 15 1.68
10:04:55:000031 8.510 9.150 10:03:00 5.52 10:03:21 7.52 21 2.00
10:04:55:600962 17.390 18.010 10:03:02 2.65 10:03:20 3.57 18 0.92
10:04:55:600737 11.880 12.800 10:03:05 6.06 10:03:20 7.74 15 1.68
10:04:57:000031 8.510 9.150 10:03:00 5.52 10:03:21 7.52 21 2.00
10:04:57:600737 11.880 12.800 10:03:05 6.06 10:03:20 7.74 15 1.68
10:04:57:600962 17.390 18.010 10:03:02 2.65 10:03:20 3.57 18 0.92
10:04:58:000031 8.510 9.170 10:03:00 5.52 10:03:24 7.76 24 2.23
10:04:59:000031 8.510 9.170 10:03:00 5.52 10:03:24 7.76 24 2.23
10:05:00:600962 17.390 18.050 10:03:02 2.65 10:03:26 3.80 24 1.15
10:05:01:600962 17.390 18.050 10:03:02 2.65 10:03:26 3.80 24 1.15
10:05:02:600962 17.390 18.050 10:03:02 2.65 10:03:26 3.80 24 1.15
10:05:03:600962 17.390 18.050 10:03:02 2.65 10:03:29 3.80 27 1.15
10:05:04:600962 17.390 18.050 10:03:02 2.65 10:03:29 3.80 27 1.15
10:05:05:600962 17.390 18.050 10:03:02 2.65 10:03:29 3.80 27 1.15
10:05:16:600962 17.390 18.170 10:03:02 2.65 10:03:41 4.49 39 1.84
10:05:17:600962 17.390 18.170 10:03:02 2.65 10:03:41 4.49 39 1.84
10:05:18:600962 17.390 18.170 10:03:02 2.65 10:03:41 4.49 39 1.84
10:05:30:002746 42.190 43.400 10:03:03 2.35 10:03:57 2.87 54 0.52
10:05:31:002746 42.190 43.400 10:03:03 2.35 10:03:57 2.87 54 0.52
10:06:09:000799 21.250 21.980 10:04:06 2.87 10:04:36 3.44 30 0.56
10:06:10:000799 21.250 21.980 10:04:06 2.87 10:04:36 3.44 30 0.56
10:06:11:000799 21.250 21.980 10:04:06 2.87 10:04:36 3.44 30 0.56
10:06:13:000799 21.250 21.990 10:04:06 2.87 10:04:39 3.48 33 0.61
10:06:14:000799 21.250 21.990 10:04:06 2.87 10:04:39 3.48 33 0.61
10:06:15:000799 21.250 21.990 10:04:06 2.87 10:04:39 3.48 33 0.61
10:06:19:000799 21.250 22.000 10:04:06 2.87 10:04:45 3.53 39 0.66
10:06:20:000151 19.250 19.990 10:04:27 3.27 10:04:48 3.84 21 0.57
10:06:20:000799 21.250 22.000 10:04:06 2.87 10:04:45 3.53 39 0.66
10:06:21:000151 19.250 19.990 10:04:27 3.27 10:04:48 3.84 21 0.57
10:06:22:000151 19.250 19.990 10:04:27 3.27 10:04:48 3.84 21 0.57
10:06:23:000151 19.250 19.990 10:04:27 3.27 10:04:48 3.84 21 0.57
10:06:24:000151 19.250 19.990 10:04:27 3.27 10:04:48 3.84 21 0.57
10:06:25:000151 19.250 20.000 10:04:27 3.27 10:04:51 3.90 24 0.62
10:06:26:000151 19.250 20.000 10:04:27 3.27 10:04:51 3.90 24 0.62
10:06:30:000151 19.250 20.050 10:04:27 3.27 10:04:57 4.16 30 0.88
10:06:31:000151 19.250 20.050 10:04:27 3.27 10:04:57 4.16 30 0.88
10:06:33:000151 19.250 20.050 10:04:27 3.27 10:04:57 4.16 30 0.88
10:07:16:000501 23.700 24.650 10:05:09 3.33 10:05:42 4.01 33 0.68
10:07:17:000501 23.700 24.650 10:05:09 3.33 10:05:45 4.01 36 0.68
10:07:18:000501 23.700 24.650 10:05:09 3.33 10:05:45 4.01 36 0.68
10:07:19:000501 23.700 24.650 10:05:09 3.33 10:05:45 4.01 36 0.68
10:07:21:000501 23.700 24.650 10:05:09 3.33 10:05:45 4.01 36 0.68
10:07:27:600227 7.590 7.800 10:05:12 2.24 10:05:54 2.77 42 0.53
10:07:29:600227 7.590 7.800 10:05:12 2.24 10:05:54 2.77 42 0.53
10:07:30:600227 7.590 7.800 10:05:12 2.24 10:05:54 2.77 42 0.53
10:07:30:600962 17.390 18.300 10:05:45 4.66 10:05:56 5.23 11 0.58
10:07:31:600962 17.390 18.300 10:05:45 4.66 10:05:56 5.23 11 0.58
10:07:32:600962 17.390 18.300 10:05:45 4.66 10:05:56 5.23 11 0.58
10:07:33:600962 17.390 18.300 10:05:45 4.66 10:05:56 5.23 11 0.58
10:08:17:002581 21.920 23.020 10:06:00 4.52 10:06:42 5.02 42 0.50
10:08:19:002581 21.920 23.020 10:06:00 4.52 10:06:45 5.02 45 0.50
10:08:20:002581 21.920 23.020 10:06:00 4.52 10:06:45 5.02 45 0.50
10:08:20:000570 9.260 9.840 10:06:12 5.40 10:06:48 6.26 36 0.86
10:08:22:002581 21.920 23.080 10:06:00 4.52 10:06:48 5.29 48 0.78
10:08:22:000570 9.260 9.840 10:06:12 5.40 10:06:48 6.26 36 0.86
10:08:24:002581 21.920 23.080 10:06:00 4.52 10:06:48 5.29 48 0.78
10:08:24:600801 9.940 10.440 10:06:03 4.43 10:06:51 5.03 48 0.60
10:08:26:002581 21.920 23.080 10:06:00 4.52 10:06:51 5.29 51 0.78
10:08:26:600801 9.940 10.440 10:06:03 4.43 10:06:51 5.03 48 0.60
10:08:26:600122 12.800 13.250 10:06:09 2.97 10:06:51 3.52 42 0.55
10:08:28:002581 21.920 23.080 10:06:00 4.52 10:06:54 5.29 54 0.78
10:08:28:600720 9.900 10.350 10:06:27 4.04 10:06:54 4.55 27 0.51
10:08:28:600801 9.940 10.440 10:06:03 4.43 10:06:54 5.03 51 0.60
10:08:28:600122 12.800 13.260 10:06:09 2.97 10:06:54 3.59 45 0.63
10:08:29:002581 21.920 23.080 10:06:00 4.52 10:06:54 5.29 54 0.78
10:08:29:600720 9.900 10.350 10:06:27 4.04 10:06:54 4.55 27 0.51
10:08:29:000570 9.260 9.850 10:06:12 5.40 10:06:57 6.37 45 0.97
10:08:29:600801 9.940 10.440 10:06:03 4.43 10:06:54 5.03 51 0.60
10:08:29:600122 12.800 13.260 10:06:09 2.97 10:06:54 3.59 45 0.63
10:08:31:002581 21.920 23.090 10:06:00 4.52 10:06:57 5.34 57 0.82
10:08:31:600720 9.900 10.360 10:06:27 4.04 10:06:57 4.65 30 0.61
10:08:31:000570 9.260 9.850 10:06:12 5.40 10:06:57 6.37 45 0.97
10:08:34:002581 21.920 23.090 10:06:00 4.52 10:06:57 5.34 57 0.82
10:08:34:000570 9.260 9.850 10:06:12 5.40 10:06:57 6.37 45 0.97
10:08:48:000710 42.150 43.500 10:07:03 2.61 10:07:15 3.20 12 0.59
10:08:49:000710 42.150 43.500 10:07:03 2.61 10:07:15 3.20 12 0.59
10:08:56:000710 42.150 43.520 10:07:03 2.61 10:07:21 3.25 18 0.64
10:08:57:000710 42.150 43.570 10:07:03 2.61 10:07:24 3.37 21 0.76
10:08:59:000710 42.150 43.570 10:07:03 2.61 10:07:24 3.37 21 0.76
10:08:59:002116 13.410 13.820 10:07:09 2.39 10:07:24 3.06 15 0.67
10:09:01:002116 13.410 13.820 10:07:09 2.39 10:07:24 3.06 15 0.67
10:09:15:002116 13.410 13.850 10:07:09 2.39 10:07:42 3.28 33 0.89
10:09:17:002116 13.410 13.850 10:07:09 2.39 10:07:42 3.28 33 0.89
10:09:18:002116 13.410 13.850 10:07:09 2.39 10:07:42 3.28 33 0.89
10:09:22:002581 21.920 23.230 10:07:00 5.34 10:07:48 5.98 48 0.64
10:09:23:002581 21.920 23.230 10:07:00 5.34 10:07:48 5.98 48 0.64
10:09:23:600702 24.420 25.130 10:07:03 2.38 10:07:48 2.91 45 0.53
10:09:24:002581 21.920 23.230 10:07:00 5.34 10:07:48 5.98 48 0.64
10:09:24:600702 24.420 25.130 10:07:03 2.38 10:07:48 2.91 45 0.53
10:09:25:600702 24.420 25.130 10:07:03 2.38 10:07:51 2.91 48 0.53
10:09:25:600801 9.940 10.500 10:07:00 5.13 10:07:51 5.63 51 0.50
10:09:28:000911 15.580 16.040 10:07:12 2.44 10:07:54 2.95 42 0.51
10:09:29:000911 15.580 16.040 10:07:12 2.44 10:07:54 2.95 42 0.51
10:09:30:000911 15.580 16.050 10:07:12 2.44 10:07:57 3.02 45 0.58
10:09:31:000911 15.580 16.050 10:07:12 2.44 10:07:57 3.02 45 0.58
10:10:00:002116 13.410 13.950 10:08:12 3.50 10:08:27 4.03 15 0.52
10:10:01:002116 13.410 13.950 10:08:12 3.50 10:08:27 4.03 15 0.52
10:10:02:002116 13.410 13.950 10:08:12 3.50 10:08:27 4.03 15 0.52
10:10:04:002116 13.410 13.950 10:08:12 3.50 10:08:30 4.03 18 0.52
10:10:05:002116 13.410 13.950 10:08:12 3.50 10:08:30 4.03 18 0.52
10:10:10:000911 15.580 16.150 10:08:00 3.02 10:08:36 3.66 36 0.64
10:10:11:000911 15.580 16.150 10:08:00 3.02 10:08:36 3.66 36 0.64
10:10:12:002116 13.410 13.980 10:08:12 3.50 10:08:39 4.25 27 0.75
10:10:13:002116 13.410 13.980 10:08:12 3.50 10:08:39 4.25 27 0.75
10:10:14:002116 13.410 13.980 10:08:12 3.50 10:08:39 4.25 27 0.75
10:10:14:000911 15.580 16.150 10:08:00 3.02 10:08:42 3.66 42 0.64
10:10:16:600720 9.900 10.450 10:08:09 5.05 10:08:42 5.56 33 0.51
10:10:16:002116 13.410 13.980 10:08:12 3.50 10:08:42 4.25 30 0.75
10:10:16:000911 15.580 16.150 10:08:00 3.02 10:08:42 3.66 42 0.64
10:10:17:600720 9.900 10.450 10:08:09 5.05 10:08:42 5.56 33 0.51
10:10:17:002116 13.410 13.980 10:08:12 3.50 10:08:42 4.25 30 0.75
10:10:17:000911 15.580 16.150 10:08:00 3.02 10:08:42 3.66 42 0.64
10:10:19:002116 13.410 14.000 10:08:12 3.50 10:08:45 4.40 33 0.89
10:10:20:002116 13.410 14.000 10:08:12 3.50 10:08:45 4.40 33 0.89
10:10:22:002116 13.410 14.000 10:08:12 3.50 10:08:48 4.40 36 0.89
10:10:22:000911 15.580 16.160 10:08:00 3.02 10:08:48 3.72 48 0.71
10:10:23:002116 13.410 14.000 10:08:12 3.50 10:08:48 4.40 36 0.89
10:10:23:000911 15.580 16.160 10:08:00 3.02 10:08:48 3.72 48 0.71
10:10:24:000911 15.580 16.160 10:08:00 3.02 10:08:51 3.72 51 0.71
10:10:25:000911 15.580 16.160 10:08:00 3.02 10:08:51 3.72 51 0.71
10:10:31:002116 13.410 14.050 10:08:12 3.50 10:08:57 4.77 45 1.27
10:10:31:000019 16.170 16.690 10:08:45 2.04 10:08:57 3.22 12 1.18
10:10:31:002066 17.570 18.270 10:08:09 3.47 10:08:57 3.98 48 0.51
10:10:33:002116 13.410 14.050 10:08:12 3.50 10:08:57 4.77 45 1.27
10:10:33:002066 17.570 18.270 10:08:09 3.47 10:08:57 3.98 48 0.51
10:10:39:000019 16.170 16.790 10:09:00 3.28 10:09:06 3.83 6 0.56
10:10:40:000019 16.170 16.790 10:09:00 3.28 10:09:06 3.83 6 0.56
10:10:41:000019 16.170 16.790 10:09:00 3.28 10:09:06 3.83 6 0.56
10:10:42:000019 16.170 16.800 10:09:00 3.28 10:09:09 3.90 9 0.62
10:10:43:000019 16.170 16.800 10:09:00 3.28 10:09:09 3.90 9 0.62
10:10:44:000019 16.170 16.800 10:09:00 3.28 10:09:09 3.90 9 0.62
10:11:10:002581 21.920 23.650 10:09:00 7.21 10:09:36 7.89 36 0.68
10:11:11:002581 21.920 23.650 10:09:00 7.21 10:09:36 7.89 36 0.68
10:11:13:000019 16.170 16.990 10:09:00 3.28 10:09:39 5.07 39 1.79
10:11:14:000019 16.170 17.000 10:09:00 3.28 10:09:42 5.13 42 1.86
10:11:16:000019 16.170 17.000 10:09:00 3.28 10:09:42 5.13 42 1.86
10:11:17:000019 16.170 17.000 10:09:00 3.28 10:09:42 5.13 42 1.86
10:11:20:002581 21.920 23.650 10:09:00 7.21 10:09:45 7.89 45 0.68
10:11:22:002581 21.920 23.650 10:09:00 7.21 10:09:45 7.89 45 0.68
10:11:28:000019 16.170 17.110 10:09:00 3.28 10:09:51 5.81 51 2.54
10:11:30:000019 16.170 17.160 10:09:00 3.28 10:09:54 6.12 54 2.84
10:13:28:600585 20.580 21.200 10:11:39 2.33 10:11:51 3.01 12 0.68
10:13:41:600720 9.900 10.560 10:12:03 6.06 10:12:06 6.67 3 0.61
10:13:42:600720 9.900 10.560 10:12:03 6.06 10:12:06 6.67 3 0.61
10:13:58:600720 9.900 10.660 10:12:03 6.06 10:12:24 7.68 21 1.62
10:14:01:600720 9.900 10.680 10:12:03 6.06 10:12:27 7.88 24 1.82
10:14:04:600720 9.900 10.690 10:12:03 6.06 10:12:30 7.98 27 1.92
10:14:04:603126 13.900 14.330 10:12:00 2.59 10:12:30 3.09 30 0.50
10:14:07:603126 13.900 14.330 10:12:00 2.59 10:12:30 3.09 30 0.50
10:14:11:603126 13.900 14.350 10:12:00 2.59 10:12:36 3.24 36 0.65
10:14:13:600720 9.900 10.780 10:12:03 6.06 10:12:39 8.89 36 2.83
10:14:13:603126 13.900 14.350 10:12:00 2.59 10:12:36 3.24 36 0.65
10:14:15:600720 9.900 10.780 10:12:03 6.06 10:12:39 8.89 36 2.83
10:14:17:600720 9.900 10.780 10:12:03 6.06 10:12:42 8.89 39 2.83
10:14:17:002709 48.800 50.230 10:12:03 2.40 10:12:42 2.93 39 0.53
10:14:19:600720 9.900 10.780 10:12:03 6.06 10:12:42 8.89 39 2.83
10:14:19:002709 48.800 50.250 10:12:03 2.40 10:12:45 2.97 42 0.57
10:14:21:002709 48.800 50.250 10:12:03 2.40 10:12:45 2.97 42 0.57
10:14:22:002709 48.800 50.290 10:12:03 2.40 10:12:48 3.05 45 0.66
10:14:23:002709 48.800 50.290 10:12:03 2.40 10:12:48 3.05 45 0.66
10:14:30:002709 48.800 50.300 10:12:03 2.40 10:12:54 3.07 51 0.68
10:14:32:600449 13.800 14.300 10:12:42 3.04 10:12:57 3.62 15 0.58
10:14:33:600449 13.800 14.300 10:12:42 3.04 10:12:57 3.62 15 0.58
10:14:34:600449 13.800 14.300 10:12:42 3.04 10:12:57 3.62 15 0.58
10:14:50:600449 13.800 14.400 10:13:00 3.84 10:13:15 4.35 15 0.51
10:15:06:600801 9.940 10.600 10:13:12 6.14 10:13:30 6.64 18 0.50
10:15:10:600801 9.940 10.610 10:13:12 6.14 10:13:36 6.74 24 0.60
10:15:13:600425 7.050 7.280 10:13:21 2.70 10:13:36 3.26 15 0.57
10:15:13:600801 9.940 10.610 10:13:12 6.14 10:13:36 6.74 24 0.60
10:15:17:600801 9.940 10.620 10:13:12 6.14 10:13:39 6.84 27 0.70
10:15:21:000877 13.490 13.950 10:13:21 2.82 10:13:45 3.41 24 0.59
10:15:24:000789 9.360 10.150 10:13:21 7.91 10:13:48 8.44 27 0.53
10:15:28:600425 7.050 7.300 10:13:21 2.70 10:13:51 3.55 30 0.85
10:15:29:000789 9.360 10.150 10:13:21 7.91 10:13:54 8.44 33 0.53
10:15:31:000789 9.360 10.200 10:13:21 7.91 10:13:57 8.97 36 1.07
10:15:32:600425 7.050 7.300 10:13:21 2.70 10:13:57 3.55 36 0.85
10:15:51:600883 15.550 16.280 10:14:09 4.18 10:14:15 4.69 6 0.51
10:15:52:600883 15.550 16.280 10:14:09 4.18 10:14:15 4.69 6 0.51
10:15:53:600883 15.550 16.290 10:14:09 4.18 10:14:18 4.76 9 0.58
10:15:54:600883 15.550 16.290 10:14:09 4.18 10:14:18 4.76 9 0.58
10:15:59:600883 15.550 16.300 10:14:09 4.18 10:14:24 4.82 15 0.64
10:16:00:600883 15.550 16.300 10:14:09 4.18 10:14:24 4.82 15 0.64
10:16:01:600883 15.550 16.300 10:14:09 4.18 10:14:24 4.82 15 0.64
10:16:02:600449 13.800 14.570 10:14:03 5.07 10:14:27 5.58 24 0.51
10:16:03:600449 13.800 14.570 10:14:03 5.07 10:14:27 5.58 24 0.51
10:16:04:600449 13.800 14.570 10:14:03 5.07 10:14:27 5.58 24 0.51
10:16:05:600883 15.550 16.300 10:14:09 4.18 10:14:30 4.82 21 0.64
10:16:06:600883 15.550 16.300 10:14:09 4.18 10:14:30 4.82 21 0.64
10:16:09:600883 15.550 16.310 10:14:09 4.18 10:14:33 4.89 24 0.71
10:16:11:600449 13.800 14.580 10:14:03 5.07 10:14:33 5.65 30 0.58
10:16:11:600883 15.550 16.330 10:14:09 4.18 10:14:36 5.02 27 0.84
10:16:13:600449 13.800 14.580 10:14:03 5.07 10:14:36 5.65 33 0.58
10:16:13:600883 15.550 16.330 10:14:09 4.18 10:14:36 5.02 27 0.84
10:16:20:600881 6.110 6.290 10:14:00 2.29 10:14:45 2.95 45 0.65
10:16:20:000607 10.180 10.560 10:14:00 3.14 10:14:45 3.73 45 0.59
10:16:22:600881 6.110 6.290 10:14:00 2.29 10:14:45 2.95 45 0.65
10:16:26:600881 6.110 6.290 10:14:00 2.29 10:14:51 2.95 51 0.65
10:16:26:600202 13.180 13.560 10:14:00 2.28 10:14:51 2.88 51 0.61
10:16:27:600881 6.110 6.290 10:14:00 2.29 10:14:51 2.95 51 0.65
10:16:27:600202 13.180 13.560 10:14:00 2.28 10:14:51 2.88 51 0.61
10:16:28:600881 6.110 6.290 10:14:00 2.29 10:14:51 2.95 51 0.65
10:16:28:600202 13.180 13.560 10:14:00 2.28 10:14:51 2.88 51 0.61
10:16:29:600202 13.180 13.570 10:14:00 2.28 10:14:54 2.96 54 0.68
10:16:29:000607 10.180 10.570 10:14:00 3.14 10:14:57 3.83 57 0.69
10:16:30:600202 13.180 13.570 10:14:00 2.28 10:14:54 2.96 54 0.68
10:16:30:000607 10.180 10.570 10:14:00 3.14 10:14:57 3.83 57 0.69
10:16:31:000607 10.180 10.570 10:14:00 3.14 10:14:57 3.83 57 0.69
10:16:46:002233 11.350 12.060 10:15:00 5.73 10:15:12 6.26 12 0.53
10:16:47:002233 11.350 12.060 10:15:00 5.73 10:15:12 6.26 12 0.53
10:16:52:002233 11.350 12.070 10:15:00 5.73 10:15:18 6.34 18 0.62
10:16:53:002233 11.350 12.070 10:15:00 5.73 10:15:18 6.34 18 0.62
10:16:57:002233 11.350 12.080 10:15:00 5.73 10:15:24 6.43 24 0.70
10:16:58:002233 11.350 12.080 10:15:00 5.73 10:15:24 6.43 24 0.70
10:16:59:002233 11.350 12.080 10:15:00 5.73 10:15:24 6.43 24 0.70
10:17:04:002233 11.350 12.100 10:15:00 5.73 10:15:30 6.61 30 0.88
10:17:06:002233 11.350 12.100 10:15:00 5.73 10:15:30 6.61 30 0.88
10:17:07:002233 11.350 12.130 10:15:00 5.73 10:15:33 6.87 33 1.15
10:17:09:600881 6.110 6.340 10:15:00 3.11 10:15:35 3.76 35 0.65
10:17:10:600881 6.110 6.340 10:15:00 3.11 10:15:35 3.76 35 0.65
10:17:18:600881 6.110 6.350 10:15:00 3.11 10:15:44 3.93 44 0.82
10:17:18:002233 11.350 12.180 10:15:00 5.73 10:15:45 7.31 45 1.59
10:17:19:600881 6.110 6.350 10:15:00 3.11 10:15:44 3.93 44 0.82
10:17:19:002233 11.350 12.180 10:15:00 5.73 10:15:45 7.31 45 1.59
10:17:20:600881 6.110 6.350 10:15:00 3.11 10:15:44 3.93 44 0.82
10:17:20:002233 11.350 12.180 10:15:00 5.73 10:15:45 7.31 45 1.59
10:17:24:600881 6.110 6.350 10:15:00 3.11 10:15:48 3.93 48 0.82
10:17:25:600881 6.110 6.350 10:15:00 3.11 10:15:48 3.93 48 0.82
10:17:26:600881 6.110 6.360 10:15:00 3.11 10:15:51 4.09 51 0.98
10:17:27:600881 6.110 6.360 10:15:00 3.11 10:15:51 4.09 51 0.98
10:17:29:600881 6.110 6.360 10:15:00 3.11 10:15:51 4.09 51 0.98
10:17:31:000672 12.110 12.550 10:15:00 3.06 10:15:57 3.63 57 0.58
10:17:32:000672 12.110 12.550 10:15:00 3.06 10:15:57 3.63 57 0.58
10:17:33:601992 4.990 5.140 10:15:00 2.20 10:15:59 3.01 59 0.80
10:17:33:600877 10.490 10.780 10:15:03 2.19 10:15:59 2.76 56 0.57
10:17:34:601992 4.990 5.140 10:15:00 2.20 10:15:59 3.01 59 0.80
10:17:34:600877 10.490 10.780 10:15:03 2.19 10:15:59 2.76 56 0.57
10:18:03:000401 14.570 15.200 10:16:00 3.77 10:16:30 4.32 30 0.55
10:18:04:000401 14.570 15.200 10:16:00 3.77 10:16:30 4.32 30 0.55
10:18:06:000401 14.570 15.200 10:16:00 3.77 10:16:33 4.32 33 0.55
10:18:07:000401 14.570 15.200 10:16:00 3.77 10:16:33 4.32 33 0.55
10:18:08:000401 14.570 15.200 10:16:00 3.77 10:16:33 4.32 33 0.55
10:18:09:000401 14.570 15.230 10:16:00 3.77 10:16:36 4.53 36 0.75
10:18:10:000401 14.570 15.230 10:16:00 3.77 10:16:36 4.53 36 0.75
10:18:11:000401 14.570 15.230 10:16:00 3.77 10:16:36 4.53 36 0.75
10:18:12:000401 14.570 15.230 10:16:00 3.77 10:16:39 4.53 39 0.75
10:18:13:000401 14.570 15.230 10:16:00 3.77 10:16:39 4.53 39 0.75
10:18:15:000401 14.570 15.250 10:16:00 3.77 10:16:42 4.67 42 0.89
10:18:17:002692 11.750 12.250 10:16:00 3.74 10:16:42 4.26 42 0.51
10:18:17:000401 14.570 15.250 10:16:00 3.77 10:16:42 4.67 42 0.89
10:18:20:000401 14.570 15.250 10:16:00 3.77 10:16:45 4.67 45 0.89
10:18:21:000401 14.570 15.250 10:16:00 3.77 10:16:48 4.67 48 0.89
10:18:22:002692 11.750 12.250 10:16:00 3.74 10:16:48 4.26 48 0.51
10:18:22:000401 14.570 15.250 10:16:00 3.77 10:16:48 4.67 48 0.89
10:18:24:002692 11.750 12.250 10:16:00 3.74 10:16:48 4.26 48 0.51
10:18:24:000401 14.570 15.250 10:16:00 3.77 10:16:48 4.67 48 0.89
10:18:25:002692 11.750 12.250 10:16:00 3.74 10:16:51 4.26 51 0.51
10:18:25:000401 14.570 15.260 10:16:00 3.77 10:16:51 4.74 51 0.96
10:18:27:002692 11.750 12.250 10:16:00 3.74 10:16:51 4.26 51 0.51
10:18:27:000401 14.570 15.280 10:16:00 3.77 10:16:54 4.87 54 1.10
10:18:27:000672 12.110 12.640 10:16:00 3.72 10:16:54 4.38 54 0.66
10:18:28:002692 11.750 12.250 10:16:00 3.74 10:16:54 4.26 54 0.51
10:18:28:000401 14.570 15.280 10:16:00 3.77 10:16:54 4.87 54 1.10
10:18:28:000672 12.110 12.640 10:16:00 3.72 10:16:54 4.38 54 0.66
10:18:29:002692 11.750 12.250 10:16:00 3.74 10:16:54 4.26 54 0.51
10:18:29:000401 14.570 15.280 10:16:00 3.77 10:16:57 4.87 57 1.10
10:18:29:000672 12.110 12.640 10:16:00 3.72 10:16:54 4.38 54 0.66
10:18:31:000401 14.570 15.280 10:16:00 3.77 10:16:57 4.87 57 1.10
10:18:34:600586 4.860 4.990 10:16:38 2.06 10:16:59 2.67 21 0.62
10:19:15:600883 15.550 16.500 10:17:23 5.47 10:17:41 6.11 18 0.64
10:19:17:600883 15.550 16.500 10:17:23 5.47 10:17:41 6.11 18 0.64
10:19:23:600883 15.550 16.520 10:17:23 5.47 10:17:50 6.24 27 0.77
10:19:26:600883 15.550 16.600 10:17:23 5.47 10:17:51 6.75 28 1.29
10:19:28:600883 15.550 16.600 10:17:23 5.47 10:17:51 6.75 28 1.29
10:19:33:600883 15.550 16.600 10:17:23 5.47 10:17:59 6.75 36 1.29
10:19:35:600883 15.550 16.600 10:17:23 5.47 10:17:59 6.75 36 1.29
10:20:56:600428 7.500 7.740 10:19:02 2.67 10:19:20 3.20 18 0.53
10:21:08:000965 7.110 7.300 10:19:27 2.11 10:19:33 2.67 6 0.56
10:21:09:000965 7.110 7.400 10:19:27 2.11 10:19:36 4.08 9 1.97
10:21:10:000965 7.110 7.400 10:19:27 2.11 10:19:36 4.08 9 1.97
10:21:10:600428 7.500 7.740 10:19:02 2.67 10:19:35 3.20 33 0.53
10:21:12:000965 7.110 7.460 10:19:27 2.11 10:19:39 4.92 12 2.81
10:21:16:000965 7.110 7.470 10:19:27 2.11 10:19:42 5.06 15 2.95
10:21:31:600586 4.860 5.040 10:19:35 2.88 10:19:57 3.70 22 0.82
10:21:32:600586 4.860 5.040 10:19:35 2.88 10:19:57 3.70 22 0.82
10:21:58:000672 12.110 12.880 10:20:00 5.70 10:20:24 6.36 24 0.66
10:21:59:000672 12.110 12.880 10:20:00 5.70 10:20:24 6.36 24 0.66
10:22:16:000672 12.110 12.950 10:20:00 5.70 10:20:42 6.94 42 1.24
10:22:21:000672 12.110 12.980 10:20:00 5.70 10:20:48 7.18 48 1.49
10:22:22:000672 12.110 12.980 10:20:00 5.70 10:20:48 7.18 48 1.49
10:22:23:000672 12.110 12.980 10:20:00 5.70 10:20:48 7.18 48 1.49
10:22:24:000672 12.110 12.980 10:20:00 5.70 10:20:51 7.18 51 1.49
10:22:25:000672 12.110 12.980 10:20:00 5.70 10:20:51 7.18 51 1.49
10:22:26:000672 12.110 12.980 10:20:00 5.70 10:20:51 7.18 51 1.49
10:23:54:000897 5.080 5.240 10:22:03 2.36 10:22:21 3.15 18 0.79
10:23:55:000897 5.080 5.240 10:22:03 2.36 10:22:21 3.15 18 0.79
10:23:56:000897 5.080 5.240 10:22:03 2.36 10:22:21 3.15 18 0.79
10:23:57:000897 5.080 5.240 10:22:03 2.36 10:22:24 3.15 21 0.79
10:23:58:000897 5.080 5.240 10:22:03 2.36 10:22:24 3.15 21 0.79
10:24:00:000897 5.080 5.240 10:22:03 2.36 10:22:27 3.15 24 0.79
10:24:13:000897 5.080 5.260 10:22:03 2.36 10:22:39 3.54 36 1.18
10:24:15:000897 5.080 5.260 10:22:03 2.36 10:22:42 3.54 39 1.18
10:24:16:000897 5.080 5.260 10:22:03 2.36 10:22:42 3.54 39 1.18
10:24:17:000897 5.080 5.260 10:22:03 2.36 10:22:42 3.54 39 1.18
10:24:18:000897 5.080 5.280 10:22:03 2.36 10:22:45 3.94 42 1.57
10:24:19:000897 5.080 5.280 10:22:03 2.36 10:22:45 3.94 42 1.57
10:24:20:000897 5.080 5.280 10:22:03 2.36 10:22:45 3.94 42 1.57
10:24:32:000897 5.080 5.280 10:22:03 2.36 10:22:57 3.94 54 1.57
10:26:12:000710 42.150 44.180 10:24:12 4.03 10:24:39 4.82 27 0.78
10:26:14:000710 42.150 44.180 10:24:12 4.03 10:24:39 4.82 27 0.78
10:27:00:002307 13.690 14.140 10:25:03 2.63 10:25:27 3.29 24 0.66
10:27:02:002307 13.690 14.140 10:25:03 2.63 10:25:27 3.29 24 0.66
10:27:03:002307 13.690 14.140 10:25:03 2.63 10:25:27 3.29 24 0.66
10:27:04:002307 13.690 14.140 10:25:03 2.63 10:25:27 3.29 24 0.66
10:27:05:002307 13.690 14.140 10:25:03 2.63 10:25:27 3.29 24 0.66
10:27:10:002307 13.690 14.180 10:25:03 2.63 10:25:36 3.58 33 0.95
10:27:12:002307 13.690 14.180 10:25:03 2.63 10:25:36 3.58 33 0.95
10:27:18:000897 5.080 5.330 10:25:24 4.33 10:25:45 4.92 21 0.59
10:27:18:002558 74.270 78.800 10:25:00 5.53 10:25:42 6.10 42 0.57
10:27:20:000897 5.080 5.330 10:25:24 4.33 10:25:45 4.92 21 0.59
10:27:20:002307 13.690 14.180 10:25:03 2.63 10:25:45 3.58 42 0.95
10:27:21:000897 5.080 5.330 10:25:24 4.33 10:25:48 4.92 24 0.59
10:27:21:002307 13.690 14.180 10:25:03 2.63 10:25:45 3.58 42 0.95
10:27:22:000897 5.080 5.330 10:25:24 4.33 10:25:48 4.92 24 0.59
10:27:22:002558 74.270 78.800 10:25:00 5.53 10:25:48 6.10 48 0.57
10:27:23:000897 5.080 5.330 10:25:24 4.33 10:25:48 4.92 24 0.59
10:27:23:002558 74.270 78.800 10:25:00 5.53 10:25:48 6.10 48 0.57
10:27:25:002558 74.270 78.800 10:25:00 5.53 10:25:48 6.10 48 0.57
10:27:26:002558 74.270 78.800 10:25:00 5.53 10:25:51 6.10 51 0.57
10:27:27:002558 74.270 78.800 10:25:00 5.53 10:25:51 6.10 51 0.57
10:27:28:002558 74.270 78.830 10:25:00 5.53 10:25:54 6.14 54 0.61
10:27:29:002558 74.270 78.830 10:25:00 5.53 10:25:54 6.14 54 0.61
10:27:30:002558 74.270 78.830 10:25:00 5.53 10:25:54 6.14 54 0.61
10:27:31:002558 74.270 78.830 10:25:00 5.53 10:25:54 6.14 54 0.61
10:27:32:002558 74.270 78.830 10:25:00 5.53 10:25:54 6.14 54 0.61
10:27:33:002558 74.270 78.830 10:25:00 5.53 10:25:54 6.14 54 0.61
10:27:34:002558 74.270 78.830 10:25:00 5.53 10:25:54 6.14 54 0.61
10:27:35:002558 74.270 78.830 10:25:00 5.53 10:25:54 6.14 54 0.61
10:28:02:600545 12.760 13.160 10:26:06 2.51 10:26:27 3.13 21 0.63
10:28:07:600545 12.760 13.180 10:26:06 2.51 10:26:33 3.29 27 0.78
10:28:08:600545 12.760 13.180 10:26:06 2.51 10:26:33 3.29 27 0.78
10:28:09:600545 12.760 13.180 10:26:06 2.51 10:26:33 3.29 27 0.78
10:28:13:600545 12.760 13.180 10:26:06 2.51 10:26:39 3.29 33 0.78
10:28:14:600545 12.760 13.180 10:26:06 2.51 10:26:39 3.29 33 0.78
10:28:15:600545 12.760 13.180 10:26:06 2.51 10:26:39 3.29 33 0.78
10:28:24:600545 12.760 13.200 10:26:06 2.51 10:26:51 3.45 45 0.94
10:28:25:600545 12.760 13.200 10:26:06 2.51 10:26:51 3.45 45 0.94
10:28:26:600545 12.760 13.200 10:26:06 2.51 10:26:51 3.45 45 0.94
10:28:28:600545 12.760 13.200 10:26:06 2.51 10:26:51 3.45 45 0.94
10:28:31:600545 12.760 13.220 10:26:06 2.51 10:26:57 3.61 51 1.10
10:29:42:002377 10.030 10.330 10:28:00 2.39 10:28:09 2.99 9 0.60
10:29:43:002377 10.030 10.330 10:28:00 2.39 10:28:09 2.99 9 0.60
10:29:44:002377 10.030 10.330 10:28:00 2.39 10:28:09 2.99 9 0.60
10:29:50:002377 10.030 10.330 10:28:00 2.39 10:28:15 2.99 15 0.60
10:29:51:002377 10.030 10.330 10:28:00 2.39 10:28:15 2.99 15 0.60
10:29:53:002377 10.030 10.350 10:28:00 2.39 10:28:18 3.19 18 0.80
10:29:54:002377 10.030 10.350 10:28:00 2.39 10:28:18 3.19 18 0.80
10:30:06:002377 10.030 10.370 10:28:00 2.39 10:28:33 3.39 33 1.00
10:30:07:002377 10.030 10.370 10:28:00 2.39 10:28:33 3.39 33 1.00
10:30:09:002377 10.030 10.370 10:28:00 2.39 10:28:33 3.39 33 1.00
10:30:10:002377 10.030 10.380 10:28:00 2.39 10:28:36 3.49 36 1.10
10:30:12:002377 10.030 10.380 10:28:00 2.39 10:28:36 3.49 36 1.10
10:32:07:002487 9.440 9.750 10:30:27 2.75 10:30:33 3.28 6 0.53
10:32:09:002487 9.440 9.750 10:30:27 2.75 10:30:33 3.28 6 0.53
10:32:29:002487 9.440 9.750 10:30:27 2.75 10:30:54 3.28 27 0.53
10:32:30:002487 9.440 9.750 10:30:27 2.75 10:30:54 3.28 27 0.53
10:33:45:002377 10.030 10.570 10:32:00 4.69 10:32:09 5.38 9 0.70
10:33:50:002377 10.030 10.570 10:32:00 4.69 10:32:12 5.38 12 0.70
10:33:53:002377 10.030 10.580 10:32:00 4.69 10:32:18 5.48 18 0.80
10:34:24:002377 10.030 10.690 10:32:00 4.69 10:32:48 6.58 48 1.89
13:16:58:002140 14.960 15.580 13:15:09 3.61 13:15:24 4.14 15 0.53
13:16:59:002140 14.960 15.580 13:15:09 3.61 13:15:24 4.14 15 0.53
13:17:01:002140 14.960 15.580 13:15:09 3.61 13:15:27 4.14 18 0.53
13:17:02:002140 14.960 15.580 13:15:09 3.61 13:15:27 4.14 18 0.53
13:17:02:002140 14.960 15.580 13:15:09 3.61 13:15:27 4.14 18 0.53
13:17:04:002140 14.960 15.590 13:15:09 3.61 13:15:30 4.21 21 0.60
13:17:05:002140 14.960 15.590 13:15:09 3.61 13:15:30 4.21 21 0.60
13:17:06:002140 14.960 15.590 13:15:09 3.61 13:15:30 4.21 21 0.60
13:17:07:002140 14.960 15.600 13:15:09 3.61 13:15:33 4.28 24 0.67
13:17:08:002140 14.960 15.600 13:15:09 3.61 13:15:33 4.28 24 0.67
13:17:23:002140 14.960 15.630 13:15:09 3.61 13:15:48 4.48 39 0.87
13:17:24:002140 14.960 15.630 13:15:09 3.61 13:15:48 4.48 39 0.87
13:17:25:002140 14.960 15.630 13:15:09 3.61 13:15:51 4.48 42 0.87
13:17:26:002140 14.960 15.630 13:15:09 3.61 13:15:51 4.48 42 0.87
13:17:27:000923 21.350 23.110 13:15:27 7.63 13:15:54 8.24 27 0.61
13:17:29:000923 21.350 23.110 13:15:27 7.63 13:15:54 8.24 27 0.61
13:17:31:002140 14.960 15.650 13:15:09 3.61 13:15:57 4.61 48 1.00
13:17:32:002140 14.960 15.650 13:15:09 3.61 13:15:57 4.61 48 1.00
13:17:45:000923 21.350 23.250 13:16:00 8.38 13:16:12 8.90 12 0.52
13:17:47:000923 21.350 23.250 13:16:00 8.38 13:16:12 8.90 12 0.52
13:18:16:600819 9.310 9.670 13:16:10 3.22 13:16:40 3.87 30 0.64
13:18:17:600819 9.310 9.670 13:16:10 3.22 13:16:40 3.87 30 0.64
13:18:22:000807 7.490 7.720 13:16:00 2.54 13:16:48 3.07 48 0.53
13:18:23:000807 7.490 7.720 13:16:00 2.54 13:16:48 3.07 48 0.53
13:18:24:000807 7.490 7.720 13:16:00 2.54 13:16:51 3.07 51 0.53
13:18:26:000807 7.490 7.720 13:16:00 2.54 13:16:51 3.07 51 0.53
13:19:17:000615 11.780 12.560 13:17:12 5.94 13:17:42 6.62 30 0.68
13:19:21:000615 11.780 12.590 13:17:12 5.94 13:17:48 6.88 36 0.93
13:19:23:000615 11.780 12.590 13:17:12 5.94 13:17:48 6.88 36 0.93
13:19:24:000615 11.780 12.600 13:17:12 5.94 13:17:51 6.96 39 1.02
13:21:01:000615 11.780 12.680 13:19:12 7.13 13:19:27 7.64 15 0.51
13:21:03:000615 11.780 12.750 13:19:12 7.13 13:19:30 8.23 18 1.10
13:21:04:000615 11.780 12.750 13:19:12 7.13 13:19:30 8.23 18 1.10
13:21:07:002629 10.820 11.160 13:19:00 2.59 13:19:33 3.14 33 0.55
13:21:08:002629 10.820 11.160 13:19:00 2.59 13:19:33 3.14 33 0.55
13:21:10:002629 10.820 11.160 13:19:00 2.59 13:19:36 3.14 36 0.55
13:21:10:000615 11.780 12.750 13:19:12 7.13 13:19:36 8.23 24 1.10
13:21:11:002629 10.820 11.160 13:19:00 2.59 13:19:36 3.14 36 0.55
13:21:11:000615 11.780 12.750 13:19:12 7.13 13:19:36 8.23 24 1.10
13:21:12:002629 10.820 11.190 13:19:00 2.59 13:19:39 3.42 39 0.83
13:21:12:000615 11.780 12.750 13:19:12 7.13 13:19:39 8.23 27 1.10
13:21:14:002629 10.820 11.190 13:19:00 2.59 13:19:39 3.42 39 0.83
13:21:14:000615 11.780 12.750 13:19:12 7.13 13:19:39 8.23 27 1.10
13:21:15:002629 10.820 11.190 13:19:00 2.59 13:19:39 3.42 39 0.83
13:21:16:002629 10.820 11.190 13:19:00 2.59 13:19:42 3.42 42 0.83
13:21:19:002629 10.820 11.190 13:19:00 2.59 13:19:42 3.42 42 0.83
13:21:21:002629 10.820 11.200 13:19:00 2.59 13:19:48 3.51 48 0.92
13:21:22:002629 10.820 11.200 13:19:00 2.59 13:19:48 3.51 48 0.92
13:21:24:002629 10.820 11.200 13:19:00 2.59 13:19:48 3.51 48 0.92
13:21:27:002629 10.820 11.200 13:19:00 2.59 13:19:51 3.51 51 0.92
13:21:34:002629 10.820 11.230 13:19:00 2.59 13:19:57 3.79 57 1.20
13:22:06:000953 13.910 14.310 13:20:12 2.23 13:20:33 2.88 21 0.65
13:22:08:000953 13.910 14.310 13:20:12 2.23 13:20:33 2.88 21 0.65
13:22:12:000953 13.910 14.320 13:20:12 2.23 13:20:39 2.95 27 0.72
13:22:13:000953 13.910 14.320 13:20:12 2.23 13:20:39 2.95 27 0.72
13:22:15:000953 13.910 14.350 13:20:12 2.23 13:20:42 3.16 30 0.93
13:22:16:000953 13.910 14.350 13:20:12 2.23 13:20:42 3.16 30 0.93
13:22:18:000953 13.910 14.350 13:20:12 2.23 13:20:45 3.16 33 0.93
13:22:19:000953 13.910 14.350 13:20:12 2.23 13:20:45 3.16 33 0.93
13:22:21:000953 13.910 14.360 13:20:12 2.23 13:20:48 3.24 36 1.01
13:22:22:000953 13.910 14.360 13:20:12 2.23 13:20:48 3.24 36 1.01
13:22:23:000953 13.910 14.360 13:20:12 2.23 13:20:48 3.24 36 1.01
13:22:31:000953 13.910 14.410 13:20:12 2.23 13:20:57 3.59 45 1.37
13:22:32:000953 13.910 14.410 13:20:12 2.23 13:20:57 3.59 45 1.37
13:23:10:000953 13.910 14.550 13:21:00 3.88 13:21:36 4.60 36 0.72
13:23:12:000953 13.910 14.550 13:21:00 3.88 13:21:36 4.60 36 0.72
13:23:13:000953 13.910 14.560 13:21:00 3.88 13:21:39 4.67 39 0.79
13:23:20:000953 13.910 14.570 13:21:00 3.88 13:21:45 4.74 45 0.86
13:23:24:000953 13.910 14.590 13:21:00 3.88 13:21:51 4.89 51 1.01
13:23:26:000953 13.910 14.590 13:21:00 3.88 13:21:51 4.89 51 1.01
13:23:30:000953 13.910 14.600 13:21:00 3.88 13:21:57 4.96 57 1.08
13:23:32:000953 13.910 14.600 13:21:00 3.88 13:21:57 4.96 57 1.08
13:23:49:000953 13.910 14.790 13:22:00 4.96 13:22:15 6.33 15 1.37
13:23:51:000953 13.910 14.790 13:22:00 4.96 13:22:15 6.33 15 1.37
13:24:55:601633 12.420 12.970 13:23:00 3.86 13:23:21 4.43 21 0.56
13:24:56:601633 12.420 12.970 13:23:00 3.86 13:23:21 4.43 21 0.56
13:24:58:601633 12.420 12.970 13:23:00 3.86 13:23:24 4.43 24 0.56
13:24:59:601633 12.420 12.970 13:23:00 3.86 13:23:24 4.43 24 0.56
13:25:00:601633 12.420 12.970 13:23:00 3.86 13:23:27 4.43 27 0.56
13:25:02:601633 12.420 12.970 13:23:00 3.86 13:23:27 4.43 27 0.56
13:25:04:601633 12.420 12.970 13:23:00 3.86 13:23:30 4.43 30 0.56
13:25:05:601633 12.420 12.970 13:23:00 3.86 13:23:30 4.43 30 0.56
13:25:07:601633 12.420 12.980 13:23:00 3.86 13:23:33 4.51 33 0.64
13:25:19:000786 11.420 11.880 13:23:06 3.42 13:23:45 4.03 39 0.61
13:25:19:601633 12.420 12.990 13:23:00 3.86 13:23:45 4.59 45 0.72
13:25:21:601633 12.420 12.990 13:23:00 3.86 13:23:48 4.59 48 0.72
13:25:22:601633 12.420 12.990 13:23:00 3.86 13:23:48 4.59 48 0.72
13:25:24:601633 12.420 12.990 13:23:00 3.86 13:23:51 4.59 51 0.72
13:25:25:601633 12.420 12.990 13:23:00 3.86 13:23:51 4.59 51 0.72
13:25:28:000786 11.420 11.880 13:23:06 3.42 13:23:54 4.03 48 0.61
13:25:28:601633 12.420 12.990 13:23:00 3.86 13:23:54 4.59 54 0.72
13:25:30:000786 11.420 11.880 13:23:06 3.42 13:23:54 4.03 48 0.61
13:25:30:601633 12.420 12.990 13:23:00 3.86 13:23:54 4.59 54 0.72
13:25:31:000786 11.420 11.880 13:23:06 3.42 13:23:57 4.03 51 0.61
13:25:31:002021 9.600 9.860 13:23:21 2.08 13:23:57 2.71 36 0.62
13:25:31:601633 12.420 12.990 13:23:00 3.86 13:23:57 4.59 57 0.72
13:25:33:601633 12.420 12.990 13:23:00 3.86 13:23:57 4.59 57 0.72
13:27:19:600805 8.680 8.910 13:25:00 2.07 13:25:45 2.65 45 0.58
13:27:21:600805 8.680 8.910 13:25:00 2.07 13:25:45 2.65 45 0.58
13:27:25:600266 14.140 14.600 13:25:15 2.55 13:25:51 3.25 36 0.71
13:27:26:600266 14.140 14.600 13:25:15 2.55 13:25:51 3.25 36 0.71
13:27:28:600805 8.680 8.920 13:25:00 2.07 13:25:54 2.76 54 0.69
13:27:29:600805 8.680 8.920 13:25:00 2.07 13:25:54 2.76 54 0.69
13:29:00:000786 11.420 12.070 13:27:00 4.90 13:27:27 5.69 27 0.79
13:29:02:000786 11.420 12.070 13:27:00 4.90 13:27:27 5.69 27 0.79
13:29:03:000786 11.420 12.090 13:27:00 4.90 13:27:30 5.87 30 0.96
13:29:05:000786 11.420 12.090 13:27:00 4.90 13:27:30 5.87 30 0.96
13:29:06:000786 11.420 12.090 13:27:00 4.90 13:27:30 5.87 30 0.96
13:29:07:000786 11.420 12.090 13:27:00 4.90 13:27:30 5.87 30 0.96
13:29:13:000786 11.420 12.110 13:27:00 4.90 13:27:39 6.04 39 1.14
13:31:07:600668 17.550 18.470 13:29:00 4.67 13:29:33 5.24 33 0.57
13:31:08:600668 17.550 18.470 13:29:00 4.67 13:29:33 5.24 33 0.57
13:31:10:600668 17.550 18.470 13:29:00 4.67 13:29:36 5.24 36 0.57
13:31:11:600668 17.550 18.470 13:29:00 4.67 13:29:36 5.24 36 0.57
13:31:13:600668 17.550 18.470 13:29:00 4.67 13:29:36 5.24 36 0.57
13:31:14:600668 17.550 18.470 13:29:00 4.67 13:29:40 5.24 40 0.57
13:31:16:600668 17.550 18.470 13:29:00 4.67 13:29:40 5.24 40 0.57
13:31:17:600668 17.550 18.470 13:29:00 4.67 13:29:43 5.24 43 0.57
13:31:29:600722 11.210 11.790 13:29:36 3.48 13:29:55 5.17 19 1.69
13:31:31:600722 11.210 11.790 13:29:36 3.48 13:29:55 5.17 19 1.69
13:31:41:600668 17.550 18.700 13:30:01 5.98 13:30:07 6.55 6 0.57
13:31:42:600668 17.550 18.700 13:30:01 5.98 13:30:07 6.55 6 0.57
13:31:43:600668 17.550 18.700 13:30:01 5.98 13:30:07 6.55 6 0.57
13:31:54:600668 17.550 18.870 13:30:01 5.98 13:30:19 7.52 18 1.54
13:31:55:600668 17.550 18.880 13:30:01 5.98 13:30:22 7.58 21 1.60
13:31:56:600668 17.550 18.880 13:30:01 5.98 13:30:22 7.58 21 1.60
13:31:57:600668 17.550 18.880 13:30:01 5.98 13:30:22 7.58 21 1.60
13:31:58:600668 17.550 18.880 13:30:01 5.98 13:30:22 7.58 21 1.60
13:31:59:600668 17.550 18.880 13:30:01 5.98 13:30:22 7.58 21 1.60
13:32:00:600668 17.550 18.920 13:30:01 5.98 13:30:24 7.81 23 1.82
13:32:10:600668 17.550 19.000 13:30:01 5.98 13:30:36 8.26 35 2.28
13:32:11:600668 17.550 19.000 13:30:01 5.98 13:30:36 8.26 35 2.28
13:32:12:600668 17.550 19.000 13:30:01 5.98 13:30:36 8.26 35 2.28
13:32:13:600668 17.550 19.000 13:30:01 5.98 13:30:36 8.26 35 2.28
13:32:14:600668 17.550 19.000 13:30:01 5.98 13:30:40 8.26 39 2.28
13:32:15:600668 17.550 19.000 13:30:01 5.98 13:30:40 8.26 39 2.28
13:32:16:600668 17.550 19.000 13:30:01 5.98 13:30:40 8.26 39 2.28
13:32:17:600668 17.550 19.000 13:30:01 5.98 13:30:40 8.26 39 2.28
13:32:25:600668 17.550 19.080 13:30:01 5.98 13:30:51 8.72 50 2.74
13:32:26:600668 17.550 19.080 13:30:01 5.98 13:30:51 8.72 50 2.74
13:32:27:600668 17.550 19.080 13:30:01 5.98 13:30:51 8.72 50 2.74
13:32:28:600668 17.550 19.080 13:30:01 5.98 13:30:51 8.72 50 2.74
13:32:31:600668 17.550 19.080 13:30:01 5.98 13:30:51 8.72 50 2.74
13:33:30:000680 6.390 6.700 13:31:15 4.07 13:31:57 4.85 42 0.78
13:33:31:000680 6.390 6.700 13:31:15 4.07 13:31:57 4.85 42 0.78
13:33:33:000680 6.390 6.700 13:31:15 4.07 13:31:57 4.85 42 0.78
13:34:32:600033 3.700 3.870 13:32:10 4.05 13:32:58 4.59 48 0.54
13:34:33:600033 3.700 3.870 13:32:10 4.05 13:32:58 4.59 48 0.54
13:34:34:600033 3.700 3.870 13:32:10 4.05 13:32:58 4.59 48 0.54
13:35:16:002339 19.330 19.860 13:33:27 2.22 13:33:42 2.74 15 0.52
13:35:18:002339 19.330 19.860 13:33:27 2.22 13:33:42 2.74 15 0.52
13:35:19:002339 19.330 19.860 13:33:27 2.22 13:33:42 2.74 15 0.52
13:35:20:002339 19.330 19.870 13:33:27 2.22 13:33:45 2.79 18 0.57
13:35:21:002339 19.330 19.870 13:33:27 2.22 13:33:45 2.79 18 0.57
13:35:28:002339 19.330 19.900 13:33:27 2.22 13:33:54 2.95 27 0.72
13:35:29:002339 19.330 19.900 13:33:27 2.22 13:33:54 2.95 27 0.72
13:42:58:002273 20.900 22.180 13:41:06 5.60 13:41:24 6.12 18 0.53
13:42:59:002273 20.900 22.180 13:41:06 5.60 13:41:24 6.12 18 0.53
13:43:18:002273 20.900 22.200 13:41:06 5.60 13:41:45 6.22 39 0.62
13:43:18:002472 10.510 10.860 13:41:24 2.76 13:41:45 3.33 21 0.57
13:43:19:002273 20.900 22.200 13:41:06 5.60 13:41:45 6.22 39 0.62
13:43:19:002472 10.510 10.860 13:41:24 2.76 13:41:45 3.33 21 0.57
13:43:20:002273 20.900 22.200 13:41:06 5.60 13:41:45 6.22 39 0.62
13:43:20:002472 10.510 10.860 13:41:24 2.76 13:41:45 3.33 21 0.57
13:43:21:002472 10.510 10.880 13:41:24 2.76 13:41:48 3.52 24 0.76
13:43:23:002472 10.510 10.880 13:41:24 2.76 13:41:48 3.52 24 0.76
13:43:25:002472 10.510 10.910 13:41:24 2.76 13:41:51 3.81 27 1.05
13:43:26:002472 10.510 10.910 13:41:24 2.76 13:41:51 3.81 27 1.05
13:43:27:002472 10.510 10.910 13:41:24 2.76 13:41:51 3.81 27 1.05
13:43:28:002472 10.510 10.910 13:41:24 2.76 13:41:51 3.81 27 1.05
13:43:29:002472 10.510 10.920 13:41:24 2.76 13:41:54 3.90 30 1.14
13:43:31:002273 20.900 22.220 13:41:06 5.60 13:41:57 6.32 51 0.72
13:43:32:002273 20.900 22.220 13:41:06 5.60 13:41:57 6.32 51 0.72
13:43:32:600022 2.870 2.950 13:41:33 2.09 13:41:57 2.79 24 0.70
13:43:33:002273 20.900 22.220 13:41:06 5.60 13:41:57 6.32 51 0.72
13:43:33:600022 2.870 2.950 13:41:33 2.09 13:41:57 2.79 24 0.70
13:43:55:002472 10.510 11.060 13:42:03 4.38 13:42:21 5.23 18 0.86
13:43:55:002472 10.510 11.060 13:42:03 4.38 13:42:21 5.23 18 0.86
13:43:57:002472 10.510 11.060 13:42:03 4.38 13:42:21 5.23 18 0.86
13:43:58:002472 10.510 11.070 13:42:03 4.38 13:42:24 5.33 21 0.95
13:43:59:002472 10.510 11.070 13:42:03 4.38 13:42:24 5.33 21 0.95
13:44:01:002472 10.510 11.070 13:42:03 4.38 13:42:27 5.33 24 0.95
13:44:03:002472 10.510 11.070 13:42:03 4.38 13:42:27 5.33 24 0.95
13:44:04:002472 10.510 11.100 13:42:03 4.38 13:42:30 5.61 27 1.24
13:44:06:002472 10.510 11.100 13:42:03 4.38 13:42:30 5.61 27 1.24
13:44:08:002250 15.540 16.180 13:42:06 3.54 13:42:33 4.12 27 0.58
13:44:10:002250 15.540 16.180 13:42:06 3.54 13:42:33 4.12 27 0.58
13:44:11:002250 15.540 16.180 13:42:06 3.54 13:42:36 4.12 30 0.58
13:44:13:002250 15.540 16.180 13:42:06 3.54 13:42:39 4.12 33 0.58
13:44:14:002250 15.540 16.180 13:42:06 3.54 13:42:39 4.12 33 0.58
13:44:15:002250 15.540 16.200 13:42:06 3.54 13:42:42 4.25 36 0.71
13:44:15:002323 19.750 20.390 13:42:00 2.58 13:42:42 3.24 42 0.66
13:44:15:002472 10.510 11.300 13:42:03 4.38 13:42:42 7.52 39 3.14
13:44:16:002250 15.540 16.200 13:42:06 3.54 13:42:42 4.25 36 0.71
13:44:16:002323 19.750 20.390 13:42:00 2.58 13:42:42 3.24 42 0.66
13:44:16:002472 10.510 11.300 13:42:03 4.38 13:42:42 7.52 39 3.14
13:44:17:002250 15.540 16.200 13:42:06 3.54 13:42:42 4.25 36 0.71
13:44:17:002323 19.750 20.390 13:42:00 2.58 13:42:42 3.24 42 0.66
13:44:17:002472 10.510 11.300 13:42:03 4.38 13:42:42 7.52 39 3.14
13:44:19:002250 15.540 16.200 13:42:06 3.54 13:42:45 4.25 39 0.71
13:44:19:002323 19.750 20.400 13:42:00 2.58 13:42:45 3.29 45 0.71
13:44:21:002250 15.540 16.200 13:42:06 3.54 13:42:45 4.25 39 0.71
13:44:21:002323 19.750 20.400 13:42:00 2.58 13:42:45 3.29 45 0.71
13:44:22:002250 15.540 16.200 13:42:06 3.54 13:42:45 4.25 39 0.71
13:44:22:002323 19.750 20.400 13:42:00 2.58 13:42:45 3.29 45 0.71
13:44:22:000555 21.300 22.000 13:42:00 2.72 13:42:48 3.29 48 0.56
13:44:23:002250 15.540 16.210 13:42:06 3.54 13:42:48 4.31 42 0.77
13:44:23:002323 19.750 20.400 13:42:00 2.58 13:42:48 3.29 48 0.71
13:44:23:000555 21.300 22.000 13:42:00 2.72 13:42:48 3.29 48 0.56
13:44:24:002250 15.540 16.210 13:42:06 3.54 13:42:51 4.31 45 0.77
13:44:24:002323 19.750 20.430 13:42:00 2.58 13:42:51 3.44 51 0.86
13:44:26:002250 15.540 16.210 13:42:06 3.54 13:42:51 4.31 45 0.77
13:44:26:002323 19.750 20.430 13:42:00 2.58 13:42:51 3.44 51 0.86
13:44:27:002472 10.510 11.410 13:42:03 4.38 13:42:54 8.56 51 4.19
13:44:27:002250 15.540 16.220 13:42:06 3.54 13:42:54 4.38 48 0.84
13:44:27:002323 19.750 20.450 13:42:00 2.58 13:42:54 3.54 54 0.96
13:44:27:000555 21.300 22.000 13:42:00 2.72 13:42:54 3.29 54 0.56
13:44:28:002472 10.510 11.410 13:42:03 4.38 13:42:54 8.56 51 4.19
13:44:28:002250 15.540 16.220 13:42:06 3.54 13:42:54 4.38 48 0.84
13:44:28:002323 19.750 20.450 13:42:00 2.58 13:42:54 3.54 54 0.96
13:44:28:000555 21.300 22.000 13:42:00 2.72 13:42:54 3.29 54 0.56
13:44:30:002472 10.510 11.410 13:42:03 4.38 13:42:54 8.56 51 4.19
13:44:30:002250 15.540 16.220 13:42:06 3.54 13:42:54 4.38 48 0.84
13:44:30:002323 19.750 20.450 13:42:00 2.58 13:42:54 3.54 54 0.96
13:44:30:600022 2.870 2.970 13:42:06 2.79 13:42:54 3.48 48 0.70
13:44:30:000555 21.300 22.000 13:42:00 2.72 13:42:54 3.29 54 0.56
13:44:31:002250 15.540 16.220 13:42:06 3.54 13:42:57 4.38 51 0.84
13:44:31:600022 2.870 2.970 13:42:06 2.79 13:42:54 3.48 48 0.70
13:44:31:000555 21.300 22.000 13:42:00 2.72 13:42:57 3.29 57 0.56
13:44:34:002250 15.540 16.220 13:42:06 3.54 13:42:57 4.38 51 0.84
13:44:34:000555 21.300 22.000 13:42:00 2.72 13:42:57 3.29 57 0.56
13:45:01:600022 2.870 3.020 13:43:15 4.53 13:43:24 5.23 9 0.70
13:45:24:600022 2.870 3.100 13:43:15 4.53 13:43:48 8.01 33 3.48
13:45:29:000407 9.460 9.750 13:43:00 2.54 13:43:54 3.07 54 0.53
13:45:29:600022 2.870 3.120 13:43:15 4.53 13:43:54 8.71 39 4.18
13:45:30:600022 2.870 3.120 13:43:15 4.53 13:43:54 8.71 39 4.18
13:45:31:600022 2.870 3.120 13:43:15 4.53 13:43:54 8.71 39 4.18
13:45:31:000555 21.300 22.110 13:43:00 3.29 13:43:57 3.80 57 0.52
13:45:32:000555 21.300 22.110 13:43:00 3.29 13:43:57 3.80 57 0.52
13:47:28:000778 5.780 5.970 13:45:03 2.77 13:45:54 3.29 51 0.52
13:47:29:000778 5.780 5.970 13:45:03 2.77 13:45:54 3.29 51 0.52
13:47:30:000778 5.780 5.970 13:45:03 2.77 13:45:57 3.29 54 0.52
13:47:31:000778 5.780 5.970 13:45:03 2.77 13:45:57 3.29 54 0.52
13:47:32:000778 5.780 5.970 13:45:03 2.77 13:45:57 3.29 54 0.52
13:48:28:600583 7.990 8.280 13:46:03 3.13 13:46:55 3.63 52 0.50
13:48:29:600583 7.990 8.280 13:46:03 3.13 13:46:55 3.63 52 0.50
13:48:30:600583 7.990 8.280 13:46:03 3.13 13:46:55 3.63 52 0.50
13:48:32:600583 7.990 8.280 13:46:03 3.13 13:46:57 3.63 54 0.50
13:48:33:600583 7.990 8.280 13:46:03 3.13 13:46:57 3.63 54 0.50
13:49:21:600809 28.760 31.180 13:47:00 7.79 13:47:45 8.41 45 0.63
13:49:22:600809 28.760 31.180 13:47:00 7.79 13:47:45 8.41 45 0.63
13:49:25:600809 28.760 31.200 13:47:00 7.79 13:47:52 8.48 52 0.70
13:49:27:600809 28.760 31.200 13:47:00 7.79 13:47:52 8.48 52 0.70
13:49:27:600809 28.760 31.200 13:47:00 7.79 13:47:52 8.48 52 0.70
13:49:29:600809 28.760 31.200 13:47:00 7.79 13:47:55 8.48 55 0.70
13:49:30:600809 28.760 31.200 13:47:00 7.79 13:47:55 8.48 55 0.70
13:49:31:600809 28.760 31.200 13:47:00 7.79 13:47:57 8.48 57 0.70
13:49:32:600809 28.760 31.200 13:47:00 7.79 13:47:57 8.48 57 0.70
13:49:33:600809 28.760 31.200 13:47:00 7.79 13:47:57 8.48 57 0.70
13:49:55:002323 19.750 20.800 13:48:00 4.56 13:48:21 5.32 21 0.76
13:49:56:002323 19.750 20.800 13:48:00 4.56 13:48:21 5.32 21 0.76
13:49:57:002323 19.750 20.800 13:48:00 4.56 13:48:21 5.32 21 0.76
13:50:01:002323 19.750 20.830 13:48:00 4.56 13:48:27 5.47 27 0.91
13:50:02:002323 19.750 20.830 13:48:00 4.56 13:48:27 5.47 27 0.91
13:50:03:002323 19.750 20.830 13:48:00 4.56 13:48:27 5.47 27 0.91
13:50:04:002323 19.750 20.830 13:48:00 4.56 13:48:27 5.47 27 0.91
13:50:04:002323 19.750 20.830 13:48:00 4.56 13:48:30 5.47 30 0.91
13:50:05:002323 19.750 20.830 13:48:00 4.56 13:48:30 5.47 30 0.91
13:50:19:002431 9.280 9.550 13:48:18 2.37 13:48:45 2.91 27 0.54
13:50:19:002323 19.750 20.890 13:48:00 4.56 13:48:45 5.77 45 1.22
13:50:20:002431 9.280 9.550 13:48:18 2.37 13:48:45 2.91 27 0.54
13:50:20:002323 19.750 20.890 13:48:00 4.56 13:48:45 5.77 45 1.22
13:50:23:002431 9.280 9.550 13:48:18 2.37 13:48:51 2.91 33 0.54
13:50:24:002431 9.280 9.550 13:48:18 2.37 13:48:51 2.91 33 0.54
13:50:25:002431 9.280 9.550 13:48:18 2.37 13:48:51 2.91 33 0.54
13:50:26:002431 9.280 9.550 13:48:18 2.37 13:48:51 2.91 33 0.54
13:50:27:002431 9.280 9.550 13:48:18 2.37 13:48:51 2.91 33 0.54
13:50:28:002431 9.280 9.560 13:48:18 2.37 13:48:54 3.02 36 0.65
13:50:29:002431 9.280 9.560 13:48:18 2.37 13:48:54 3.02 36 0.65
13:52:07:002408 9.630 9.930 13:50:00 2.60 13:50:33 3.12 33 0.52
13:52:08:002408 9.630 9.930 13:50:00 2.60 13:50:33 3.12 33 0.52
13:52:09:002408 9.630 9.930 13:50:00 2.60 13:50:33 3.12 33 0.52
13:52:10:002408 9.630 9.930 13:50:00 2.60 13:50:36 3.12 36 0.52
13:52:11:002408 9.630 9.930 13:50:00 2.60 13:50:36 3.12 36 0.52
13:52:12:002408 9.630 9.930 13:50:00 2.60 13:50:39 3.12 39 0.52
13:52:13:002408 9.630 9.930 13:50:00 2.60 13:50:39 3.12 39 0.52
13:52:13:002507 16.000 16.660 13:50:30 3.62 13:50:39 4.13 9 0.50
13:52:14:002408 9.630 9.930 13:50:00 2.60 13:50:39 3.12 39 0.52
13:52:14:002507 16.000 16.660 13:50:30 3.62 13:50:39 4.13 9 0.50
13:52:15:002408 9.630 9.930 13:50:00 2.60 13:50:39 3.12 39 0.52
13:52:15:002507 16.000 16.660 13:50:30 3.62 13:50:39 4.13 9 0.50
13:52:16:002408 9.630 9.930 13:50:00 2.60 13:50:39 3.12 39 0.52
13:52:16:002507 16.000 16.660 13:50:30 3.62 13:50:39 4.13 9 0.50
13:52:18:002408 9.630 9.940 13:50:00 2.60 13:50:45 3.22 45 0.62
13:52:18:002507 16.000 16.660 13:50:30 3.62 13:50:42 4.13 12 0.50
13:52:18:002408 9.630 9.940 13:50:00 2.60 13:50:45 3.22 45 0.62
13:52:18:002507 16.000 16.660 13:50:30 3.62 13:50:45 4.13 15 0.50
13:52:20:002408 9.630 9.940 13:50:00 2.60 13:50:45 3.22 45 0.62
13:52:20:002507 16.000 16.660 13:50:30 3.62 13:50:45 4.13 15 0.50
13:52:21:002408 9.630 9.940 13:50:00 2.60 13:50:45 3.22 45 0.62
13:52:21:002507 16.000 16.660 13:50:30 3.62 13:50:45 4.13 15 0.50
13:52:22:002408 9.630 9.940 13:50:00 2.60 13:50:48 3.22 48 0.62
13:52:22:002507 16.000 16.660 13:50:30 3.62 13:50:48 4.13 18 0.50
13:52:24:002507 16.000 16.660 13:50:30 3.62 13:50:48 4.13 18 0.50
13:52:25:002507 16.000 16.660 13:50:30 3.62 13:50:51 4.13 21 0.50
13:52:26:002507 16.000 16.660 13:50:30 3.62 13:50:51 4.13 21 0.50
13:52:28:002408 9.630 9.960 13:50:00 2.60 13:50:54 3.43 54 0.83
13:52:28:002507 16.000 16.660 13:50:30 3.62 13:50:54 4.13 24 0.50
13:52:29:002408 9.630 9.960 13:50:00 2.60 13:50:54 3.43 54 0.83
13:52:29:002507 16.000 16.660 13:50:30 3.62 13:50:54 4.13 24 0.50
13:52:30:002408 9.630 9.960 13:50:00 2.60 13:50:54 3.43 54 0.83
13:52:30:002507 16.000 16.660 13:50:30 3.62 13:50:54 4.13 24 0.50
13:52:32:002507 16.000 16.660 13:50:30 3.62 13:50:57 4.13 27 0.50
13:52:34:002507 16.000 16.660 13:50:30 3.62 13:50:57 4.13 27 0.50
13:53:22:000407 9.460 9.800 13:51:00 3.07 13:51:48 3.59 48 0.53
13:53:23:000407 9.460 9.800 13:51:00 3.07 13:51:48 3.59 48 0.53
13:53:24:000407 9.460 9.800 13:51:00 3.07 13:51:51 3.59 51 0.53
13:53:25:000407 9.460 9.800 13:51:00 3.07 13:51:51 3.59 51 0.53
13:53:26:000407 9.460 9.800 13:51:00 3.07 13:51:51 3.59 51 0.53
13:53:27:000407 9.460 9.800 13:51:00 3.07 13:51:51 3.59 51 0.53
13:53:28:000407 9.460 9.800 13:51:00 3.07 13:51:51 3.59 51 0.53
13:53:29:000407 9.460 9.800 13:51:00 3.07 13:51:54 3.59 54 0.53
13:53:52:000407 9.460 9.880 13:52:00 3.81 13:52:18 4.44 18 0.63
13:53:53:000407 9.460 9.880 13:52:00 3.81 13:52:18 4.44 18 0.63
13:53:54:000407 9.460 9.890 13:52:00 3.81 13:52:21 4.55 21 0.74
13:53:55:000407 9.460 9.890 13:52:00 3.81 13:52:21 4.55 21 0.74
13:53:56:000407 9.460 9.890 13:52:00 3.81 13:52:21 4.55 21 0.74
13:53:59:000407 9.460 9.890 13:52:00 3.81 13:52:27 4.55 27 0.74
13:54:00:000407 9.460 9.890 13:52:00 3.81 13:52:27 4.55 27 0.74
13:54:01:000407 9.460 9.890 13:52:00 3.81 13:52:27 4.55 27 0.74
13:54:02:000407 9.460 9.890 13:52:00 3.81 13:52:27 4.55 27 0.74
13:54:03:000407 9.460 9.890 13:52:00 3.81 13:52:27 4.55 27 0.74
13:54:04:000407 9.460 9.890 13:52:00 3.81 13:52:30 4.55 30 0.74
13:54:05:000407 9.460 9.890 13:52:00 3.81 13:52:30 4.55 30 0.74
13:54:06:000407 9.460 9.890 13:52:00 3.81 13:52:30 4.55 30 0.74
13:54:07:000407 9.460 9.890 13:52:00 3.81 13:52:33 4.55 33 0.74
13:54:08:000407 9.460 9.900 13:52:00 3.81 13:52:36 4.65 36 0.85
13:54:10:000407 9.460 9.900 13:52:00 3.81 13:52:36 4.65 36 0.85
13:54:11:000407 9.460 9.900 13:52:00 3.81 13:52:36 4.65 36 0.85
13:54:12:000407 9.460 9.900 13:52:00 3.81 13:52:39 4.65 39 0.85
13:54:13:000407 9.460 9.900 13:52:00 3.81 13:52:39 4.65 39 0.85
13:54:15:000407 9.460 9.900 13:52:00 3.81 13:52:42 4.65 42 0.85
13:54:18:000407 9.460 9.900 13:52:00 3.81 13:52:42 4.65 42 0.85
13:54:19:000407 9.460 9.920 13:52:00 3.81 13:52:45 4.86 45 1.06
13:54:20:000407 9.460 9.920 13:52:00 3.81 13:52:45 4.86 45 1.06
13:54:21:000407 9.460 9.920 13:52:00 3.81 13:52:45 4.86 45 1.06
13:54:22:000407 9.460 9.920 13:52:00 3.81 13:52:45 4.86 45 1.06
13:54:23:000407 9.460 9.930 13:52:00 3.81 13:52:51 4.97 51 1.16
13:54:24:000407 9.460 9.930 13:52:00 3.81 13:52:51 4.97 51 1.16
13:54:25:000407 9.460 9.930 13:52:00 3.81 13:52:51 4.97 51 1.16
13:54:26:000407 9.460 9.940 13:52:00 3.81 13:52:54 5.07 54 1.27
13:54:27:000407 9.460 9.940 13:52:00 3.81 13:52:54 5.07 54 1.27
13:54:28:000407 9.460 9.940 13:52:00 3.81 13:52:54 5.07 54 1.27
13:54:29:000407 9.460 9.940 13:52:00 3.81 13:52:54 5.07 54 1.27
13:54:30:000407 9.460 9.950 13:52:00 3.81 13:52:57 5.18 57 1.37
13:54:31:000407 9.460 9.950 13:52:00 3.81 13:52:57 5.18 57 1.37
13:54:32:000407 9.460 9.950 13:52:00 3.81 13:52:57 5.18 57 1.37
13:54:33:000407 9.460 9.950 13:52:00 3.81 13:52:57 5.18 57 1.37
13:55:17:000877 13.490 14.220 13:53:21 4.89 13:53:42 5.41 21 0.52
13:55:18:000877 13.490 14.230 13:53:21 4.89 13:53:45 5.49 24 0.59
13:55:19:000877 13.490 14.230 13:53:21 4.89 13:53:45 5.49 24 0.59
13:55:20:000877 13.490 14.250 13:53:21 4.89 13:53:48 5.63 27 0.74
13:55:21:000877 13.490 14.250 13:53:21 4.89 13:53:48 5.63 27 0.74
13:55:22:000877 13.490 14.250 13:53:21 4.89 13:53:48 5.63 27 0.74
13:55:23:000877 13.490 14.250 13:53:21 4.89 13:53:48 5.63 27 0.74
13:55:29:000877 13.490 14.290 13:53:21 4.89 13:53:57 5.93 36 1.04
13:55:31:000877 13.490 14.290 13:53:21 4.89 13:53:57 5.93 36 1.04
13:55:32:000877 13.490 14.290 13:53:21 4.89 13:53:57 5.93 36 1.04
13:56:04:002233 11.350 12.270 13:54:09 7.49 13:54:30 8.11 21 0.62
13:56:05:002233 11.350 12.270 13:54:09 7.49 13:54:30 8.11 21 0.62
13:56:06:002233 11.350 12.280 13:54:09 7.49 13:54:33 8.19 24 0.70
13:56:07:002233 11.350 12.280 13:54:09 7.49 13:54:33 8.19 24 0.70
13:56:08:002233 11.350 12.280 13:54:09 7.49 13:54:33 8.19 24 0.70
13:56:09:002233 11.350 12.280 13:54:09 7.49 13:54:33 8.19 24 0.70
13:56:10:002233 11.350 12.280 13:54:09 7.49 13:54:33 8.19 24 0.70
13:56:11:002233 11.350 12.280 13:54:09 7.49 13:54:33 8.19 24 0.70
13:56:16:002233 11.350 12.330 13:54:09 7.49 13:54:42 8.63 33 1.15
13:56:17:002233 11.350 12.330 13:54:09 7.49 13:54:42 8.63 33 1.15
13:56:18:002233 11.350 12.350 13:54:09 7.49 13:54:45 8.81 36 1.32
13:56:19:002233 11.350 12.350 13:54:09 7.49 13:54:45 8.81 36 1.32
13:56:21:002233 11.350 12.350 13:54:09 7.49 13:54:45 8.81 36 1.32
13:56:22:002233 11.350 12.350 13:54:09 7.49 13:54:45 8.81 36 1.32
13:56:23:002233 11.350 12.350 13:54:09 7.49 13:54:45 8.81 36 1.32
13:56:25:002233 11.350 12.350 13:54:09 7.49 13:54:51 8.81 42 1.32
13:56:26:002233 11.350 12.350 13:54:09 7.49 13:54:51 8.81 42 1.32
13:58:17:600425 7.050 7.470 13:56:06 5.39 13:56:40 5.96 34 0.57
13:58:32:600425 7.050 7.480 13:56:06 5.39 13:56:54 6.10 48 0.71
13:59:13:600425 7.050 7.530 13:57:00 6.24 13:57:39 6.81 39 0.57
13:59:13:603567 18.860 19.500 13:57:18 2.07 13:57:39 3.39 21 1.33
13:59:15:603567 18.860 19.500 13:57:18 2.07 13:57:42 3.39 24 1.33
13:59:16:603567 18.860 19.500 13:57:18 2.07 13:57:42 3.39 24 1.33
13:59:19:600425 7.050 7.550 13:57:00 6.24 13:57:45 7.09 45 0.85
13:59:20:600425 7.050 7.550 13:57:00 6.24 13:57:45 7.09 45 0.85
13:59:21:600425 7.050 7.550 13:57:00 6.24 13:57:45 7.09 45 0.85
13:59:22:600425 7.050 7.550 13:57:00 6.24 13:57:48 7.09 48 0.85
13:59:22:603567 18.860 19.510 13:57:18 2.07 13:57:48 3.45 30 1.38
13:59:23:600425 7.050 7.550 13:57:00 6.24 13:57:48 7.09 48 0.85
13:59:25:600425 7.050 7.550 13:57:00 6.24 13:57:48 7.09 48 0.85
13:59:25:603567 18.860 19.510 13:57:18 2.07 13:57:51 3.45 33 1.38
13:59:26:603567 18.860 19.510 13:57:18 2.07 13:57:51 3.45 33 1.38
13:59:27:603567 18.860 19.510 13:57:18 2.07 13:57:51 3.45 33 1.38
13:59:28:603567 18.860 19.510 13:57:18 2.07 13:57:54 3.45 36 1.38
13:59:29:603567 18.860 19.510 13:57:18 2.07 13:57:54 3.45 36 1.38
13:59:31:603567 18.860 19.510 13:57:18 2.07 13:57:57 3.45 39 1.38
13:59:32:603567 18.860 19.510 13:57:18 2.07 13:57:57 3.45 39 1.38
14:01:08:000898 6.270 6.500 13:59:03 3.03 13:59:36 3.67 33 0.64
14:01:09:000898 6.270 6.500 13:59:03 3.03 13:59:36 3.67 33 0.64
14:01:10:000898 6.270 6.500 13:59:03 3.03 13:59:36 3.67 33 0.64
14:01:11:000898 6.270 6.500 13:59:03 3.03 13:59:36 3.67 33 0.64
14:01:13:000898 6.270 6.500 13:59:03 3.03 13:59:39 3.67 36 0.64
14:01:14:000898 6.270 6.500 13:59:03 3.03 13:59:39 3.67 36 0.64
14:01:15:000898 6.270 6.500 13:59:03 3.03 13:59:39 3.67 36 0.64
14:01:16:000898 6.270 6.500 13:59:03 3.03 13:59:42 3.67 39 0.64
14:01:18:000898 6.270 6.500 13:59:03 3.03 13:59:42 3.67 39 0.64
14:01:19:600778 11.610 11.950 13:59:03 2.33 13:59:45 2.93 42 0.60
14:01:19:000898 6.270 6.500 13:59:03 3.03 13:59:45 3.67 42 0.64
14:01:19:000898 6.270 6.500 13:59:03 3.03 13:59:45 3.67 42 0.64
14:01:19:600778 11.610 11.950 13:59:03 2.33 13:59:45 2.93 42 0.60
14:01:20:600778 11.610 11.950 13:59:03 2.33 13:59:45 2.93 42 0.60
14:01:20:000898 6.270 6.500 13:59:03 3.03 13:59:45 3.67 42 0.64
14:01:21:000898 6.270 6.500 13:59:03 3.03 13:59:48 3.67 45 0.64
14:01:22:000898 6.270 6.500 13:59:03 3.03 13:59:48 3.67 45 0.64
14:01:23:000898 6.270 6.500 13:59:03 3.03 13:59:48 3.67 45 0.64
14:01:24:000898 6.270 6.500 13:59:03 3.03 13:59:51 3.67 48 0.64
14:01:25:000898 6.270 6.500 13:59:03 3.03 13:59:51 3.67 48 0.64
14:01:26:000898 6.270 6.500 13:59:03 3.03 13:59:51 3.67 48 0.64
14:01:27:000898 6.270 6.500 13:59:03 3.03 13:59:51 3.67 48 0.64
14:01:28:600778 11.610 11.950 13:59:03 2.33 13:59:54 2.93 51 0.60
14:01:29:600778 11.610 11.950 13:59:03 2.33 13:59:54 2.93 51 0.60
14:01:49:600778 11.610 12.050 14:00:00 3.10 14:00:15 3.79 15 0.69
14:01:50:600778 11.610 12.050 14:00:00 3.10 14:00:15 3.79 15 0.69
14:02:13:002596 26.320 27.200 14:00:09 2.32 14:00:39 3.34 30 1.03
14:02:14:002596 26.320 27.200 14:00:09 2.32 14:00:39 3.34 30 1.03
14:02:15:002596 26.320 27.200 14:00:09 2.32 14:00:39 3.34 30 1.03
14:02:16:002596 26.320 27.200 14:00:09 2.32 14:00:42 3.34 33 1.03
14:02:17:002596 26.320 27.200 14:00:09 2.32 14:00:42 3.34 33 1.03
14:02:32:600207 10.240 10.510 14:00:18 2.05 14:00:57 2.64 39 0.59
14:02:33:600207 10.240 10.510 14:00:18 2.05 14:00:57 2.64 39 0.59
14:02:34:600207 10.240 10.510 14:00:18 2.05 14:00:57 2.64 39 0.59
14:02:35:600207 10.240 10.510 14:00:18 2.05 14:00:57 2.64 39 0.59
14:03:00:002596 26.320 27.850 14:01:03 4.14 14:01:27 5.81 24 1.67
14:03:02:002596 26.320 27.850 14:01:03 4.14 14:01:27 5.81 24 1.67
14:03:10:002596 26.320 28.000 14:01:03 4.14 14:01:36 6.38 33 2.24
14:03:12:002596 26.320 28.000 14:01:03 4.14 14:01:36 6.38 33 2.24
14:03:20:002596 26.320 28.300 14:01:03 4.14 14:01:45 7.52 42 3.38
14:08:11:600775 15.440 15.930 14:06:16 2.66 14:06:37 3.17 21 0.52
14:08:12:600775 15.440 15.930 14:06:16 2.66 14:06:37 3.17 21 0.52
14:08:13:600775 15.440 15.930 14:06:16 2.66 14:06:37 3.17 21 0.52
14:08:14:600775 15.440 15.940 14:06:16 2.66 14:06:40 3.24 24 0.58
14:08:15:600775 15.440 15.940 14:06:16 2.66 14:06:40 3.24 24 0.58
14:08:16:600775 15.440 15.940 14:06:16 2.66 14:06:40 3.24 24 0.58
14:08:17:600775 15.440 15.950 14:06:16 2.66 14:06:43 3.30 27 0.65
14:08:17:600775 15.440 15.950 14:06:16 2.66 14:06:43 3.30 27 0.65
14:08:18:600775 15.440 15.950 14:06:16 2.66 14:06:43 3.30 27 0.65
14:08:19:600775 15.440 15.960 14:06:16 2.66 14:06:46 3.37 30 0.71
14:08:20:600775 15.440 15.960 14:06:16 2.66 14:06:46 3.37 30 0.71
14:08:22:600775 15.440 15.960 14:06:16 2.66 14:06:46 3.37 30 0.71
14:08:23:600775 15.440 15.960 14:06:16 2.66 14:06:46 3.37 30 0.71
14:08:25:600775 15.440 15.960 14:06:16 2.66 14:06:49 3.37 33 0.71
14:08:30:600775 15.440 15.960 14:06:16 2.66 14:06:55 3.37 39 0.71
14:08:31:600775 15.440 15.960 14:06:16 2.66 14:06:55 3.37 39 0.71
14:18:05:600881 6.110 6.470 14:16:00 5.24 14:16:30 5.89 30 0.65
14:18:13:600881 6.110 6.470 14:16:00 5.24 14:16:39 5.89 39 0.65
14:18:14:600881 6.110 6.470 14:16:00 5.24 14:16:39 5.89 39 0.65
14:18:16:600881 6.110 6.470 14:16:00 5.24 14:16:39 5.89 39 0.65
14:18:17:600881 6.110 6.470 14:16:00 5.24 14:16:39 5.89 39 0.65
14:18:18:600881 6.110 6.470 14:16:00 5.24 14:16:39 5.89 39 0.65
14:18:20:600881 6.110 6.470 14:16:00 5.24 14:16:45 5.89 45 0.65
14:18:21:600881 6.110 6.470 14:16:00 5.24 14:16:45 5.89 45 0.65
14:18:22:600881 6.110 6.470 14:16:00 5.24 14:16:48 5.89 48 0.65
14:18:23:600881 6.110 6.470 14:16:00 5.24 14:16:48 5.89 48 0.65
14:19:58:601992 4.990 5.220 14:18:06 4.01 14:18:24 4.61 18 0.60
14:19:59:601992 4.990 5.220 14:18:06 4.01 14:18:24 4.61 18 0.60
14:20:04:601992 4.990 5.250 14:18:06 4.01 14:18:30 5.21 24 1.20
14:20:05:601992 4.990 5.250 14:18:06 4.01 14:18:30 5.21 24 1.20
14:20:07:601992 4.990 5.250 14:18:06 4.01 14:18:30 5.21 24 1.20
14:20:09:601992 4.990 5.250 14:18:06 4.01 14:18:33 5.21 27 1.20
14:20:10:601992 4.990 5.250 14:18:06 4.01 14:18:33 5.21 27 1.20
14:20:11:601992 4.990 5.250 14:18:06 4.01 14:18:33 5.21 27 1.20
14:20:12:601992 4.990 5.250 14:18:06 4.01 14:18:33 5.21 27 1.20
14:20:13:601992 4.990 5.250 14:18:06 4.01 14:18:39 5.21 33 1.20
14:20:15:601992 4.990 5.250 14:18:06 4.01 14:18:39 5.21 33 1.20
14:20:16:601992 4.990 5.250 14:18:06 4.01 14:18:39 5.21 33 1.20
14:20:20:601992 4.990 5.260 14:18:06 4.01 14:18:45 5.41 39 1.40
14:20:21:601992 4.990 5.260 14:18:06 4.01 14:18:45 5.41 39 1.40
14:20:23:601992 4.990 5.260 14:18:06 4.01 14:18:45 5.41 39 1.40
14:20:25:601992 4.990 5.260 14:18:06 4.01 14:18:51 5.41 45 1.40
14:20:28:601992 4.990 5.260 14:18:06 4.01 14:18:54 5.41 48 1.40
14:20:30:601992 4.990 5.260 14:18:06 4.01 14:18:54 5.41 48 1.40
14:20:32:601992 4.990 5.260 14:18:06 4.01 14:18:57 5.41 51 1.40
14:20:35:601992 4.990 5.260 14:18:06 4.01 14:18:57 5.41 51 1.40
14:22:52:002563 9.890 10.140 14:21:03 2.02 14:21:18 2.53 15 0.51
14:22:53:002563 9.890 10.140 14:21:03 2.02 14:21:18 2.53 15 0.51
14:25:35:002491 15.010 15.880 14:23:03 5.26 14:23:57 5.80 54 0.53
14:27:19:603022 26.590 27.850 14:25:04 4.17 14:25:43 4.74 39 0.56
14:27:20:002751 41.200 42.300 14:25:12 2.14 14:25:45 2.67 33 0.53
14:27:21:603022 26.590 27.850 14:25:04 4.17 14:25:46 4.74 42 0.56
14:27:23:002751 41.200 42.300 14:25:12 2.14 14:25:48 2.67 36 0.53
14:27:26:603022 26.590 27.860 14:25:04 4.17 14:25:52 4.78 48 0.60
14:27:27:603022 26.590 27.860 14:25:04 4.17 14:25:52 4.78 48 0.60
14:27:29:603022 26.590 27.860 14:25:04 4.17 14:25:52 4.78 48 0.60
14:28:13:601789 6.900 7.230 14:26:02 4.20 14:26:37 4.78 35 0.58
14:28:14:601789 6.900 7.230 14:26:02 4.20 14:26:37 4.78 35 0.58
14:28:16:002742 23.560 24.420 14:26:15 2.72 14:26:42 3.65 27 0.93
14:28:19:601789 6.900 7.230 14:26:02 4.20 14:26:43 4.78 41 0.58
14:28:19:002742 23.560 24.420 14:26:15 2.72 14:26:45 3.65 30 0.93
14:28:24:601789 6.900 7.240 14:26:02 4.20 14:26:50 4.93 48 0.72
14:28:24:002742 23.560 24.500 14:26:15 2.72 14:26:48 3.99 33 1.27
14:28:24:600063 5.150 5.310 14:26:41 2.14 14:26:50 3.11 9 0.97
14:28:26:601789 6.900 7.240 14:26:02 4.20 14:26:50 4.93 48 0.72
14:28:26:002742 23.560 24.590 14:26:15 2.72 14:26:51 4.37 36 1.66
14:28:26:600063 5.150 5.310 14:26:41 2.14 14:26:50 3.11 9 0.97
14:28:28:601789 6.900 7.240 14:26:02 4.20 14:26:52 4.93 50 0.72
14:28:28:002742 23.560 24.590 14:26:15 2.72 14:26:54 4.37 39 1.66
14:28:31:601789 6.900 7.240 14:26:02 4.20 14:26:52 4.93 50 0.72
14:28:31:002742 23.560 24.590 14:26:15 2.72 14:26:54 4.37 39 1.66
14:28:34:601789 6.900 7.240 14:26:02 4.20 14:26:58 4.93 56 0.72
14:28:34:002742 23.560 24.600 14:26:15 2.72 14:26:57 4.41 42 1.70
14:29:08:002742 23.560 24.800 14:27:00 4.75 14:27:33 5.26 33 0.51
14:29:10:002742 23.560 24.800 14:27:00 4.75 14:27:36 5.26 36 0.51
14:29:11:002742 23.560 24.800 14:27:00 4.75 14:27:36 5.26 36 0.51
14:29:12:002742 23.560 24.800 14:27:00 4.75 14:27:36 5.26 36 0.51
14:29:13:002742 23.560 24.800 14:27:00 4.75 14:27:36 5.26 36 0.51
14:29:15:002742 23.560 24.850 14:27:00 4.75 14:27:42 5.48 42 0.72
14:29:18:002742 23.560 24.850 14:27:00 4.75 14:27:42 5.48 42 0.72
14:29:20:002742 23.560 24.870 14:27:00 4.75 14:27:45 5.56 45 0.81
14:29:26:002742 23.560 24.880 14:27:00 4.75 14:27:51 5.60 51 0.85
14:29:27:002742 23.560 24.900 14:27:00 4.75 14:27:54 5.69 54 0.93
14:29:28:002742 23.560 24.900 14:27:00 4.75 14:27:54 5.69 54 0.93
14:29:29:002742 23.560 24.900 14:27:00 4.75 14:27:54 5.69 54 0.93
14:29:31:002742 23.560 24.940 14:27:00 4.75 14:27:57 5.86 57 1.10
14:29:32:002742 23.560 24.940 14:27:00 4.75 14:27:57 5.86 57 1.10
14:30:28:000611 8.900 9.290 14:28:00 3.82 14:28:54 4.38 54 0.56
14:30:29:000611 8.900 9.290 14:28:00 3.82 14:28:54 4.38 54 0.56
14:30:32:000611 8.900 9.290 14:28:00 3.82 14:28:57 4.38 57 0.56
14:31:17:002189 23.150 23.770 14:29:00 2.12 14:29:42 2.68 42 0.56
14:31:18:002189 23.150 23.770 14:29:00 2.12 14:29:42 2.68 42 0.56
14:31:19:002189 23.150 23.770 14:29:00 2.12 14:29:45 2.68 45 0.56
14:31:22:002189 23.150 23.770 14:29:00 2.12 14:29:45 2.68 45 0.56
14:32:25:002742 23.560 25.220 14:30:24 6.54 14:30:51 7.05 27 0.51
14:32:25:000868 7.180 7.390 14:30:00 2.09 14:30:51 2.92 51 0.84
14:32:26:002742 23.560 25.220 14:30:24 6.54 14:30:51 7.05 27 0.51
14:32:26:000868 7.180 7.390 14:30:00 2.09 14:30:51 2.92 51 0.84
14:32:28:002742 23.560 25.220 14:30:24 6.54 14:30:54 7.05 30 0.51
14:32:28:000868 7.180 7.390 14:30:00 2.09 14:30:54 2.92 54 0.84
14:32:29:002742 23.560 25.220 14:30:24 6.54 14:30:54 7.05 30 0.51
14:32:29:000868 7.180 7.390 14:30:00 2.09 14:30:54 2.92 54 0.84
14:32:30:002742 23.560 25.220 14:30:24 6.54 14:30:57 7.05 33 0.51
14:32:30:000868 7.180 7.410 14:30:00 2.09 14:30:57 3.20 57 1.11
14:32:31:002742 23.560 25.220 14:30:24 6.54 14:30:57 7.05 33 0.51
14:32:31:000868 7.180 7.410 14:30:00 2.09 14:30:57 3.20 57 1.11
14:32:33:002742 23.560 25.220 14:30:24 6.54 14:30:57 7.05 33 0.51
14:32:33:000868 7.180 7.410 14:30:00 2.09 14:30:57 3.20 57 1.11
14:32:57:000868 7.180 7.460 14:31:03 3.34 14:31:24 3.90 21 0.56
14:32:58:000868 7.180 7.460 14:31:03 3.34 14:31:24 3.90 21 0.56
14:32:59:000868 7.180 7.460 14:31:03 3.34 14:31:24 3.90 21 0.56
14:33:00:000868 7.180 7.460 14:31:03 3.34 14:31:27 3.90 24 0.56
14:33:01:000868 7.180 7.460 14:31:03 3.34 14:31:27 3.90 24 0.56
14:33:02:000868 7.180 7.460 14:31:03 3.34 14:31:27 3.90 24 0.56
14:33:04:000868 7.180 7.460 14:31:03 3.34 14:31:27 3.90 24 0.56
14:33:31:002459 17.650 18.280 14:31:09 3.06 14:31:57 3.57 48 0.51
14:33:32:002459 17.650 18.280 14:31:09 3.06 14:31:57 3.57 48 0.51
14:33:33:002459 17.650 18.280 14:31:09 3.06 14:31:57 3.57 48 0.51
14:35:31:600702 24.420 25.470 14:33:06 3.73 14:33:57 4.30 51 0.57
14:35:32:600702 24.420 25.470 14:33:06 3.73 14:33:57 4.30 51 0.57
14:35:33:600702 24.420 25.470 14:33:06 3.73 14:33:57 4.30 51 0.57
14:35:46:000629 2.430 2.500 14:34:00 2.06 14:34:12 2.88 12 0.82
14:35:49:000629 2.430 2.500 14:34:00 2.06 14:34:15 2.88 15 0.82
14:35:50:000629 2.430 2.500 14:34:00 2.06 14:34:15 2.88 15 0.82
14:35:52:000629 2.430 2.500 14:34:00 2.06 14:34:18 2.88 18 0.82
14:35:56:000629 2.430 2.500 14:34:00 2.06 14:34:21 2.88 21 0.82
14:35:58:000629 2.430 2.500 14:34:00 2.06 14:34:21 2.88 21 0.82
14:36:04:600101 11.800 12.180 14:34:15 2.46 14:34:28 3.22 13 0.76
14:36:17:000629 2.430 2.520 14:34:00 2.06 14:34:42 3.70 42 1.65
14:36:25:000629 2.430 2.520 14:34:00 2.06 14:34:48 3.70 48 1.65
14:36:30:000629 2.430 2.520 14:34:00 2.06 14:34:51 3.70 51 1.65
14:36:32:000629 2.430 2.530 14:34:00 2.06 14:34:57 4.12 57 2.06
14:37:50:002329 13.220 13.690 14:36:00 3.03 14:36:15 3.56 15 0.53
14:37:51:002329 13.220 13.690 14:36:00 3.03 14:36:15 3.56 15 0.53
14:37:55:002329 13.220 13.690 14:36:00 3.03 14:36:18 3.56 18 0.53
14:37:57:002329 13.220 13.700 14:36:00 3.03 14:36:21 3.63 21 0.61
14:38:03:002329 13.220 13.750 14:36:00 3.03 14:36:27 4.01 27 0.98
14:38:04:002329 13.220 13.750 14:36:00 3.03 14:36:30 4.01 30 0.98
14:38:06:002329 13.220 13.760 14:36:00 3.03 14:36:33 4.08 33 1.06
14:38:08:002329 13.220 13.760 14:36:00 3.03 14:36:33 4.08 33 1.06
14:38:09:002329 13.220 13.760 14:36:00 3.03 14:36:33 4.08 33 1.06
14:38:19:002687 11.290 11.780 14:36:03 2.75 14:36:45 4.34 42 1.59
14:38:21:002687 11.290 11.780 14:36:03 2.75 14:36:45 4.34 42 1.59
14:38:24:002687 11.290 11.780 14:36:03 2.75 14:36:45 4.34 42 1.59
14:38:25:002687 11.290 11.780 14:36:03 2.75 14:36:51 4.34 48 1.59
14:38:26:002687 11.290 11.780 14:36:03 2.75 14:36:51 4.34 48 1.59
14:38:28:002687 11.290 11.780 14:36:03 2.75 14:36:54 4.34 51 1.59
14:38:30:002687 11.290 11.780 14:36:03 2.75 14:36:54 4.34 51 1.59
14:38:31:002687 11.290 11.780 14:36:03 2.75 14:36:57 4.34 54 1.59
14:38:33:002687 11.290 11.780 14:36:03 2.75 14:36:57 4.34 54 1.59
14:39:21:002458 28.010 29.150 14:37:00 3.53 14:37:45 4.07 45 0.54
14:39:25:002458 28.010 29.150 14:37:00 3.53 14:37:45 4.07 45 0.54
14:39:31:002458 28.010 29.170 14:37:00 3.53 14:37:54 4.14 54 0.61
14:39:32:002215 11.320 11.740 14:37:39 3.18 14:37:57 3.71 18 0.53
14:39:34:002215 11.320 11.740 14:37:39 3.18 14:37:57 3.71 18 0.53
14:40:24:000407 9.460 10.100 14:38:39 5.71 14:38:48 6.77 9 1.06
14:40:28:000407 9.460 10.100 14:38:39 5.71 14:38:51 6.77 12 1.06
14:40:28:002458 28.010 29.370 14:38:06 4.18 14:38:51 4.86 45 0.68
14:40:30:000407 9.460 10.110 14:38:39 5.71 14:38:57 6.87 18 1.16
14:40:32:000407 9.460 10.110 14:38:39 5.71 14:38:57 6.87 18 1.16
14:40:37:000407 9.460 10.110 14:38:39 5.71 14:38:57 6.87 18 1.16
14:40:58:000407 9.460 10.230 14:39:06 7.51 14:39:24 8.14 18 0.63
14:40:59:000407 9.460 10.230 14:39:06 7.51 14:39:24 8.14 18 0.63
14:41:01:000407 9.460 10.240 14:39:06 7.51 14:39:27 8.25 21 0.74
14:41:04:000407 9.460 10.250 14:39:06 7.51 14:39:30 8.35 24 0.85
14:41:05:000407 9.460 10.250 14:39:06 7.51 14:39:30 8.35 24 0.85
14:41:13:000407 9.460 10.290 14:39:06 7.51 14:39:36 8.77 30 1.27
14:41:16:000407 9.460 10.300 14:39:06 7.51 14:39:39 8.88 33 1.37
14:41:18:000407 9.460 10.300 14:39:06 7.51 14:39:42 8.88 36 1.37
14:41:21:002329 13.220 13.850 14:39:12 4.24 14:39:45 4.77 33 0.53
14:42:22:002458 28.010 29.740 14:40:03 5.50 14:40:48 6.18 45 0.68
14:42:25:002458 28.010 29.740 14:40:03 5.50 14:40:48 6.18 45 0.68
14:43:04:002458 28.010 29.970 14:41:03 6.39 14:41:27 7.00 24 0.61
14:43:13:002458 28.010 29.970 14:41:03 6.39 14:41:33 7.00 30 0.61
14:43:15:002458 28.010 29.980 14:41:03 6.39 14:41:39 7.03 36 0.64
14:43:18:002458 28.010 29.990 14:41:03 6.39 14:41:42 7.07 39 0.68
14:43:25:002458 28.010 30.000 14:41:03 6.39 14:41:51 7.10 48 0.71
14:43:28:002458 28.010 30.000 14:41:03 6.39 14:41:51 7.10 48 0.71
14:43:30:002458 28.010 30.000 14:41:03 6.39 14:41:54 7.10 51 0.71
14:43:32:603616 16.410 16.880 14:41:08 2.19 14:41:59 2.86 51 0.67
14:43:35:603616 16.410 16.880 14:41:08 2.19 14:41:59 2.86 51 0.67
14:43:57:002458 28.010 30.380 14:42:09 7.82 14:42:21 8.46 12 0.64
14:43:59:002458 28.010 30.380 14:42:09 7.82 14:42:21 8.46 12 0.64
14:44:01:002234 17.970 18.480 14:42:00 2.34 14:42:27 2.84 27 0.50
14:44:04:002234 17.970 18.480 14:42:00 2.34 14:42:27 2.84 27 0.50
14:44:05:002234 17.970 18.480 14:42:00 2.34 14:42:30 2.84 30 0.50
14:44:13:002234 17.970 18.490 14:42:00 2.34 14:42:36 2.89 36 0.56
14:44:30:002458 28.010 30.480 14:42:09 7.82 14:42:57 8.82 48 1.00
14:44:31:002458 28.010 30.480 14:42:09 7.82 14:42:57 8.82 48 1.00
14:44:32:002458 28.010 30.480 14:42:09 7.82 14:42:57 8.82 48 1.00
14:45:26:002491 15.010 16.230 14:43:00 7.53 14:43:51 8.13 51 0.60
14:46:16:002491 15.010 16.350 14:44:03 8.39 14:44:42 8.93 39 0.53
14:46:17:002491 15.010 16.350 14:44:03 8.39 14:44:42 8.93 39 0.53
14:46:20:002491 15.010 16.350 14:44:03 8.39 14:44:45 8.93 42 0.53
14:46:24:002491 15.010 16.360 14:44:03 8.39 14:44:48 8.99 45 0.60
14:46:28:002234 17.970 18.640 14:44:27 2.95 14:44:51 3.73 24 0.78
14:46:30:002234 17.970 18.680 14:44:27 2.95 14:44:54 3.95 27 1.00
14:46:55:002386 8.850 9.090 14:45:00 2.03 14:45:21 2.71 21 0.68
14:46:57:002386 8.850 9.090 14:45:00 2.03 14:45:21 2.71 21 0.68
14:47:01:002386 8.850 9.090 14:45:00 2.03 14:45:27 2.71 27 0.68
14:47:03:002386 8.850 9.090 14:45:00 2.03 14:45:27 2.71 27 0.68
14:47:04:002386 8.850 9.100 14:45:00 2.03 14:45:30 2.82 30 0.79
14:47:06:002386 8.850 9.100 14:45:00 2.03 14:45:30 2.82 30 0.79
14:47:07:002386 8.850 9.100 14:45:00 2.03 14:45:33 2.82 33 0.79
14:47:09:002386 8.850 9.100 14:45:00 2.03 14:45:33 2.82 33 0.79
14:47:16:002386 8.850 9.100 14:45:00 2.03 14:45:42 2.82 42 0.79
14:47:18:002386 8.850 9.100 14:45:00 2.03 14:45:42 2.82 42 0.79
14:47:19:002386 8.850 9.100 14:45:00 2.03 14:45:45 2.82 45 0.79
14:47:20:002386 8.850 9.100 14:45:00 2.03 14:45:45 2.82 45 0.79
14:47:22:002386 8.850 9.100 14:45:00 2.03 14:45:48 2.82 48 0.79
14:47:25:002386 8.850 9.100 14:45:00 2.03 14:45:48 2.82 48 0.79
14:47:27:002386 8.850 9.100 14:45:00 2.03 14:45:51 2.82 51 0.79
14:47:31:002386 8.850 9.100 14:45:00 2.03 14:45:57 2.82 57 0.79
14:47:32:002386 8.850 9.100 14:45:00 2.03 14:45:57 2.82 57 0.79
14:47:34:002386 8.850 9.100 14:45:00 2.03 14:45:57 2.82 57 0.79
14:49:16:002055 21.600 22.430 14:47:03 3.29 14:47:42 3.84 39 0.56
14:49:17:002055 21.600 22.430 14:47:03 3.29 14:47:42 3.84 39 0.56
14:49:23:002055 21.600 22.450 14:47:03 3.29 14:47:48 3.94 45 0.65
14:49:25:002055 21.600 22.450 14:47:03 3.29 14:47:48 3.94 45 0.65
14:49:26:002055 21.600 22.450 14:47:03 3.29 14:47:51 3.94 48 0.65
14:50:21:002234 17.970 19.180 14:48:03 5.29 14:48:45 6.73 42 1.45
14:50:22:002234 17.970 19.180 14:48:03 5.29 14:48:48 6.73 45 1.45
14:50:23:002234 17.970 19.180 14:48:03 5.29 14:48:48 6.73 45 1.45
14:50:25:002234 17.970 19.180 14:48:03 5.29 14:48:48 6.73 45 1.45
14:51:20:000058 10.600 10.940 14:49:03 2.64 14:49:48 3.21 45 0.57
14:51:21:000058 10.600 10.940 14:49:03 2.64 14:49:48 3.21 45 0.57
14:51:22:000058 10.600 10.940 14:49:03 2.64 14:49:48 3.21 45 0.57
14:54:51:600892 70.030 75.500 14:53:01 7.24 14:53:16 7.81 15 0.57
14:54:59:600892 70.030 75.590 14:53:01 7.24 14:53:25 7.94 24 0.70
14:55:01:600892 70.030 75.590 14:53:01 7.24 14:53:25 7.94 24 0.70
14:55:02:600892 70.030 75.600 14:53:01 7.24 14:53:28 7.95 27 0.71
14:55:03:600892 70.030 75.600 14:53:01 7.24 14:53:28 7.95 27 0.71
14:55:07:600892 70.030 75.750 14:53:01 7.24 14:53:34 8.17 33 0.93
14:55:08:600892 70.030 75.750 14:53:01 7.24 14:53:34 8.17 33 0.93
14:55:09:600892 70.030 75.750 14:53:01 7.24 14:53:34 8.17 33 0.93
14:55:10:600892 70.030 75.750 14:53:01 7.24 14:53:34 8.17 33 0.93
15:00:33:600599 28.160 28.950 14:58:05 2.27 14:58:59 2.81 54 0.53
15:00:34:600599 28.160 28.950 14:58:05 2.27 14:58:59 2.81 54 0.53
15:01:33:600393 14.710 15.150 14:59:11 2.24 14:59:59 2.99 48 0.75
15:01:37:600393 14.710 15.150 14:59:11 2.24 14:59:59 2.99 48 0.75
15:01:38:600393 14.710 15.150 14:59:11 2.24 14:59:59 2.99 48 0.75
