09:46:09:002677 12.400 13.380 09:44:39 7.18 09:44:42 7.90 3 0.73
09:46:10:002677 12.400 13.380 09:44:39 7.18 09:44:42 7.90 3 0.73
09:46:15:002677 12.400 13.380 09:44:39 7.18 09:44:48 7.90 9 0.73
09:46:16:002677 12.400 13.380 09:44:39 7.18 09:44:48 7.90 9 0.73
09:46:17:002677 12.400 13.380 09:44:39 7.18 09:44:48 7.90 9 0.73
09:46:23:002677 12.400 13.390 09:44:39 7.18 09:44:54 7.98 15 0.81
09:46:26:600731 10.740 11.180 09:44:38 3.35 09:44:59 4.10 21 0.74
09:46:26:002402 9.850 10.090 09:44:39 1.62 09:44:57 2.44 18 0.81
09:46:26:002677 12.400 13.390 09:44:39 7.18 09:44:57 7.98 18 0.81
09:46:27:600731 10.740 11.180 09:44:38 3.35 09:44:59 4.10 21 0.74
09:46:28:600731 10.740 11.180 09:44:38 3.35 09:44:59 4.10 21 0.74
09:46:34:000419 8.270 8.880 09:45:00 6.17 09:45:06 7.38 6 1.21
09:46:35:000419 8.270 8.880 09:45:00 6.17 09:45:06 7.38 6 1.21
09:46:37:000419 8.270 8.880 09:45:00 6.17 09:45:06 7.38 6 1.21
09:46:45:002163 9.660 9.980 09:45:00 2.59 09:45:18 3.31 18 0.72
09:46:45:002163 9.660 9.980 09:45:00 2.59 09:45:18 3.31 18 0.72
09:46:47:002163 9.660 9.980 09:45:00 2.59 09:45:18 3.31 18 0.72
09:46:48:002163 9.660 9.990 09:45:00 2.59 09:45:21 3.42 21 0.83
09:46:50:002163 9.660 9.990 09:45:00 2.59 09:45:21 3.42 21 0.83
09:46:53:603300 23.130 23.750 09:45:05 2.16 09:45:26 2.68 21 0.52
09:46:57:002163 9.660 10.000 09:45:00 2.59 09:45:27 3.52 27 0.93
09:47:00:600731 10.740 11.390 09:45:02 4.47 09:45:32 6.05 30 1.58
09:47:00:603300 23.130 23.800 09:45:05 2.16 09:45:32 2.90 27 0.73
09:47:02:002166 14.350 14.940 09:45:06 2.93 09:45:33 4.11 27 1.18
09:47:02:002163 9.660 10.010 09:45:00 2.59 09:45:33 3.62 33 1.04
09:47:04:002166 14.350 14.940 09:45:06 2.93 09:45:36 4.11 30 1.18
09:47:04:002613 7.670 7.880 09:45:03 2.09 09:45:36 2.74 33 0.65
09:47:06:002166 14.350 14.940 09:45:06 2.93 09:45:39 4.11 33 1.18
09:47:06:002163 9.660 10.030 09:45:00 2.59 09:45:39 3.83 39 1.24
09:47:06:603300 23.130 23.850 09:45:05 2.16 09:45:38 3.11 33 0.95
09:47:08:002166 14.350 14.940 09:45:06 2.93 09:45:39 4.11 33 1.18
09:47:08:002163 9.660 10.030 09:45:00 2.59 09:45:39 3.83 39 1.24
09:47:08:603300 23.130 23.860 09:45:05 2.16 09:45:41 3.16 36 0.99
09:47:14:002163 9.660 10.060 09:45:00 2.59 09:45:48 4.14 48 1.55
09:47:14:603300 23.130 23.860 09:45:05 2.16 09:45:47 3.16 42 0.99
09:47:16:002163 9.660 10.060 09:45:00 2.59 09:45:48 4.14 48 1.55
09:47:16:603300 23.130 23.860 09:45:05 2.16 09:45:47 3.16 42 0.99
09:47:17:002163 9.660 10.060 09:45:00 2.59 09:45:48 4.14 48 1.55
09:47:17:603300 23.130 23.860 09:45:05 2.16 09:45:47 3.16 42 0.99
09:47:19:002163 9.660 10.070 09:45:00 2.59 09:45:51 4.24 51 1.66
09:47:19:603300 23.130 23.880 09:45:05 2.16 09:45:50 3.24 45 1.08
09:47:23:600731 10.740 11.390 09:45:02 4.47 09:45:56 6.05 54 1.58
09:47:23:600740 8.180 8.450 09:45:29 2.69 09:45:56 3.30 27 0.61
09:47:24:600731 10.740 11.390 09:45:02 4.47 09:45:56 6.05 54 1.58
09:47:24:600740 8.180 8.450 09:45:29 2.69 09:45:56 3.30 27 0.61
09:47:25:600731 10.740 11.390 09:45:02 4.47 09:45:56 6.05 54 1.58
09:47:25:600740 8.180 8.450 09:45:29 2.69 09:45:56 3.30 27 0.61
09:47:53:601368 11.660 12.000 09:46:17 2.06 09:46:26 2.92 9 0.86
09:47:54:601368 11.660 12.000 09:46:17 2.06 09:46:26 2.92 9 0.86
09:47:55:601368 11.660 12.000 09:46:17 2.06 09:46:26 2.92 9 0.86
09:47:58:601368 11.660 12.100 09:46:17 2.06 09:46:32 3.77 15 1.72
09:48:00:601368 11.660 12.100 09:46:17 2.06 09:46:32 3.77 15 1.72
09:48:01:601368 11.660 12.100 09:46:17 2.06 09:46:32 3.77 15 1.72
09:48:02:601368 11.660 12.100 09:46:17 2.06 09:46:35 3.77 18 1.72
09:48:03:601368 11.660 12.100 09:46:17 2.06 09:46:35 3.77 18 1.72
09:48:05:601368 11.660 12.100 09:46:17 2.06 09:46:35 3.77 18 1.72
09:48:09:600698 12.510 12.950 09:46:11 2.48 09:46:41 3.52 30 1.04
09:48:09:601368 11.660 12.130 09:46:17 2.06 09:46:41 4.03 24 1.97
09:48:10:600698 12.510 12.950 09:46:11 2.48 09:46:41 3.52 30 1.04
09:48:10:601368 11.660 12.130 09:46:17 2.06 09:46:41 4.03 24 1.97
09:48:11:600698 12.510 12.950 09:46:11 2.48 09:46:41 3.52 30 1.04
09:48:11:601368 11.660 12.150 09:46:17 2.06 09:46:44 4.20 27 2.14
09:48:12:601368 11.660 12.150 09:46:17 2.06 09:46:44 4.20 27 2.14
09:48:13:601368 11.660 12.150 09:46:17 2.06 09:46:44 4.20 27 2.14
09:48:24:600698 12.510 12.990 09:46:11 2.48 09:46:56 3.84 45 1.36
09:48:25:600698 12.510 12.990 09:46:11 2.48 09:46:56 3.84 45 1.36
09:48:27:600698 12.510 13.000 09:46:11 2.48 09:46:59 3.92 48 1.44
09:48:31:603227 8.810 9.100 09:47:02 2.16 09:47:05 3.29 3 1.14
09:48:33:603227 8.810 9.100 09:47:02 2.16 09:47:05 3.29 3 1.14
09:48:34:603227 8.810 9.100 09:47:02 2.16 09:47:05 3.29 3 1.14
09:48:35:603227 8.810 9.100 09:47:02 2.16 09:47:08 3.29 6 1.14
09:48:37:603227 8.810 9.100 09:47:02 2.16 09:47:11 3.29 9 1.14
09:48:39:603227 8.810 9.100 09:47:02 2.16 09:47:11 3.29 9 1.14
09:48:40:603227 8.810 9.100 09:47:02 2.16 09:47:11 3.29 9 1.14
09:48:42:603227 8.810 9.160 09:47:02 2.16 09:47:14 3.97 12 1.82
09:48:43:603227 8.810 9.160 09:47:02 2.16 09:47:14 3.97 12 1.82
09:48:45:603227 8.810 9.160 09:47:02 2.16 09:47:17 3.97 15 1.82
09:48:49:002163 9.660 10.180 09:47:18 4.66 09:47:21 5.38 3 0.72
09:48:51:600698 12.510 13.080 09:47:05 3.92 09:47:23 4.56 18 0.64
09:48:51:002163 9.660 10.180 09:47:18 4.66 09:47:21 5.38 3 0.72
09:48:54:002163 9.660 10.180 09:47:18 4.66 09:47:24 5.38 6 0.72
09:48:56:002163 9.660 10.180 09:47:18 4.66 09:47:27 5.38 9 0.72
09:49:01:002163 9.660 10.200 09:47:18 4.66 09:47:33 5.59 15 0.93
09:49:04:002163 9.660 10.200 09:47:18 4.66 09:47:33 5.59 15 0.93
09:49:04:600610 10.910 11.680 09:47:23 6.32 09:47:35 7.06 12 0.73
09:49:07:600698 12.510 13.100 09:47:05 3.92 09:47:38 4.72 33 0.80
09:49:07:002163 9.660 10.200 09:47:18 4.66 09:47:39 5.59 21 0.93
09:49:10:002163 9.660 10.200 09:47:18 4.66 09:47:39 5.59 21 0.93
09:49:28:603126 12.690 13.090 09:47:38 2.36 09:47:59 3.15 21 0.79
09:49:41:002163 9.660 10.490 09:48:00 7.66 09:48:06 8.59 6 0.93
09:49:55:000755 8.720 9.260 09:48:03 5.62 09:48:24 6.19 21 0.57
09:49:55:603126 12.690 13.180 09:48:05 3.15 09:48:26 3.86 21 0.71
09:50:19:600830 11.920 12.250 09:48:38 2.10 09:48:50 2.77 12 0.67
09:50:19:603126 12.690 13.200 09:48:05 3.15 09:48:50 4.02 45 0.87
09:50:55:600540 7.820 8.070 09:49:05 2.56 09:49:24 3.20 19 0.64
09:51:06:600540 7.820 8.080 09:49:05 2.56 09:49:35 3.32 30 0.77
09:51:12:000801 11.620 12.010 09:49:18 2.84 09:49:42 3.36 24 0.52
09:51:24:000801 11.620 12.050 09:49:18 2.84 09:49:54 3.70 36 0.86
09:53:11:002522 17.160 17.950 09:51:15 3.67 09:51:30 4.60 15 0.93
09:53:29:000043 11.590 12.080 09:51:21 3.62 09:51:54 4.23 33 0.60
09:53:29:002522 17.160 17.980 09:51:15 3.67 09:51:54 4.78 39 1.11
09:54:17:002522 17.160 18.150 09:52:06 5.01 09:52:45 5.77 39 0.76
09:54:25:000507 6.460 6.690 09:52:06 2.94 09:52:54 3.56 48 0.62
09:55:14:600698 12.510 13.470 09:53:21 7.11 09:53:45 7.67 24 0.56
09:55:22:600576 18.120 19.100 09:53:03 4.58 09:53:54 5.41 51 0.83
09:55:52:600113 21.770 22.350 09:54:05 2.16 09:54:24 2.66 19 0.51
09:55:57:600113 21.770 22.410 09:54:05 2.16 09:54:27 2.94 22 0.78
09:55:57:600698 12.510 13.580 09:54:00 7.91 09:54:27 8.55 27 0.64
09:56:06:600113 21.770 22.430 09:54:05 2.16 09:54:36 3.03 31 0.87
09:56:16:000507 6.460 6.850 09:54:24 4.95 09:54:48 6.04 24 1.08
09:56:16:002040 19.740 20.280 09:54:27 2.23 09:54:45 2.74 18 0.51
09:56:24:000507 6.460 6.980 09:54:24 4.95 09:54:57 8.05 33 3.10
09:56:24:600576 18.120 19.240 09:54:00 5.63 09:54:54 6.18 54 0.55
09:56:24:600877 9.950 10.360 09:54:33 3.62 09:54:54 4.12 21 0.50
09:56:28:600576 18.120 19.240 09:54:00 5.63 09:54:57 6.18 57 0.55
09:57:03:603799 41.250 43.000 09:55:21 3.64 09:55:35 4.24 14 0.61
09:57:08:603799 41.250 43.000 09:55:21 3.64 09:55:39 4.24 18 0.61
09:57:12:603799 41.250 43.080 09:55:21 3.64 09:55:42 4.44 21 0.80
09:57:14:600576 18.120 19.350 09:55:03 6.24 09:55:45 6.79 42 0.55
09:57:18:600576 18.120 19.360 09:55:03 6.24 09:55:48 6.84 45 0.61
09:57:21:603799 41.250 43.100 09:55:21 3.64 09:55:51 4.48 30 0.85
09:57:23:603799 41.250 43.110 09:55:21 3.64 09:55:54 4.51 33 0.87
09:57:52:000852 12.100 12.570 09:56:06 3.31 09:56:24 3.88 18 0.58
09:57:55:002157 6.220 6.750 09:56:21 7.23 09:56:27 8.52 6 1.29
09:57:58:002157 6.220 6.760 09:56:21 7.23 09:56:30 8.68 9 1.45
09:58:02:002157 6.220 6.760 09:56:21 7.23 09:56:33 8.68 12 1.45
09:58:22:600576 18.120 19.480 09:56:03 6.95 09:56:51 7.51 48 0.55
09:59:13:002207 17.680 18.180 09:57:21 2.32 09:57:45 2.83 24 0.51
09:59:13:600392 11.720 12.280 09:57:12 3.92 09:57:45 4.78 33 0.85
09:59:15:002207 17.680 18.210 09:57:21 2.32 09:57:48 3.00 27 0.68
09:59:15:600392 11.720 12.280 09:57:12 3.92 09:57:45 4.78 33 0.85
09:59:18:002207 17.680 18.210 09:57:21 2.32 09:57:48 3.00 27 0.68
09:59:21:002207 17.680 18.220 09:57:21 2.32 09:57:51 3.05 30 0.74
09:59:21:600392 11.720 12.350 09:57:12 3.92 09:57:51 5.38 39 1.45
09:59:23:002207 17.680 18.220 09:57:21 2.32 09:57:54 3.05 33 0.74
09:59:45:600392 11.720 12.500 09:58:03 5.80 09:58:15 6.66 12 0.85
09:59:55:600392 11.720 12.590 09:58:03 5.80 09:58:27 7.42 24 1.62
10:00:04:002361 8.680 8.940 09:58:00 2.42 09:58:36 3.00 36 0.58
10:00:06:000877 12.700 13.770 09:58:33 7.87 09:58:39 8.43 6 0.55
10:00:10:603993 4.350 4.510 09:58:12 2.99 09:58:39 3.68 27 0.69
10:00:10:000877 12.700 13.770 09:58:33 7.87 09:58:42 8.43 9 0.55
10:00:16:000877 12.700 13.770 09:58:33 7.87 09:58:45 8.43 12 0.55
10:00:16:002307 12.920 13.620 09:58:03 4.88 09:58:45 5.42 42 0.54
10:00:18:000877 12.700 13.770 09:58:33 7.87 09:58:51 8.43 18 0.55
10:00:21:000877 12.700 13.770 09:58:33 7.87 09:58:51 8.43 18 0.55
10:00:21:600392 11.720 12.680 09:58:03 5.80 09:58:51 8.19 48 2.39
10:00:24:000877 12.700 13.770 09:58:33 7.87 09:58:57 8.43 24 0.55
10:00:24:002307 12.920 13.680 09:58:03 4.88 09:58:54 5.88 51 1.01
10:00:27:603993 4.350 4.520 09:58:12 2.99 09:58:57 3.91 45 0.92
10:00:27:002307 12.920 13.700 09:58:03 4.88 09:58:57 6.04 54 1.16
10:00:39:002307 12.920 13.790 09:59:00 6.04 09:59:09 6.73 9 0.70
10:00:42:600425 6.550 6.850 09:59:00 3.97 09:59:12 4.58 12 0.61
10:00:42:002307 12.920 13.800 09:59:00 6.04 09:59:12 6.81 12 0.77
10:00:46:600425 6.550 6.860 09:59:00 3.97 09:59:18 4.73 18 0.76
10:00:46:603993 4.350 4.550 09:59:00 3.91 09:59:18 4.60 18 0.69
10:00:48:600425 6.550 6.860 09:59:00 3.97 09:59:18 4.73 18 0.76
10:00:48:603993 4.350 4.550 09:59:00 3.91 09:59:18 4.60 18 0.69
10:00:52:600425 6.550 6.860 09:59:00 3.97 09:59:21 4.73 21 0.76
10:00:52:002307 12.920 13.850 09:59:00 6.04 09:59:21 7.20 21 1.16
10:00:52:600720 9.330 9.690 09:59:00 3.32 09:59:21 3.86 21 0.54
10:00:52:600449 13.450 13.940 09:59:03 3.12 09:59:21 3.64 18 0.52
10:00:54:603993 4.350 4.550 09:59:00 3.91 09:59:24 4.60 24 0.69
10:00:54:600425 6.550 6.870 09:59:00 3.97 09:59:24 4.89 24 0.92
10:00:54:002307 12.920 13.860 09:59:00 6.04 09:59:24 7.28 24 1.24
10:00:54:600888 8.870 9.200 09:59:03 3.16 09:59:24 3.72 21 0.56
10:00:54:600449 13.450 13.940 09:59:03 3.12 09:59:24 3.64 21 0.52
10:00:59:600425 6.550 6.880 09:59:00 3.97 09:59:27 5.04 27 1.07
10:00:59:002307 12.920 13.880 09:59:00 6.04 09:59:27 7.43 27 1.39
10:00:59:600888 8.870 9.200 09:59:03 3.16 09:59:27 3.72 24 0.56
10:00:59:600449 13.450 13.950 09:59:03 3.12 09:59:27 3.72 24 0.59
10:01:01:600425 6.550 6.880 09:59:00 3.97 09:59:30 5.04 30 1.07
10:01:01:603017 23.500 24.470 09:59:09 3.62 09:59:33 4.13 24 0.51
10:01:01:600888 8.870 9.210 09:59:03 3.16 09:59:33 3.83 30 0.68
10:01:05:603993 4.350 4.550 09:59:00 3.91 09:59:36 4.60 36 0.69
10:01:05:600425 6.550 6.890 09:59:00 3.97 09:59:33 5.19 33 1.22
10:01:05:600888 8.870 9.220 09:59:03 3.16 09:59:36 3.95 33 0.79
10:01:05:600449 13.450 13.990 09:59:03 3.12 09:59:33 4.01 30 0.89
10:01:08:600425 6.550 6.900 09:59:00 3.97 09:59:39 5.34 39 1.37
10:01:08:000795 7.450 7.720 09:59:09 2.95 09:59:39 3.62 30 0.67
10:01:08:600720 9.330 9.730 09:59:00 3.32 09:59:39 4.29 39 0.96
10:01:08:600545 12.310 12.760 09:59:03 3.09 09:59:39 3.66 36 0.57
10:01:08:600449 13.450 13.990 09:59:03 3.12 09:59:39 4.01 36 0.89
10:01:11:600425 6.550 6.900 09:59:00 3.97 09:59:42 5.34 42 1.37
10:01:11:603993 4.350 4.560 09:59:00 3.91 09:59:42 4.83 42 0.92
10:01:11:600545 12.310 12.770 09:59:03 3.09 09:59:42 3.74 39 0.65
10:01:11:600888 8.870 9.250 09:59:03 3.16 09:59:42 4.28 39 1.13
10:01:11:000795 7.450 7.720 09:59:09 2.95 09:59:42 3.62 33 0.67
10:01:13:000789 9.150 9.400 09:59:09 2.19 09:59:45 2.73 36 0.55
10:01:13:000795 7.450 7.730 09:59:09 2.95 09:59:45 3.76 36 0.81
10:01:13:600720 9.330 9.740 09:59:00 3.32 09:59:45 4.39 45 1.07
10:01:13:600545 12.310 12.780 09:59:03 3.09 09:59:45 3.82 42 0.73
10:01:13:600449 13.450 14.000 09:59:03 3.12 09:59:45 4.09 42 0.97
10:01:16:000789 9.150 9.400 09:59:09 2.19 09:59:48 2.73 39 0.55
10:01:16:000795 7.450 7.740 09:59:09 2.95 09:59:48 3.89 39 0.94
10:01:16:600720 9.330 9.740 09:59:00 3.32 09:59:45 4.39 45 1.07
10:01:16:600545 12.310 12.780 09:59:03 3.09 09:59:45 3.82 42 0.73
10:01:16:600449 13.450 14.000 09:59:03 3.12 09:59:45 4.09 42 0.97
10:01:18:600425 6.550 6.910 09:59:00 3.97 09:59:48 5.50 48 1.53
10:01:18:000795 7.450 7.740 09:59:09 2.95 09:59:48 3.89 39 0.94
10:01:18:600545 12.310 12.780 09:59:03 3.09 09:59:48 3.82 45 0.73
10:01:18:601008 5.790 6.020 09:59:15 3.28 09:59:48 3.97 33 0.69
10:01:18:600449 13.450 14.020 09:59:03 3.12 09:59:48 4.24 45 1.12
10:01:23:603993 4.350 4.560 09:59:00 3.91 09:59:54 4.83 54 0.92
10:01:25:600425 6.550 6.940 09:59:00 3.97 09:59:54 5.95 54 1.98
10:01:25:603993 4.350 4.560 09:59:00 3.91 09:59:57 4.83 57 0.92
10:01:25:000789 9.150 9.430 09:59:09 2.19 09:59:57 3.06 48 0.87
10:01:25:000795 7.450 7.750 09:59:09 2.95 09:59:57 4.03 48 1.07
10:01:27:600425 6.550 6.940 09:59:00 3.97 09:59:57 5.95 57 1.98
10:01:27:603993 4.350 4.560 09:59:00 3.91 09:59:57 4.83 57 0.92
10:01:27:600720 9.330 9.760 09:59:00 3.32 09:59:57 4.61 57 1.29
10:01:44:002378 9.650 9.920 10:00:00 2.28 10:00:15 2.80 15 0.52
10:01:46:002378 9.650 9.920 10:00:00 2.28 10:00:18 2.80 18 0.52
10:01:53:600870 9.190 9.590 10:00:09 3.70 10:00:24 4.35 15 0.65
10:01:56:002378 9.650 9.940 10:00:00 2.28 10:00:27 3.01 27 0.73
10:01:56:600870 9.190 9.590 10:00:09 3.70 10:00:27 4.35 18 0.65
10:01:58:600870 9.190 9.590 10:00:09 3.70 10:00:27 4.35 18 0.65
10:01:58:603126 12.690 13.350 10:00:06 4.65 10:00:30 5.20 24 0.55
10:02:01:600870 9.190 9.590 10:00:09 3.70 10:00:30 4.35 21 0.65
10:02:01:600540 7.820 8.300 10:00:18 5.24 10:00:30 6.14 12 0.90
10:02:01:600193 9.700 10.200 10:00:00 2.58 10:00:30 5.15 30 2.58
10:02:04:600870 9.190 9.590 10:00:09 3.70 10:00:35 4.35 26 0.65
10:02:04:600193 9.700 10.200 10:00:00 2.58 10:00:35 5.15 35 2.58
10:02:07:002302 11.670 12.060 10:00:06 2.83 10:00:39 3.34 33 0.51
10:02:07:600870 9.190 9.590 10:00:09 3.70 10:00:36 4.35 27 0.65
10:02:07:600193 9.700 10.200 10:00:00 2.58 10:00:36 5.15 36 2.58
10:02:09:002302 11.670 12.060 10:00:06 2.83 10:00:39 3.34 33 0.51
10:02:09:600870 9.190 9.600 10:00:09 3.70 10:00:41 4.46 32 0.76
10:02:09:603126 12.690 13.380 10:00:06 4.65 10:00:41 5.44 35 0.79
10:02:11:002302 11.670 12.080 10:00:06 2.83 10:00:42 3.51 36 0.69
10:02:11:603126 12.690 13.380 10:00:06 4.65 10:00:42 5.44 36 0.79
10:02:14:002302 11.670 12.080 10:00:06 2.83 10:00:45 3.51 39 0.69
10:02:14:600870 9.190 9.600 10:00:09 3.70 10:00:47 4.46 38 0.76
10:02:14:603126 12.690 13.400 10:00:06 4.65 10:00:47 5.59 41 0.95
10:02:16:002302 11.670 12.080 10:00:06 2.83 10:00:48 3.51 42 0.69
10:02:16:000672 12.300 12.680 10:00:03 2.36 10:00:48 3.09 45 0.73
10:02:16:600870 9.190 9.600 10:00:09 3.70 10:00:47 4.46 38 0.76
10:02:16:600075 12.810 13.190 10:00:09 2.26 10:00:47 2.97 38 0.70
10:02:16:603126 12.690 13.400 10:00:06 4.65 10:00:47 5.59 41 0.95
10:02:18:002302 11.670 12.080 10:00:06 2.83 10:00:48 3.51 42 0.69
10:02:18:600870 9.190 9.600 10:00:09 3.70 10:00:48 4.46 39 0.76
10:02:18:603126 12.690 13.400 10:00:06 4.65 10:00:48 5.59 42 0.95
10:02:20:002302 11.670 12.100 10:00:06 2.83 10:00:51 3.68 45 0.86
10:02:20:600251 8.520 8.830 10:00:21 3.05 10:00:51 3.64 30 0.59
10:02:20:603126 12.690 13.420 10:00:06 4.65 10:00:51 5.75 45 1.10
10:02:23:600251 8.520 8.830 10:00:21 3.05 10:00:51 3.64 30 0.59
10:02:23:002302 11.670 12.100 10:00:06 2.83 10:00:54 3.68 48 0.86
10:02:23:600870 9.190 9.630 10:00:09 3.70 10:00:56 4.79 47 1.09
10:02:23:603126 12.690 13.450 10:00:06 4.65 10:00:56 5.99 50 1.34
10:02:25:600870 9.190 9.630 10:00:09 3.70 10:00:56 4.79 47 1.09
10:02:25:603126 12.690 13.450 10:00:06 4.65 10:00:56 5.99 50 1.34
10:02:27:600251 8.520 8.850 10:00:21 3.05 10:00:57 3.87 36 0.82
10:02:27:600075 12.810 13.190 10:00:09 2.26 10:00:57 2.97 48 0.70
10:02:27:600870 9.190 9.630 10:00:09 3.70 10:00:57 4.79 48 1.09
10:02:54:000565 11.900 12.310 10:01:00 2.94 10:01:27 3.45 27 0.50
10:02:56:000565 11.900 12.310 10:01:00 2.94 10:01:27 3.45 27 0.50
10:02:58:000565 11.900 12.310 10:01:00 2.94 10:01:30 3.45 30 0.50
10:02:58:600397 5.280 5.530 10:01:15 4.17 10:01:30 4.73 15 0.57
10:03:00:000565 11.900 12.320 10:01:00 2.94 10:01:33 3.53 33 0.59
10:03:00:600397 5.280 5.530 10:01:15 4.17 10:01:30 4.73 15 0.57
10:03:00:000831 12.000 12.460 10:01:03 3.33 10:01:33 3.83 30 0.50
10:03:03:600397 5.280 5.540 10:01:15 4.17 10:01:35 4.92 20 0.76
10:03:07:000831 12.000 12.470 10:01:03 3.33 10:01:39 3.92 36 0.58
10:03:11:600078 7.180 7.400 10:01:00 2.37 10:01:39 3.06 39 0.70
10:03:13:000831 12.000 12.500 10:01:03 3.33 10:01:45 4.17 42 0.83
10:03:15:000758 8.560 8.950 10:01:00 3.86 10:01:48 4.56 48 0.70
10:03:17:600078 7.180 7.400 10:01:00 2.37 10:01:49 3.06 49 0.70
10:03:17:000758 8.560 8.950 10:01:00 3.86 10:01:48 4.56 48 0.70
10:03:22:000831 12.000 12.550 10:01:03 3.33 10:01:54 4.58 51 1.25
10:03:24:000831 12.000 12.550 10:01:03 3.33 10:01:54 4.58 51 1.25
10:03:58:000795 7.450 7.830 10:02:09 4.43 10:02:30 5.10 21 0.67
10:04:06:000795 7.450 7.840 10:02:09 4.43 10:02:36 5.23 27 0.81
10:04:10:000795 7.450 7.850 10:02:09 4.43 10:02:42 5.37 33 0.94
10:04:19:000795 7.450 7.860 10:02:09 4.43 10:02:51 5.50 42 1.07
10:04:21:000795 7.450 7.880 10:02:09 4.43 10:02:54 5.77 45 1.34
10:05:25:600063 4.900 5.040 10:03:26 2.04 10:03:56 2.86 30 0.82
10:05:27:600063 4.900 5.050 10:03:26 2.04 10:03:59 3.06 33 1.02
10:05:52:600063 4.900 5.100 10:04:02 3.06 10:04:23 4.08 21 1.02
10:06:19:600063 4.900 5.200 10:04:02 3.06 10:04:50 6.12 48 3.06
10:07:19:600549 22.350 23.420 10:05:14 4.16 10:05:50 4.79 36 0.63
10:07:26:600549 22.350 23.440 10:05:14 4.16 10:05:57 4.88 43 0.72
10:07:26:000980 14.280 14.760 10:05:03 2.80 10:05:57 3.36 54 0.56
10:07:28:603618 11.980 12.790 10:05:26 5.68 10:05:59 6.76 33 1.09
10:07:44:002545 11.130 11.580 10:06:00 3.50 10:06:15 4.04 15 0.54
10:07:49:603618 11.980 12.900 10:06:03 6.84 10:06:21 7.68 18 0.83
10:07:49:002545 11.130 11.580 10:06:00 3.50 10:06:21 4.04 21 0.54
10:07:52:002545 11.130 11.580 10:06:00 3.50 10:06:21 4.04 21 0.54
10:07:55:603618 11.980 12.920 10:06:03 6.84 10:06:27 7.85 24 1.00
10:08:04:002545 11.130 11.600 10:06:00 3.50 10:06:36 4.22 36 0.72
10:08:06:002545 11.130 11.600 10:06:00 3.50 10:06:36 4.22 36 0.72
10:08:06:600714 14.840 15.400 10:06:05 2.76 10:06:38 3.77 33 1.01
10:08:19:000780 5.990 6.150 10:06:21 2.17 10:06:51 2.67 30 0.50
10:08:19:600714 14.840 15.420 10:06:05 2.76 10:06:51 3.91 46 1.15
10:08:22:000780 5.990 6.150 10:06:21 2.17 10:06:54 2.67 33 0.50
10:08:24:601225 5.410 5.620 10:06:03 3.14 10:06:57 3.88 54 0.74
10:08:48:600714 14.840 15.600 10:07:05 4.45 10:07:21 5.12 16 0.67
10:08:51:600714 14.840 15.650 10:07:05 4.45 10:07:24 5.46 19 1.01
10:08:53:600714 14.840 15.650 10:07:05 4.45 10:07:24 5.46 19 1.01
10:09:11:600714 14.840 15.690 10:07:05 4.45 10:07:42 5.73 37 1.28
10:11:12:000552 3.980 4.080 10:09:00 2.01 10:09:45 2.51 45 0.50
10:11:15:000552 3.980 4.080 10:09:00 2.01 10:09:48 2.51 48 0.50
10:11:17:000552 3.980 4.080 10:09:00 2.01 10:09:48 2.51 48 0.50
10:11:26:000552 3.980 4.080 10:09:00 2.01 10:09:57 2.51 57 0.50
10:11:38:000753 5.180 5.350 10:10:00 2.70 10:10:09 3.28 9 0.58
10:11:44:600281 8.860 9.460 10:10:00 5.87 10:10:15 6.77 15 0.90
10:11:44:000753 5.180 5.380 10:10:00 2.70 10:10:15 3.86 15 1.16
10:11:46:600281 8.860 9.470 10:10:00 5.87 10:10:18 6.88 18 1.02
10:11:48:600281 8.860 9.470 10:10:00 5.87 10:10:18 6.88 18 1.02
10:11:48:000753 5.180 5.380 10:10:00 2.70 10:10:21 3.86 21 1.16
10:11:52:600281 8.860 9.500 10:10:00 5.87 10:10:21 7.22 21 1.35
10:11:52:000753 5.180 5.390 10:10:00 2.70 10:10:24 4.05 24 1.35
10:11:56:600281 8.860 9.530 10:10:00 5.87 10:10:27 7.56 27 1.69
10:11:58:600281 8.860 9.550 10:10:00 5.87 10:10:30 7.79 30 1.92
10:12:01:600281 8.860 9.550 10:10:00 5.87 10:10:33 7.79 33 1.92
10:12:01:000753 5.180 5.400 10:10:00 2.70 10:10:33 4.25 33 1.54
10:12:04:600281 8.860 9.550 10:10:00 5.87 10:10:36 7.79 36 1.92
10:12:06:600281 8.860 9.550 10:10:00 5.87 10:10:39 7.79 39 1.92
10:12:06:000753 5.180 5.450 10:10:00 2.70 10:10:39 5.21 39 2.51
10:12:10:000753 5.180 5.450 10:10:00 2.70 10:10:42 5.21 42 2.51
10:12:13:000753 5.180 5.470 10:10:00 2.70 10:10:45 5.60 45 2.90
10:12:18:000753 5.180 5.490 10:10:00 2.70 10:10:51 5.98 51 3.28
10:12:19:000753 5.180 5.490 10:10:00 2.70 10:10:51 5.98 51 3.28
10:12:42:000632 8.330 8.550 10:11:00 2.04 10:11:12 2.64 12 0.60
10:13:03:600470 8.050 8.280 10:11:00 2.24 10:11:33 2.86 33 0.62
10:13:14:000859 5.780 5.950 10:11:00 2.08 10:11:42 2.94 42 0.87
10:13:17:000859 5.780 5.950 10:11:00 2.08 10:11:48 2.94 48 0.87
10:13:18:601666 5.780 5.930 10:11:00 2.08 10:11:51 2.60 51 0.52
10:13:18:600470 8.050 8.280 10:11:00 2.24 10:11:51 2.86 51 0.62
10:13:18:000859 5.780 5.960 10:11:00 2.08 10:11:51 3.11 51 1.04
10:13:22:601666 5.780 5.930 10:11:00 2.08 10:11:54 2.60 54 0.52
10:13:22:600470 8.050 8.280 10:11:00 2.24 10:11:54 2.86 54 0.62
10:13:22:000859 5.780 5.960 10:11:00 2.08 10:11:54 3.11 54 1.04
10:13:26:002507 15.110 15.570 10:11:00 2.45 10:11:57 3.04 57 0.60
10:13:26:600470 8.050 8.280 10:11:00 2.24 10:11:57 2.86 57 0.62
10:13:53:000592 6.640 6.850 10:12:12 2.56 10:12:24 3.16 12 0.60
10:13:59:000927 6.600 6.800 10:12:06 2.27 10:12:30 3.03 24 0.76
10:14:01:000592 6.640 6.880 10:12:12 2.56 10:12:33 3.61 21 1.05
10:14:03:000592 6.640 6.880 10:12:12 2.56 10:12:36 3.61 24 1.05
10:14:03:000632 8.330 8.620 10:12:21 2.76 10:12:36 3.48 15 0.72
10:14:06:000592 6.640 6.880 10:12:12 2.56 10:12:36 3.61 24 1.05
10:14:06:000632 8.330 8.620 10:12:21 2.76 10:12:36 3.48 15 0.72
10:14:08:000592 6.640 6.890 10:12:12 2.56 10:12:39 3.77 27 1.20
10:14:08:600714 14.840 15.990 10:12:03 7.21 10:12:39 7.75 36 0.54
10:14:11:000592 6.640 6.890 10:12:12 2.56 10:12:42 3.77 30 1.20
10:14:15:000927 6.600 6.800 10:12:06 2.27 10:12:48 3.03 42 0.76
10:14:17:000927 6.600 6.800 10:12:06 2.27 10:12:48 3.03 42 0.76
10:14:17:600714 14.840 15.990 10:12:03 7.21 10:12:48 7.75 45 0.54
10:14:18:000927 6.600 6.800 10:12:06 2.27 10:12:51 3.03 45 0.76
10:14:18:002590 19.330 19.890 10:12:24 2.17 10:12:51 2.90 27 0.72
10:14:18:600714 14.840 16.000 10:12:03 7.21 10:12:51 7.82 48 0.61
10:14:19:000927 6.600 6.800 10:12:06 2.27 10:12:51 3.03 45 0.76
10:14:19:002590 19.330 19.890 10:12:24 2.17 10:12:51 2.90 27 0.72
10:14:19:600714 14.840 16.000 10:12:03 7.21 10:12:51 7.82 48 0.61
10:14:21:000927 6.600 6.820 10:12:06 2.27 10:12:54 3.33 48 1.06
10:14:21:002590 19.330 19.890 10:12:24 2.17 10:12:54 2.90 30 0.72
10:14:21:600714 14.840 16.000 10:12:03 7.21 10:12:51 7.82 48 0.61
10:14:22:000927 6.600 6.820 10:12:06 2.27 10:12:54 3.33 48 1.06
10:14:22:002590 19.330 19.890 10:12:24 2.17 10:12:54 2.90 30 0.72
10:14:22:600714 14.840 16.000 10:12:03 7.21 10:12:54 7.82 51 0.61
10:14:24:000927 6.600 6.820 10:12:06 2.27 10:12:57 3.33 51 1.06
10:14:24:600714 14.840 16.000 10:12:03 7.21 10:12:54 7.82 51 0.61
10:14:25:000927 6.600 6.820 10:12:06 2.27 10:12:57 3.33 51 1.06
10:14:25:600714 14.840 16.000 10:12:03 7.21 10:12:57 7.82 54 0.61
10:14:27:600714 14.840 16.000 10:12:03 7.21 10:12:57 7.82 54 0.61
10:14:46:600714 14.840 16.090 10:13:00 7.82 10:13:18 8.42 18 0.61
10:14:59:600714 14.840 16.090 10:13:00 7.82 10:13:30 8.42 30 0.61
10:15:00:600714 14.840 16.100 10:13:00 7.82 10:13:33 8.49 33 0.67
10:15:01:600714 14.840 16.100 10:13:00 7.82 10:13:33 8.49 33 0.67
10:15:08:000589 6.260 6.550 10:13:15 3.83 10:13:39 4.63 24 0.80
10:15:11:000425 3.790 3.910 10:13:00 2.64 10:13:45 3.17 45 0.53
10:15:11:000589 6.260 6.560 10:13:15 3.83 10:13:45 4.79 30 0.96
10:15:14:000425 3.790 3.910 10:13:00 2.64 10:13:45 3.17 45 0.53
10:15:14:000589 6.260 6.560 10:13:15 3.83 10:13:45 4.79 30 0.96
10:15:17:000425 3.790 3.910 10:13:00 2.64 10:13:48 3.17 48 0.53
10:15:19:000511 5.870 6.020 10:13:09 2.04 10:13:51 2.56 42 0.51
10:15:19:000425 3.790 3.910 10:13:00 2.64 10:13:51 3.17 51 0.53
10:15:21:000511 5.870 6.020 10:13:09 2.04 10:13:54 2.56 45 0.51
10:15:21:000589 6.260 6.580 10:13:15 3.83 10:13:54 5.11 39 1.28
10:15:25:000511 5.870 6.020 10:13:09 2.04 10:13:54 2.56 45 0.51
10:15:25:000589 6.260 6.580 10:13:15 3.83 10:13:54 5.11 39 1.28
10:15:35:000589 6.260 6.680 10:14:00 5.27 10:14:06 6.71 6 1.44
10:15:39:000589 6.260 6.680 10:14:00 5.27 10:14:12 6.71 12 1.44
10:15:43:000589 6.260 6.680 10:14:00 5.27 10:14:12 6.71 12 1.44
10:15:43:000897 4.930 5.120 10:14:00 3.04 10:14:15 3.85 15 0.81
10:15:48:000897 4.930 5.120 10:14:00 3.04 10:14:21 3.85 21 0.81
10:15:51:000897 4.930 5.130 10:14:00 3.04 10:14:24 4.06 24 1.01
10:15:54:000897 4.930 5.140 10:14:00 3.04 10:14:27 4.26 27 1.22
10:15:58:000897 4.930 5.150 10:14:00 3.04 10:14:30 4.46 30 1.42
10:16:00:000897 4.930 5.150 10:14:00 3.04 10:14:33 4.46 33 1.42
10:16:03:000897 4.930 5.150 10:14:00 3.04 10:14:33 4.46 33 1.42
10:16:04:000897 4.930 5.150 10:14:00 3.04 10:14:36 4.46 36 1.42
10:16:11:000511 5.870 6.050 10:14:00 2.56 10:14:45 3.07 45 0.51
10:16:11:000592 6.640 6.960 10:14:30 3.77 10:14:45 4.82 15 1.05
10:16:12:000511 5.870 6.050 10:14:00 2.56 10:14:45 3.07 45 0.51
10:16:12:000592 6.640 6.960 10:14:30 3.77 10:14:45 4.82 15 1.05
10:16:14:000511 5.870 6.050 10:14:00 2.56 10:14:45 3.07 45 0.51
10:16:14:000592 6.640 6.960 10:14:30 3.77 10:14:45 4.82 15 1.05
10:16:16:000592 6.640 6.960 10:14:30 3.77 10:14:48 4.82 18 1.05
10:16:17:000592 6.640 6.960 10:14:30 3.77 10:14:48 4.82 18 1.05
10:16:19:000592 6.640 6.980 10:14:30 3.77 10:14:51 5.12 21 1.36
10:16:19:000897 4.930 5.180 10:14:00 3.04 10:14:51 5.07 51 2.03
10:16:24:000592 6.640 6.990 10:14:30 3.77 10:14:57 5.27 27 1.51
10:16:24:000897 4.930 5.190 10:14:00 3.04 10:14:57 5.27 57 2.23
10:16:27:000592 6.640 6.990 10:14:30 3.77 10:14:57 5.27 27 1.51
10:16:27:000897 4.930 5.190 10:14:00 3.04 10:14:57 5.27 57 2.23
10:16:27:002323 15.750 16.180 10:14:09 2.22 10:14:57 2.73 48 0.51
10:16:43:000897 4.930 5.230 10:15:03 5.48 10:15:15 6.09 12 0.61
10:17:08:000632 8.330 8.700 10:15:27 3.72 10:15:39 4.44 12 0.72
10:17:11:000632 8.330 8.760 10:15:27 3.72 10:15:42 5.16 15 1.44
10:17:16:000897 4.930 5.250 10:15:03 5.48 10:15:48 6.49 45 1.01
10:17:16:000632 8.330 8.790 10:15:27 3.72 10:15:48 5.52 21 1.80
10:17:21:000632 8.330 8.800 10:15:27 3.72 10:15:54 5.64 27 1.92
10:17:23:000632 8.330 8.800 10:15:27 3.72 10:15:54 5.64 27 1.92
10:17:26:002265 28.500 30.130 10:15:45 5.19 10:15:57 5.72 12 0.53
10:17:26:000632 8.330 8.820 10:15:27 3.72 10:15:57 5.88 30 2.16
10:18:02:002265 28.500 30.480 10:16:03 5.96 10:16:33 6.95 30 0.98
10:18:02:600897 23.090 23.700 10:16:15 2.12 10:16:33 2.64 18 0.52
10:18:03:000511 5.870 6.150 10:16:00 4.09 10:16:36 4.77 36 0.68
10:18:03:600897 23.090 23.700 10:16:15 2.12 10:16:33 2.64 18 0.52
10:18:05:000511 5.870 6.150 10:16:00 4.09 10:16:36 4.77 36 0.68
10:18:05:600897 23.090 23.700 10:16:15 2.12 10:16:36 2.64 21 0.52
10:18:07:000511 5.870 6.150 10:16:00 4.09 10:16:39 4.77 39 0.68
10:18:10:002612 17.230 17.790 10:16:06 2.67 10:16:42 3.25 36 0.58
10:18:10:002265 28.500 30.500 10:16:03 5.96 10:16:42 7.02 39 1.05
10:18:13:000511 5.870 6.150 10:16:00 4.09 10:16:45 4.77 45 0.68
10:18:13:002265 28.500 30.500 10:16:03 5.96 10:16:42 7.02 39 1.05
10:18:21:000511 5.870 6.150 10:16:00 4.09 10:16:48 4.77 48 0.68
10:18:21:002265 28.500 30.500 10:16:03 5.96 10:16:45 7.02 42 1.05
10:18:23:000511 5.870 6.180 10:16:00 4.09 10:16:54 5.28 54 1.19
10:18:23:600665 5.280 5.750 10:16:42 4.17 10:16:54 8.90 12 4.73
10:18:26:600665 5.280 5.750 10:16:42 4.17 10:16:57 8.90 15 4.73
10:18:28:600665 5.280 5.750 10:16:42 4.17 10:16:57 8.90 15 4.73
10:18:47:603126 12.690 13.650 10:17:00 7.01 10:17:18 7.57 18 0.55
10:18:51:603126 12.690 13.680 10:17:00 7.01 10:17:21 7.80 21 0.79
10:18:57:603126 12.690 13.680 10:17:00 7.01 10:17:27 7.80 27 0.79
10:19:01:603126 12.690 13.690 10:17:00 7.01 10:17:30 7.88 30 0.87
10:19:11:600230 25.320 25.990 10:17:15 2.13 10:17:39 2.65 24 0.51
10:19:13:600230 25.320 25.990 10:17:15 2.13 10:17:45 2.65 30 0.51
10:19:16:600230 25.320 25.990 10:17:15 2.13 10:17:48 2.65 33 0.51
10:19:18:600230 25.320 25.990 10:17:15 2.13 10:17:48 2.65 33 0.51
10:19:18:000692 6.450 6.640 10:17:06 2.33 10:17:51 2.95 45 0.62
10:19:20:600230 25.320 25.990 10:17:15 2.13 10:17:51 2.65 36 0.51
10:19:20:000692 6.450 6.640 10:17:06 2.33 10:17:51 2.95 45 0.62
10:19:23:000561 15.610 16.080 10:17:00 2.50 10:17:54 3.01 54 0.51
10:19:23:600230 25.320 25.990 10:17:15 2.13 10:17:51 2.65 36 0.51
10:19:23:603126 12.690 13.800 10:17:00 7.01 10:17:54 8.75 54 1.73
10:19:25:000561 15.610 16.080 10:17:00 2.50 10:17:57 3.01 57 0.51
10:19:25:600230 25.320 25.990 10:17:15 2.13 10:17:54 2.65 39 0.51
10:19:25:000692 6.450 6.640 10:17:06 2.33 10:17:57 2.95 51 0.62
10:19:39:600230 25.320 26.180 10:18:03 2.69 10:18:09 3.40 6 0.71
10:19:42:600230 25.320 26.180 10:18:03 2.69 10:18:12 3.40 9 0.71
10:19:51:600982 5.620 5.780 10:18:15 2.31 10:18:21 2.85 6 0.53
10:20:09:600755 8.600 8.930 10:18:03 3.26 10:18:39 3.84 36 0.58
10:20:28:600496 4.500 4.630 10:18:30 2.22 10:18:57 2.89 27 0.67
10:21:13:000823 12.820 13.200 10:19:03 2.42 10:19:45 2.96 42 0.55
10:21:16:000823 12.820 13.220 10:19:03 2.42 10:19:48 3.12 45 0.70
10:21:16:002623 37.650 38.690 10:19:33 2.26 10:19:48 2.76 15 0.50
10:21:16:002160 9.350 9.650 10:19:39 2.57 10:19:48 3.21 9 0.64
10:21:18:000823 12.820 13.220 10:19:03 2.42 10:19:48 3.12 45 0.70
10:21:18:002623 37.650 38.690 10:19:33 2.26 10:19:48 2.76 15 0.50
10:21:18:002160 9.350 9.650 10:19:39 2.57 10:19:48 3.21 9 0.64
10:21:20:600982 5.620 5.870 10:19:33 3.74 10:19:52 4.45 19 0.71
10:21:20:002623 37.650 38.690 10:19:33 2.26 10:19:51 2.76 18 0.50
10:21:20:000823 12.820 13.220 10:19:03 2.42 10:19:51 3.12 48 0.70
10:21:22:000823 12.820 13.230 10:19:03 2.42 10:19:54 3.20 51 0.78
10:21:22:002623 37.650 38.690 10:19:33 2.26 10:19:54 2.76 21 0.50
10:21:25:002623 37.650 38.760 10:19:33 2.26 10:19:57 2.95 24 0.69
10:21:25:002160 9.350 9.660 10:19:39 2.57 10:19:57 3.32 18 0.75
10:21:27:002623 37.650 38.760 10:19:33 2.26 10:19:57 2.95 24 0.69
10:21:27:002160 9.350 9.660 10:19:39 2.57 10:19:57 3.32 18 0.75
10:21:46:002340 6.500 6.780 10:20:00 3.69 10:20:18 4.31 18 0.62
10:21:49:002340 6.500 6.780 10:20:00 3.69 10:20:21 4.31 21 0.62
10:21:51:002340 6.500 6.780 10:20:00 3.69 10:20:21 4.31 21 0.62
10:21:54:002340 6.500 6.800 10:20:00 3.69 10:20:24 4.62 24 0.92
10:21:57:000552 3.980 4.120 10:20:15 3.02 10:20:30 3.52 15 0.50
10:22:04:601991 4.450 4.640 10:20:02 3.37 10:20:35 4.27 33 0.90
10:22:06:601991 4.450 4.650 10:20:02 3.37 10:20:38 4.49 36 1.12
10:22:06:002340 6.500 6.810 10:20:00 3.69 10:20:39 4.77 39 1.08
10:22:06:000552 3.980 4.120 10:20:15 3.02 10:20:39 3.52 24 0.50
10:22:08:002340 6.500 6.810 10:20:00 3.69 10:20:39 4.77 39 1.08
10:22:08:000552 3.980 4.120 10:20:15 3.02 10:20:42 3.52 27 0.50
10:22:10:000552 3.980 4.120 10:20:15 3.02 10:20:42 3.52 27 0.50
10:22:14:000552 3.980 4.120 10:20:15 3.02 10:20:45 3.52 30 0.50
10:22:16:601991 4.450 4.650 10:20:02 3.37 10:20:47 4.49 45 1.12
10:22:16:000552 3.980 4.120 10:20:15 3.02 10:20:48 3.52 33 0.50
10:22:19:000552 3.980 4.120 10:20:15 3.02 10:20:51 3.52 36 0.50
10:22:21:601991 4.450 4.650 10:20:02 3.37 10:20:53 4.49 51 1.12
10:22:21:000552 3.980 4.120 10:20:15 3.02 10:20:54 3.52 39 0.50
10:22:23:002340 6.500 6.830 10:20:00 3.69 10:20:54 5.08 54 1.38
10:22:23:000552 3.980 4.120 10:20:15 3.02 10:20:54 3.52 39 0.50
10:22:25:000552 3.980 4.120 10:20:15 3.02 10:20:57 3.52 42 0.50
10:23:06:600375 7.330 7.520 10:21:02 2.05 10:21:38 2.59 36 0.55
10:23:13:600375 7.330 7.520 10:21:02 2.05 10:21:45 2.59 43 0.55
10:23:16:600375 7.330 7.520 10:21:02 2.05 10:21:45 2.59 43 0.55
10:23:18:600375 7.330 7.520 10:21:02 2.05 10:21:50 2.59 48 0.55
10:23:18:600496 4.500 4.670 10:21:17 2.89 10:21:50 3.78 33 0.89
10:23:20:600375 7.330 7.520 10:21:02 2.05 10:21:53 2.59 51 0.55
10:23:20:600496 4.500 4.670 10:21:17 2.89 10:21:53 3.78 36 0.89
10:23:22:600375 7.330 7.520 10:21:02 2.05 10:21:53 2.59 51 0.55
10:23:22:600496 4.500 4.670 10:21:17 2.89 10:21:53 3.78 36 0.89
10:23:24:600375 7.330 7.530 10:21:02 2.05 10:21:56 2.73 54 0.68
10:23:24:002254 12.780 13.140 10:21:45 2.27 10:21:57 2.82 12 0.55
10:23:24:002160 9.350 9.770 10:21:27 3.64 10:21:57 4.49 30 0.86
10:23:27:002160 9.350 9.770 10:21:27 3.64 10:21:57 4.49 30 0.86
10:24:16:600375 7.330 7.580 10:22:05 2.73 10:22:47 3.41 42 0.68
10:24:26:600375 7.330 7.580 10:22:05 2.73 10:22:56 3.41 51 0.68
10:24:59:603799 41.250 44.200 10:23:23 6.30 10:23:32 7.15 9 0.85
10:25:05:603799 41.250 44.440 10:23:23 6.30 10:23:38 7.73 15 1.43
10:25:08:603993 4.350 4.610 10:23:02 5.29 10:23:41 5.98 39 0.69
10:25:08:603799 41.250 44.440 10:23:23 6.30 10:23:38 7.73 15 1.43
10:25:16:603799 41.250 44.700 10:23:23 6.30 10:23:47 8.36 24 2.06
10:25:20:603993 4.350 4.620 10:23:02 5.29 10:23:53 6.21 51 0.92
10:25:20:603799 41.250 44.800 10:23:23 6.30 10:23:53 8.61 30 2.30
10:25:24:603799 41.250 44.850 10:23:23 6.30 10:23:57 8.73 34 2.42
10:25:27:603799 41.250 44.880 10:23:23 6.30 10:23:59 8.80 36 2.50
10:25:58:603993 4.350 4.680 10:24:08 6.90 10:24:29 7.59 21 0.69
10:26:02:603993 4.350 4.700 10:24:08 6.90 10:24:32 8.05 24 1.15
10:26:08:600490 7.520 7.760 10:24:02 2.66 10:24:38 3.19 36 0.53
10:26:08:601958 8.010 8.310 10:24:02 3.12 10:24:38 3.75 36 0.62
10:26:11:600490 7.520 7.760 10:24:02 2.66 10:24:44 3.19 42 0.53
10:26:16:603993 4.350 4.700 10:24:08 6.90 10:24:47 8.05 39 1.15
10:26:16:600490 7.520 7.760 10:24:02 2.66 10:24:47 3.19 45 0.53
10:26:20:600490 7.520 7.770 10:24:02 2.66 10:24:53 3.32 51 0.66
10:27:03:000758 8.560 9.030 10:25:03 4.91 10:25:36 5.49 33 0.58
10:27:06:600490 7.520 7.820 10:25:00 3.32 10:25:39 3.99 39 0.66
10:27:06:000758 8.560 9.030 10:25:03 4.91 10:25:36 5.49 33 0.58
10:27:06:600125 9.880 10.230 10:25:00 3.04 10:25:39 3.54 39 0.51
10:27:10:600125 9.880 10.250 10:25:00 3.04 10:25:41 3.74 41 0.71
10:27:14:000751 6.030 6.250 10:25:09 2.99 10:25:45 3.65 36 0.66
10:27:14:600125 9.880 10.250 10:25:00 3.04 10:25:45 3.74 45 0.71
10:27:16:000751 6.030 6.250 10:25:09 2.99 10:25:48 3.65 39 0.66
10:27:16:600490 7.520 7.820 10:25:00 3.32 10:25:48 3.99 48 0.66
10:27:16:600125 9.880 10.260 10:25:00 3.04 10:25:48 3.85 48 0.81
10:27:21:000751 6.030 6.250 10:25:09 2.99 10:25:51 3.65 42 0.66
10:27:21:600125 9.880 10.280 10:25:00 3.04 10:25:53 4.05 53 1.01
10:27:23:000758 8.560 9.100 10:25:03 4.91 10:25:54 6.31 51 1.40
10:27:23:600125 9.880 10.280 10:25:00 3.04 10:25:53 4.05 53 1.01
10:27:26:601388 3.770 3.870 10:25:45 2.12 10:25:59 2.65 14 0.53
10:27:26:000751 6.030 6.260 10:25:09 2.99 10:25:57 3.81 48 0.83
10:27:26:000758 8.560 9.100 10:25:03 4.91 10:25:57 6.31 54 1.40
10:27:26:600125 9.880 10.280 10:25:00 3.04 10:25:56 4.05 56 1.01
10:27:30:600125 9.880 10.280 10:25:00 3.04 10:25:59 4.05 59 1.01
10:28:10:600368 6.060 6.270 10:26:05 2.81 10:26:41 3.47 36 0.66
10:28:10:002701 8.420 8.780 10:26:00 3.68 10:26:42 4.28 42 0.59
10:28:13:600125 9.880 10.340 10:26:05 4.15 10:26:44 4.66 39 0.51
10:28:16:002701 8.420 8.800 10:26:00 3.68 10:26:48 4.51 48 0.83
10:28:19:600368 6.060 6.300 10:26:05 2.81 10:26:51 3.96 46 1.16
10:28:22:600368 6.060 6.330 10:26:05 2.81 10:26:54 4.46 49 1.65
10:28:22:002701 8.420 8.800 10:26:00 3.68 10:26:54 4.51 54 0.83
10:28:27:002701 8.420 8.810 10:26:00 3.68 10:26:57 4.63 57 0.95
10:29:20:600490 7.520 7.990 10:27:00 4.52 10:27:51 6.25 51 1.73
10:30:01:002378 9.650 10.030 10:28:00 3.32 10:28:33 3.94 33 0.62
10:30:08:002378 9.650 10.030 10:28:00 3.32 10:28:39 3.94 39 0.62
10:30:11:002378 9.650 10.030 10:28:00 3.32 10:28:42 3.94 42 0.62
10:30:20:002378 9.650 10.040 10:28:00 3.32 10:28:51 4.04 51 0.73
10:30:27:002378 9.650 10.050 10:28:00 3.32 10:28:57 4.15 57 0.83
10:31:01:000795 7.450 7.960 10:29:15 6.04 10:29:33 6.85 18 0.81
10:31:06:600980 21.490 22.100 10:29:18 2.33 10:29:39 2.84 21 0.51
10:31:06:000795 7.450 7.960 10:29:15 6.04 10:29:36 6.85 21 0.81
10:31:10:000795 7.450 7.980 10:29:15 6.04 10:29:42 7.11 27 1.07
10:31:17:000795 7.450 8.030 10:29:15 6.04 10:29:48 7.79 33 1.74
10:31:21:000795 7.450 8.030 10:29:15 6.04 10:29:51 7.79 36 1.74
10:31:23:000795 7.450 8.040 10:29:15 6.04 10:29:54 7.92 39 1.88
10:31:37:601388 3.770 4.000 10:30:00 3.18 10:30:09 6.10 9 2.92
10:31:46:601388 3.770 4.020 10:30:00 3.18 10:30:18 6.63 18 3.45
10:31:51:601388 3.770 4.020 10:30:00 3.18 10:30:21 6.63 21 3.45
10:31:59:601388 3.770 4.100 10:30:00 3.18 10:30:30 8.75 30 5.57
10:32:04:601388 3.770 4.100 10:30:00 3.18 10:30:36 8.75 36 5.57
10:33:10:002600 10.660 11.090 10:31:03 3.19 10:31:39 4.03 36 0.84
10:33:18:002600 10.660 11.090 10:31:03 3.19 10:31:48 4.03 45 0.84
10:33:26:000823 12.820 13.350 10:31:21 3.59 10:31:57 4.13 36 0.55
10:33:58:000599 8.620 8.950 10:32:00 3.02 10:32:30 3.83 30 0.81
10:34:01:000599 8.620 8.950 10:32:00 3.02 10:32:33 3.83 33 0.81
10:34:05:000599 8.620 8.960 10:32:00 3.02 10:32:36 3.94 36 0.93
10:34:08:000599 8.620 8.980 10:32:00 3.02 10:32:39 4.18 39 1.16
10:34:13:000599 8.620 8.980 10:32:00 3.02 10:32:45 4.18 45 1.16
10:35:53:000599 8.620 9.050 10:34:15 4.41 10:34:24 4.99 9 0.58
10:35:53:002392 5.610 5.800 10:34:03 2.85 10:34:21 3.39 18 0.53
10:35:59:000599 8.620 9.080 10:34:15 4.41 10:34:30 5.34 15 0.93
10:35:59:002392 5.610 5.800 10:34:03 2.85 10:34:27 3.39 24 0.53
10:36:03:000599 8.620 9.100 10:34:15 4.41 10:34:36 5.57 21 1.16
10:36:03:002392 5.610 5.800 10:34:03 2.85 10:34:33 3.39 30 0.53
10:36:06:000599 8.620 9.100 10:34:15 4.41 10:34:36 5.57 21 1.16
10:36:06:002392 5.610 5.810 10:34:03 2.85 10:34:36 3.57 33 0.71
10:36:09:000859 5.780 6.010 10:34:12 3.46 10:34:42 3.98 30 0.52
10:36:09:002392 5.610 5.810 10:34:03 2.85 10:34:39 3.57 36 0.71
10:36:11:002392 5.610 5.810 10:34:03 2.85 10:34:42 3.57 39 0.71
10:36:11:000859 5.780 6.010 10:34:12 3.46 10:34:42 3.98 30 0.52
10:36:14:002392 5.610 5.810 10:34:03 2.85 10:34:45 3.57 42 0.71
10:36:14:000859 5.780 6.020 10:34:12 3.46 10:34:45 4.15 33 0.69
10:36:17:002392 5.610 5.820 10:34:03 2.85 10:34:48 3.74 45 0.89
10:36:17:000859 5.780 6.020 10:34:12 3.46 10:34:48 4.15 36 0.69
10:36:19:002392 5.610 5.820 10:34:03 2.85 10:34:51 3.74 48 0.89
10:36:19:000859 5.780 6.020 10:34:12 3.46 10:34:51 4.15 39 0.69
10:36:22:000859 5.780 6.040 10:34:12 3.46 10:34:54 4.50 42 1.04
10:37:18:600206 9.880 10.200 10:35:12 2.73 10:35:48 3.24 36 0.51
10:37:20:600206 9.880 10.210 10:35:12 2.73 10:35:51 3.34 39 0.61
10:37:23:600206 9.880 10.210 10:35:12 2.73 10:35:54 3.34 42 0.61
10:37:25:600206 9.880 10.210 10:35:12 2.73 10:35:54 3.34 42 0.61
10:39:54:600361 7.260 7.580 10:38:03 3.72 10:38:24 4.41 21 0.69
10:39:58:600361 7.260 7.580 10:38:03 3.72 10:38:27 4.41 24 0.69
10:40:01:600361 7.260 7.580 10:38:03 3.72 10:38:30 4.41 27 0.69
10:40:07:600693 11.430 11.780 10:38:18 2.36 10:38:36 3.06 18 0.70
10:40:07:600361 7.260 7.590 10:38:03 3.72 10:38:36 4.55 33 0.83
10:40:11:600693 11.430 11.780 10:38:18 2.36 10:38:42 3.06 24 0.70
10:40:13:600693 11.430 11.790 10:38:18 2.36 10:38:45 3.15 27 0.79
10:40:17:600693 11.430 11.790 10:38:18 2.36 10:38:45 3.15 27 0.79
10:42:28:600361 7.260 7.730 10:40:32 4.68 10:40:59 6.47 27 1.79
10:46:47:000812 12.230 12.770 10:45:06 3.84 10:45:18 4.42 12 0.57
10:47:20:600399 7.290 7.610 10:45:32 3.70 10:45:51 4.39 19 0.69
10:47:23:600399 7.290 7.620 10:45:32 3.70 10:45:54 4.53 22 0.82
10:47:43:600970 7.620 7.840 10:46:09 2.10 10:46:15 2.89 6 0.79
10:47:46:600970 7.620 7.840 10:46:09 2.10 10:46:15 2.89 6 0.79
10:47:49:600970 7.620 7.870 10:46:09 2.10 10:46:21 3.28 12 1.18
10:47:52:600970 7.620 7.870 10:46:09 2.10 10:46:24 3.28 15 1.18
10:48:05:600970 7.620 7.900 10:46:09 2.10 10:46:36 3.67 27 1.57
10:48:18:600760 29.550 30.550 10:46:00 2.88 10:46:51 3.38 51 0.51
10:48:18:600970 7.620 7.920 10:46:09 2.10 10:46:51 3.94 42 1.84
10:48:21:600970 7.620 7.930 10:46:09 2.10 10:46:54 4.07 45 1.97
10:48:27:002037 17.450 17.950 10:46:09 2.23 10:46:57 2.87 48 0.63
10:49:17:600157 4.100 4.250 10:47:03 2.93 10:47:51 3.66 48 0.73
10:49:20:002508 40.220 41.500 10:47:00 2.64 10:47:51 3.18 51 0.55
10:49:20:600157 4.100 4.250 10:47:03 2.93 10:47:51 3.66 48 0.73
10:49:23:600157 4.100 4.250 10:47:03 2.93 10:47:54 3.66 51 0.73
10:49:58:000737 8.200 8.600 10:48:09 4.27 10:48:30 4.88 21 0.61
10:50:07:002709 46.700 48.420 10:48:03 3.00 10:48:39 3.68 36 0.69
10:50:07:000737 8.200 8.630 10:48:09 4.27 10:48:39 5.24 30 0.98
10:50:12:002709 46.700 48.480 10:48:03 3.00 10:48:45 3.81 42 0.81
10:50:16:002709 46.700 48.480 10:48:03 3.00 10:48:48 3.81 45 0.81
10:50:18:002709 46.700 48.480 10:48:03 3.00 10:48:48 3.81 45 0.81
10:50:25:002709 46.700 48.500 10:48:03 3.00 10:48:57 3.85 54 0.86
10:50:56:002300 14.850 15.580 10:49:00 4.38 10:49:27 4.92 27 0.54
10:51:01:002300 14.850 15.580 10:49:00 4.38 10:49:33 4.92 33 0.54
10:51:02:002300 14.850 15.590 10:49:00 4.38 10:49:36 4.98 36 0.61
10:51:04:002300 14.850 15.590 10:49:00 4.38 10:49:36 4.98 36 0.61
10:51:06:002300 14.850 15.590 10:49:00 4.38 10:49:36 4.98 36 0.61
10:51:06:601007 14.530 15.060 10:49:00 2.89 10:49:39 3.65 39 0.76
10:51:08:002300 14.850 15.600 10:49:00 4.38 10:49:39 5.05 39 0.67
10:51:08:601007 14.530 15.060 10:49:00 2.89 10:49:39 3.65 39 0.76
10:51:10:002300 14.850 15.600 10:49:00 4.38 10:49:42 5.05 42 0.67
10:51:13:002300 14.850 15.600 10:49:00 4.38 10:49:42 5.05 42 0.67
10:51:15:002300 14.850 15.600 10:49:00 4.38 10:49:45 5.05 45 0.67
10:51:15:601007 14.530 15.060 10:49:00 2.89 10:49:48 3.65 48 0.76
10:51:17:601007 14.530 15.060 10:49:00 2.89 10:49:48 3.65 48 0.76
10:51:19:002323 15.750 16.550 10:49:24 4.51 10:49:51 5.08 27 0.57
10:51:22:002323 15.750 16.550 10:49:24 4.51 10:49:54 5.08 30 0.57
10:51:24:002323 15.750 16.550 10:49:24 4.51 10:49:54 5.08 30 0.57
10:51:26:002300 14.850 15.650 10:49:00 4.38 10:49:57 5.39 57 1.01
10:51:26:002323 15.750 16.550 10:49:24 4.51 10:49:57 5.08 33 0.57
10:51:56:000043 11.590 12.180 10:50:00 4.57 10:50:27 5.09 27 0.52
10:52:05:000043 11.590 12.190 10:50:00 4.57 10:50:36 5.18 36 0.60
10:52:08:000043 11.590 12.200 10:50:00 4.57 10:50:39 5.26 39 0.69
10:53:05:002066 17.430 18.170 10:51:00 2.98 10:51:36 4.25 36 1.26
10:53:26:002608 10.550 10.850 10:51:06 2.09 10:51:57 2.84 51 0.76
10:56:14:000503 41.850 43.530 10:54:00 3.46 10:54:45 4.01 45 0.55
10:56:19:000503 41.850 43.550 10:54:00 3.46 10:54:51 4.06 51 0.60
10:56:22:000503 41.850 43.550 10:54:00 3.46 10:54:54 4.06 54 0.60
10:57:18:600891 9.570 9.950 10:55:00 3.03 10:55:48 3.97 48 0.94
10:57:21:600891 9.570 9.970 10:55:00 3.03 10:55:51 4.18 51 1.15
10:57:24:600891 9.570 9.980 10:55:00 3.03 10:55:54 4.28 54 1.25
10:57:27:600891 9.570 9.980 10:55:00 3.03 10:55:57 4.28 57 1.25
10:57:57:601007 14.530 15.200 10:56:00 3.92 10:56:27 4.61 27 0.69
10:58:00:601007 14.530 15.200 10:56:00 3.92 10:56:30 4.61 30 0.69
10:58:02:601007 14.530 15.200 10:56:00 3.92 10:56:33 4.61 33 0.69
10:58:04:601007 14.530 15.200 10:56:00 3.92 10:56:33 4.61 33 0.69
10:58:07:601007 14.530 15.200 10:56:00 3.92 10:56:36 4.61 36 0.69
10:58:09:601007 14.530 15.200 10:56:00 3.92 10:56:39 4.61 39 0.69
10:58:23:601007 14.530 15.250 10:56:00 3.92 10:56:54 4.96 54 1.03
10:58:25:601007 14.530 15.250 10:56:00 3.92 10:56:54 4.96 54 1.03
10:59:52:000043 11.590 12.330 10:58:06 5.78 10:58:21 6.38 15 0.60
10:59:56:000043 11.590 12.330 10:58:06 5.78 10:58:27 6.38 21 0.60
10:59:58:000043 11.590 12.330 10:58:06 5.78 10:58:30 6.38 24 0.60
11:00:01:000043 11.590 12.340 10:58:06 5.78 10:58:33 6.47 27 0.69
11:00:03:000043 11.590 12.340 10:58:06 5.78 10:58:36 6.47 30 0.69
11:00:05:000043 11.590 12.340 10:58:06 5.78 10:58:36 6.47 30 0.69
11:00:09:000043 11.590 12.350 10:58:06 5.78 10:58:42 6.56 36 0.78
11:00:11:000043 11.590 12.350 10:58:06 5.78 10:58:42 6.56 36 0.78
11:01:00:002608 10.550 10.980 10:59:00 3.51 10:59:30 4.08 30 0.57
11:01:09:000043 11.590 12.480 10:59:03 7.16 10:59:42 7.68 39 0.52
11:01:09:002608 10.550 11.000 10:59:00 3.51 10:59:42 4.27 42 0.76
11:01:11:000043 11.590 12.480 10:59:03 7.16 10:59:42 7.68 39 0.52
11:01:11:002608 10.550 11.000 10:59:00 3.51 10:59:42 4.27 42 0.76
11:01:14:002608 10.550 11.000 10:59:00 3.51 10:59:45 4.27 45 0.76
11:01:16:002608 10.550 11.000 10:59:00 3.51 10:59:48 4.27 48 0.76
11:01:18:002608 10.550 11.000 10:59:00 3.51 10:59:51 4.27 51 0.76
11:01:19:002608 10.550 11.000 10:59:00 3.51 10:59:51 4.27 51 0.76
11:01:25:002608 10.550 11.000 10:59:00 3.51 10:59:57 4.27 57 0.76
11:01:50:600490 7.520 8.060 11:00:05 6.38 11:00:23 7.18 18 0.80
11:01:51:600490 7.520 8.060 11:00:05 6.38 11:00:23 7.18 18 0.80
11:01:57:002608 10.550 11.060 11:00:03 4.27 11:00:30 4.83 27 0.57
11:01:58:002608 10.550 11.060 11:00:03 4.27 11:00:30 4.83 27 0.57
11:02:00:002608 10.550 11.060 11:00:03 4.27 11:00:33 4.83 30 0.57
11:02:01:002608 10.550 11.060 11:00:03 4.27 11:00:33 4.83 30 0.57
11:02:04:600490 7.520 8.080 11:00:05 6.38 11:00:36 7.45 31 1.06
11:02:05:002608 10.550 11.060 11:00:03 4.27 11:00:39 4.83 36 0.57
11:02:05:600490 7.520 8.080 11:00:05 6.38 11:00:36 7.45 31 1.06
11:02:07:002608 10.550 11.060 11:00:03 4.27 11:00:39 4.83 36 0.57
11:02:09:002608 10.550 11.070 11:00:03 4.27 11:00:42 4.93 39 0.66
11:02:11:002608 10.550 11.070 11:00:03 4.27 11:00:42 4.93 39 0.66
11:02:13:600490 7.520 8.080 11:00:05 6.38 11:00:44 7.45 39 1.06
11:02:16:600490 7.520 8.080 11:00:05 6.38 11:00:45 7.45 40 1.06
11:02:19:002608 10.550 11.080 11:00:03 4.27 11:00:51 5.02 48 0.76
11:02:19:002560 12.890 13.270 11:00:00 2.40 11:00:51 2.95 51 0.54
11:02:21:002608 10.550 11.080 11:00:03 4.27 11:00:51 5.02 48 0.76
11:02:21:600490 7.520 8.090 11:00:05 6.38 11:00:53 7.58 48 1.20
11:02:21:002560 12.890 13.270 11:00:00 2.40 11:00:51 2.95 51 0.54
11:02:24:002608 10.550 11.080 11:00:03 4.27 11:00:54 5.02 51 0.76
11:02:26:600490 7.520 8.090 11:00:05 6.38 11:00:59 7.58 54 1.20
11:02:55:600010 2.990 3.130 11:01:11 4.01 11:01:27 4.68 16 0.67
11:03:02:600010 2.990 3.150 11:01:11 4.01 11:01:32 5.35 21 1.34
11:03:05:000878 16.290 16.750 11:01:03 2.27 11:01:36 2.82 33 0.55
11:03:16:000878 16.290 16.780 11:01:03 2.27 11:01:48 3.01 45 0.74
11:03:18:000878 16.290 16.780 11:01:03 2.27 11:01:51 3.01 48 0.74
11:03:21:000878 16.290 16.780 11:01:03 2.27 11:01:54 3.01 51 0.74
11:03:21:600255 4.490 4.630 11:01:02 2.23 11:01:53 3.12 51 0.89
11:03:23:000878 16.290 16.780 11:01:03 2.27 11:01:54 3.01 51 0.74
11:03:23:600255 4.490 4.630 11:01:02 2.23 11:01:53 3.12 51 0.89
11:03:26:000878 16.290 16.780 11:01:03 2.27 11:01:57 3.01 54 0.74
11:03:26:600255 4.490 4.630 11:01:02 2.23 11:01:57 3.12 55 0.89
11:03:28:600010 2.990 3.200 11:01:11 4.01 11:01:59 7.02 48 3.01
11:04:25:600022 2.750 2.830 11:02:05 2.18 11:02:57 2.91 52 0.73
11:04:56:000708 13.660 14.030 11:03:06 2.12 11:03:27 2.71 21 0.59
11:05:02:000708 13.660 14.030 11:03:06 2.12 11:03:33 2.71 27 0.59
11:05:07:000708 13.660 14.050 11:03:06 2.12 11:03:39 2.86 33 0.73
11:05:13:600022 2.750 2.850 11:03:06 2.91 11:03:42 3.64 36 0.73
11:05:13:000708 13.660 14.060 11:03:06 2.12 11:03:42 2.93 36 0.81
11:05:19:600022 2.750 2.850 11:03:06 2.91 11:03:51 3.64 45 0.73
11:05:21:600022 2.750 2.850 11:03:06 2.91 11:03:51 3.64 45 0.73
11:05:24:600022 2.750 2.850 11:03:06 2.91 11:03:54 3.64 48 0.73
11:05:24:000552 3.980 4.140 11:03:39 3.52 11:03:54 4.02 15 0.50
11:05:26:600022 2.750 2.850 11:03:06 2.91 11:03:57 3.64 51 0.73
11:05:26:000552 3.980 4.140 11:03:39 3.52 11:03:57 4.02 18 0.50
11:05:46:000552 3.980 4.170 11:04:00 4.27 11:04:18 4.77 18 0.50
11:05:51:000552 3.980 4.170 11:04:00 4.27 11:04:21 4.77 21 0.50
11:05:58:601003 5.110 5.270 11:04:00 2.54 11:04:30 3.13 30 0.59
11:05:58:000552 3.980 4.170 11:04:00 4.27 11:04:30 4.77 30 0.50
11:06:00:601003 5.110 5.270 11:04:00 2.54 11:04:33 3.13 33 0.59
11:06:00:000552 3.980 4.170 11:04:00 4.27 11:04:33 4.77 33 0.50
11:06:03:601003 5.110 5.270 11:04:00 2.54 11:04:36 3.13 36 0.59
11:06:03:000552 3.980 4.170 11:04:00 4.27 11:04:33 4.77 33 0.50
11:06:06:601003 5.110 5.270 11:04:00 2.54 11:04:39 3.13 39 0.59
11:06:08:601003 5.110 5.270 11:04:00 2.54 11:04:39 3.13 39 0.59
11:06:10:601003 5.110 5.280 11:04:00 2.54 11:04:42 3.33 42 0.78
11:06:10:000552 3.980 4.170 11:04:00 4.27 11:04:42 4.77 42 0.50
11:06:26:000552 3.980 4.170 11:04:00 4.27 11:04:57 4.77 57 0.50
11:07:16:600401 2.310 2.380 11:05:06 2.16 11:05:48 3.03 42 0.87
11:07:20:600401 2.310 2.380 11:05:06 2.16 11:05:48 3.03 42 0.87
11:07:23:600401 2.310 2.380 11:05:06 2.16 11:05:54 3.03 48 0.87
11:07:27:600401 2.310 2.380 11:05:06 2.16 11:05:57 3.03 51 0.87
11:07:27:600549 22.350 23.790 11:05:03 5.86 11:05:57 6.44 54 0.58
11:11:13:002750 15.140 15.650 11:09:00 2.84 11:09:45 3.37 45 0.53
11:11:16:002750 15.140 15.650 11:09:00 2.84 11:09:48 3.37 48 0.53
11:11:18:002750 15.140 15.650 11:09:00 2.84 11:09:48 3.37 48 0.53
11:11:22:002750 15.140 15.650 11:09:00 2.84 11:09:51 3.37 51 0.53
11:11:27:002750 15.140 15.660 11:09:00 2.84 11:09:57 3.43 57 0.59
11:13:38:600653 3.860 3.970 11:12:00 2.33 11:12:09 2.85 9 0.52
11:13:40:600653 3.860 3.970 11:12:00 2.33 11:12:12 2.85 12 0.52
11:13:42:600653 3.860 3.970 11:12:00 2.33 11:12:12 2.85 12 0.52
11:13:46:600653 3.860 3.980 11:12:00 2.33 11:12:18 3.11 18 0.78
11:13:48:600653 3.860 3.980 11:12:00 2.33 11:12:18 3.11 18 0.78
11:13:50:600653 3.860 3.980 11:12:00 2.33 11:12:21 3.11 21 0.78
11:14:03:600653 3.860 3.980 11:12:00 2.33 11:12:33 3.11 33 0.78
11:14:05:000630 3.440 3.570 11:12:03 3.20 11:12:39 3.78 36 0.58
11:14:05:600653 3.860 3.990 11:12:00 2.33 11:12:36 3.37 36 1.04
11:14:07:000630 3.440 3.570 11:12:03 3.20 11:12:39 3.78 36 0.58
11:14:17:600333 8.800 9.050 11:12:39 2.27 11:12:48 2.84 9 0.57
11:14:19:600333 8.800 9.050 11:12:39 2.27 11:12:48 2.84 9 0.57
11:14:24:000630 3.440 3.580 11:12:03 3.20 11:12:57 4.07 54 0.87
11:14:25:000630 3.440 3.580 11:12:03 3.20 11:12:57 4.07 54 0.87
11:14:50:600653 3.860 4.020 11:13:03 3.63 11:13:21 4.15 18 0.52
11:14:53:600653 3.860 4.020 11:13:03 3.63 11:13:21 4.15 18 0.52
11:14:55:600653 3.860 4.020 11:13:03 3.63 11:13:24 4.15 21 0.52
11:17:21:600247 11.950 12.330 11:15:00 2.51 11:15:51 3.18 51 0.67
11:17:27:600247 11.950 12.330 11:15:00 2.51 11:15:51 3.18 51 0.67
11:17:48:000983 9.440 9.750 11:16:00 2.75 11:16:21 3.28 21 0.53
11:17:50:000983 9.440 9.750 11:16:00 2.75 11:16:24 3.28 24 0.53
11:17:50:600247 11.950 12.390 11:16:00 3.18 11:16:21 3.68 21 0.50
11:17:53:000983 9.440 9.750 11:16:00 2.75 11:16:24 3.28 24 0.53
11:17:53:600247 11.950 12.390 11:16:00 3.18 11:16:21 3.68 21 0.50
11:17:56:000983 9.440 9.750 11:16:00 2.75 11:16:27 3.28 27 0.53
11:18:00:000983 9.440 9.750 11:16:00 2.75 11:16:30 3.28 30 0.53
11:18:02:000983 9.440 9.750 11:16:00 2.75 11:16:33 3.28 33 0.53
11:18:04:600247 11.950 12.400 11:16:00 3.18 11:16:36 3.77 36 0.59
11:18:07:600247 11.950 12.400 11:16:00 3.18 11:16:36 3.77 36 0.59
11:18:09:600247 11.950 12.400 11:16:00 3.18 11:16:39 3.77 39 0.59
11:18:11:600247 11.950 12.400 11:16:00 3.18 11:16:39 3.77 39 0.59
11:18:16:600247 11.950 12.400 11:16:00 3.18 11:16:45 3.77 45 0.59
11:18:18:600247 11.950 12.410 11:16:00 3.18 11:16:48 3.85 48 0.67
11:18:20:600247 11.950 12.500 11:16:00 3.18 11:16:51 4.60 51 1.42
11:18:22:600247 11.950 12.500 11:16:00 3.18 11:16:51 4.60 51 1.42
11:18:25:600247 11.950 12.500 11:16:00 3.18 11:16:51 4.60 51 1.42
11:18:27:600247 11.950 12.500 11:16:00 3.18 11:16:57 4.60 57 1.42
11:19:55:600247 11.950 12.570 11:18:23 4.69 11:18:26 5.19 3 0.50
11:21:17:601798 13.940 14.370 11:19:03 2.58 11:19:50 3.08 47 0.50
11:21:20:601798 13.940 14.370 11:19:03 2.58 11:19:50 3.08 47 0.50
11:21:23:601798 13.940 14.400 11:19:03 2.58 11:19:56 3.30 53 0.72
11:21:26:601798 13.940 14.400 11:19:03 2.58 11:19:59 3.30 56 0.72
11:26:27:002388 13.760 14.300 11:24:33 3.05 11:24:57 3.92 24 0.87
11:29:02:600388 12.710 13.050 11:27:06 2.12 11:27:33 2.68 27 0.55
11:29:06:600388 12.710 13.050 11:27:06 2.12 11:27:36 2.68 30 0.55
11:29:08:600388 12.710 13.050 11:27:06 2.12 11:27:39 2.68 33 0.55
13:01:42:600231 3.650 3.820 13:00:03 4.11 13:00:12 4.66 9 0.55
13:01:45:600231 3.650 3.820 13:00:03 4.11 13:00:18 4.66 15 0.55
13:01:48:600231 3.650 3.820 13:00:03 4.11 13:00:21 4.66 18 0.55
13:01:53:600231 3.650 3.820 13:00:03 4.11 13:00:21 4.66 18 0.55
13:01:57:600231 3.650 3.820 13:00:03 4.11 13:00:30 4.66 27 0.55
13:01:57:002382 11.860 12.760 13:00:00 3.37 13:00:27 7.59 27 4.22
13:02:02:600231 3.650 3.820 13:00:03 4.11 13:00:33 4.66 30 0.55
13:02:10:600231 3.650 3.830 13:00:03 4.11 13:00:42 4.93 39 0.82
13:02:10:002382 11.860 12.790 13:00:00 3.37 13:00:42 7.84 42 4.47
13:02:13:600231 3.650 3.830 13:00:03 4.11 13:00:45 4.93 42 0.82
13:02:13:002382 11.860 12.790 13:00:00 3.37 13:00:42 7.84 42 4.47
13:02:17:600231 3.650 3.830 13:00:03 4.11 13:00:48 4.93 45 0.82
13:02:22:600231 3.650 3.840 13:00:03 4.11 13:00:54 5.21 51 1.10
13:02:27:600231 3.650 3.840 13:00:03 4.11 13:00:57 5.21 54 1.10
13:11:10:601007 14.530 15.450 13:09:00 5.64 13:09:42 6.33 42 0.69
13:11:14:601007 14.530 15.450 13:09:00 5.64 13:09:45 6.33 45 0.69
13:11:24:601007 14.530 15.450 13:09:00 5.64 13:09:54 6.33 54 0.69
13:11:27:601007 14.530 15.450 13:09:00 5.64 13:09:57 6.33 57 0.69
13:13:18:002323 15.750 16.760 13:11:06 5.90 13:11:48 6.41 42 0.51
13:13:18:002289 20.900 21.570 13:11:18 2.58 13:11:48 3.21 30 0.62
13:13:20:002323 15.750 16.760 13:11:06 5.90 13:11:51 6.41 45 0.51
13:13:20:002289 20.900 21.570 13:11:18 2.58 13:11:51 3.21 33 0.62
13:13:26:002323 15.750 16.760 13:11:06 5.90 13:11:57 6.41 51 0.51
13:13:26:002289 20.900 21.570 13:11:18 2.58 13:11:54 3.21 36 0.62
13:14:04:002289 20.900 21.760 13:12:12 3.59 13:12:33 4.11 21 0.53
13:14:27:002289 20.900 21.790 13:12:12 3.59 13:12:57 4.26 45 0.67
13:15:56:000563 6.220 6.480 13:14:03 3.54 13:14:27 4.18 24 0.64
13:16:00:000563 6.220 6.480 13:14:03 3.54 13:14:33 4.18 30 0.64
13:16:07:000563 6.220 6.480 13:14:03 3.54 13:14:39 4.18 36 0.64
13:16:10:600309 24.680 26.650 13:14:18 7.29 13:14:39 7.98 21 0.69
13:16:10:000563 6.220 6.490 13:14:03 3.54 13:14:42 4.34 39 0.80
13:16:13:000563 6.220 6.490 13:14:03 3.54 13:14:45 4.34 42 0.80
13:16:15:600309 24.680 26.650 13:14:18 7.29 13:14:45 7.98 27 0.69
13:16:18:600309 24.680 26.660 13:14:18 7.29 13:14:48 8.02 30 0.73
13:16:23:000563 6.220 6.500 13:14:03 3.54 13:14:51 4.50 48 0.96
13:16:26:002351 12.000 12.710 13:14:42 5.42 13:14:57 5.92 15 0.50
13:16:26:000566 13.830 14.500 13:14:00 4.34 13:14:57 4.84 57 0.51
13:16:26:000563 6.220 6.500 13:14:03 3.54 13:14:57 4.50 54 0.96
13:16:29:600740 8.180 8.760 13:14:30 6.11 13:14:57 7.09 27 0.98
13:16:56:000563 6.220 6.560 13:15:00 4.50 13:15:27 5.47 27 0.96
13:17:02:000563 6.220 6.570 13:15:00 4.50 13:15:33 5.63 33 1.13
13:17:06:600223 5.490 5.660 13:15:15 2.55 13:15:39 3.10 24 0.55
13:17:06:600192 10.050 10.330 13:15:03 2.19 13:15:36 2.79 33 0.60
13:17:09:600223 5.490 5.660 13:15:15 2.55 13:15:39 3.10 24 0.55
13:17:09:000563 6.220 6.580 13:15:00 4.50 13:15:42 5.79 42 1.29
13:17:09:600192 10.050 10.330 13:15:03 2.19 13:15:36 2.79 33 0.60
13:17:13:000563 6.220 6.580 13:15:00 4.50 13:15:45 5.79 45 1.29
13:17:13:600192 10.050 10.350 13:15:03 2.19 13:15:45 2.99 42 0.80
13:17:22:600223 5.490 5.660 13:15:15 2.55 13:15:51 3.10 36 0.55
13:17:28:600223 5.490 5.670 13:15:15 2.55 13:15:57 3.28 42 0.73
13:17:28:600740 8.180 8.850 13:15:15 7.58 13:15:57 8.19 42 0.61
13:17:28:600192 10.050 10.350 13:15:03 2.19 13:15:57 2.99 54 0.80
13:18:10:600705 6.280 6.450 13:16:30 2.07 13:16:42 2.71 12 0.64
13:18:25:000567 34.680 35.650 13:16:42 2.28 13:16:57 2.80 15 0.52
13:19:08:600705 6.280 6.500 13:17:06 2.87 13:17:42 3.50 36 0.64
13:20:12:600540 7.820 8.440 13:18:33 7.42 13:18:45 7.93 12 0.51
13:20:14:600540 7.820 8.440 13:18:33 7.42 13:18:45 7.93 12 0.51
13:20:18:000809 5.080 5.220 13:18:00 2.17 13:18:48 2.76 48 0.59
13:20:22:600540 7.820 8.480 13:18:33 7.42 13:18:54 8.44 21 1.02
13:20:25:600540 7.820 8.490 13:18:33 7.42 13:18:57 8.57 24 1.15
13:20:25:600022 2.750 2.870 13:18:24 3.64 13:18:54 4.36 30 0.73
13:20:27:600022 2.750 2.870 13:18:24 3.64 13:18:57 4.36 33 0.73
13:21:20:000780 5.990 6.200 13:19:00 3.01 13:19:51 3.51 51 0.50
13:21:23:000780 5.990 6.210 13:19:00 3.01 13:19:54 3.67 54 0.67
13:21:25:000780 5.990 6.210 13:19:00 3.01 13:19:57 3.67 57 0.67
13:21:27:000780 5.990 6.210 13:19:00 3.01 13:19:57 3.67 57 0.67
13:22:03:000791 15.300 15.980 13:20:03 3.86 13:20:33 4.44 30 0.59
13:22:03:600691 3.950 4.050 13:20:06 2.03 13:20:33 2.53 27 0.51
13:22:06:600251 8.520 8.950 13:20:09 4.46 13:20:39 5.05 30 0.59
13:22:06:000791 15.300 15.980 13:20:03 3.86 13:20:39 4.44 36 0.59
13:22:06:600691 3.950 4.050 13:20:06 2.03 13:20:39 2.53 33 0.51
13:22:09:600251 8.520 8.950 13:20:09 4.46 13:20:39 5.05 30 0.59
13:22:09:000791 15.300 15.980 13:20:03 3.86 13:20:39 4.44 36 0.59
13:22:09:600691 3.950 4.050 13:20:06 2.03 13:20:39 2.53 33 0.51
13:22:13:600251 8.520 8.960 13:20:09 4.46 13:20:45 5.16 36 0.70
13:22:13:000791 15.300 16.000 13:20:03 3.86 13:20:45 4.58 42 0.72
13:22:13:600691 3.950 4.050 13:20:06 2.03 13:20:45 2.53 39 0.51
13:22:20:000791 15.300 16.000 13:20:03 3.86 13:20:48 4.58 45 0.72
13:22:20:600691 3.950 4.050 13:20:06 2.03 13:20:48 2.53 42 0.51
13:22:23:600251 8.520 8.980 13:20:09 4.46 13:20:54 5.40 45 0.94
13:22:25:000791 15.300 16.000 13:20:03 3.86 13:20:57 4.58 54 0.72
13:22:25:600691 3.950 4.050 13:20:06 2.03 13:20:57 2.53 51 0.51
13:23:51:002769 20.530 21.150 13:22:06 2.24 13:22:24 3.02 18 0.78
13:23:52:002769 20.530 21.150 13:22:06 2.24 13:22:24 3.02 18 0.78
13:24:00:002769 20.530 21.200 13:22:06 2.24 13:22:33 3.26 27 1.02
13:24:03:002769 20.530 21.200 13:22:06 2.24 13:22:33 3.26 27 1.02
13:24:08:002769 20.530 21.200 13:22:06 2.24 13:22:39 3.26 33 1.02
13:24:10:002769 20.530 21.200 13:22:06 2.24 13:22:39 3.26 33 1.02
13:24:13:600354 8.800 9.050 13:22:00 2.27 13:22:42 2.84 42 0.57
13:24:26:600354 8.800 9.050 13:22:00 2.27 13:22:57 2.84 57 0.57
13:24:50:600251 8.520 9.110 13:23:00 6.22 13:23:21 6.92 21 0.70
13:24:52:600251 8.520 9.130 13:23:00 6.22 13:23:24 7.16 24 0.94
13:24:54:600251 8.520 9.130 13:23:00 6.22 13:23:24 7.16 24 0.94
13:24:56:600251 8.520 9.140 13:23:00 6.22 13:23:27 7.28 27 1.06
13:25:03:600251 8.520 9.150 13:23:00 6.22 13:23:33 7.39 33 1.17
13:25:13:600251 8.520 9.180 13:23:00 6.22 13:23:45 7.75 45 1.53
13:25:15:600251 8.520 9.180 13:23:00 6.22 13:23:45 7.75 45 1.53
13:25:17:600251 8.520 9.180 13:23:00 6.22 13:23:48 7.75 48 1.53
13:25:20:002769 20.530 21.390 13:23:18 3.65 13:23:51 4.19 33 0.54
13:25:20:600251 8.520 9.180 13:23:00 6.22 13:23:51 7.75 51 1.53
13:25:22:600251 8.520 9.190 13:23:00 6.22 13:23:54 7.86 54 1.64
13:25:24:600251 8.520 9.190 13:23:00 6.22 13:23:54 7.86 54 1.64
13:27:16:002723 24.780 26.240 13:25:06 5.29 13:25:48 5.89 42 0.61
13:27:17:002723 24.780 26.240 13:25:06 5.29 13:25:48 5.89 42 0.61
13:27:20:002723 24.780 26.250 13:25:06 5.29 13:25:54 5.93 48 0.65
13:27:21:002723 24.780 26.250 13:25:06 5.29 13:25:54 5.93 48 0.65
13:27:22:002723 24.780 26.250 13:25:06 5.29 13:25:54 5.93 48 0.65
13:27:25:002723 24.780 26.250 13:25:06 5.29 13:25:57 5.93 51 0.65
13:27:26:002723 24.780 26.250 13:25:06 5.29 13:25:57 5.93 51 0.65
13:28:01:002723 24.780 26.380 13:26:00 5.93 13:26:33 6.46 33 0.52
13:28:06:002723 24.780 26.380 13:26:00 5.93 13:26:39 6.46 39 0.52
13:28:10:002723 24.780 26.380 13:26:00 5.93 13:26:39 6.46 39 0.52
13:28:12:002723 24.780 26.380 13:26:00 5.93 13:26:42 6.46 42 0.52
13:28:19:002723 24.780 26.380 13:26:00 5.93 13:26:51 6.46 51 0.52
13:28:21:002723 24.780 26.380 13:26:00 5.93 13:26:51 6.46 51 0.52
13:28:21:600256 4.670 4.810 13:26:12 2.36 13:26:51 3.00 39 0.64
13:28:23:002723 24.780 26.380 13:26:00 5.93 13:26:54 6.46 54 0.52
13:28:25:002723 24.780 26.400 13:26:00 5.93 13:26:57 6.54 57 0.61
13:28:25:600256 4.670 4.820 13:26:12 2.36 13:26:57 3.21 45 0.86
13:28:27:600256 4.670 4.820 13:26:12 2.36 13:26:57 3.21 45 0.86
13:28:50:600483 11.610 12.060 13:27:00 3.27 13:27:21 3.88 21 0.60
13:28:51:600483 11.610 12.060 13:27:00 3.27 13:27:21 3.88 21 0.60
13:28:53:600483 11.610 12.080 13:27:00 3.27 13:27:24 4.05 24 0.78
13:28:55:600483 11.610 12.080 13:27:00 3.27 13:27:24 4.05 24 0.78
13:28:58:600483 11.610 12.090 13:27:00 3.27 13:27:27 4.13 27 0.86
13:29:05:600483 11.610 12.100 13:27:00 3.27 13:27:36 4.22 36 0.95
13:29:07:600483 11.610 12.100 13:27:00 3.27 13:27:36 4.22 36 0.95
13:30:25:000972 6.560 6.900 13:28:33 4.42 13:28:57 5.18 24 0.76
13:31:59:603003 20.680 21.440 13:30:00 3.00 13:30:30 3.68 30 0.68
13:32:02:603003 20.680 21.440 13:30:00 3.00 13:30:33 3.68 33 0.68
13:32:04:603003 20.680 21.440 13:30:00 3.00 13:30:33 3.68 33 0.68
13:32:06:603003 20.680 21.440 13:30:00 3.00 13:30:36 3.68 36 0.68
13:32:06:601608 5.440 5.620 13:30:03 2.76 13:30:36 3.31 33 0.55
13:32:07:603003 20.680 21.440 13:30:00 3.00 13:30:36 3.68 36 0.68
13:32:07:601608 5.440 5.620 13:30:03 2.76 13:30:36 3.31 33 0.55
13:32:10:603003 20.680 21.440 13:30:00 3.00 13:30:39 3.68 39 0.68
13:32:14:601608 5.440 5.620 13:30:03 2.76 13:30:45 3.31 42 0.55
13:32:15:601608 5.440 5.620 13:30:03 2.76 13:30:45 3.31 42 0.55
13:32:17:603003 20.680 21.500 13:30:00 3.00 13:30:48 3.97 48 0.97
13:32:17:601608 5.440 5.620 13:30:03 2.76 13:30:45 3.31 42 0.55
13:32:19:603003 20.680 21.500 13:30:00 3.00 13:30:48 3.97 48 0.97
13:32:19:601608 5.440 5.620 13:30:03 2.76 13:30:48 3.31 45 0.55
13:32:20:603003 20.680 21.500 13:30:00 3.00 13:30:48 3.97 48 0.97
13:32:20:601608 5.440 5.620 13:30:03 2.76 13:30:48 3.31 45 0.55
13:32:21:603003 20.680 21.500 13:30:00 3.00 13:30:51 3.97 51 0.97
13:32:22:603003 20.680 21.500 13:30:00 3.00 13:30:51 3.97 51 0.97
13:32:23:601608 5.440 5.630 13:30:03 2.76 13:30:54 3.49 51 0.74
13:32:24:601608 5.440 5.630 13:30:03 2.76 13:30:54 3.49 51 0.74
13:32:26:601608 5.440 5.630 13:30:03 2.76 13:30:57 3.49 54 0.74
13:32:28:601608 5.440 5.630 13:30:03 2.76 13:30:57 3.49 54 0.74
13:34:01:601985 7.150 7.380 13:32:00 2.52 13:32:30 3.22 30 0.70
13:34:01:600970 7.620 8.000 13:32:00 4.46 13:32:30 4.99 30 0.52
13:34:03:600970 7.620 8.000 13:32:00 4.46 13:32:33 4.99 33 0.52
13:34:06:601985 7.150 7.390 13:32:00 2.52 13:32:36 3.36 36 0.84
13:34:06:600970 7.620 8.010 13:32:00 4.46 13:32:36 5.12 36 0.66
13:34:09:002130 13.820 14.250 13:32:00 2.60 13:32:39 3.11 39 0.51
13:34:09:601985 7.150 7.390 13:32:00 2.52 13:32:36 3.36 36 0.84
13:34:09:600970 7.620 8.010 13:32:00 4.46 13:32:36 5.12 36 0.66
13:34:12:601985 7.150 7.400 13:32:00 2.52 13:32:42 3.50 42 0.98
13:34:12:600970 7.620 8.030 13:32:00 4.46 13:32:42 5.38 42 0.92
13:34:24:000777 21.500 22.200 13:32:00 2.65 13:32:57 3.26 57 0.60
13:34:24:600970 7.620 8.080 13:32:00 4.46 13:32:54 6.04 54 1.57
13:34:27:002130 13.820 14.300 13:32:00 2.60 13:32:57 3.47 57 0.87
13:34:48:603003 20.680 21.640 13:33:00 4.01 13:33:18 4.64 18 0.63
13:34:52:603003 20.680 21.640 13:33:00 4.01 13:33:21 4.64 21 0.63
13:35:03:603003 20.680 21.650 13:33:00 4.01 13:33:33 4.69 33 0.68
13:35:06:603003 20.680 21.700 13:33:00 4.01 13:33:36 4.93 36 0.92
13:35:09:603003 20.680 21.700 13:33:00 4.01 13:33:39 4.93 39 0.92
13:35:22:603003 20.680 21.820 13:33:00 4.01 13:33:51 5.51 51 1.50
13:35:22:600409 10.520 10.950 13:33:18 3.52 13:33:51 4.09 33 0.57
13:35:25:603003 20.680 21.820 13:33:00 4.01 13:33:54 5.51 54 1.50
13:35:28:603003 20.680 21.820 13:33:00 4.01 13:33:57 5.51 57 1.50
13:36:06:603003 20.680 22.110 13:34:00 6.38 13:34:36 6.91 36 0.53
13:36:07:603003 20.680 22.110 13:34:00 6.38 13:34:36 6.91 36 0.53
13:36:08:603003 20.680 22.110 13:34:00 6.38 13:34:36 6.91 36 0.53
13:36:09:601985 7.150 7.660 13:34:21 5.03 13:34:42 7.13 21 2.10
13:36:09:603003 20.680 22.110 13:34:00 6.38 13:34:36 6.91 36 0.53
13:36:28:601106 4.530 4.660 13:34:00 2.21 13:34:58 2.87 58 0.66
13:36:54:600891 9.570 10.060 13:35:00 4.49 13:35:24 5.12 24 0.63
13:36:57:600891 9.570 10.060 13:35:00 4.49 13:35:24 5.12 24 0.63
13:37:00:600891 9.570 10.080 13:35:00 4.49 13:35:33 5.33 33 0.84
13:37:22:000751 6.030 6.340 13:35:00 4.48 13:35:54 5.14 54 0.66
13:37:25:000751 6.030 6.340 13:35:00 4.48 13:35:57 5.14 57 0.66
13:37:27:000751 6.030 6.340 13:35:00 4.48 13:35:57 5.14 57 0.66
13:37:54:600187 5.160 5.300 13:36:00 2.13 13:36:24 2.71 24 0.58
13:37:57:600187 5.160 5.300 13:36:00 2.13 13:36:27 2.71 27 0.58
13:38:00:600187 5.160 5.300 13:36:00 2.13 13:36:27 2.71 27 0.58
13:38:03:600187 5.160 5.300 13:36:00 2.13 13:36:33 2.71 33 0.58
13:38:06:603003 20.680 22.380 13:36:15 7.35 13:36:39 8.22 24 0.87
13:38:09:603003 20.680 22.380 13:36:15 7.35 13:36:39 8.22 24 0.87
13:38:13:603003 20.680 22.500 13:36:15 7.35 13:36:45 8.80 30 1.45
13:38:42:002182 18.020 18.490 13:37:00 2.05 13:37:12 2.61 12 0.55
13:38:45:002182 18.020 18.490 13:37:00 2.05 13:37:12 2.61 12 0.55
13:38:47:002182 18.020 18.490 13:37:00 2.05 13:37:18 2.61 18 0.55
13:39:18:002213 25.710 26.480 13:37:00 2.49 13:37:48 2.99 48 0.51
13:39:20:002213 25.710 26.490 13:37:00 2.49 13:37:51 3.03 51 0.54
13:39:22:002213 25.710 26.490 13:37:00 2.49 13:37:51 3.03 51 0.54
13:39:24:000922 11.750 12.120 13:37:30 2.55 13:37:57 3.15 27 0.60
13:39:24:002213 25.710 26.490 13:37:00 2.49 13:37:51 3.03 51 0.54
13:39:26:000922 11.750 12.120 13:37:30 2.55 13:37:57 3.15 27 0.60
13:39:27:000922 11.750 12.120 13:37:30 2.55 13:37:57 3.15 27 0.60
13:42:06:600569 3.640 3.750 13:40:06 2.47 13:40:39 3.02 33 0.55
13:42:09:600569 3.640 3.750 13:40:06 2.47 13:40:39 3.02 33 0.55
13:42:14:600569 3.640 3.750 13:40:06 2.47 13:40:45 3.02 39 0.55
13:42:17:600569 3.640 3.750 13:40:06 2.47 13:40:48 3.02 42 0.55
13:42:25:600691 3.950 4.080 13:40:03 2.78 13:40:57 3.29 54 0.51
13:42:26:600691 3.950 4.080 13:40:03 2.78 13:40:57 3.29 54 0.51
13:42:27:600691 3.950 4.080 13:40:03 2.78 13:40:57 3.29 54 0.51
13:44:52:600608 15.920 16.440 13:43:03 2.76 13:43:24 3.27 21 0.50
13:44:53:600608 15.920 16.440 13:43:03 2.76 13:43:24 3.27 21 0.50
13:44:56:600608 15.920 16.440 13:43:03 2.76 13:43:27 3.27 24 0.50
13:44:57:600608 15.920 16.460 13:43:03 2.76 13:43:30 3.39 27 0.63
13:44:58:600608 15.920 16.460 13:43:03 2.76 13:43:30 3.39 27 0.63
13:45:00:600608 15.920 16.480 13:43:03 2.76 13:43:33 3.52 30 0.75
13:45:02:600608 15.920 16.480 13:43:03 2.76 13:43:33 3.52 30 0.75
13:45:04:600608 15.920 16.480 13:43:03 2.76 13:43:36 3.52 33 0.75
13:45:05:600608 15.920 16.480 13:43:03 2.76 13:43:36 3.52 33 0.75
13:45:07:600608 15.920 16.490 13:43:03 2.76 13:43:40 3.58 37 0.82
13:45:08:600608 15.920 16.490 13:43:03 2.76 13:43:40 3.58 37 0.82
13:45:10:600608 15.920 16.490 13:43:03 2.76 13:43:42 3.58 39 0.82
13:45:11:600608 15.920 16.490 13:43:03 2.76 13:43:42 3.58 39 0.82
13:45:18:600608 15.920 16.500 13:43:03 2.76 13:43:48 3.64 45 0.88
13:45:21:600608 15.920 16.500 13:43:03 2.76 13:43:52 3.64 49 0.88
13:45:22:600608 15.920 16.500 13:43:03 2.76 13:43:54 3.64 51 0.88
13:45:24:600608 15.920 16.500 13:43:03 2.76 13:43:54 3.64 51 0.88
13:45:35:600283 12.480 12.990 13:44:00 3.53 13:44:06 4.09 6 0.56
13:45:55:600608 15.920 16.660 13:44:00 4.08 13:44:28 4.65 28 0.57
13:45:57:600608 15.920 16.660 13:44:00 4.08 13:44:28 4.65 28 0.57
13:46:01:600608 15.920 16.730 13:44:00 4.08 13:44:34 5.09 34 1.01
13:46:15:600608 15.920 16.790 13:44:00 4.08 13:44:45 5.46 45 1.38
13:46:17:600608 15.920 16.800 13:44:00 4.08 13:44:48 5.53 48 1.44
13:46:24:600608 15.920 16.800 13:44:00 4.08 13:44:54 5.53 54 1.44
13:46:28:600608 15.920 16.870 13:44:00 4.08 13:44:57 5.97 57 1.88
13:46:58:600608 15.920 16.980 13:45:06 6.03 13:45:31 6.66 25 0.63
13:46:58:600608 15.920 16.980 13:45:06 6.03 13:45:31 6.66 25 0.63
13:47:00:600608 15.920 16.980 13:45:06 6.03 13:45:31 6.66 25 0.63
13:47:06:600608 15.920 16.990 13:45:06 6.03 13:45:37 6.72 31 0.69
13:50:43:600891 9.570 10.080 13:49:01 3.55 13:49:13 4.08 12 0.52
13:50:50:600891 9.570 10.080 13:49:01 3.55 13:49:18 4.28 17 0.73
13:50:50:600877 9.950 10.430 13:49:01 4.32 13:49:18 4.82 17 0.50
13:50:56:600891 9.570 10.080 13:49:01 3.55 13:49:28 4.28 27 0.73
13:50:59:600891 9.570 10.080 13:49:01 3.55 13:49:31 4.28 30 0.73
13:50:59:600877 9.950 10.470 13:49:01 4.32 13:49:31 5.23 30 0.90
13:51:03:600891 9.570 10.080 13:49:01 3.55 13:49:33 4.28 32 0.73
13:51:03:600877 9.950 10.480 13:49:01 4.32 13:49:33 5.33 32 1.01
13:51:06:600891 9.570 10.080 13:49:01 3.55 13:49:36 4.28 35 0.73
13:51:10:600891 9.570 10.080 13:49:01 3.55 13:49:40 4.28 39 0.73
13:51:16:600877 9.950 10.500 13:49:01 4.32 13:49:45 5.53 44 1.21
13:51:21:600877 9.950 10.500 13:49:01 4.32 13:49:52 5.53 51 1.21
13:51:23:600877 9.950 10.500 13:49:01 4.32 13:49:52 5.53 51 1.21
13:51:32:600891 9.570 10.080 13:50:00 3.45 13:50:04 4.18 4 0.73
13:51:34:600891 9.570 10.080 13:50:00 3.45 13:50:04 4.18 4 0.73
13:51:59:600891 9.570 10.080 13:50:00 3.45 13:50:31 3.97 31 0.52
13:52:02:600891 9.570 10.080 13:50:00 3.45 13:50:31 3.97 31 0.52
13:52:05:600877 9.950 10.570 13:50:00 5.73 13:50:37 6.23 37 0.50
13:52:07:600877 9.950 10.570 13:50:00 5.73 13:50:37 6.23 37 0.50
13:52:19:600877 9.950 10.590 13:50:00 5.73 13:50:52 6.43 52 0.70
13:52:22:600877 9.950 10.590 13:50:00 5.73 13:50:52 6.43 52 0.70
13:52:53:603002 6.580 6.800 13:51:07 2.58 13:51:25 3.34 18 0.76
13:53:17:603002 6.580 6.800 13:51:07 2.58 13:51:49 3.34 42 0.76
13:53:19:603002 6.580 6.800 13:51:07 2.58 13:51:49 3.34 42 0.76
13:54:36:603606 15.760 16.300 13:53:01 2.86 13:53:06 3.43 5 0.57
13:54:38:603606 15.760 16.300 13:53:01 2.86 13:53:06 3.43 5 0.57
13:54:41:603606 15.760 16.300 13:53:01 2.86 13:53:13 3.43 12 0.57
13:54:44:603606 15.760 16.300 13:53:01 2.86 13:53:13 3.43 12 0.57
13:54:52:603606 15.760 16.300 13:53:01 2.86 13:53:22 3.43 21 0.57
13:54:55:603606 15.760 16.300 13:53:01 2.86 13:53:22 3.43 21 0.57
13:55:11:603606 15.760 16.350 13:53:01 2.86 13:53:45 3.74 44 0.89
13:55:15:603606 15.760 16.350 13:53:01 2.86 13:53:45 3.74 44 0.89
13:56:10:600962 17.750 18.300 13:54:01 2.54 13:54:42 3.10 41 0.56
13:56:20:600962 17.750 18.330 13:54:01 2.54 13:54:51 3.27 50 0.73
13:56:20:000810 13.260 13.700 13:54:00 2.79 13:54:48 3.32 48 0.53
13:56:25:000810 13.260 13.740 13:54:00 2.79 13:54:54 3.62 54 0.83
13:56:41:000810 13.260 13.890 13:55:00 4.07 13:55:12 4.75 12 0.68
13:56:52:000810 13.260 13.900 13:55:00 4.07 13:55:21 4.83 21 0.75
13:56:57:000810 13.260 13.950 13:55:00 4.07 13:55:27 5.20 27 1.13
13:57:01:600558 5.660 5.880 13:55:09 3.36 13:55:33 3.89 24 0.53
13:57:01:000810 13.260 13.970 13:55:00 4.07 13:55:33 5.35 33 1.28
13:57:05:600558 5.660 5.880 13:55:09 3.36 13:55:36 3.89 27 0.53
13:57:05:000810 13.260 13.980 13:55:00 4.07 13:55:36 5.43 36 1.36
13:57:08:600558 5.660 5.890 13:55:09 3.36 13:55:39 4.06 30 0.71
13:57:08:000810 13.260 13.990 13:55:00 4.07 13:55:39 5.51 39 1.43
13:57:10:600558 5.660 5.890 13:55:09 3.36 13:55:39 4.06 30 0.71
13:57:10:000810 13.260 14.030 13:55:00 4.07 13:55:42 5.81 42 1.73
13:57:13:600558 5.660 5.890 13:55:09 3.36 13:55:45 4.06 36 0.71
13:57:17:000810 13.260 14.450 13:55:00 4.07 13:55:48 8.97 48 4.90
13:57:20:600558 5.660 5.900 13:55:09 3.36 13:55:51 4.24 42 0.88
13:57:30:600558 5.660 5.900 13:55:09 3.36 13:55:57 4.24 48 0.88
14:01:16:002635 37.320 38.580 13:59:21 2.84 13:59:48 3.38 27 0.54
14:01:24:002635 37.320 38.580 13:59:21 2.84 13:59:54 3.38 33 0.54
14:01:30:002635 37.320 38.590 13:59:21 2.84 13:59:57 3.40 36 0.56
14:02:10:600348 7.130 7.380 14:00:00 2.95 14:00:43 3.51 43 0.56
14:02:18:600348 7.130 7.380 14:00:00 2.95 14:00:49 3.51 49 0.56
14:02:24:600348 7.130 7.390 14:00:00 2.95 14:00:55 3.65 55 0.70
14:02:24:600891 9.570 10.080 14:00:00 3.24 14:00:58 3.76 58 0.52
14:02:26:600558 5.660 6.030 14:00:25 4.95 14:00:58 6.54 33 1.59
14:02:26:600891 9.570 10.080 14:00:00 3.24 14:00:58 3.76 58 0.52
14:02:50:600780 5.770 5.930 14:01:04 2.25 14:01:22 2.77 18 0.52
14:02:52:600558 5.660 6.090 14:01:07 6.54 14:01:25 7.60 18 1.06
14:02:52:600780 5.770 5.930 14:01:04 2.25 14:01:25 2.77 21 0.52
14:02:55:600780 5.770 5.940 14:01:04 2.25 14:01:28 2.95 24 0.69
14:02:55:002006 9.880 10.250 14:01:00 3.24 14:01:27 3.74 27 0.51
14:02:57:600780 5.770 5.940 14:01:04 2.25 14:01:31 2.95 27 0.69
14:02:59:600780 5.770 5.940 14:01:04 2.25 14:01:31 2.95 27 0.69
14:03:02:002006 9.880 10.260 14:01:00 3.24 14:01:33 3.85 33 0.61
14:03:04:600558 5.660 6.110 14:01:07 6.54 14:01:37 7.95 30 1.41
14:03:04:002006 9.880 10.260 14:01:00 3.24 14:01:36 3.85 36 0.61
14:03:06:600558 5.660 6.120 14:01:07 6.54 14:01:40 8.13 33 1.59
14:03:06:600780 5.770 5.970 14:01:04 2.25 14:01:40 3.47 36 1.21
14:03:08:600558 5.660 6.120 14:01:07 6.54 14:01:40 8.13 33 1.59
14:03:08:600780 5.770 5.970 14:01:04 2.25 14:01:40 3.47 36 1.21
14:03:10:600780 5.770 5.970 14:01:04 2.25 14:01:43 3.47 39 1.21
14:03:13:002207 17.680 18.610 14:01:00 4.41 14:01:45 5.26 45 0.85
14:03:13:600780 5.770 5.970 14:01:04 2.25 14:01:43 3.47 39 1.21
14:03:15:002207 17.680 18.610 14:01:00 4.41 14:01:48 5.26 48 0.85
14:03:15:600780 5.770 5.980 14:01:04 2.25 14:01:49 3.64 45 1.39
14:03:15:002006 9.880 10.290 14:01:00 3.24 14:01:48 4.15 48 0.91
14:03:17:002207 17.680 18.610 14:01:00 4.41 14:01:48 5.26 48 0.85
14:03:17:600780 5.770 5.980 14:01:04 2.25 14:01:49 3.64 45 1.39
14:03:17:002006 9.880 10.290 14:01:00 3.24 14:01:48 4.15 48 0.91
14:03:20:002207 17.680 18.650 14:01:00 4.41 14:01:51 5.49 51 1.07
14:03:20:600780 5.770 5.990 14:01:04 2.25 14:01:52 3.81 48 1.56
14:03:20:002006 9.880 10.300 14:01:00 3.24 14:01:51 4.25 51 1.01
14:03:21:002207 17.680 18.650 14:01:00 4.41 14:01:51 5.49 51 1.07
14:03:21:600780 5.770 5.990 14:01:04 2.25 14:01:52 3.81 48 1.56
14:03:21:002006 9.880 10.300 14:01:00 3.24 14:01:54 4.25 54 1.01
14:03:23:002207 17.680 18.650 14:01:00 4.41 14:01:51 5.49 51 1.07
14:03:23:600780 5.770 5.990 14:01:04 2.25 14:01:52 3.81 48 1.56
14:03:23:002006 9.880 10.300 14:01:00 3.24 14:01:54 4.25 54 1.01
14:03:25:002207 17.680 18.650 14:01:00 4.41 14:01:51 5.49 51 1.07
14:03:25:600780 5.770 5.990 14:01:04 2.25 14:01:58 3.81 54 1.56
14:03:25:002006 9.880 10.300 14:01:00 3.24 14:01:57 4.25 57 1.01
14:03:28:002207 17.680 18.680 14:01:00 4.41 14:01:57 5.66 57 1.24
14:03:47:600780 5.770 6.030 14:02:01 3.81 14:02:19 4.51 18 0.69
14:04:58:002012 14.710 15.230 14:03:00 2.99 14:03:30 3.54 30 0.54
14:04:58:000996 26.060 27.150 14:03:03 3.61 14:03:30 4.18 27 0.58
14:05:00:002012 14.710 15.250 14:03:00 2.99 14:03:33 3.67 33 0.68
14:05:02:002012 14.710 15.250 14:03:00 2.99 14:03:33 3.67 33 0.68
14:05:02:000996 26.060 27.240 14:03:03 3.61 14:03:36 4.53 33 0.92
14:05:06:002012 14.710 15.280 14:03:00 2.99 14:03:36 3.87 36 0.88
14:05:06:000996 26.060 27.240 14:03:03 3.61 14:03:36 4.53 33 0.92
14:05:09:000996 26.060 27.240 14:03:03 3.61 14:03:42 4.53 39 0.92
14:06:04:002386 8.310 8.590 14:04:30 2.77 14:04:36 3.37 6 0.60
14:06:11:002386 8.310 8.600 14:04:30 2.77 14:04:42 3.49 12 0.72
14:06:14:002386 8.310 8.600 14:04:30 2.77 14:04:45 3.49 15 0.72
14:06:19:002386 8.310 8.600 14:04:30 2.77 14:04:48 3.49 18 0.72
14:06:22:002207 17.680 19.050 14:04:42 6.90 14:04:54 7.75 12 0.85
14:06:22:002386 8.310 8.600 14:04:30 2.77 14:04:54 3.49 24 0.72
14:06:26:002207 17.680 19.050 14:04:42 6.90 14:04:54 7.75 12 0.85
14:06:26:002386 8.310 8.600 14:04:30 2.77 14:04:54 3.49 24 0.72
14:06:26:600780 5.770 6.070 14:04:40 4.51 14:04:58 5.20 18 0.69
14:06:51:002283 7.900 8.160 14:05:00 2.78 14:05:21 3.29 21 0.51
14:06:51:600249 11.460 12.160 14:05:04 5.50 14:05:22 6.11 18 0.61
14:06:52:002283 7.900 8.160 14:05:00 2.78 14:05:24 3.29 24 0.51
14:06:52:600249 11.460 12.160 14:05:04 5.50 14:05:22 6.11 18 0.61
14:06:57:002064 5.320 5.460 14:05:00 2.07 14:05:27 2.63 27 0.56
14:06:57:002283 7.900 8.160 14:05:00 2.78 14:05:27 3.29 27 0.51
14:06:57:600249 11.460 12.160 14:05:04 5.50 14:05:28 6.11 24 0.61
14:06:59:002064 5.320 5.460 14:05:00 2.07 14:05:30 2.63 30 0.56
14:06:59:600249 11.460 12.180 14:05:04 5.50 14:05:31 6.28 27 0.79
14:07:03:002064 5.320 5.460 14:05:00 2.07 14:05:33 2.63 33 0.56
14:07:03:002283 7.900 8.170 14:05:00 2.78 14:05:33 3.42 33 0.63
14:07:03:600249 11.460 12.180 14:05:04 5.50 14:05:34 6.28 30 0.79
14:07:05:002064 5.320 5.470 14:05:00 2.07 14:05:36 2.82 36 0.75
14:07:05:600249 11.460 12.180 14:05:04 5.50 14:05:34 6.28 30 0.79
14:07:07:600249 11.460 12.190 14:05:04 5.50 14:05:37 6.37 33 0.87
14:07:16:002283 7.900 8.180 14:05:00 2.78 14:05:42 3.54 42 0.76
14:07:16:600780 5.770 6.100 14:05:01 5.20 14:05:46 5.72 45 0.52
14:07:16:000576 14.050 14.570 14:05:00 3.13 14:05:45 3.70 45 0.57
14:07:18:002064 5.320 5.480 14:05:00 2.07 14:05:48 3.01 48 0.94
14:07:18:002283 7.900 8.190 14:05:00 2.78 14:05:48 3.67 48 0.89
14:07:18:000576 14.050 14.570 14:05:00 3.13 14:05:51 3.70 51 0.57
14:07:18:600249 11.460 12.200 14:05:04 5.50 14:05:49 6.46 45 0.96
14:07:19:000576 14.050 14.570 14:05:00 3.13 14:05:51 3.70 51 0.57
14:07:19:600249 11.460 12.230 14:05:04 5.50 14:05:52 6.72 48 1.22
14:07:21:002386 8.310 8.660 14:05:00 3.61 14:05:54 4.21 54 0.60
14:07:21:002064 5.320 5.480 14:05:00 2.07 14:05:54 3.01 54 0.94
14:07:21:600249 11.460 12.230 14:05:04 5.50 14:05:52 6.72 48 1.22
14:07:22:002386 8.310 8.660 14:05:00 3.61 14:05:54 4.21 54 0.60
14:07:22:002064 5.320 5.480 14:05:00 2.07 14:05:54 3.01 54 0.94
14:07:22:600249 11.460 12.230 14:05:04 5.50 14:05:55 6.72 51 1.22
14:07:23:002386 8.310 8.670 14:05:00 3.61 14:05:57 4.33 57 0.72
14:07:23:002064 5.320 5.480 14:05:00 2.07 14:05:57 3.01 57 0.94
14:07:23:000576 14.050 14.580 14:05:00 3.13 14:05:57 3.77 57 0.64
14:07:23:600249 11.460 12.230 14:05:04 5.50 14:05:55 6.72 51 1.22
14:07:24:002386 8.310 8.670 14:05:00 3.61 14:05:57 4.33 57 0.72
14:07:24:002064 5.320 5.480 14:05:00 2.07 14:05:57 3.01 57 0.94
14:07:24:000576 14.050 14.580 14:05:00 3.13 14:05:57 3.77 57 0.64
14:07:24:600249 11.460 12.230 14:05:04 5.50 14:05:55 6.72 51 1.22
14:07:27:002386 8.310 8.670 14:05:00 3.61 14:05:57 4.33 57 0.72
14:07:27:002064 5.320 5.480 14:05:00 2.07 14:05:57 3.01 57 0.94
14:07:27:000576 14.050 14.580 14:05:00 3.13 14:05:57 3.77 57 0.64
14:07:55:600780 5.770 6.140 14:06:01 5.72 14:06:25 6.41 24 0.69
14:07:58:600209 11.910 12.380 14:06:04 3.27 14:06:28 3.95 24 0.67
14:08:04:000576 14.050 14.680 14:06:03 3.84 14:06:33 4.48 30 0.64
14:08:14:000576 14.050 14.750 14:06:03 3.84 14:06:45 4.98 42 1.14
14:08:16:000576 14.050 14.750 14:06:03 3.84 14:06:45 4.98 42 1.14
14:08:21:000576 14.050 14.760 14:06:03 3.84 14:06:51 5.05 48 1.21
14:08:24:000576 14.050 14.790 14:06:03 3.84 14:06:57 5.27 54 1.42
14:08:24:600249 11.460 12.340 14:06:10 7.07 14:06:55 7.68 45 0.61
14:08:25:000576 14.050 14.790 14:06:03 3.84 14:06:57 5.27 54 1.42
14:08:25:600249 11.460 12.340 14:06:10 7.07 14:06:55 7.68 45 0.61
14:09:20:002205 30.200 31.180 14:07:00 2.58 14:07:48 3.25 48 0.66
14:09:39:000576 14.050 15.000 14:08:03 5.91 14:08:09 6.76 6 0.85
14:09:46:000576 14.050 15.030 14:08:03 5.91 14:08:15 6.98 12 1.07
14:09:52:000576 14.050 15.030 14:08:03 5.91 14:08:21 6.98 18 1.07
14:10:03:000576 14.050 15.090 14:08:03 5.91 14:08:33 7.40 30 1.49
14:10:06:000576 14.050 15.230 14:08:03 5.91 14:08:36 8.40 33 2.49
14:10:09:000576 14.050 15.280 14:08:03 5.91 14:08:39 8.75 36 2.85
14:10:14:000576 14.050 15.300 14:08:03 5.91 14:08:42 8.90 39 2.99
14:10:18:000576 14.050 15.300 14:08:03 5.91 14:08:48 8.90 45 2.99
14:10:59:002700 13.150 13.620 14:09:06 3.04 14:09:30 3.57 24 0.53
14:11:00:002700 13.150 13.660 14:09:06 3.04 14:09:33 3.88 27 0.84
14:11:02:002700 13.150 13.660 14:09:06 3.04 14:09:33 3.88 27 0.84
14:11:14:002700 13.150 13.700 14:09:06 3.04 14:09:45 4.18 39 1.14
14:11:15:002700 13.150 13.700 14:09:06 3.04 14:09:45 4.18 39 1.14
14:11:18:002700 13.150 13.750 14:09:06 3.04 14:09:51 4.56 45 1.52
14:11:18:000953 13.910 14.270 14:09:36 2.08 14:09:51 2.59 15 0.50
14:11:19:002700 13.150 13.750 14:09:06 3.04 14:09:51 4.56 45 1.52
14:11:19:000953 13.910 14.270 14:09:36 2.08 14:09:51 2.59 15 0.50
14:11:20:000953 13.910 14.270 14:09:36 2.08 14:09:54 2.59 18 0.50
14:11:22:000953 13.910 14.270 14:09:36 2.08 14:09:54 2.59 18 0.50
14:11:23:601798 13.940 14.580 14:09:04 4.02 14:09:55 4.59 51 0.57
14:11:23:000953 13.910 14.280 14:09:36 2.08 14:09:57 2.66 21 0.58
14:11:24:002700 13.150 13.800 14:09:06 3.04 14:09:57 4.94 51 1.90
14:11:24:601798 13.940 14.580 14:09:04 4.02 14:09:55 4.59 51 0.57
14:11:24:000953 13.910 14.280 14:09:36 2.08 14:09:57 2.66 21 0.58
14:11:26:002700 13.150 13.800 14:09:06 3.04 14:09:57 4.94 51 1.90
14:11:27:002700 13.150 13.800 14:09:06 3.04 14:09:57 4.94 51 1.90
14:11:28:002700 13.150 13.800 14:09:06 3.04 14:09:57 4.94 51 1.90
14:14:22:002006 9.880 10.440 14:12:18 4.76 14:12:48 5.67 30 0.91
14:14:26:000953 13.910 14.450 14:12:36 3.09 14:12:57 3.88 21 0.79
14:14:26:002006 9.880 10.480 14:12:18 4.76 14:12:57 6.07 39 1.32
14:14:57:002166 14.350 15.250 14:13:09 5.51 14:13:30 6.27 21 0.77
14:14:58:002166 14.350 15.250 14:13:09 5.51 14:13:30 6.27 21 0.77
14:15:00:002166 14.350 15.250 14:13:09 5.51 14:13:30 6.27 21 0.77
14:15:05:002166 14.350 15.320 14:13:09 5.51 14:13:36 6.76 27 1.25
14:16:03:600789 10.660 10.970 14:14:00 2.25 14:14:36 2.91 36 0.66
14:16:03:600789 10.660 10.970 14:14:00 2.25 14:14:36 2.91 36 0.66
14:16:05:600789 10.660 10.970 14:14:00 2.25 14:14:36 2.91 36 0.66
14:16:10:600789 10.660 10.970 14:14:00 2.25 14:14:40 2.91 40 0.66
14:16:13:002191 10.000 10.320 14:14:15 2.50 14:14:45 3.20 30 0.70
14:16:13:600789 10.660 10.970 14:14:00 2.25 14:14:45 2.91 45 0.66
14:16:16:002191 10.000 10.320 14:14:15 2.50 14:14:45 3.20 30 0.70
14:16:18:002191 10.000 10.330 14:14:15 2.50 14:14:51 3.30 36 0.80
14:16:18:600789 10.660 10.980 14:14:00 2.25 14:14:51 3.00 51 0.75
14:16:23:002191 10.000 10.330 14:14:15 2.50 14:14:51 3.30 36 0.80
14:16:24:002191 10.000 10.340 14:14:15 2.50 14:14:57 3.40 42 0.90
14:16:26:002191 10.000 10.340 14:14:15 2.50 14:14:57 3.40 42 0.90
14:16:47:600748 8.160 8.470 14:15:03 2.94 14:15:18 3.80 15 0.86
14:16:54:600748 8.160 8.580 14:15:03 2.94 14:15:27 5.15 24 2.21
14:16:55:600748 8.160 8.580 14:15:03 2.94 14:15:27 5.15 24 2.21
14:16:57:600748 8.160 8.580 14:15:03 2.94 14:15:30 5.15 27 2.21
14:16:58:600748 8.160 8.580 14:15:03 2.94 14:15:30 5.15 27 2.21
14:17:01:600748 8.160 8.610 14:15:03 2.94 14:15:33 5.51 30 2.57
14:17:03:002166 14.350 15.480 14:15:21 6.83 14:15:36 7.87 15 1.05
14:17:03:600748 8.160 8.610 14:15:03 2.94 14:15:33 5.51 30 2.57
14:17:04:002166 14.350 15.480 14:15:21 6.83 14:15:36 7.87 15 1.05
14:17:04:600748 8.160 8.610 14:15:03 2.94 14:15:33 5.51 30 2.57
14:17:06:002166 14.350 15.480 14:15:21 6.83 14:15:36 7.87 15 1.05
14:17:56:600789 10.660 11.070 14:16:00 3.19 14:16:27 3.85 27 0.66
14:18:02:600789 10.660 11.080 14:16:00 3.19 14:16:33 3.94 33 0.75
14:18:04:600789 10.660 11.080 14:16:00 3.19 14:16:33 3.94 33 0.75
14:18:16:600789 10.660 11.120 14:16:00 3.19 14:16:48 4.32 48 1.13
14:18:22:600789 10.660 11.130 14:16:00 3.19 14:16:54 4.41 54 1.22
14:19:11:002213 25.710 26.680 14:17:00 3.27 14:17:27 3.77 27 0.51
14:19:12:002213 25.710 26.720 14:17:00 3.27 14:17:45 3.93 45 0.66
14:19:13:002213 25.710 26.720 14:17:00 3.27 14:17:45 3.93 45 0.66
14:19:16:002213 25.710 26.750 14:17:00 3.27 14:17:48 4.05 48 0.78
14:19:19:002213 25.710 26.750 14:17:00 3.27 14:17:48 4.05 48 0.78
14:19:21:002213 25.710 26.760 14:17:00 3.27 14:17:51 4.08 51 0.82
14:20:04:002213 25.710 26.950 14:18:00 4.16 14:18:33 4.82 33 0.66
14:20:06:002213 25.710 26.950 14:18:00 4.16 14:18:36 4.82 36 0.66
14:20:08:002213 25.710 26.950 14:18:00 4.16 14:18:39 4.82 39 0.66
14:20:10:002213 25.710 26.990 14:18:00 4.16 14:18:42 4.98 42 0.82
14:20:12:002213 25.710 26.990 14:18:00 4.16 14:18:42 4.98 42 0.82
14:20:14:002213 25.710 26.990 14:18:00 4.16 14:18:45 4.98 45 0.82
14:20:18:002213 25.710 26.990 14:18:00 4.16 14:18:48 4.98 48 0.82
14:20:21:002213 25.710 26.990 14:18:00 4.16 14:18:51 4.98 51 0.82
14:20:26:002213 25.710 27.000 14:18:00 4.16 14:18:57 5.02 57 0.86
14:21:14:002297 12.890 13.750 14:19:36 5.97 14:19:45 6.67 9 0.70
14:21:17:002297 12.890 13.750 14:19:36 5.97 14:19:48 6.67 12 0.70
14:21:17:600838 17.280 17.780 14:19:31 2.37 14:19:49 2.89 18 0.52
14:21:22:002297 12.890 13.780 14:19:36 5.97 14:19:51 6.90 15 0.93
14:21:22:600838 17.280 17.800 14:19:31 2.37 14:19:52 3.01 21 0.64
14:21:24:002297 12.890 13.790 14:19:36 5.97 14:19:54 6.98 18 1.01
14:21:24:600838 17.280 17.800 14:19:31 2.37 14:19:55 3.01 24 0.64
14:21:27:002041 18.070 18.550 14:19:06 2.10 14:19:57 2.66 51 0.55
14:21:27:002297 12.890 13.800 14:19:36 5.97 14:19:57 7.06 21 1.09
14:21:35:002642 19.000 19.750 14:20:00 3.42 14:20:06 3.95 6 0.53
14:21:36:002642 19.000 19.750 14:20:00 3.42 14:20:06 3.95 6 0.53
14:21:41:002297 12.890 13.870 14:20:00 7.06 14:20:15 7.60 15 0.54
14:21:41:002642 19.000 19.780 14:20:00 3.42 14:20:12 4.11 12 0.68
14:21:43:002297 12.890 13.870 14:20:00 7.06 14:20:15 7.60 15 0.54
14:21:43:002642 19.000 19.780 14:20:00 3.42 14:20:15 4.11 15 0.68
14:21:45:002297 12.890 13.870 14:20:00 7.06 14:20:15 7.60 15 0.54
14:21:45:002642 19.000 19.790 14:20:00 3.42 14:20:18 4.16 18 0.74
14:21:47:002642 19.000 19.790 14:20:00 3.42 14:20:18 4.16 18 0.74
14:21:53:002297 12.890 13.880 14:20:00 7.06 14:20:24 7.68 24 0.62
14:21:55:002297 12.890 13.880 14:20:00 7.06 14:20:24 7.68 24 0.62
14:21:55:002642 19.000 19.870 14:20:00 3.42 14:20:27 4.58 27 1.16
14:21:58:002297 12.890 13.890 14:20:00 7.06 14:20:27 7.76 27 0.70
14:21:58:002642 19.000 19.870 14:20:00 3.42 14:20:27 4.58 27 1.16
14:22:03:002297 12.890 13.890 14:20:00 7.06 14:20:33 7.76 33 0.70
14:22:04:002297 12.890 13.890 14:20:00 7.06 14:20:36 7.76 36 0.70
14:22:06:002297 12.890 13.890 14:20:00 7.06 14:20:36 7.76 36 0.70
14:22:09:002297 12.890 13.890 14:20:00 7.06 14:20:39 7.76 39 0.70
14:22:20:600838 17.280 17.950 14:20:13 3.30 14:20:52 3.88 39 0.58
14:22:21:600128 14.750 15.200 14:20:13 2.51 14:20:55 3.05 42 0.54
14:22:21:600838 17.280 17.950 14:20:13 3.30 14:20:52 3.88 39 0.58
14:22:23:600128 14.750 15.200 14:20:13 2.51 14:20:55 3.05 42 0.54
14:22:24:600128 14.750 15.200 14:20:13 2.51 14:20:58 3.05 45 0.54
14:22:27:600128 14.750 15.200 14:20:13 2.51 14:20:58 3.05 45 0.54
14:22:27:600838 17.280 17.960 14:20:13 3.30 14:20:58 3.94 45 0.64
14:23:58:600891 9.570 10.080 14:22:04 2.19 14:22:31 2.72 27 0.52
14:23:59:600891 9.570 10.080 14:22:04 2.19 14:22:31 2.72 27 0.52
14:24:12:600891 9.570 10.080 14:22:04 2.19 14:22:43 2.72 39 0.52
14:24:14:600891 9.570 10.080 14:22:04 2.19 14:22:46 2.82 42 0.63
14:24:16:600891 9.570 10.080 14:22:04 2.19 14:22:49 2.82 45 0.63
14:24:18:600891 9.570 10.080 14:22:04 2.19 14:22:49 2.82 45 0.63
14:24:20:600891 9.570 10.080 14:22:04 2.19 14:22:52 2.82 48 0.63
14:24:24:600891 9.570 10.080 14:22:04 2.19 14:22:55 2.93 51 0.73
14:24:26:600891 9.570 10.080 14:22:04 2.19 14:22:58 2.82 54 0.63
14:26:23:601669 7.500 7.700 14:24:28 2.00 14:24:55 2.67 27 0.67
14:26:26:601669 7.500 7.720 14:24:28 2.00 14:24:58 2.93 30 0.93
14:26:28:601669 7.500 7.720 14:24:28 2.00 14:24:58 2.93 30 0.93
14:27:26:002012 14.710 15.380 14:25:27 3.87 14:25:57 4.55 30 0.68
14:27:57:600248 7.380 7.790 14:26:01 5.01 14:26:28 5.56 27 0.54
14:28:00:600248 7.380 7.790 14:26:01 5.01 14:26:28 5.56 27 0.54
14:28:15:600248 7.380 7.790 14:26:01 5.01 14:26:43 5.56 42 0.54
14:28:18:600248 7.380 7.790 14:26:01 5.01 14:26:43 5.56 42 0.54
14:29:07:600509 8.040 8.380 14:27:19 3.48 14:27:37 4.23 18 0.75
14:29:09:600509 8.040 8.380 14:27:19 3.48 14:27:40 4.23 21 0.75
14:29:11:600509 8.040 8.380 14:27:19 3.48 14:27:40 4.23 21 0.75
14:29:13:601798 13.940 14.750 14:27:07 5.31 14:27:46 5.81 39 0.50
14:29:13:600509 8.040 8.400 14:27:19 3.48 14:27:46 4.48 27 1.00
14:29:13:600276 47.900 49.260 14:27:01 2.25 14:27:46 2.84 45 0.58
14:29:15:601798 13.940 14.750 14:27:07 5.31 14:27:46 5.81 39 0.50
14:29:15:600509 8.040 8.400 14:27:19 3.48 14:27:46 4.48 27 1.00
14:29:15:600276 47.900 49.260 14:27:01 2.25 14:27:46 2.84 45 0.58
14:29:20:002230 29.350 30.130 14:27:12 2.15 14:27:51 2.66 39 0.51
14:29:22:002230 29.350 30.150 14:27:12 2.15 14:27:54 2.73 42 0.58
14:29:22:600509 8.040 8.410 14:27:19 3.48 14:27:52 4.60 33 1.12
14:29:22:600276 47.900 49.290 14:27:01 2.25 14:27:52 2.90 51 0.65
14:29:24:002230 29.350 30.150 14:27:12 2.15 14:27:54 2.73 42 0.58
14:29:24:600891 9.570 10.080 14:27:04 3.13 14:27:55 3.66 51 0.52
14:29:24:601798 13.940 14.770 14:27:07 5.31 14:27:55 5.95 48 0.65
14:29:24:600509 8.040 8.430 14:27:19 3.48 14:27:55 4.85 36 1.37
14:29:26:600891 9.570 10.080 14:27:04 3.13 14:27:58 3.66 54 0.52
14:29:26:601798 13.940 14.770 14:27:07 5.31 14:27:58 5.95 51 0.65
14:29:26:600509 8.040 8.450 14:27:19 3.48 14:27:58 5.10 39 1.62
14:29:29:600509 8.040 8.450 14:27:19 3.48 14:27:58 5.10 39 1.62
14:29:55:600509 8.040 8.550 14:28:04 5.35 14:28:25 6.34 21 1.00
14:30:00:600509 8.040 8.590 14:28:04 5.35 14:28:31 6.84 27 1.49
14:30:02:600509 8.040 8.590 14:28:04 5.35 14:28:34 6.84 30 1.49
14:30:04:600509 8.040 8.590 14:28:04 5.35 14:28:34 6.84 30 1.49
14:30:08:600586 4.760 4.910 14:28:04 2.52 14:28:40 3.15 36 0.63
14:30:10:600586 4.760 4.910 14:28:04 2.52 14:28:40 3.15 36 0.63
14:30:12:600586 4.760 4.910 14:28:04 2.52 14:28:40 3.15 36 0.63
14:30:12:600509 8.040 8.600 14:28:04 5.35 14:28:43 6.97 39 1.62
14:30:16:600586 4.760 4.910 14:28:04 2.52 14:28:49 3.15 45 0.63
14:30:18:600586 4.760 4.910 14:28:04 2.52 14:28:49 3.15 45 0.63
14:30:22:600586 4.760 4.950 14:28:04 2.52 14:28:52 3.99 48 1.47
14:30:22:600573 15.180 15.730 14:28:04 3.10 14:28:52 3.62 48 0.53
14:30:26:600573 15.180 15.790 14:28:04 3.10 14:28:58 4.02 54 0.92
14:30:28:600573 15.180 15.790 14:28:04 3.10 14:28:58 4.02 54 0.92
14:33:22:002697 8.130 8.590 14:31:15 4.43 14:31:54 5.66 39 1.23
14:34:29:600159 5.360 5.510 14:32:18 2.24 14:32:58 2.80 40 0.56
14:34:44:600159 5.360 5.540 14:33:03 2.80 14:33:15 3.36 12 0.56
14:34:46:600159 5.360 5.540 14:33:03 2.80 14:33:18 3.36 15 0.56
14:34:50:600159 5.360 5.550 14:33:03 2.80 14:33:21 3.54 18 0.75
14:34:58:600159 5.360 5.560 14:33:03 2.80 14:33:30 3.73 27 0.93
14:35:15:600393 14.980 15.390 14:33:33 2.07 14:33:48 2.74 15 0.67
14:35:18:600393 14.980 15.390 14:33:33 2.07 14:33:48 2.74 15 0.67
14:35:18:000514 13.780 14.230 14:33:24 2.76 14:33:48 3.27 24 0.51
14:35:26:600573 15.180 15.890 14:33:48 4.08 14:33:57 4.68 9 0.59
14:35:41:600573 15.180 15.980 14:34:00 4.74 14:34:12 5.27 12 0.53
14:35:46:600573 15.180 15.980 14:34:00 4.74 14:34:18 5.27 18 0.53
14:35:48:600573 15.180 15.980 14:34:00 4.74 14:34:21 5.27 21 0.53
14:35:50:600573 15.180 15.980 14:34:00 4.74 14:34:21 5.27 21 0.53
14:35:54:600573 15.180 16.050 14:34:00 4.74 14:34:27 5.73 27 0.99
14:35:56:600573 15.180 16.050 14:34:00 4.74 14:34:27 5.73 27 0.99
14:36:00:600573 15.180 16.050 14:34:00 4.74 14:34:27 5.73 27 0.99
14:36:16:000514 13.780 14.340 14:34:03 3.34 14:34:48 4.06 45 0.73
14:36:19:000514 13.780 14.340 14:34:03 3.34 14:34:51 4.06 48 0.73
14:36:23:000514 13.780 14.400 14:34:03 3.34 14:34:54 4.50 51 1.16
14:37:15:600282 3.900 4.020 14:35:00 2.56 14:35:48 3.08 48 0.51
14:37:17:600282 3.900 4.020 14:35:00 2.56 14:35:48 3.08 48 0.51
14:37:24:600282 3.900 4.020 14:35:00 2.56 14:35:57 3.08 57 0.51
14:37:26:600282 3.900 4.020 14:35:00 2.56 14:35:57 3.08 57 0.51
14:39:26:600281 8.860 9.600 14:37:36 7.79 14:37:57 8.35 21 0.56
14:39:53:600281 8.860 9.650 14:38:00 8.35 14:38:25 8.92 25 0.56
14:39:55:600281 8.860 9.650 14:38:00 8.35 14:38:27 8.92 27 0.56
14:39:59:600281 8.860 9.650 14:38:00 8.35 14:38:31 8.92 31 0.56
14:40:02:600281 8.860 9.650 14:38:00 8.35 14:38:34 8.92 34 0.56
14:40:04:600281 8.860 9.650 14:38:00 8.35 14:38:34 8.92 34 0.56
14:40:08:600281 8.860 9.650 14:38:00 8.35 14:38:40 8.92 40 0.56
14:41:24:000039 16.580 17.180 14:39:39 3.02 14:39:57 3.62 18 0.60
14:41:28:000039 16.580 17.180 14:39:39 3.02 14:39:57 3.62 18 0.60
14:42:56:000415 7.040 7.250 14:41:00 2.41 14:41:27 2.98 27 0.57
14:43:00:000415 7.040 7.250 14:41:00 2.41 14:41:27 2.98 27 0.57
14:43:08:600891 9.570 10.080 14:41:01 4.28 14:41:40 5.33 39 1.04
14:43:10:600891 9.570 10.080 14:41:01 4.28 14:41:40 5.33 39 1.04
14:43:18:000415 7.040 7.260 14:41:00 2.41 14:41:45 3.12 45 0.71
14:43:24:600381 18.300 19.150 14:41:31 3.88 14:41:55 4.64 24 0.77
14:43:24:600891 9.570 10.100 14:41:01 4.28 14:41:55 5.54 54 1.25
14:43:26:600381 18.300 19.160 14:41:31 3.88 14:41:58 4.70 27 0.82
14:45:05:601116 39.880 41.140 14:43:01 2.61 14:43:37 3.16 36 0.55
14:45:07:601116 39.880 41.140 14:43:01 2.61 14:43:37 3.16 36 0.55
14:45:09:601116 39.880 41.140 14:43:01 2.61 14:43:37 3.16 36 0.55
14:45:12:601116 39.880 41.200 14:43:01 2.61 14:43:43 3.31 42 0.70
14:46:10:002542 7.550 7.800 14:44:03 2.65 14:44:42 3.31 39 0.66
14:46:12:002542 7.550 7.800 14:44:03 2.65 14:44:42 3.31 39 0.66
14:47:19:002205 30.200 31.450 14:45:15 3.58 14:45:51 4.14 36 0.56
14:47:21:002205 30.200 31.450 14:45:15 3.58 14:45:54 4.14 39 0.56
14:47:23:002205 30.200 31.450 14:45:15 3.58 14:45:54 4.14 39 0.56
14:47:25:600333 8.800 9.500 14:45:28 7.05 14:45:58 7.95 30 0.91
14:47:26:600333 8.800 9.500 14:45:28 7.05 14:45:58 7.95 30 0.91
14:47:29:600333 8.800 9.500 14:45:28 7.05 14:45:58 7.95 30 0.91
14:47:40:002759 23.600 24.380 14:46:00 2.63 14:46:12 3.31 12 0.68
14:47:41:002759 23.600 24.380 14:46:00 2.63 14:46:12 3.31 12 0.68
14:47:52:002723 24.780 26.700 14:46:00 7.18 14:46:24 7.75 24 0.56
14:47:55:002723 24.780 26.700 14:46:00 7.18 14:46:24 7.75 24 0.56
14:47:56:002723 24.780 26.750 14:46:00 7.18 14:46:27 7.95 27 0.77
14:48:01:002723 24.780 26.750 14:46:00 7.18 14:46:33 7.95 33 0.77
14:48:11:002723 24.780 26.790 14:46:00 7.18 14:46:42 8.11 42 0.93
14:48:18:002723 24.780 26.790 14:46:00 7.18 14:46:51 8.11 51 0.93
14:48:21:002723 24.780 26.790 14:46:00 7.18 14:46:51 8.11 51 0.93
14:48:23:002723 24.780 26.800 14:46:00 7.18 14:46:57 8.15 57 0.97
14:48:26:002723 24.780 26.800 14:46:00 7.18 14:46:57 8.15 57 0.97
14:48:28:002723 24.780 26.800 14:46:00 7.18 14:46:57 8.15 57 0.97
14:48:30:002723 24.780 26.800 14:46:00 7.18 14:46:57 8.15 57 0.97
14:49:23:603025 35.600 36.890 14:47:04 3.09 14:47:55 3.62 51 0.53
14:49:24:603025 35.600 36.890 14:47:04 3.09 14:47:55 3.62 51 0.53
14:49:25:603025 35.600 36.890 14:47:04 3.09 14:47:55 3.62 51 0.53
14:49:26:603025 35.600 36.890 14:47:04 3.09 14:47:55 3.62 51 0.53
14:50:12:600232 12.050 12.420 14:48:04 2.49 14:48:43 3.07 39 0.58
14:50:14:600232 12.050 12.420 14:48:04 2.49 14:48:43 3.07 39 0.58
14:50:18:600232 12.050 12.440 14:48:04 2.49 14:48:49 3.24 45 0.75
14:50:19:600232 12.050 12.440 14:48:04 2.49 14:48:49 3.24 45 0.75
14:50:29:600232 12.050 12.440 14:48:04 2.49 14:48:58 3.24 54 0.75
14:51:00:600280 7.840 8.100 14:49:10 2.68 14:49:31 3.32 21 0.64
14:51:15:600483 11.610 12.160 14:49:19 4.22 14:49:46 4.74 27 0.52
14:51:15:600280 7.840 8.100 14:49:10 2.68 14:49:46 3.32 36 0.64
14:51:17:600483 11.610 12.160 14:49:19 4.22 14:49:46 4.74 27 0.52
14:51:17:600280 7.840 8.100 14:49:10 2.68 14:49:46 3.32 36 0.64
14:51:18:600483 11.610 12.170 14:49:19 4.22 14:49:49 4.82 30 0.60
14:51:19:600483 11.610 12.170 14:49:19 4.22 14:49:49 4.82 30 0.60
14:51:21:600483 11.610 12.170 14:49:19 4.22 14:49:49 4.82 30 0.60
14:51:22:600280 7.840 8.100 14:49:10 2.68 14:49:52 3.32 42 0.64
14:51:23:600280 7.840 8.100 14:49:10 2.68 14:49:52 3.32 42 0.64
14:51:25:600280 7.840 8.100 14:49:10 2.68 14:49:55 3.32 45 0.64
14:51:27:600280 7.840 8.100 14:49:10 2.68 14:49:58 3.32 48 0.64
14:51:27:603333 9.140 9.520 14:49:07 3.50 14:49:58 4.16 51 0.66
14:51:31:600280 7.840 8.100 14:49:10 2.68 14:49:58 3.32 48 0.64
14:51:58:603333 9.140 9.580 14:50:01 4.27 14:50:28 4.81 27 0.55
14:56:13:002711 16.260 16.700 14:54:00 2.15 14:54:45 2.71 45 0.55
14:56:15:002711 16.260 16.700 14:54:00 2.15 14:54:45 2.71 45 0.55
14:56:17:002711 16.260 16.700 14:54:00 2.15 14:54:48 2.71 48 0.55
14:56:19:002711 16.260 16.710 14:54:00 2.15 14:54:51 2.77 51 0.62
14:56:21:600891 9.570 10.100 14:54:00 3.13 14:54:55 3.66 55 0.52
14:56:23:600891 9.570 10.100 14:54:00 3.13 14:54:55 3.66 55 0.52
14:56:25:002711 16.260 16.710 14:54:00 2.15 14:54:57 2.77 57 0.62
14:56:25:600891 9.570 10.100 14:54:00 3.13 14:54:58 3.66 58 0.52
14:56:29:002711 16.260 16.710 14:54:00 2.15 14:54:57 2.77 57 0.62
14:56:29:600891 9.570 10.100 14:54:00 3.13 14:54:58 3.66 58 0.52
14:58:00:601101 6.870 7.140 14:56:01 3.35 14:56:31 3.93 30 0.58
14:58:02:601101 6.870 7.140 14:56:01 3.35 14:56:34 3.93 33 0.58
14:58:08:601101 6.870 7.140 14:56:01 3.35 14:56:40 3.93 39 0.58
14:58:10:601101 6.870 7.140 14:56:01 3.35 14:56:43 3.93 42 0.58
14:58:12:601101 6.870 7.140 14:56:01 3.35 14:56:45 3.93 44 0.58
15:00:04:600891 9.570 10.100 14:58:01 3.76 14:58:37 4.39 36 0.63
15:00:07:600891 9.570 10.100 14:58:01 3.76 14:58:37 4.39 36 0.63
15:00:16:600891 9.570 10.100 14:58:01 3.76 14:58:46 4.39 45 0.63
15:00:18:600891 9.570 10.100 14:58:01 3.76 14:58:49 4.39 48 0.63
15:00:20:600891 9.570 10.100 14:58:01 3.76 14:58:52 4.39 51 0.63
15:00:24:600891 9.570 10.100 14:58:01 3.76 14:58:58 4.39 57 0.63
15:00:26:600891 9.570 10.100 14:58:01 3.76 14:58:58 4.39 57 0.63
