09:50:08:002215 11.320 11.610 09:48:09 2.03 09:48:39 2.56 30 0.53
09:50:09:002215 11.320 11.610 09:48:09 2.03 09:48:39 2.56 30 0.53
09:50:10:002215 11.320 11.610 09:48:09 2.03 09:48:39 2.56 30 0.53
09:50:11:002215 11.320 11.610 09:48:09 2.03 09:48:42 2.56 33 0.53
09:50:12:002215 11.320 11.610 09:48:09 2.03 09:48:42 2.56 33 0.53
09:50:20:002564 11.190 11.540 09:48:21 2.23 09:48:51 3.13 30 0.89
09:50:20:002215 11.320 11.650 09:48:09 2.03 09:48:51 2.92 42 0.88
09:50:21:002564 11.190 11.540 09:48:21 2.23 09:48:51 3.13 30 0.89
09:50:21:002215 11.320 11.650 09:48:09 2.03 09:48:51 2.92 42 0.88
09:50:22:002564 11.190 11.540 09:48:21 2.23 09:48:51 3.13 30 0.89
09:50:23:002564 11.190 11.540 09:48:21 2.23 09:48:51 3.13 30 0.89
09:50:25:002564 11.190 11.540 09:48:21 2.23 09:48:57 3.13 36 0.89
09:50:26:002564 11.190 11.540 09:48:21 2.23 09:48:57 3.13 36 0.89
09:50:27:002564 11.190 11.540 09:48:21 2.23 09:48:57 3.13 36 0.89
09:50:28:002564 11.190 11.540 09:48:21 2.23 09:48:57 3.13 36 0.89
09:50:29:002564 11.190 11.540 09:48:21 2.23 09:48:57 3.13 36 0.89
09:51:14:600421 21.290 21.880 09:49:00 2.02 09:49:41 2.77 41 0.75
09:51:14:600326 10.890 11.260 09:49:14 2.39 09:49:41 3.40 27 1.01
09:51:14:002166 13.480 14.100 09:49:12 3.56 09:49:39 4.60 27 1.04
09:51:18:002166 13.480 14.140 09:49:12 3.56 09:49:45 4.90 33 1.34
09:51:24:600421 21.290 21.900 09:49:00 2.02 09:49:53 2.87 53 0.85
09:51:24:600326 10.890 11.290 09:49:14 2.39 09:49:53 3.67 39 1.29
09:51:26:002166 13.480 14.170 09:49:12 3.56 09:49:54 5.12 42 1.56
09:51:30:002166 13.480 14.200 09:49:12 3.56 09:49:57 5.34 45 1.78
09:52:34:600127 7.500 7.720 09:50:00 2.40 09:50:57 2.93 57 0.53
09:53:17:600231 3.230 3.330 09:51:02 2.48 09:51:36 3.10 34 0.62
09:53:28:002342 7.810 8.050 09:51:06 2.43 09:51:48 3.07 42 0.64
09:53:28:600231 3.230 3.330 09:51:02 2.48 09:51:53 3.10 51 0.62
09:56:29:002564 11.190 11.680 09:54:27 3.75 09:54:42 4.38 15 0.63
09:57:12:600228 16.420 17.150 09:55:11 3.53 09:55:39 4.45 28 0.91
09:57:12:002262 21.430 22.150 09:55:15 2.71 09:55:36 3.36 21 0.65
09:57:18:002262 21.430 22.180 09:55:15 2.71 09:55:45 3.50 30 0.79
09:57:21:000511 5.820 6.030 09:55:09 3.09 09:55:51 3.61 42 0.52
09:57:31:600228 16.420 17.260 09:55:11 3.53 09:55:54 5.12 43 1.58
09:57:31:000511 5.820 6.030 09:55:09 3.09 09:55:54 3.61 45 0.52
09:58:19:600228 16.420 17.490 09:56:27 5.85 09:56:45 6.52 18 0.67
09:58:28:600228 16.420 17.600 09:56:27 5.85 09:56:54 7.19 27 1.34
09:58:58:600569 3.590 3.730 09:57:06 2.51 09:57:27 3.90 21 1.39
09:59:01:600569 3.590 3.730 09:57:06 2.51 09:57:30 3.90 24 1.39
09:59:13:600569 3.590 3.790 09:57:06 2.51 09:57:42 5.57 36 3.06
09:59:23:600569 3.590 3.820 09:57:06 2.51 09:57:54 6.41 48 3.90
09:59:23:002110 13.920 14.390 09:57:12 2.37 09:57:45 3.38 33 1.01
09:59:23:600307 3.500 3.620 09:57:27 2.29 09:57:51 3.43 24 1.14
10:00:14:000927 6.630 6.870 09:58:03 2.87 09:58:42 3.62 39 0.75
10:00:56:603022 25.230 27.380 09:59:03 7.06 09:59:27 8.52 24 1.47
10:01:03:603022 25.230 27.400 09:59:03 7.06 09:59:33 8.60 30 1.55
10:01:10:603022 25.230 27.480 09:59:03 7.06 09:59:39 8.92 36 1.86
10:01:18:000877 11.870 12.230 09:59:39 2.53 09:59:48 3.03 9 0.51
10:01:20:603022 25.230 27.500 09:59:03 7.06 09:59:51 9.00 48 1.94
10:01:27:603022 25.230 27.500 09:59:03 7.06 09:59:57 9.00 54 1.94
10:01:29:603022 25.230 27.500 09:59:03 7.06 09:59:57 9.00 54 1.94
10:02:20:000761 5.810 5.980 10:00:21 2.41 10:00:48 2.93 27 0.52
10:02:20:002262 21.430 22.460 10:00:00 4.29 10:00:48 4.81 48 0.51
10:02:26:000761 5.810 5.990 10:00:21 2.41 10:00:54 3.10 33 0.69
10:02:26:002262 21.430 22.460 10:00:00 4.29 10:00:51 4.81 51 0.51
10:03:02:000761 5.810 6.040 10:01:15 3.44 10:01:27 3.96 12 0.52
10:03:14:000761 5.810 6.050 10:01:15 3.44 10:01:39 4.13 24 0.69
10:04:25:601003 5.340 5.520 10:02:21 2.81 10:02:54 3.37 33 0.56
10:06:30:600808 3.340 3.510 10:04:00 4.49 10:04:57 5.09 57 0.60
10:07:08:600808 3.340 3.530 10:05:00 5.09 10:05:36 5.69 36 0.60
10:07:24:600808 3.340 3.540 10:05:00 5.09 10:05:54 5.99 54 0.90
10:07:26:600808 3.340 3.540 10:05:00 5.09 10:05:54 5.99 54 0.90
10:08:06:600808 3.340 3.560 10:06:00 5.99 10:06:36 6.59 36 0.60
10:08:09:600808 3.340 3.570 10:06:00 5.99 10:06:39 6.89 39 0.90
10:08:11:600808 3.340 3.570 10:06:00 5.99 10:06:39 6.89 39 0.90
10:08:14:600808 3.340 3.570 10:06:00 5.99 10:06:42 6.89 42 0.90
10:08:17:600808 3.340 3.570 10:06:00 5.99 10:06:45 6.89 45 0.90
10:08:19:600808 3.340 3.570 10:06:00 5.99 10:06:48 6.89 48 0.90
10:08:21:600808 3.340 3.570 10:06:00 5.99 10:06:51 6.89 51 0.90
10:08:25:600808 3.340 3.580 10:06:00 5.99 10:06:54 7.19 54 1.20
10:08:27:600808 3.340 3.580 10:06:00 5.99 10:06:54 7.19 54 1.20
10:08:51:000837 9.740 10.050 10:07:06 2.67 10:07:21 3.18 15 0.51
10:08:53:000837 9.740 10.050 10:07:06 2.67 10:07:24 3.18 18 0.51
10:09:08:000709 3.960 4.140 10:07:00 4.04 10:07:36 4.55 36 0.51
10:09:11:600782 4.220 4.460 10:07:00 4.98 10:07:41 5.69 41 0.71
10:09:17:600782 4.220 4.460 10:07:00 4.98 10:07:45 5.69 45 0.71
10:09:17:000837 9.740 10.150 10:07:06 2.67 10:07:45 4.21 39 1.54
10:09:20:600782 4.220 4.460 10:07:00 4.98 10:07:50 5.69 50 0.71
10:09:23:600782 4.220 4.470 10:07:00 4.98 10:07:53 5.92 53 0.95
10:09:25:600782 4.220 4.470 10:07:00 4.98 10:07:56 5.92 56 0.95
10:09:29:600782 4.220 4.470 10:07:00 4.98 10:07:57 5.92 57 0.95
10:10:03:600022 2.800 2.890 10:08:02 2.50 10:08:32 3.21 30 0.71
10:10:05:000709 3.960 4.160 10:08:03 4.55 10:08:36 5.05 33 0.51
10:10:05:600022 2.800 2.890 10:08:02 2.50 10:08:35 3.21 33 0.71
10:10:11:600022 2.800 2.890 10:08:02 2.50 10:08:38 3.21 36 0.71
10:10:16:000709 3.960 4.160 10:08:03 4.55 10:08:45 5.05 42 0.51
10:10:16:600022 2.800 2.890 10:08:02 2.50 10:08:44 3.21 42 0.71
10:10:23:000709 3.960 4.160 10:08:03 4.55 10:08:51 5.05 48 0.51
10:10:23:600022 2.800 2.900 10:08:02 2.50 10:08:50 3.57 48 1.07
10:10:28:600022 2.800 2.900 10:08:02 2.50 10:08:56 3.57 54 1.07
10:10:31:600022 2.800 2.900 10:08:02 2.50 10:08:59 3.57 57 1.07
10:11:00:603009 62.270 65.210 10:09:08 4.19 10:09:32 4.72 24 0.53
10:11:09:600022 2.800 2.920 10:09:02 3.57 10:09:38 4.29 36 0.71
10:11:16:603009 62.270 65.280 10:09:08 4.19 10:09:44 4.83 36 0.64
10:11:25:000825 5.420 5.570 10:09:00 2.21 10:09:48 2.77 48 0.55
10:11:25:600022 2.800 2.930 10:09:02 3.57 10:09:50 4.64 48 1.07
10:11:35:600022 2.800 2.930 10:09:02 3.57 10:09:59 4.64 57 1.07
10:12:22:600803 14.130 14.670 10:10:05 3.18 10:10:50 3.82 45 0.64
10:14:02:002262 21.430 22.660 10:12:00 4.99 10:12:30 5.74 30 0.75
10:14:03:002262 21.430 22.660 10:12:00 4.99 10:12:33 5.74 33 0.75
10:14:04:002262 21.430 22.660 10:12:00 4.99 10:12:33 5.74 33 0.75
10:14:06:002262 21.430 22.660 10:12:00 4.99 10:12:36 5.74 36 0.75
10:14:08:002262 21.430 22.660 10:12:00 4.99 10:12:36 5.74 36 0.75
10:14:10:002262 21.430 22.660 10:12:00 4.99 10:12:39 5.74 39 0.75
10:14:14:002262 21.430 22.660 10:12:00 4.99 10:12:39 5.74 39 0.75
10:14:18:002262 21.430 22.660 10:12:00 4.99 10:12:45 5.74 45 0.75
10:14:20:002262 21.430 22.660 10:12:00 4.99 10:12:48 5.74 48 0.75
10:14:24:002262 21.430 22.660 10:12:00 4.99 10:12:51 5.74 51 0.75
10:14:26:603009 62.270 66.000 10:12:30 4.96 10:12:57 5.99 27 1.03
10:14:40:002768 23.010 23.770 10:13:00 2.56 10:13:09 3.30 9 0.74
10:14:42:002768 23.010 23.780 10:13:00 2.56 10:13:12 3.35 12 0.78
10:14:44:002768 23.010 23.780 10:13:00 2.56 10:13:12 3.35 12 0.78
10:14:46:002768 23.010 23.780 10:13:00 2.56 10:13:15 3.35 15 0.78
10:14:57:002768 23.010 23.800 10:13:00 2.56 10:13:24 3.43 24 0.87
10:15:07:002768 23.010 24.000 10:13:00 2.56 10:13:36 4.30 36 1.74
10:15:10:002768 23.010 24.000 10:13:00 2.56 10:13:39 4.30 39 1.74
10:17:04:000852 11.790 12.300 10:15:03 3.65 10:15:33 4.33 30 0.68
10:17:12:002768 23.010 24.340 10:15:00 4.91 10:15:42 5.78 42 0.87
10:17:12:600720 9.430 10.270 10:15:03 2.55 10:15:42 3.08 39 0.53
10:17:16:600720 9.430 10.270 10:15:03 2.55 10:15:45 3.18 42 0.64
10:17:21:600720 9.430 10.270 10:15:03 2.55 10:15:51 3.29 48 0.74
10:17:24:600720 9.430 10.270 10:15:03 2.55 10:15:54 3.29 51 0.74
10:17:29:002768 23.010 24.350 10:15:00 4.91 10:15:57 5.82 57 0.91
10:17:29:600720 9.430 10.270 10:15:03 2.55 10:15:57 3.18 54 0.64
10:17:56:600165 15.560 15.990 10:16:09 2.25 10:16:24 2.76 15 0.51
10:18:04:600165 15.560 15.990 10:16:09 2.25 10:16:33 2.76 24 0.51
10:18:06:600165 15.560 15.990 10:16:09 2.25 10:16:36 2.76 27 0.51
10:18:15:600165 15.560 15.990 10:16:09 2.25 10:16:42 2.76 33 0.51
10:18:20:600720 9.430 10.270 10:16:00 3.18 10:16:51 3.71 51 0.53
10:18:23:600720 9.430 10.270 10:16:00 3.18 10:16:51 3.71 51 0.53
10:18:23:600165 15.560 16.000 10:16:09 2.25 10:16:51 2.83 42 0.58
10:18:25:600720 9.430 10.270 10:16:00 3.18 10:16:54 3.71 54 0.53
10:18:28:600165 15.560 16.000 10:16:09 2.25 10:16:57 2.83 48 0.58
10:18:49:600165 15.560 16.080 10:17:00 2.83 10:17:18 3.34 18 0.51
10:18:54:600165 15.560 16.080 10:17:00 2.83 10:17:21 3.34 21 0.51
10:19:01:600165 15.560 16.090 10:17:00 2.83 10:17:30 3.41 30 0.58
10:19:19:600722 11.440 11.730 10:17:15 2.01 10:17:48 2.53 33 0.52
10:19:22:600722 11.440 11.730 10:17:15 2.01 10:17:51 2.53 36 0.52
10:19:28:600722 11.440 11.750 10:17:15 2.01 10:17:57 2.71 42 0.70
10:21:01:002602 33.170 34.770 10:19:00 4.25 10:19:30 4.82 30 0.57
10:21:16:002602 33.170 34.790 10:19:00 4.25 10:19:45 4.88 45 0.63
10:21:27:000609 17.340 17.900 10:19:48 2.71 10:19:57 3.23 9 0.52
10:21:55:600720 9.430 10.270 10:20:00 2.97 10:20:24 3.50 24 0.53
10:21:58:600277 7.330 7.550 10:20:03 2.46 10:20:27 3.00 24 0.55
10:22:03:600720 9.430 10.270 10:20:00 2.97 10:20:30 3.50 30 0.53
10:22:03:600277 7.330 7.550 10:20:03 2.46 10:20:30 3.00 27 0.55
10:22:05:600720 9.430 10.270 10:20:00 2.97 10:20:33 3.50 33 0.53
10:22:05:600277 7.330 7.550 10:20:03 2.46 10:20:33 3.00 30 0.55
10:22:08:600720 9.430 10.270 10:20:00 2.97 10:20:36 3.50 36 0.53
10:22:10:600720 9.430 10.270 10:20:00 2.97 10:20:39 3.61 39 0.64
10:22:10:600277 7.330 7.550 10:20:03 2.46 10:20:39 3.00 36 0.55
10:22:12:600720 9.430 10.270 10:20:00 2.97 10:20:42 3.61 42 0.64
10:22:12:600277 7.330 7.550 10:20:03 2.46 10:20:42 3.00 39 0.55
10:22:16:600720 9.430 10.270 10:20:00 2.97 10:20:45 3.61 45 0.64
10:22:16:600277 7.330 7.550 10:20:03 2.46 10:20:45 3.00 42 0.55
10:22:22:600720 9.430 10.270 10:20:00 2.97 10:20:51 3.71 51 0.74
10:22:24:600720 9.430 10.270 10:20:00 2.97 10:20:54 3.61 54 0.64
10:22:24:000823 12.740 13.090 10:20:00 2.20 10:20:54 2.75 54 0.55
10:22:27:600720 9.430 10.270 10:20:00 2.97 10:20:54 3.61 54 0.64
10:22:30:600720 9.430 10.270 10:20:00 2.97 10:20:57 3.71 57 0.74
10:22:30:600277 7.330 7.560 10:20:03 2.46 10:20:57 3.14 54 0.68
10:23:03:600803 14.130 14.790 10:21:00 4.10 10:21:33 4.67 33 0.57
10:23:17:600803 14.130 14.800 10:21:00 4.10 10:21:45 4.74 45 0.64
10:23:20:600803 14.130 14.800 10:21:00 4.10 10:21:48 4.74 48 0.64
10:29:09:603009 62.270 67.500 10:27:11 7.71 10:27:38 8.40 27 0.69
10:29:14:603009 62.270 67.580 10:27:11 7.71 10:27:44 8.53 33 0.82
10:29:29:603589 33.040 33.960 10:27:11 2.24 10:27:59 2.78 48 0.54
10:29:29:600331 7.000 7.220 10:27:38 2.57 10:27:59 3.14 21 0.57
10:29:32:603589 33.040 33.960 10:27:11 2.24 10:27:59 2.78 48 0.54
10:30:28:002220 11.880 12.210 10:28:27 2.27 10:28:54 2.78 27 0.51
10:35:20:600836 8.260 8.600 10:33:39 3.51 10:33:48 4.12 9 0.61
10:35:28:600836 8.260 8.700 10:33:39 3.51 10:33:57 5.33 18 1.82
10:37:48:600630 14.750 15.240 10:36:00 2.44 10:36:18 3.32 18 0.88
10:37:48:600639 18.520 19.300 10:36:03 3.13 10:36:18 4.21 15 1.08
10:37:52:600650 21.860 22.500 10:36:00 2.42 10:36:21 2.93 21 0.50
10:37:55:600650 21.860 22.550 10:36:00 2.42 10:36:24 3.16 24 0.73
10:37:59:600650 21.860 22.560 10:36:00 2.42 10:36:27 3.20 27 0.78
10:38:04:600650 21.860 22.580 10:36:00 2.42 10:36:33 3.29 33 0.87
10:38:09:600650 21.860 22.590 10:36:00 2.42 10:36:36 3.34 36 0.91
10:38:16:600650 21.860 22.680 10:36:00 2.42 10:36:45 3.75 45 1.33
10:39:23:002564 11.190 11.970 10:37:51 6.34 10:37:54 6.97 3 0.63
10:39:39:002564 11.190 12.090 10:38:00 7.06 10:38:09 8.04 9 0.98
10:39:42:002564 11.190 12.090 10:38:00 7.06 10:38:09 8.04 9 0.98
10:39:51:002564 11.190 12.160 10:38:00 7.06 10:38:21 8.67 21 1.61
10:39:55:002564 11.190 12.180 10:38:00 7.06 10:38:24 8.85 24 1.79
10:46:58:601600 5.040 5.190 10:45:02 2.38 10:45:29 2.98 27 0.60
10:47:08:601600 5.040 5.190 10:45:02 2.38 10:45:38 2.98 36 0.60
10:47:12:601600 5.040 5.190 10:45:02 2.38 10:45:41 2.98 39 0.60
10:47:22:601600 5.040 5.200 10:45:02 2.38 10:45:50 3.17 48 0.79
10:47:29:601600 5.040 5.200 10:45:02 2.38 10:45:56 3.17 54 0.79
10:48:09:000666 23.830 24.600 10:46:03 2.69 10:46:39 3.23 36 0.55
10:48:15:000666 23.830 24.600 10:46:03 2.69 10:46:45 3.23 42 0.55
10:48:18:000666 23.830 24.600 10:46:03 2.69 10:46:45 3.23 42 0.55
11:01:28:600720 9.430 10.270 10:59:03 3.50 10:59:54 4.03 51 0.53
11:01:28:600089 9.910 10.250 10:59:00 2.93 10:59:54 3.43 54 0.50
11:02:14:000755 8.410 8.640 11:00:24 2.02 11:00:39 2.73 15 0.71
11:02:22:000755 8.410 8.680 11:00:24 2.02 11:00:48 3.21 24 1.19
11:03:21:600281 7.620 7.820 11:01:36 2.10 11:01:48 2.62 12 0.52
11:03:26:600281 7.620 7.820 11:01:36 2.10 11:01:54 2.62 18 0.52
11:03:31:600281 7.620 7.830 11:01:36 2.10 11:01:59 2.76 23 0.66
11:03:56:600281 7.620 7.890 11:02:03 3.02 11:02:24 3.54 21 0.52
11:04:24:000009 9.740 10.100 11:02:39 2.36 11:02:51 3.70 12 1.33
11:04:31:000009 9.740 10.200 11:02:39 2.36 11:02:57 4.72 18 2.36
11:05:20:000755 8.410 8.880 11:03:21 4.64 11:03:51 5.59 30 0.95
11:06:13:000757 10.160 10.450 11:04:00 2.26 11:04:42 2.85 42 0.59
11:06:17:000757 10.160 10.450 11:04:00 2.26 11:04:45 2.85 45 0.59
11:07:17:000666 23.830 24.800 11:05:03 3.44 11:05:48 4.07 45 0.63
11:07:17:600149 21.160 22.800 11:05:21 7.18 11:05:48 7.75 27 0.57
11:07:23:000666 23.830 24.800 11:05:03 3.44 11:05:51 4.07 48 0.63
11:07:23:600149 21.160 22.800 11:05:21 7.18 11:05:50 7.75 29 0.57
11:07:28:000666 23.830 24.820 11:05:03 3.44 11:05:57 4.15 54 0.71
11:09:05:000918 8.060 8.300 11:07:00 2.36 11:07:33 2.98 33 0.62
11:09:15:000757 10.160 10.570 11:07:24 3.15 11:07:39 4.04 15 0.89
11:09:15:000918 8.060 8.300 11:07:00 2.36 11:07:42 2.98 42 0.62
11:09:27:000918 8.060 8.330 11:07:00 2.36 11:07:54 3.35 54 0.99
11:10:10:000918 8.060 8.400 11:08:06 3.60 11:08:39 4.22 33 0.62
11:10:23:000918 8.060 8.400 11:08:06 3.60 11:08:45 4.22 39 0.62
11:10:26:000918 8.060 8.420 11:08:06 3.60 11:08:57 4.47 51 0.87
11:12:17:000666 23.830 25.100 11:10:12 4.45 11:10:45 5.33 33 0.88
11:12:20:000666 23.830 25.120 11:10:12 4.45 11:10:51 5.41 39 0.97
11:12:25:000666 23.830 25.200 11:10:12 4.45 11:10:54 5.75 42 1.30
11:12:29:000666 23.830 25.200 11:10:12 4.45 11:10:57 5.75 45 1.30
11:13:33:002389 20.350 21.040 11:11:00 2.85 11:11:54 3.39 54 0.54
11:14:25:600692 18.760 19.280 11:12:27 2.24 11:12:54 2.77 27 0.53
11:14:29:600692 18.760 19.280 11:12:27 2.24 11:12:57 2.77 30 0.53
11:14:29:603369 12.900 13.330 11:12:03 2.79 11:12:57 3.33 54 0.54
11:15:08:002146 8.420 8.830 11:13:00 4.04 11:13:36 4.87 36 0.83
11:15:11:002146 8.420 8.830 11:13:00 4.04 11:13:39 4.87 39 0.83
11:15:16:002146 8.420 8.840 11:13:00 4.04 11:13:45 4.99 45 0.95
11:15:16:000666 23.830 25.400 11:13:36 5.96 11:13:45 6.59 9 0.63
11:15:18:000666 23.830 25.400 11:13:36 5.96 11:13:48 6.59 12 0.63
11:15:20:000666 23.830 25.430 11:13:36 5.96 11:13:51 6.71 15 0.76
11:15:26:601118 7.720 8.010 11:13:09 3.24 11:13:54 3.76 45 0.52
11:16:12:600180 13.170 13.740 11:14:06 3.80 11:14:39 4.33 33 0.53
11:16:16:600180 13.170 13.740 11:14:06 3.80 11:14:45 4.33 39 0.53
11:16:20:600180 13.170 13.740 11:14:06 3.80 11:14:48 4.33 42 0.53
11:16:27:600180 13.170 13.790 11:14:06 3.80 11:14:54 4.71 48 0.91
11:19:34:600278 15.800 16.330 11:17:06 2.66 11:17:57 3.35 51 0.70
11:20:11:002281 74.940 77.500 11:18:06 2.83 11:18:39 3.42 33 0.59
11:22:54:600538 13.800 14.500 11:21:02 4.35 11:21:23 5.07 21 0.72
11:23:10:600538 13.800 14.530 11:21:02 4.35 11:21:38 5.29 36 0.94
11:26:06:600290 11.120 11.420 11:24:06 2.16 11:24:32 2.70 26 0.54
11:26:11:600290 11.120 11.430 11:24:06 2.16 11:24:42 2.79 36 0.63
11:26:17:600290 11.120 11.430 11:24:06 2.16 11:24:45 2.79 39 0.63
11:26:20:600290 11.120 11.440 11:24:06 2.16 11:24:48 2.88 42 0.72
11:27:04:601118 7.720 8.100 11:25:03 4.40 11:25:33 4.92 30 0.52
11:27:08:601118 7.720 8.100 11:25:03 4.40 11:25:39 4.92 36 0.52
13:01:54:600083 22.780 24.800 13:00:04 8.25 13:00:25 8.87 21 0.61
13:11:31:002667 31.410 32.350 13:09:06 2.45 13:09:57 2.99 51 0.54
13:11:49:600127 7.500 7.790 13:10:02 3.33 13:10:21 3.87 19 0.53
13:11:51:600127 7.500 7.790 13:10:02 3.33 13:10:21 3.87 19 0.53
13:12:02:600127 7.500 7.790 13:10:02 3.33 13:10:33 3.87 31 0.53
13:12:02:000837 9.740 10.330 13:10:15 5.44 13:10:33 6.06 18 0.62
13:12:06:600127 7.500 7.790 13:10:02 3.33 13:10:35 3.87 33 0.53
13:12:06:000837 9.740 10.340 13:10:15 5.44 13:10:36 6.16 21 0.72
13:12:11:600127 7.500 7.790 13:10:02 3.33 13:10:41 3.87 39 0.53
13:12:16:000837 9.740 10.350 13:10:15 5.44 13:10:45 6.26 30 0.82
13:12:27:600127 7.500 7.800 13:10:02 3.33 13:10:57 4.00 55 0.67
13:19:09:000736 19.500 20.000 13:17:03 2.05 13:17:39 2.56 36 0.51
13:19:12:000736 19.500 20.020 13:17:03 2.05 13:17:42 2.67 39 0.62
13:19:16:000736 19.500 20.060 13:17:03 2.05 13:17:45 2.87 42 0.82
13:19:20:000736 19.500 20.070 13:17:03 2.05 13:17:48 2.92 45 0.87
13:19:22:000736 19.500 20.090 13:17:03 2.05 13:17:54 3.03 51 0.97
13:19:27:000736 19.500 20.090 13:17:03 2.05 13:17:57 3.03 54 0.97
13:19:27:603166 15.910 16.330 13:17:22 2.07 13:17:58 2.64 36 0.57
13:19:52:000043 11.490 11.850 13:18:00 2.52 13:18:21 3.13 21 0.61
13:19:57:000043 11.490 11.850 13:18:00 2.52 13:18:27 3.13 27 0.61
13:20:00:000043 11.490 11.880 13:18:00 2.52 13:18:30 3.39 30 0.87
13:20:06:000906 17.210 17.800 13:18:00 2.79 13:18:36 3.43 36 0.64
13:20:11:002215 11.320 11.740 13:18:03 3.18 13:18:39 3.71 36 0.53
13:20:20:002215 11.320 11.750 13:18:03 3.18 13:18:48 3.80 45 0.62
13:35:21:603698 29.100 29.990 13:33:00 2.54 13:33:49 3.06 49 0.52
13:35:28:603698 29.100 30.000 13:33:00 2.54 13:33:58 3.09 58 0.55
13:38:23:603883 45.030 46.500 13:36:07 2.15 13:36:52 3.26 45 1.11
13:38:29:603883 45.030 47.000 13:36:07 2.15 13:36:58 4.37 51 2.22
13:44:15:002643 34.520 36.160 13:42:12 4.23 13:42:45 4.75 33 0.52
13:44:16:002643 34.520 36.160 13:42:12 4.23 13:42:45 4.75 33 0.52
13:44:21:600720 9.430 10.270 13:42:04 4.24 13:42:49 4.77 45 0.53
13:44:27:600720 9.430 10.270 13:42:04 4.24 13:42:55 4.77 51 0.53
13:44:30:600720 9.430 10.270 13:42:04 4.24 13:42:58 4.77 54 0.53
13:46:29:600331 7.000 7.350 13:44:34 4.29 13:44:58 5.00 24 0.71
13:47:57:000877 11.870 12.390 13:46:18 3.20 13:46:27 4.38 9 1.18
13:47:59:000877 11.870 12.400 13:46:18 3.20 13:46:30 4.47 12 1.26
13:48:02:000877 11.870 12.450 13:46:18 3.20 13:46:33 4.89 15 1.68
13:48:04:000877 11.870 12.450 13:46:18 3.20 13:46:33 4.89 15 1.68
13:48:08:000877 11.870 12.480 13:46:18 3.20 13:46:39 5.14 21 1.94
13:48:10:000877 11.870 12.480 13:46:18 3.20 13:46:39 5.14 21 1.94
13:48:12:000877 11.870 12.480 13:46:18 3.20 13:46:39 5.14 21 1.94
13:49:08:000931 9.610 10.150 13:47:15 5.10 13:47:39 5.62 24 0.52
13:49:10:000931 9.610 10.150 13:47:15 5.10 13:47:39 5.62 24 0.52
13:49:12:000931 9.610 10.150 13:47:15 5.10 13:47:42 5.62 27 0.52
13:49:14:600425 6.630 6.900 13:47:06 3.32 13:47:45 4.07 39 0.75
13:49:14:000931 9.610 10.170 13:47:15 5.10 13:47:45 5.83 30 0.73
13:49:17:600425 6.630 6.900 13:47:06 3.32 13:47:45 4.07 39 0.75
13:49:17:000931 9.610 10.170 13:47:15 5.10 13:47:45 5.83 30 0.73
13:49:19:000931 9.610 10.170 13:47:15 5.10 13:47:48 5.83 33 0.73
13:49:21:600425 6.630 6.900 13:47:06 3.32 13:47:51 4.07 45 0.75
13:49:21:000931 9.610 10.180 13:47:15 5.10 13:47:51 5.93 36 0.83
13:49:25:000931 9.610 10.180 13:47:15 5.10 13:47:54 5.93 39 0.83
13:49:27:600425 6.630 6.910 13:47:06 3.32 13:47:57 4.22 51 0.90
13:49:27:000931 9.610 10.190 13:47:15 5.10 13:47:57 6.04 42 0.94
13:49:29:600425 6.630 6.910 13:47:06 3.32 13:47:57 4.22 51 0.90
13:49:29:000931 9.610 10.190 13:47:15 5.10 13:47:57 6.04 42 0.94
13:50:40:000877 11.870 12.670 13:49:00 6.23 13:49:09 6.74 9 0.51
13:50:43:000877 11.870 12.680 13:49:00 6.23 13:49:12 6.82 12 0.59
13:51:49:000812 12.370 12.800 13:50:00 2.67 13:50:18 3.48 18 0.81
13:52:04:000812 12.370 12.850 13:50:00 2.67 13:50:33 3.88 33 1.21
13:52:10:000812 12.370 12.850 13:50:00 2.67 13:50:39 3.88 39 1.21
13:54:19:600809 25.940 26.780 13:52:01 2.74 13:52:49 3.24 48 0.50
13:55:17:000045 15.200 15.670 13:53:24 2.50 13:53:48 3.09 24 0.59
13:55:19:000045 15.200 15.670 13:53:24 2.50 13:53:48 3.09 24 0.59
13:55:21:000045 15.200 15.710 13:53:24 2.50 13:53:51 3.36 27 0.86
13:55:23:000045 15.200 15.740 13:53:24 2.50 13:53:54 3.55 30 1.05
13:55:25:000045 15.200 15.750 13:53:24 2.50 13:53:57 3.62 33 1.12
13:55:28:000045 15.200 15.750 13:53:24 2.50 13:53:57 3.62 33 1.12
13:55:30:000045 15.200 15.750 13:53:24 2.50 13:53:57 3.62 33 1.12
13:56:26:000514 13.000 13.410 13:54:03 2.62 13:54:57 3.15 54 0.54
13:56:27:000514 13.000 13.410 13:54:03 2.62 13:54:57 3.15 54 0.54
13:57:55:000514 13.000 13.630 13:56:03 3.85 13:56:24 4.85 21 1.00
13:57:59:000514 13.000 13.640 13:56:03 3.85 13:56:27 4.92 24 1.08
13:58:02:000514 13.000 13.700 13:56:03 3.85 13:56:33 5.38 30 1.54
13:58:09:000514 13.000 13.700 13:56:03 3.85 13:56:39 5.38 36 1.54
13:58:16:000514 13.000 13.700 13:56:03 3.85 13:56:39 5.38 36 1.54
13:58:19:000514 13.000 13.700 13:56:03 3.85 13:56:51 5.38 48 1.54
13:58:23:000514 13.000 13.700 13:56:03 3.85 13:56:54 5.38 51 1.54
13:58:25:000514 13.000 13.700 13:56:03 3.85 13:56:57 5.38 54 1.54
13:58:28:000514 13.000 13.700 13:56:03 3.85 13:56:57 5.38 54 1.54
13:58:30:000514 13.000 13.700 13:56:03 3.85 13:56:57 5.38 54 1.54
13:58:45:002307 13.200 13.550 13:57:03 2.12 13:57:15 2.65 12 0.53
13:58:47:002307 13.200 13.580 13:57:03 2.12 13:57:18 2.88 15 0.76
13:58:49:002307 13.200 13.580 13:57:03 2.12 13:57:18 2.88 15 0.76
13:58:51:002307 13.200 13.580 13:57:03 2.12 13:57:21 2.88 18 0.76
13:58:53:002307 13.200 13.580 13:57:03 2.12 13:57:21 2.88 18 0.76
13:58:56:600425 6.630 7.050 13:57:04 5.58 13:57:25 6.33 21 0.75
13:58:56:002307 13.200 13.600 13:57:03 2.12 13:57:24 3.03 21 0.91
13:58:58:600425 6.630 7.060 13:57:04 5.58 13:57:28 6.49 24 0.90
13:59:01:600425 6.630 7.060 13:57:04 5.58 13:57:28 6.49 24 0.90
13:59:01:002307 13.200 13.660 13:57:03 2.12 13:57:30 3.48 27 1.36
13:59:09:600425 6.630 7.080 13:57:04 5.58 13:57:40 6.79 36 1.21
13:59:12:600425 6.630 7.080 13:57:04 5.58 13:57:40 6.79 36 1.21
13:59:14:600425 6.630 7.090 13:57:04 5.58 13:57:43 6.94 39 1.36
13:59:14:002307 13.200 13.740 13:57:03 2.12 13:57:45 4.09 42 1.97
13:59:17:600425 6.630 7.100 13:57:04 5.58 13:57:46 7.09 42 1.51
13:59:17:002307 13.200 13.740 13:57:03 2.12 13:57:45 4.09 42 1.97
13:59:21:002307 13.200 13.780 13:57:03 2.12 13:57:51 4.39 48 2.27
13:59:22:002307 13.200 13.780 13:57:03 2.12 13:57:51 4.39 48 2.27
13:59:23:002307 13.200 13.780 13:57:03 2.12 13:57:51 4.39 48 2.27
13:59:25:002307 13.200 13.790 13:57:03 2.12 13:57:54 4.47 51 2.35
13:59:27:002307 13.200 13.810 13:57:03 2.12 13:57:57 4.62 54 2.50
14:00:10:600819 8.880 9.310 13:58:01 4.28 13:58:40 4.84 39 0.56
14:00:12:600819 8.880 9.310 13:58:01 4.28 13:58:43 4.84 42 0.56
14:00:15:600888 9.000 9.440 13:58:01 4.33 13:58:43 4.89 42 0.56
14:00:15:600819 8.880 9.320 13:58:01 4.28 13:58:46 4.95 45 0.68
14:00:17:600888 9.000 9.440 13:58:01 4.33 13:58:43 4.89 42 0.56
14:00:17:600819 8.880 9.320 13:58:01 4.28 13:58:46 4.95 45 0.68
14:00:19:600888 9.000 9.440 13:58:01 4.33 13:58:46 4.89 45 0.56
14:00:19:600819 8.880 9.340 13:58:01 4.28 13:58:49 5.18 48 0.90
14:00:21:600819 8.880 9.340 13:58:01 4.28 13:58:52 5.18 51 0.90
14:00:24:600819 8.880 9.340 13:58:01 4.28 13:58:52 5.18 51 0.90
14:01:08:002302 11.850 12.380 13:59:03 3.80 13:59:36 4.47 33 0.68
14:01:12:002302 11.850 12.380 13:59:03 3.80 13:59:39 4.47 36 0.68
14:01:20:002302 11.850 12.400 13:59:03 3.80 13:59:48 4.64 45 0.84
14:01:22:002302 11.850 12.400 13:59:03 3.80 13:59:51 4.64 48 0.84
14:01:27:002302 11.850 12.400 13:59:03 3.80 13:59:51 4.64 48 0.84
14:03:59:002307 13.200 13.990 14:02:03 5.30 14:02:27 5.98 24 0.68
14:04:01:002307 13.200 14.000 14:02:03 5.30 14:02:30 6.06 27 0.76
14:04:04:002307 13.200 14.060 14:02:03 5.30 14:02:33 6.52 30 1.21
14:04:30:002307 13.200 14.290 14:02:03 5.30 14:02:57 8.26 54 2.95
14:07:23:002077 15.700 16.300 14:05:36 3.18 14:05:51 3.82 15 0.64
14:07:28:002077 15.700 16.300 14:05:36 3.18 14:05:54 3.82 18 0.64
14:07:28:000878 16.200 16.700 14:05:03 2.53 14:05:57 3.09 54 0.56
14:08:03:000972 6.470 6.670 14:06:06 2.32 14:06:33 3.09 27 0.77
14:08:07:000972 6.470 6.670 14:06:06 2.32 14:06:36 3.09 30 0.77
14:08:09:000878 16.200 16.790 14:06:03 3.09 14:06:39 3.64 36 0.56
14:08:11:000878 16.200 16.790 14:06:03 3.09 14:06:42 3.64 39 0.56
14:08:14:000878 16.200 16.800 14:06:03 3.09 14:06:45 3.70 42 0.62
14:08:20:000972 6.470 6.760 14:06:06 2.32 14:06:51 4.48 45 2.16
14:08:22:000972 6.470 6.760 14:06:06 2.32 14:06:51 4.48 45 2.16
14:08:28:000972 6.470 6.770 14:06:06 2.32 14:06:57 4.64 51 2.32
14:09:28:000612 11.630 11.970 14:07:00 2.41 14:07:57 2.92 57 0.52
14:10:15:002207 17.360 17.860 14:08:24 2.36 14:08:39 2.88 15 0.52
14:10:17:002207 17.360 17.880 14:08:24 2.36 14:08:48 3.00 24 0.63
14:10:19:002207 17.360 17.880 14:08:24 2.36 14:08:48 3.00 24 0.63
14:10:23:002207 17.360 17.890 14:08:24 2.36 14:08:51 3.05 27 0.69
14:10:23:000778 5.310 5.540 14:08:24 2.64 14:08:51 4.33 27 1.69
14:10:28:002207 17.360 17.890 14:08:24 2.36 14:08:54 3.05 30 0.69
14:10:28:000612 11.630 12.030 14:08:03 2.92 14:08:57 3.44 54 0.52
14:10:46:002342 7.810 8.150 14:09:03 3.84 14:09:15 4.35 12 0.51
14:10:59:002302 11.850 12.600 14:09:03 5.82 14:09:27 6.33 24 0.51
14:11:01:002302 11.850 12.610 14:09:03 5.82 14:09:30 6.41 27 0.59
14:11:05:002302 11.850 12.650 14:09:03 5.82 14:09:33 6.75 30 0.93
14:11:09:002302 11.850 12.660 14:09:03 5.82 14:09:39 6.84 36 1.01
14:11:09:600075 12.840 13.290 14:09:03 2.96 14:09:39 3.50 36 0.55
14:11:11:600075 12.840 13.290 14:09:03 2.96 14:09:39 3.50 36 0.55
14:11:11:002302 11.850 12.660 14:09:03 5.82 14:09:39 6.84 36 1.01
14:11:12:002302 11.850 12.670 14:09:03 5.82 14:09:42 6.92 39 1.10
14:11:13:002302 11.850 12.670 14:09:03 5.82 14:09:42 6.92 39 1.10
14:11:14:000778 5.310 5.680 14:09:00 4.52 14:09:45 6.97 45 2.45
14:11:14:002302 11.850 12.700 14:09:03 5.82 14:09:45 7.17 42 1.35
14:11:16:002302 11.850 12.700 14:09:03 5.82 14:09:45 7.17 42 1.35
14:11:20:002302 11.850 12.700 14:09:03 5.82 14:09:48 7.17 45 1.35
14:11:26:002302 11.850 12.710 14:09:03 5.82 14:09:51 7.26 48 1.43
14:12:20:603227 8.710 8.950 14:10:06 2.07 14:10:51 2.76 45 0.69
14:12:22:603227 8.710 8.950 14:10:06 2.07 14:10:51 2.76 45 0.69
14:12:26:603227 8.710 8.950 14:10:06 2.07 14:10:57 2.76 51 0.69
14:12:29:603227 8.710 8.950 14:10:06 2.07 14:10:57 2.76 51 0.69
14:13:17:600545 12.370 13.090 14:11:01 5.09 14:11:46 5.82 45 0.73
14:13:19:600545 12.370 13.090 14:11:01 5.09 14:11:49 5.82 48 0.73
14:13:21:600545 12.370 13.100 14:11:01 5.09 14:11:52 5.90 51 0.81
14:13:25:600545 12.370 13.100 14:11:01 5.09 14:11:55 5.90 54 0.81
14:13:25:601800 18.040 18.550 14:11:28 2.27 14:11:55 2.83 27 0.55
14:13:27:600545 12.370 13.100 14:11:01 5.09 14:11:55 5.90 54 0.81
14:13:27:601800 18.040 18.550 14:11:28 2.27 14:11:55 2.83 27 0.55
14:13:30:600545 12.370 13.100 14:11:01 5.09 14:11:55 5.90 54 0.81
14:13:43:601718 8.880 9.300 14:12:01 3.94 14:12:10 4.73 9 0.79
14:13:48:601718 8.880 9.320 14:12:01 3.94 14:12:19 4.95 18 1.01
14:14:29:600545 12.370 13.200 14:12:10 6.14 14:12:58 6.71 48 0.57
14:16:21:600545 12.370 13.340 14:14:01 7.28 14:14:52 7.84 51 0.57
14:16:25:600545 12.370 13.350 14:14:01 7.28 14:14:55 7.92 54 0.65
14:16:27:000672 12.510 13.270 14:14:00 5.52 14:14:57 6.08 57 0.56
14:16:27:600545 12.370 13.350 14:14:01 7.28 14:14:58 7.92 57 0.65
14:16:27:000425 3.830 3.930 14:14:21 2.09 14:14:57 2.61 36 0.52
14:18:46:600166 3.520 3.620 14:17:01 2.27 14:17:16 2.84 15 0.57
14:18:47:600166 3.520 3.620 14:17:01 2.27 14:17:16 2.84 15 0.57
14:18:48:600166 3.520 3.620 14:17:01 2.27 14:17:19 2.84 18 0.57
14:18:51:600166 3.520 3.620 14:17:01 2.27 14:17:19 2.84 18 0.57
14:18:54:600166 3.520 3.620 14:17:01 2.27 14:17:22 2.84 21 0.57
14:18:58:600166 3.520 3.630 14:17:01 2.27 14:17:28 3.12 27 0.85
14:19:00:600166 3.520 3.630 14:17:01 2.27 14:17:28 3.12 27 0.85
14:19:02:600166 3.520 3.630 14:17:01 2.27 14:17:31 3.12 30 0.85
14:19:07:600166 3.520 3.640 14:17:01 2.27 14:17:37 3.41 36 1.14
14:19:07:600888 9.000 9.640 14:17:13 6.56 14:17:37 7.11 24 0.56
14:19:09:600166 3.520 3.640 14:17:01 2.27 14:17:37 3.41 36 1.14
14:19:09:600888 9.000 9.640 14:17:13 6.56 14:17:37 7.11 24 0.56
14:19:15:600888 9.000 9.650 14:17:13 6.56 14:17:46 7.22 33 0.67
14:19:17:000933 6.890 7.110 14:17:00 2.61 14:17:48 3.19 48 0.58
14:19:17:600166 3.520 3.640 14:17:01 2.27 14:17:46 3.41 45 1.14
14:19:17:600888 9.000 9.650 14:17:13 6.56 14:17:46 7.22 33 0.67
14:19:19:600888 9.000 9.650 14:17:13 6.56 14:17:49 7.22 36 0.67
14:19:23:600888 9.000 9.660 14:17:13 6.56 14:17:52 7.33 39 0.78
14:19:28:600166 3.520 3.640 14:17:01 2.27 14:17:55 3.41 54 1.14
14:20:14:600888 9.000 9.740 14:18:07 7.67 14:18:43 8.22 36 0.56
14:20:17:600888 9.000 9.750 14:18:07 7.67 14:18:46 8.33 39 0.67
14:20:19:600888 9.000 9.750 14:18:07 7.67 14:18:46 8.33 39 0.67
14:22:22:600333 7.930 8.090 14:20:39 1.39 14:20:51 2.02 12 0.63
14:22:25:600333 7.930 8.090 14:20:39 1.39 14:20:54 2.02 15 0.63
14:23:09:600505 10.180 10.530 14:21:07 2.65 14:21:37 3.44 30 0.79
14:23:14:600505 10.180 10.530 14:21:07 2.65 14:21:45 3.44 38 0.79
14:23:16:600505 10.180 10.530 14:21:07 2.65 14:21:45 3.44 38 0.79
14:23:20:600505 10.180 10.530 14:21:07 2.65 14:21:49 3.44 42 0.79
14:23:26:600505 10.180 10.540 14:21:07 2.65 14:21:55 3.54 48 0.88
14:24:16:600236 6.370 6.560 14:22:06 2.35 14:22:45 2.98 39 0.63
14:24:18:600236 6.370 6.560 14:22:06 2.35 14:22:48 2.98 42 0.63
14:24:26:600236 6.370 6.570 14:22:06 2.35 14:22:57 3.14 51 0.78
14:24:28:600236 6.370 6.570 14:22:06 2.35 14:22:57 3.14 51 0.78
14:25:21:000576 13.610 14.000 14:23:00 2.35 14:23:51 2.87 51 0.51
14:25:24:000576 13.610 14.000 14:23:00 2.35 14:23:54 2.87 54 0.51
14:25:26:002284 14.110 14.500 14:23:03 2.20 14:23:57 2.76 54 0.57
14:25:26:000576 13.610 14.010 14:23:00 2.35 14:23:57 2.94 57 0.59
14:25:29:002284 14.110 14.500 14:23:03 2.20 14:23:57 2.76 54 0.57
14:25:29:000576 13.610 14.010 14:23:00 2.35 14:23:57 2.94 57 0.59
14:31:43:601677 15.190 15.650 14:30:04 2.50 14:30:13 3.03 9 0.53
14:31:45:601677 15.190 15.650 14:30:04 2.50 14:30:13 3.03 9 0.53
14:32:43:600399 7.390 7.550 14:31:07 0.95 14:31:13 2.17 6 1.22
14:32:45:600399 7.390 7.550 14:31:07 0.95 14:31:16 2.17 9 1.22
14:32:47:000878 16.200 17.040 14:31:03 4.63 14:31:18 5.19 15 0.56
14:32:49:600399 7.390 7.550 14:31:07 0.95 14:31:16 2.17 9 1.22
14:32:54:000878 16.200 17.080 14:31:03 4.63 14:31:24 5.43 21 0.80
14:32:55:000878 16.200 17.080 14:31:09 4.75 14:31:24 5.43 15 0.68
14:32:55:600399 7.390 7.560 14:31:07 0.95 14:31:25 2.30 18 1.35
14:32:56:000878 16.200 17.100 14:31:03 4.63 14:31:27 5.56 24 0.93
14:32:58:000878 16.200 17.100 14:31:03 4.63 14:31:27 5.56 24 0.93
14:32:59:000878 16.200 17.100 14:31:09 4.75 14:31:30 5.56 21 0.80
14:32:59:600399 7.390 7.560 14:31:07 0.95 14:31:28 2.30 21 1.35
14:33:04:000878 16.200 17.150 14:31:09 4.75 14:31:33 5.86 24 1.11
14:33:04:600399 7.390 7.560 14:31:07 0.95 14:31:34 2.30 27 1.35
14:33:06:000878 16.200 17.180 14:31:09 4.75 14:31:36 6.05 27 1.30
14:33:06:600399 7.390 7.560 14:31:07 0.95 14:31:34 2.30 27 1.35
14:33:09:000878 16.200 17.180 14:31:09 4.75 14:31:39 6.05 30 1.30
14:33:09:600399 7.390 7.560 14:31:07 0.95 14:31:37 2.30 30 1.35
14:33:11:000878 16.200 17.200 14:31:09 4.75 14:31:42 6.17 33 1.42
14:33:14:000878 16.200 17.200 14:31:09 4.75 14:31:45 6.17 36 1.42
14:33:16:000878 16.200 17.200 14:31:09 4.75 14:31:45 6.17 36 1.42
14:33:16:600362 21.130 21.560 14:31:07 1.28 14:31:46 2.04 39 0.76
14:33:16:600399 7.390 7.570 14:31:07 0.95 14:31:46 2.44 39 1.49
14:33:18:000878 16.200 17.200 14:31:09 4.75 14:31:48 6.17 39 1.42
14:33:18:600362 21.130 21.590 14:31:07 1.28 14:31:49 2.18 42 0.90
14:33:18:600399 7.390 7.580 14:31:07 0.95 14:31:49 2.57 42 1.62
14:33:20:000878 16.200 17.200 14:31:09 4.75 14:31:51 6.17 42 1.42
14:33:20:600362 21.130 21.590 14:31:07 1.28 14:31:49 2.18 42 0.90
14:33:20:600399 7.390 7.580 14:31:07 0.95 14:31:49 2.57 42 1.62
14:33:22:000878 16.200 17.200 14:31:09 4.75 14:31:54 6.17 45 1.42
14:33:22:600362 21.130 21.600 14:31:07 1.28 14:31:52 2.22 45 0.95
14:33:26:600399 7.390 7.580 14:31:07 0.95 14:31:55 2.57 48 1.62
14:33:28:600399 7.390 7.580 14:31:07 0.95 14:31:55 2.57 48 1.62
14:37:19:000933 6.890 7.180 14:35:00 3.63 14:35:51 4.21 51 0.58
14:37:21:000933 6.890 7.180 14:35:00 3.63 14:35:51 4.21 51 0.58
14:37:24:000933 6.890 7.180 14:35:00 3.63 14:35:54 4.21 54 0.58
14:37:26:000933 6.890 7.180 14:35:00 3.63 14:35:57 4.21 57 0.58
14:37:28:000933 6.890 7.180 14:35:00 3.63 14:35:57 4.21 57 0.58
14:37:58:002361 8.830 9.100 14:36:03 2.49 14:36:27 3.06 24 0.57
14:37:59:002361 8.830 9.100 14:36:03 2.49 14:36:27 3.06 24 0.57
14:39:27:002143 32.100 34.180 14:37:30 5.92 14:37:57 6.48 27 0.56
14:39:29:002143 32.100 34.180 14:37:30 5.92 14:37:57 6.48 27 0.56
14:41:56:000789 9.380 9.970 14:40:09 5.76 14:40:27 6.29 18 0.53
14:41:57:000789 9.380 9.970 14:40:09 5.76 14:40:30 6.29 21 0.53
14:41:59:000789 9.380 9.970 14:40:09 5.76 14:40:30 6.29 21 0.53
14:42:01:000789 9.380 9.970 14:40:09 5.76 14:40:33 6.29 24 0.53
14:42:03:000789 9.380 9.970 14:40:09 5.76 14:40:33 6.29 24 0.53
14:42:06:000789 9.380 9.980 14:40:09 5.76 14:40:36 6.40 27 0.64
14:42:17:000789 9.380 10.000 14:40:09 5.76 14:40:48 6.61 39 0.85
14:42:19:000789 9.380 10.000 14:40:09 5.76 14:40:51 6.50 42 0.75
14:42:22:000789 9.380 10.000 14:40:09 5.76 14:40:51 6.50 42 0.75
14:42:24:000789 9.380 10.000 14:40:09 5.76 14:40:54 6.61 45 0.85
14:42:28:000789 9.380 10.000 14:40:09 5.76 14:40:57 6.61 48 0.85
14:42:42:000789 9.380 10.080 14:41:00 6.61 14:41:12 7.46 12 0.85
14:43:22:000789 9.380 10.140 14:41:00 6.61 14:41:51 8.10 51 1.49
14:43:24:000789 9.380 10.140 14:41:00 6.61 14:41:51 8.10 51 1.49
14:43:27:000789 9.380 10.160 14:41:00 6.61 14:41:57 8.32 57 1.71
14:44:27:601000 4.300 4.500 14:42:15 3.95 14:42:54 4.65 39 0.70
14:45:01:600891 9.150 9.650 14:43:09 4.81 14:43:31 5.46 22 0.66
14:45:04:601000 4.300 4.540 14:43:24 4.88 14:43:34 5.58 10 0.70
14:45:04:600891 9.150 9.680 14:43:09 4.81 14:43:34 5.79 25 0.98
14:45:07:600891 9.150 9.690 14:43:09 4.81 14:43:37 5.90 28 1.09
14:45:09:600891 9.150 9.690 14:43:09 4.81 14:43:39 5.90 30 1.09
14:45:12:601000 4.300 4.550 14:43:24 4.88 14:43:43 5.81 19 0.93
14:45:12:600891 9.150 9.700 14:43:09 4.81 14:43:43 6.01 34 1.20
14:45:14:600891 9.150 9.710 14:43:09 4.81 14:43:46 6.12 37 1.31
14:45:17:600891 9.150 9.710 14:43:09 4.81 14:43:46 6.12 37 1.31
14:45:22:601000 4.300 4.560 14:43:24 4.88 14:43:52 6.05 28 1.16
14:45:25:601000 4.300 4.560 14:43:24 4.88 14:43:55 6.05 31 1.16
14:45:27:601000 4.300 4.560 14:43:24 4.88 14:43:58 6.05 34 1.16
14:48:05:600819 8.880 9.400 14:46:01 5.29 14:46:37 5.86 36 0.56
14:48:09:600819 8.880 9.400 14:46:01 5.29 14:46:37 5.86 36 0.56
14:48:15:600819 8.880 9.410 14:46:01 5.29 14:46:46 5.97 45 0.68
14:48:18:600819 8.880 9.420 14:46:01 5.29 14:46:49 6.08 48 0.79
14:48:27:600819 8.880 9.450 14:46:01 5.29 14:46:58 6.42 57 1.13
14:49:18:600819 8.880 9.580 14:47:01 6.42 14:47:49 7.88 48 1.46
14:49:22:600819 8.880 9.580 14:47:01 6.42 14:47:49 7.88 48 1.46
14:51:19:601800 18.040 18.690 14:49:13 2.88 14:49:49 3.60 36 0.72
14:51:22:601800 18.040 18.690 14:49:13 2.88 14:49:49 3.60 36 0.72
14:51:23:601800 18.040 18.690 14:49:13 2.88 14:49:49 3.60 36 0.72
14:51:25:601800 18.040 18.700 14:49:13 2.88 14:49:55 3.66 42 0.78
14:51:27:601800 18.040 18.700 14:49:13 2.88 14:49:58 3.66 45 0.78
14:53:09:000789 9.380 10.190 14:51:00 4.80 14:51:39 5.44 39 0.64
14:53:13:000789 9.380 10.190 14:51:00 4.80 14:51:42 5.33 42 0.53
14:53:15:000789 9.380 10.190 14:51:00 4.80 14:51:45 5.33 45 0.53
14:53:20:000789 9.380 10.190 14:51:00 4.80 14:51:51 5.54 51 0.75
14:53:22:000789 9.380 10.190 14:51:00 4.80 14:51:51 5.54 51 0.75
14:53:25:000789 9.380 10.190 14:51:00 4.80 14:51:51 5.54 51 0.75
14:53:25:600439 8.260 8.550 14:51:19 2.66 14:51:52 3.51 33 0.85
14:53:27:000789 9.380 10.190 14:51:00 4.80 14:51:57 5.54 57 0.75
14:54:15:600595 6.110 6.390 14:52:01 3.44 14:52:43 4.58 42 1.15
14:54:18:600595 6.110 6.390 14:52:01 3.44 14:52:43 4.58 42 1.15
14:54:22:600595 6.110 6.410 14:52:01 3.44 14:52:52 4.91 51 1.47
14:54:22:601699 9.440 9.750 14:52:31 2.75 14:52:52 3.28 21 0.53
14:54:25:600595 6.110 6.410 14:52:01 3.44 14:52:52 4.91 51 1.47
14:54:25:601699 9.440 9.750 14:52:31 2.75 14:52:55 3.28 24 0.53
14:54:28:601699 9.440 9.750 14:52:31 2.75 14:52:58 3.28 27 0.53
14:55:42:002160 9.390 9.650 14:54:03 2.24 14:54:09 2.77 6 0.53
14:55:54:002160 9.390 9.650 14:54:03 2.24 14:54:24 2.77 21 0.53
14:55:58:002160 9.390 9.650 14:54:03 2.24 14:54:24 2.77 21 0.53
14:56:05:002160 9.390 9.650 14:54:03 2.24 14:54:33 2.77 30 0.53
14:58:00:002753 34.470 35.500 14:56:03 2.41 14:56:27 2.99 24 0.58
14:58:03:002753 34.470 35.500 14:56:03 2.41 14:56:33 2.99 30 0.58
15:01:26:603199 37.890 39.240 14:59:31 2.67 14:59:58 3.56 27 0.90
15:01:28:603199 37.890 39.240 14:59:31 2.67 14:59:58 3.56 27 0.90
15:01:35:603199 37.890 39.240 14:59:31 2.67 14:59:59 3.56 28 0.90
