09:46:14:603838 17.900 19.250 09:44:26 6.87 09:44:38 7.54 12 0.67
09:46:15:603838 17.900 19.250 09:44:26 6.87 09:44:38 7.54 12 0.67
09:46:16:603838 17.900 19.250 09:44:26 6.87 09:44:38 7.54 12 0.67
09:46:20:002148 19.280 19.850 09:44:27 1.56 09:44:45 2.96 18 1.40
09:46:20:002148 19.280 19.850 09:44:27 1.56 09:44:45 2.96 18 1.40
09:46:21:002148 19.280 19.850 09:44:27 1.56 09:44:45 2.96 18 1.40
09:46:22:002148 19.280 19.900 09:44:27 1.56 09:44:48 3.22 21 1.66
09:46:22:000789 9.400 9.630 09:44:27 1.81 09:44:48 2.45 21 0.64
09:46:23:002148 19.280 19.900 09:44:27 1.56 09:44:48 3.22 21 1.66
09:46:23:000789 9.400 9.630 09:44:27 1.81 09:44:48 2.45 21 0.64
09:46:24:002148 19.280 19.900 09:44:27 1.56 09:44:48 3.22 21 1.66
09:46:24:000789 9.400 9.630 09:44:27 1.81 09:44:48 2.45 21 0.64
09:46:25:002148 19.280 19.900 09:44:27 1.56 09:44:48 3.22 21 1.66
09:46:25:000789 9.400 9.660 09:44:27 1.81 09:44:51 2.77 24 0.96
09:46:26:002148 19.280 19.930 09:44:27 1.56 09:44:51 3.37 24 1.82
09:46:26:000789 9.400 9.660 09:44:27 1.81 09:44:51 2.77 24 0.96
09:46:27:002148 19.280 19.930 09:44:27 1.56 09:44:51 3.37 24 1.82
09:46:27:000789 9.400 9.660 09:44:27 1.81 09:44:51 2.77 24 0.96
09:46:28:002148 19.280 19.930 09:44:27 1.56 09:44:51 3.37 24 1.82
09:46:28:000789 9.400 9.670 09:44:27 1.81 09:44:54 2.87 27 1.06
09:46:29:600167 20.640 21.700 09:44:26 4.46 09:44:53 5.14 27 0.68
09:46:29:000789 9.400 9.670 09:44:27 1.81 09:44:54 2.87 27 1.06
09:46:29:600167 20.640 21.700 09:44:26 4.46 09:44:53 5.14 27 0.68
09:46:29:000789 9.400 9.670 09:44:27 1.81 09:44:54 2.87 27 1.06
09:46:30:600167 20.640 21.700 09:44:26 4.46 09:44:53 5.14 27 0.68
09:46:30:000789 9.400 9.670 09:44:27 1.81 09:44:54 2.87 27 1.06
09:46:31:002148 19.280 19.970 09:44:27 1.56 09:44:57 3.58 30 2.02
09:46:31:600167 20.640 21.700 09:44:26 4.46 09:44:53 5.14 27 0.68
09:46:33:002148 19.280 19.970 09:44:27 1.56 09:44:57 3.58 30 2.02
09:46:33:600167 20.640 21.700 09:44:26 4.46 09:44:56 5.14 30 0.68
09:46:33:600243 11.700 12.030 09:44:26 2.14 09:44:56 2.82 30 0.68
09:46:34:002148 19.280 19.970 09:44:27 1.56 09:44:57 3.58 30 2.02
09:46:34:600167 20.640 21.700 09:44:26 4.46 09:44:56 5.14 30 0.68
09:46:34:600243 11.700 12.030 09:44:26 2.14 09:44:56 2.82 30 0.68
09:46:35:600243 11.700 12.030 09:44:26 2.14 09:44:56 2.82 30 0.68
09:46:35:600167 20.640 21.700 09:44:26 4.46 09:44:59 5.14 33 0.68
09:46:36:600243 11.700 12.030 09:44:26 2.14 09:44:59 2.82 33 0.68
09:46:36:600167 20.640 21.700 09:44:26 4.46 09:44:59 5.14 33 0.68
09:46:37:600243 11.700 12.030 09:44:26 2.14 09:44:59 2.82 33 0.68
09:46:37:600167 20.640 21.700 09:44:26 4.46 09:44:59 5.14 33 0.68
09:46:38:600243 11.700 12.030 09:44:26 2.14 09:44:59 2.82 33 0.68
09:46:55:600075 14.800 15.180 09:45:14 2.03 09:45:17 2.57 3 0.54
09:46:55:600075 14.800 15.180 09:45:14 2.03 09:45:17 2.57 3 0.54
09:46:58:002697 8.470 8.730 09:45:00 2.48 09:45:24 3.07 24 0.59
09:46:59:002697 8.470 8.730 09:45:00 2.48 09:45:24 3.07 24 0.59
09:47:00:002697 8.470 8.730 09:45:00 2.48 09:45:24 3.07 24 0.59
09:47:03:002148 19.280 20.100 09:45:06 3.73 09:45:27 4.25 21 0.52
09:47:04:002148 19.280 20.100 09:45:06 3.73 09:45:27 4.25 21 0.52
09:47:04:002148 19.280 20.100 09:45:06 3.73 09:45:30 4.25 24 0.52
09:47:04:002697 8.470 8.740 09:45:00 2.48 09:45:30 3.19 30 0.71
09:47:05:002148 19.280 20.100 09:45:06 3.73 09:45:30 4.25 24 0.52
09:47:05:002697 8.470 8.740 09:45:00 2.48 09:45:30 3.19 30 0.71
09:47:06:002148 19.280 20.100 09:45:06 3.73 09:45:30 4.25 24 0.52
09:47:06:002697 8.470 8.740 09:45:00 2.48 09:45:30 3.19 30 0.71
09:47:07:002148 19.280 20.200 09:45:06 3.73 09:45:33 4.77 27 1.04
09:47:08:002148 19.280 20.200 09:45:06 3.73 09:45:33 4.77 27 1.04
09:47:09:002148 19.280 20.200 09:45:06 3.73 09:45:33 4.77 27 1.04
09:47:10:600075 14.800 15.280 09:45:14 2.03 09:45:32 3.24 18 1.22
09:47:10:002148 19.280 20.200 09:45:06 3.73 09:45:33 4.77 27 1.04
09:47:11:600075 14.800 15.280 09:45:14 2.03 09:45:32 3.24 18 1.22
09:47:11:002148 19.280 20.200 09:45:06 3.73 09:45:36 4.77 30 1.04
09:47:11:600075 14.800 15.280 09:45:14 2.03 09:45:32 3.24 18 1.22
09:47:11:002148 19.280 20.200 09:45:06 3.73 09:45:36 4.77 30 1.04
09:47:12:600075 14.800 15.280 09:45:14 2.03 09:45:35 3.24 21 1.22
09:47:12:002148 19.280 20.200 09:45:06 3.73 09:45:36 4.77 30 1.04
09:47:13:600075 14.800 15.280 09:45:14 2.03 09:45:35 3.24 21 1.22
09:47:13:002148 19.280 20.200 09:45:06 3.73 09:45:39 4.77 33 1.04
09:47:14:600075 14.800 15.280 09:45:14 2.03 09:45:35 3.24 21 1.22
09:47:14:002148 19.280 20.200 09:45:06 3.73 09:45:39 4.77 33 1.04
09:47:15:002148 19.280 20.200 09:45:06 3.73 09:45:39 4.77 33 1.04
09:47:15:600167 20.640 21.840 09:45:02 5.14 09:45:38 5.81 36 0.68
09:47:16:002148 19.280 20.200 09:45:06 3.73 09:45:39 4.77 33 1.04
09:47:16:600167 20.640 21.840 09:45:02 5.14 09:45:38 5.81 36 0.68
09:47:16:002148 19.280 20.200 09:45:06 3.73 09:45:42 4.77 36 1.04
09:47:16:002697 8.470 8.770 09:45:00 2.48 09:45:42 3.54 42 1.06
09:47:17:002148 19.280 20.200 09:45:06 3.73 09:45:42 4.77 36 1.04
09:47:17:002697 8.470 8.770 09:45:00 2.48 09:45:42 3.54 42 1.06
09:47:18:002148 19.280 20.200 09:45:06 3.73 09:45:42 4.77 36 1.04
09:47:18:002697 8.470 8.770 09:45:00 2.48 09:45:42 3.54 42 1.06
09:47:19:002148 19.280 20.200 09:45:06 3.73 09:45:45 4.77 39 1.04
09:47:20:002148 19.280 20.200 09:45:06 3.73 09:45:45 4.77 39 1.04
09:47:20:600167 20.640 21.840 09:45:02 5.14 09:45:44 5.81 42 0.68
09:47:21:002148 19.280 20.200 09:45:06 3.73 09:45:45 4.77 39 1.04
09:47:21:600167 20.640 21.840 09:45:02 5.14 09:45:44 5.81 42 0.68
09:47:22:002148 19.280 20.200 09:45:06 3.73 09:45:45 4.77 39 1.04
09:47:22:600167 20.640 21.840 09:45:02 5.14 09:45:44 5.81 42 0.68
09:47:23:002148 19.280 20.200 09:45:06 3.73 09:45:48 4.77 42 1.04
09:47:23:600167 20.640 21.840 09:45:02 5.14 09:45:44 5.81 42 0.68
09:47:23:002697 8.470 8.770 09:45:00 2.48 09:45:48 3.54 48 1.06
09:47:23:002148 19.280 20.200 09:45:06 3.73 09:45:48 4.77 42 1.04
09:47:23:600167 20.640 21.840 09:45:02 5.14 09:45:44 5.81 42 0.68
09:47:23:002697 8.470 8.770 09:45:00 2.48 09:45:48 3.54 48 1.06
09:47:24:600075 14.800 15.290 09:45:14 2.03 09:45:47 3.31 33 1.28
09:47:24:002148 19.280 20.200 09:45:06 3.73 09:45:48 4.77 42 1.04
09:47:24:600167 20.640 21.850 09:45:02 5.14 09:45:47 5.86 45 0.73
09:47:24:002697 8.470 8.770 09:45:00 2.48 09:45:48 3.54 48 1.06
09:47:25:600075 14.800 15.290 09:45:14 2.03 09:45:47 3.31 33 1.28
09:47:25:002148 19.280 20.200 09:45:06 3.73 09:45:51 4.77 45 1.04
09:47:26:600075 14.800 15.290 09:45:14 2.03 09:45:47 3.31 33 1.28
09:47:26:002148 19.280 20.200 09:45:06 3.73 09:45:51 4.77 45 1.04
09:47:27:600075 14.800 15.290 09:45:14 2.03 09:45:50 3.31 36 1.28
09:47:27:002148 19.280 20.200 09:45:06 3.73 09:45:51 4.77 45 1.04
09:47:27:600381 17.820 18.480 09:45:20 3.20 09:45:50 3.70 30 0.51
09:47:28:600075 14.800 15.290 09:45:14 2.03 09:45:50 3.31 36 1.28
09:47:28:002148 19.280 20.200 09:45:06 3.73 09:45:51 4.77 45 1.04
09:47:28:600381 17.820 18.480 09:45:20 3.20 09:45:50 3.70 30 0.51
09:47:28:002697 8.470 8.780 09:45:00 2.48 09:45:54 3.66 54 1.18
09:47:29:600075 14.800 15.290 09:45:14 2.03 09:45:50 3.31 36 1.28
09:47:29:002148 19.280 20.200 09:45:06 3.73 09:45:54 4.77 48 1.04
09:47:29:600381 17.820 18.480 09:45:20 3.20 09:45:50 3.70 30 0.51
09:47:29:002697 8.470 8.780 09:45:00 2.48 09:45:54 3.66 54 1.18
09:47:29:600075 14.800 15.290 09:45:14 2.03 09:45:50 3.31 36 1.28
09:47:29:002148 19.280 20.200 09:45:06 3.73 09:45:54 4.77 48 1.04
09:47:29:600381 17.820 18.480 09:45:20 3.20 09:45:53 3.70 33 0.51
09:47:29:002697 8.470 8.780 09:45:00 2.48 09:45:54 3.66 54 1.18
09:47:30:600060 18.730 19.280 09:45:05 2.14 09:45:53 2.94 48 0.80
09:47:30:002148 19.280 20.200 09:45:06 3.73 09:45:54 4.77 48 1.04
09:47:30:600381 17.820 18.480 09:45:20 3.20 09:45:53 3.70 33 0.51
09:47:30:002697 8.470 8.780 09:45:00 2.48 09:45:54 3.66 54 1.18
09:47:31:600060 18.730 19.280 09:45:05 2.14 09:45:53 2.94 48 0.80
09:47:31:002148 19.280 20.200 09:45:06 3.73 09:45:57 4.77 51 1.04
09:47:31:600381 17.820 18.480 09:45:20 3.20 09:45:53 3.70 33 0.51
09:47:31:002273 20.560 21.100 09:45:03 2.04 09:45:57 2.63 54 0.58
09:47:32:600060 18.730 19.280 09:45:05 2.14 09:45:53 2.94 48 0.80
09:47:32:002148 19.280 20.200 09:45:06 3.73 09:45:57 4.77 51 1.04
09:47:32:002273 20.560 21.100 09:45:03 2.04 09:45:57 2.63 54 0.58
09:47:33:002148 19.280 20.200 09:45:06 3.73 09:45:57 4.77 51 1.04
09:47:33:002273 20.560 21.100 09:45:03 2.04 09:45:57 2.63 54 0.58
09:47:34:002148 19.280 20.200 09:45:06 3.73 09:45:57 4.77 51 1.04
09:47:34:002273 20.560 21.100 09:45:03 2.04 09:45:57 2.63 54 0.58
09:47:35:600167 20.640 21.930 09:45:02 5.14 09:45:59 6.25 57 1.11
09:47:36:600167 20.640 21.930 09:45:02 5.14 09:45:59 6.25 57 1.11
09:47:37:600167 20.640 21.930 09:45:02 5.14 09:45:59 6.25 57 1.11
09:47:58:000501 23.090 23.870 09:46:03 2.82 09:46:24 3.38 21 0.56
09:47:59:000501 23.090 23.870 09:46:03 2.82 09:46:24 3.38 21 0.56
09:48:00:000501 23.090 23.870 09:46:03 2.82 09:46:24 3.38 21 0.56
09:48:01:000501 23.090 23.900 09:46:03 2.82 09:46:27 3.51 24 0.69
09:48:02:000501 23.090 23.900 09:46:03 2.82 09:46:27 3.51 24 0.69
09:48:03:000501 23.090 23.900 09:46:03 2.82 09:46:27 3.51 24 0.69
09:48:07:000501 23.090 23.900 09:46:03 2.82 09:46:33 3.51 30 0.69
09:48:08:000501 23.090 23.900 09:46:03 2.82 09:46:33 3.51 30 0.69
09:48:09:000501 23.090 23.900 09:46:03 2.82 09:46:33 3.51 30 0.69
09:48:10:000501 23.090 23.900 09:46:03 2.82 09:46:36 3.51 33 0.69
09:48:11:000501 23.090 23.900 09:46:03 2.82 09:46:36 3.51 33 0.69
09:48:12:000501 23.090 23.900 09:46:03 2.82 09:46:36 3.51 33 0.69
09:48:13:000501 23.090 23.920 09:46:03 2.82 09:46:39 3.59 36 0.78
09:48:14:000501 23.090 23.920 09:46:03 2.82 09:46:39 3.59 36 0.78
09:48:15:000501 23.090 23.920 09:46:03 2.82 09:46:39 3.59 36 0.78
09:48:16:000501 23.090 23.920 09:46:03 2.82 09:46:39 3.59 36 0.78
09:48:16:000501 23.090 23.940 09:46:03 2.82 09:46:42 3.68 39 0.87
09:48:17:000501 23.090 23.940 09:46:03 2.82 09:46:42 3.68 39 0.87
09:48:18:000501 23.090 23.940 09:46:03 2.82 09:46:42 3.68 39 0.87
09:49:22:002205 31.070 31.900 09:47:24 2.16 09:47:48 2.67 24 0.51
09:49:23:002205 31.070 31.900 09:47:24 2.16 09:47:48 2.67 24 0.51
09:49:24:002205 31.070 31.900 09:47:24 2.16 09:47:48 2.67 24 0.51
09:49:25:000401 14.270 14.870 09:47:18 3.43 09:47:51 4.20 33 0.77
09:49:25:002205 31.070 31.900 09:47:24 2.16 09:47:48 2.67 24 0.51
09:49:26:000401 14.270 14.870 09:47:18 3.43 09:47:51 4.20 33 0.77
09:49:26:002205 31.070 31.900 09:47:24 2.16 09:47:51 2.67 27 0.51
09:49:27:600318 30.500 31.340 09:47:08 2.07 09:47:50 2.75 42 0.69
09:49:27:000401 14.270 14.870 09:47:18 3.43 09:47:51 4.20 33 0.77
09:49:27:002205 31.070 31.900 09:47:24 2.16 09:47:51 2.67 27 0.51
09:49:28:600318 30.500 31.340 09:47:08 2.07 09:47:50 2.75 42 0.69
09:49:28:000401 14.270 14.870 09:47:18 3.43 09:47:51 4.20 33 0.77
09:49:28:002205 31.070 31.900 09:47:24 2.16 09:47:51 2.67 27 0.51
09:49:29:600318 30.500 31.340 09:47:08 2.07 09:47:50 2.75 42 0.69
09:49:29:000401 14.270 14.880 09:47:18 3.43 09:47:54 4.27 36 0.84
09:49:29:600318 30.500 31.340 09:47:08 2.07 09:47:50 2.75 42 0.69
09:49:29:000401 14.270 14.880 09:47:18 3.43 09:47:54 4.27 36 0.84
09:49:30:600318 30.500 31.340 09:47:08 2.07 09:47:50 2.75 42 0.69
09:49:30:000401 14.270 14.880 09:47:18 3.43 09:47:54 4.27 36 0.84
09:49:32:600318 30.500 31.370 09:47:08 2.07 09:47:55 2.85 47 0.79
09:49:32:000401 14.270 14.880 09:47:18 3.43 09:47:57 4.27 39 0.84
09:49:32:002205 31.070 31.960 09:47:24 2.16 09:47:57 2.86 33 0.71
09:49:33:600318 30.500 31.370 09:47:08 2.07 09:47:55 2.85 47 0.79
09:49:33:000401 14.270 14.880 09:47:18 3.43 09:47:57 4.27 39 0.84
09:49:33:002205 31.070 31.960 09:47:24 2.16 09:47:57 2.86 33 0.71
09:49:35:002205 31.070 31.960 09:47:24 2.16 09:47:57 2.86 33 0.71
09:50:02:000401 14.270 15.000 09:48:00 4.56 09:48:27 5.12 27 0.56
09:50:03:000401 14.270 15.000 09:48:00 4.56 09:48:27 5.12 27 0.56
09:50:04:000401 14.270 15.000 09:48:00 4.56 09:48:27 5.12 27 0.56
09:50:04:000933 7.340 7.560 09:48:00 2.45 09:48:30 3.00 30 0.54
09:50:05:000933 7.340 7.560 09:48:00 2.45 09:48:30 3.00 30 0.54
09:50:06:000933 7.340 7.560 09:48:00 2.45 09:48:30 3.00 30 0.54
09:50:07:000933 7.340 7.560 09:48:00 2.45 09:48:33 3.00 33 0.54
09:50:08:000933 7.340 7.560 09:48:00 2.45 09:48:33 3.00 33 0.54
09:50:10:000933 7.340 7.560 09:48:00 2.45 09:48:33 3.00 33 0.54
09:50:12:000933 7.340 7.570 09:48:00 2.45 09:48:36 3.13 36 0.68
09:50:18:000401 14.270 15.060 09:48:00 4.56 09:48:42 5.54 42 0.98
09:50:19:000401 14.270 15.060 09:48:00 4.56 09:48:42 5.54 42 0.98
09:50:23:000933 7.340 7.580 09:48:00 2.45 09:48:48 3.27 48 0.82
09:50:24:600318 30.500 31.660 09:48:13 3.11 09:48:49 3.80 36 0.69
09:50:24:000933 7.340 7.580 09:48:00 2.45 09:48:48 3.27 48 0.82
09:50:25:600318 30.500 31.660 09:48:13 3.11 09:48:49 3.80 36 0.69
09:50:26:600318 30.500 31.660 09:48:13 3.11 09:48:49 3.80 36 0.69
09:50:27:600318 30.500 31.660 09:48:13 3.11 09:48:49 3.80 36 0.69
09:50:31:600318 30.500 31.700 09:48:13 3.11 09:48:55 3.93 42 0.82
09:50:31:000933 7.340 7.590 09:48:00 2.45 09:48:57 3.41 57 0.95
09:50:32:600318 30.500 31.700 09:48:13 3.11 09:48:55 3.93 42 0.82
09:50:32:000933 7.340 7.590 09:48:00 2.45 09:48:57 3.41 57 0.95
09:50:33:600318 30.500 31.700 09:48:13 3.11 09:48:55 3.93 42 0.82
09:50:33:000933 7.340 7.590 09:48:00 2.45 09:48:57 3.41 57 0.95
09:50:34:600318 30.500 31.800 09:48:13 3.11 09:48:58 4.26 45 1.15
09:50:34:000933 7.340 7.590 09:48:00 2.45 09:48:57 3.41 57 0.95
09:50:35:600318 30.500 31.800 09:48:13 3.11 09:48:58 4.26 45 1.15
09:50:55:600720 9.780 10.030 09:49:01 2.04 09:49:19 2.56 18 0.51
09:50:56:600720 9.780 10.030 09:49:01 2.04 09:49:19 2.56 18 0.51
09:50:57:600720 9.780 10.030 09:49:01 2.04 09:49:19 2.56 18 0.51
09:50:57:600720 9.780 10.030 09:49:01 2.04 09:49:19 2.56 18 0.51
09:51:01:600720 9.780 10.040 09:49:01 2.04 09:49:26 2.66 25 0.61
09:51:02:600720 9.780 10.040 09:49:01 2.04 09:49:26 2.66 25 0.61
09:51:03:600167 20.640 22.110 09:49:10 6.59 09:49:28 7.12 18 0.53
09:51:03:600720 9.780 10.040 09:49:01 2.04 09:49:28 2.66 27 0.61
09:51:04:600167 20.640 22.110 09:49:10 6.59 09:49:28 7.12 18 0.53
09:51:04:600720 9.780 10.040 09:49:01 2.04 09:49:28 2.66 27 0.61
09:51:05:600167 20.640 22.110 09:49:10 6.59 09:49:28 7.12 18 0.53
09:51:05:600720 9.780 10.040 09:49:01 2.04 09:49:28 2.66 27 0.61
09:51:06:600167 20.640 22.110 09:49:10 6.59 09:49:28 7.12 18 0.53
09:51:06:600720 9.780 10.070 09:49:01 2.04 09:49:31 2.97 30 0.92
09:51:07:000728 20.410 21.260 09:49:15 3.63 09:49:33 4.16 18 0.54
09:51:07:600167 20.640 22.110 09:49:10 6.59 09:49:31 7.12 21 0.53
09:51:07:600720 9.780 10.070 09:49:01 2.04 09:49:31 2.97 30 0.92
09:51:08:000728 20.410 21.260 09:49:15 3.63 09:49:33 4.16 18 0.54
09:51:08:600720 9.780 10.070 09:49:01 2.04 09:49:31 2.97 30 0.92
09:51:09:000728 20.410 21.260 09:49:15 3.63 09:49:33 4.16 18 0.54
09:51:09:600720 9.780 10.070 09:49:01 2.04 09:49:34 2.97 33 0.92
09:51:10:000728 20.410 21.260 09:49:15 3.63 09:49:33 4.16 18 0.54
09:51:10:600720 9.780 10.070 09:49:01 2.04 09:49:34 2.97 33 0.92
09:51:11:002602 34.880 35.780 09:49:06 2.06 09:49:36 2.58 30 0.52
09:51:11:000728 20.410 21.280 09:49:15 3.63 09:49:36 4.26 21 0.64
09:51:11:600167 20.640 22.110 09:49:10 6.59 09:49:35 7.12 25 0.53
09:51:11:600720 9.780 10.070 09:49:01 2.04 09:49:34 2.97 33 0.92
09:51:12:002602 34.880 35.780 09:49:06 2.06 09:49:36 2.58 30 0.52
09:51:12:000728 20.410 21.280 09:49:15 3.63 09:49:36 4.26 21 0.64
09:51:12:600167 20.640 22.110 09:49:10 6.59 09:49:35 7.12 25 0.53
09:51:12:600720 9.780 10.070 09:49:01 2.04 09:49:34 2.97 33 0.92
09:51:12:002602 34.880 35.780 09:49:06 2.06 09:49:36 2.58 30 0.52
09:51:12:000728 20.410 21.280 09:49:15 3.63 09:49:36 4.26 21 0.64
09:51:12:600167 20.640 22.110 09:49:10 6.59 09:49:35 7.12 25 0.53
09:51:13:002602 34.880 35.800 09:49:06 2.06 09:49:39 2.64 33 0.57
09:51:13:000728 20.410 21.290 09:49:15 3.63 09:49:39 4.31 24 0.69
09:51:13:600167 20.640 22.110 09:49:10 6.59 09:49:35 7.12 25 0.53
09:51:16:002602 34.880 35.800 09:49:06 2.06 09:49:39 2.64 33 0.57
09:51:16:000728 20.410 21.290 09:49:15 3.63 09:49:39 4.31 24 0.69
09:51:16:600167 20.640 22.110 09:49:10 6.59 09:49:41 7.12 31 0.53
09:51:16:600167 20.640 22.110 09:49:10 6.59 09:49:41 7.12 31 0.53
09:51:17:600167 20.640 22.110 09:49:10 6.59 09:49:41 7.12 31 0.53
09:51:18:600167 20.640 22.110 09:49:10 6.59 09:49:41 7.12 31 0.53
09:51:18:600720 9.780 10.070 09:49:01 2.04 09:49:43 2.97 42 0.92
09:51:19:600167 20.640 22.110 09:49:10 6.59 09:49:41 7.12 31 0.53
09:51:19:600720 9.780 10.070 09:49:01 2.04 09:49:43 2.97 42 0.92
09:51:20:600167 20.640 22.150 09:49:10 6.59 09:49:44 7.32 34 0.73
09:51:20:600720 9.780 10.070 09:49:01 2.04 09:49:43 2.97 42 0.92
09:51:21:600167 20.640 22.150 09:49:10 6.59 09:49:44 7.32 34 0.73
09:51:22:600167 20.640 22.150 09:49:10 6.59 09:49:44 7.32 34 0.73
09:51:23:600167 20.640 22.150 09:49:10 6.59 09:49:44 7.32 34 0.73
09:51:23:002348 7.710 7.970 09:49:00 2.85 09:49:48 3.37 48 0.52
09:51:24:600167 20.640 22.150 09:49:10 6.59 09:49:44 7.32 34 0.73
09:51:24:002348 7.710 7.970 09:49:00 2.85 09:49:48 3.37 48 0.52
09:51:24:002348 7.710 7.970 09:49:00 2.85 09:49:48 3.37 48 0.52
09:51:29:002348 7.710 7.970 09:49:00 2.85 09:49:54 3.37 54 0.52
09:51:30:002348 7.710 7.970 09:49:00 2.85 09:49:54 3.37 54 0.52
09:51:31:600029 7.680 7.880 09:49:34 2.08 09:49:55 2.60 21 0.52
09:51:31:600167 20.640 22.200 09:49:10 6.59 09:49:55 7.56 45 0.97
09:51:31:002348 7.710 7.970 09:49:00 2.85 09:49:54 3.37 54 0.52
09:51:32:600029 7.680 7.880 09:49:34 2.08 09:49:55 2.60 21 0.52
09:51:32:600167 20.640 22.200 09:49:10 6.59 09:49:55 7.56 45 0.97
09:51:32:002348 7.710 7.970 09:49:00 2.85 09:49:57 3.37 57 0.52
09:51:33:600029 7.680 7.880 09:49:34 2.08 09:49:55 2.60 21 0.52
09:51:33:600167 20.640 22.200 09:49:10 6.59 09:49:55 7.56 45 0.97
09:51:33:002348 7.710 7.970 09:49:00 2.85 09:49:57 3.37 57 0.52
09:51:34:600167 20.640 22.210 09:49:10 6.59 09:49:59 7.61 49 1.02
09:51:34:002348 7.710 7.970 09:49:00 2.85 09:49:57 3.37 57 0.52
09:51:35:600167 20.640 22.210 09:49:10 6.59 09:49:59 7.61 49 1.02
09:51:36:600167 20.640 22.210 09:49:10 6.59 09:49:59 7.61 49 1.02
09:51:47:600167 20.640 22.440 09:50:01 8.04 09:50:11 8.72 10 0.68
09:51:48:600167 20.640 22.440 09:50:01 8.04 09:50:11 8.72 10 0.68
09:51:49:600167 20.640 22.440 09:50:01 8.04 09:50:11 8.72 10 0.68
09:51:50:600167 20.640 22.440 09:50:01 8.04 09:50:11 8.72 10 0.68
09:52:01:600167 20.640 22.440 09:50:01 8.04 09:50:25 8.72 24 0.68
09:52:02:600167 20.640 22.440 09:50:01 8.04 09:50:25 8.72 24 0.68
09:52:03:600167 20.640 22.450 09:50:01 8.04 09:50:28 8.77 27 0.73
09:52:04:600167 20.640 22.450 09:50:01 8.04 09:50:28 8.77 27 0.73
09:52:05:600167 20.640 22.450 09:50:01 8.04 09:50:28 8.77 27 0.73
09:52:09:600167 20.640 22.480 09:50:01 8.04 09:50:35 8.91 34 0.87
09:52:10:600167 20.640 22.480 09:50:01 8.04 09:50:35 8.91 34 0.87
09:52:12:600167 20.640 22.480 09:50:01 8.04 09:50:35 8.91 34 0.87
09:52:15:600167 20.640 22.490 09:50:01 8.04 09:50:40 8.96 39 0.92
09:52:15:600167 20.640 22.490 09:50:01 8.04 09:50:40 8.96 39 0.92
09:52:16:600167 20.640 22.490 09:50:01 8.04 09:50:40 8.96 39 0.92
09:52:17:600167 20.640 22.490 09:50:01 8.04 09:50:40 8.96 39 0.92
09:52:18:600167 20.640 22.490 09:50:01 8.04 09:50:40 8.96 39 0.92
09:52:19:600167 20.640 22.490 09:50:01 8.04 09:50:40 8.96 39 0.92
09:52:25:000807 7.530 7.760 09:50:24 2.52 09:50:51 3.05 27 0.53
09:52:26:000807 7.530 7.760 09:50:24 2.52 09:50:51 3.05 27 0.53
09:52:27:000807 7.530 7.760 09:50:24 2.52 09:50:51 3.05 27 0.53
09:52:28:000807 7.530 7.760 09:50:24 2.52 09:50:54 3.05 30 0.53
09:52:30:000807 7.530 7.760 09:50:24 2.52 09:50:54 3.05 30 0.53
09:52:31:000807 7.530 7.770 09:50:24 2.52 09:50:57 3.19 33 0.66
09:52:32:000807 7.530 7.770 09:50:24 2.52 09:50:57 3.19 33 0.66
09:52:34:000807 7.530 7.770 09:50:24 2.52 09:50:57 3.19 33 0.66
09:54:07:600801 9.680 10.040 09:52:02 3.20 09:52:31 3.72 29 0.52
09:54:11:600801 9.680 10.050 09:52:02 3.20 09:52:35 3.82 33 0.62
09:54:22:002511 18.080 19.080 09:52:06 4.98 09:52:45 5.53 39 0.55
09:54:27:002511 18.080 19.080 09:52:06 4.98 09:52:48 5.53 42 0.55
09:54:31:600801 9.680 10.070 09:52:02 3.20 09:52:56 4.03 54 0.83
09:54:31:002511 18.080 19.090 09:52:06 4.98 09:52:54 5.59 48 0.61
09:54:34:600801 9.680 10.080 09:52:02 3.20 09:52:59 4.13 57 0.93
09:54:34:002511 18.080 19.100 09:52:06 4.98 09:52:57 5.64 51 0.66
09:55:03:600801 9.680 10.150 09:53:08 4.34 09:53:29 4.86 21 0.52
09:55:05:600801 9.680 10.150 09:53:08 4.34 09:53:29 4.86 21 0.52
09:55:06:600801 9.680 10.150 09:53:08 4.34 09:53:29 4.86 21 0.52
09:55:10:600801 9.680 10.150 09:53:08 4.34 09:53:35 4.86 27 0.52
09:55:11:600801 9.680 10.150 09:53:08 4.34 09:53:35 4.86 27 0.52
09:55:15:600801 9.680 10.170 09:53:08 4.34 09:53:41 5.06 33 0.72
09:55:16:600801 9.680 10.170 09:53:08 4.34 09:53:41 5.06 33 0.72
09:55:17:600801 9.680 10.170 09:53:08 4.34 09:53:41 5.06 33 0.72
09:55:23:600801 9.680 10.170 09:53:08 4.34 09:53:47 5.06 39 0.72
09:55:24:600801 9.680 10.180 09:53:08 4.34 09:53:50 5.17 42 0.83
09:55:25:600801 9.680 10.180 09:53:08 4.34 09:53:50 5.17 42 0.83
09:55:26:600801 9.680 10.180 09:53:08 4.34 09:53:50 5.17 42 0.83
09:55:30:601777 9.460 10.220 09:53:02 3.28 09:53:56 3.91 54 0.63
09:55:31:600801 9.680 10.180 09:53:08 4.34 09:53:56 5.17 48 0.83
09:55:31:601777 9.460 10.220 09:53:02 3.28 09:53:56 3.91 54 0.63
09:55:32:600801 9.680 10.180 09:53:08 4.34 09:53:56 5.17 48 0.83
09:55:32:601777 9.460 10.220 09:53:02 3.28 09:53:56 3.91 54 0.63
09:55:33:601777 9.460 10.220 09:53:02 3.28 09:53:59 3.91 57 0.63
09:55:35:601777 9.460 10.220 09:53:02 3.28 09:53:59 3.91 57 0.63
09:55:55:002617 14.900 15.430 09:54:06 2.95 09:54:21 3.56 15 0.60
09:55:56:002617 14.900 15.430 09:54:06 2.95 09:54:21 3.56 15 0.60
09:55:57:002617 14.900 15.430 09:54:06 2.95 09:54:21 3.56 15 0.60
09:55:58:002617 14.900 15.430 09:54:06 2.95 09:54:21 3.56 15 0.60
09:56:18:002617 14.900 15.460 09:54:06 2.95 09:54:42 3.76 36 0.81
09:56:18:002511 18.080 19.300 09:54:00 6.19 09:54:42 6.75 42 0.55
09:56:20:002511 18.080 19.300 09:54:00 6.19 09:54:42 6.75 42 0.55
09:56:21:002511 18.080 19.300 09:54:00 6.19 09:54:45 6.75 45 0.55
09:56:28:002511 18.080 19.300 09:54:00 6.19 09:54:45 6.75 45 0.55
09:56:50:002511 18.080 19.480 09:55:00 7.19 09:55:15 7.74 15 0.55
09:56:55:002511 18.080 19.480 09:55:00 7.19 09:55:15 7.74 15 0.55
09:56:59:002511 18.080 19.490 09:55:00 7.19 09:55:21 7.80 21 0.61
09:57:03:000666 24.870 25.600 09:55:09 2.37 09:55:30 2.94 21 0.56
09:57:05:000666 24.870 25.600 09:55:09 2.37 09:55:30 2.94 21 0.56
09:57:05:002562 13.270 13.750 09:55:00 3.09 09:55:30 3.62 30 0.53
09:57:09:000666 24.870 25.600 09:55:09 2.37 09:55:30 2.94 21 0.56
09:57:09:002562 13.270 13.750 09:55:00 3.09 09:55:30 3.62 30 0.53
09:57:11:002562 13.270 13.750 09:55:00 3.09 09:55:33 3.62 33 0.53
09:57:11:002511 18.080 19.500 09:55:00 7.19 09:55:36 7.85 36 0.66
09:57:18:002511 18.080 19.530 09:55:00 7.19 09:55:42 8.02 42 0.83
09:57:19:002511 18.080 19.530 09:55:00 7.19 09:55:42 8.02 42 0.83
09:57:56:601992 4.900 5.100 09:56:02 3.47 09:56:20 4.08 18 0.61
09:57:57:601992 4.900 5.100 09:56:02 3.47 09:56:20 4.08 18 0.61
09:58:07:601992 4.900 5.110 09:56:02 3.47 09:56:32 4.29 30 0.82
09:58:08:601992 4.900 5.110 09:56:02 3.47 09:56:32 4.29 30 0.82
09:58:09:601992 4.900 5.110 09:56:02 3.47 09:56:32 4.29 30 0.82
09:58:10:601992 4.900 5.110 09:56:02 3.47 09:56:32 4.29 30 0.82
09:58:11:601992 4.900 5.120 09:56:02 3.47 09:56:35 4.49 33 1.02
09:58:12:601992 4.900 5.120 09:56:02 3.47 09:56:35 4.49 33 1.02
09:58:14:601992 4.900 5.120 09:56:02 3.47 09:56:38 4.49 36 1.02
09:58:16:601992 4.900 5.120 09:56:02 3.47 09:56:38 4.49 36 1.02
09:58:17:601992 4.900 5.120 09:56:02 3.47 09:56:41 4.49 39 1.02
09:58:18:601992 4.900 5.120 09:56:02 3.47 09:56:41 4.49 39 1.02
09:58:19:601992 4.900 5.120 09:56:02 3.47 09:56:41 4.49 39 1.02
09:58:26:000639 21.180 21.740 09:56:06 2.12 09:56:51 2.64 45 0.52
09:58:27:000639 21.180 21.740 09:56:06 2.12 09:56:51 2.64 45 0.52
09:58:28:000639 21.180 21.750 09:56:06 2.12 09:56:54 2.69 48 0.57
09:58:30:000639 21.180 21.750 09:56:06 2.12 09:56:54 2.69 48 0.57
09:58:31:000639 21.180 21.750 09:56:06 2.12 09:56:57 2.69 51 0.57
09:58:32:000639 21.180 21.750 09:56:06 2.12 09:56:57 2.69 51 0.57
09:58:36:000639 21.180 21.750 09:56:06 2.12 09:56:57 2.69 51 0.57
09:59:04:000576 14.720 15.150 09:57:06 2.31 09:57:30 2.92 24 0.61
09:59:05:000576 14.720 15.150 09:57:06 2.31 09:57:30 2.92 24 0.61
09:59:07:000576 14.720 15.150 09:57:06 2.31 09:57:33 2.92 27 0.61
09:59:11:000576 14.720 15.150 09:57:06 2.31 09:57:33 2.92 27 0.61
09:59:12:000576 14.720 15.180 09:57:06 2.31 09:57:36 3.12 30 0.82
09:59:13:000576 14.720 15.180 09:57:06 2.31 09:57:39 3.12 33 0.82
09:59:14:000576 14.720 15.180 09:57:06 2.31 09:57:39 3.12 33 0.82
09:59:19:000576 14.720 15.190 09:57:06 2.31 09:57:45 3.19 39 0.88
09:59:20:000576 14.720 15.190 09:57:06 2.31 09:57:45 3.19 39 0.88
09:59:22:000576 14.720 15.200 09:57:06 2.31 09:57:48 3.26 42 0.95
09:59:23:000576 14.720 15.200 09:57:06 2.31 09:57:48 3.26 42 0.95
09:59:24:000576 14.720 15.200 09:57:06 2.31 09:57:48 3.26 42 0.95
09:59:28:000576 14.720 15.200 09:57:06 2.31 09:57:54 3.26 48 0.95
09:59:29:000576 14.720 15.200 09:57:06 2.31 09:57:54 3.26 48 0.95
09:59:29:600833 19.910 20.470 09:57:14 2.06 09:57:54 2.81 40 0.75
09:59:31:000576 14.720 15.200 09:57:06 2.31 09:57:54 3.26 48 0.95
09:59:32:000576 14.720 15.200 09:57:06 2.31 09:57:57 3.26 51 0.95
09:59:33:000576 14.720 15.200 09:57:06 2.31 09:57:57 3.26 51 0.95
10:00:07:000639 21.180 21.990 09:58:06 3.21 09:58:33 3.82 27 0.61
10:00:07:002586 9.300 9.540 09:58:00 2.04 09:58:30 2.58 30 0.54
10:00:07:000639 21.180 21.990 09:58:06 3.21 09:58:33 3.82 27 0.61
10:00:07:002586 9.300 9.540 09:58:00 2.04 09:58:33 2.58 33 0.54
10:00:09:000639 21.180 21.990 09:58:06 3.21 09:58:33 3.82 27 0.61
10:00:09:002586 9.300 9.540 09:58:00 2.04 09:58:33 2.58 33 0.54
10:00:10:000639 21.180 21.990 09:58:06 3.21 09:58:36 3.82 30 0.61
10:00:10:002586 9.300 9.540 09:58:00 2.04 09:58:33 2.58 33 0.54
10:00:11:002163 10.650 11.030 09:58:18 2.63 09:58:36 3.57 18 0.94
10:00:11:000639 21.180 21.990 09:58:06 3.21 09:58:36 3.82 30 0.61
10:00:11:601777 9.460 10.220 09:58:00 3.59 09:58:35 4.12 35 0.53
10:00:12:002163 10.650 11.030 09:58:18 2.63 09:58:36 3.57 18 0.94
10:00:12:000639 21.180 21.990 09:58:06 3.21 09:58:36 3.82 30 0.61
10:00:12:601777 9.460 10.220 09:58:00 3.59 09:58:35 4.12 35 0.53
10:00:16:000639 21.180 22.000 09:58:06 3.21 09:58:42 3.87 36 0.66
10:00:17:000639 21.180 22.000 09:58:06 3.21 09:58:42 3.87 36 0.66
10:00:23:000639 21.180 22.000 09:58:06 3.21 09:58:42 3.87 36 0.66
10:00:23:601777 9.460 10.220 09:58:00 3.59 09:58:44 4.12 44 0.53
10:00:25:000639 21.180 22.000 09:58:06 3.21 09:58:48 3.87 42 0.66
10:00:25:000576 14.720 15.300 09:58:00 3.26 09:58:48 3.94 48 0.68
10:00:25:601777 9.460 10.220 09:58:00 3.59 09:58:51 4.33 51 0.74
10:00:27:000639 21.180 22.010 09:58:06 3.21 09:58:51 3.92 45 0.71
10:00:27:601777 9.460 10.220 09:58:00 3.59 09:58:51 4.33 51 0.74
10:00:28:000639 21.180 22.100 09:58:06 3.21 09:58:54 4.34 48 1.13
10:00:28:000576 14.720 15.310 09:58:00 3.26 09:58:54 4.01 54 0.75
10:00:28:002346 37.280 38.480 09:58:18 2.15 09:58:54 3.22 36 1.07
10:00:28:601777 9.460 10.220 09:58:00 3.59 09:58:53 4.33 53 0.74
10:00:30:000639 21.180 22.100 09:58:06 3.21 09:58:54 4.34 48 1.13
10:00:30:000576 14.720 15.310 09:58:00 3.26 09:58:54 4.01 54 0.75
10:00:30:002346 37.280 38.480 09:58:18 2.15 09:58:54 3.22 36 1.07
10:00:30:601777 9.460 10.220 09:58:00 3.59 09:58:53 4.33 53 0.74
10:00:31:000639 21.180 22.180 09:58:06 3.21 09:58:57 4.72 51 1.51
10:00:31:002346 37.280 38.480 09:58:18 2.15 09:58:54 3.22 36 1.07
10:00:31:601777 9.460 10.220 09:58:00 3.59 09:58:53 4.33 53 0.74
10:00:32:000639 21.180 22.180 09:58:06 3.21 09:58:57 4.72 51 1.51
10:00:32:601777 9.460 10.220 09:58:00 3.59 09:58:57 4.33 57 0.74
10:00:33:000639 21.180 22.180 09:58:06 3.21 09:58:57 4.72 51 1.51
10:00:33:601777 9.460 10.220 09:58:00 3.59 09:58:57 4.33 57 0.74
10:00:34:601777 9.460 10.220 09:58:00 3.59 09:58:57 4.33 57 0.74
10:00:58:000639 21.180 22.320 09:59:06 4.82 09:59:24 5.38 18 0.57
10:00:59:000639 21.180 22.320 09:59:06 4.82 09:59:24 5.38 18 0.57
10:01:00:000639 21.180 22.320 09:59:06 4.82 09:59:24 5.38 18 0.57
10:01:01:000639 21.180 22.350 09:59:06 4.82 09:59:27 5.52 21 0.71
10:01:02:000639 21.180 22.350 09:59:06 4.82 09:59:27 5.52 21 0.71
10:01:03:000639 21.180 22.350 09:59:06 4.82 09:59:27 5.52 21 0.71
10:01:04:000639 21.180 22.350 09:59:06 4.82 09:59:30 5.52 24 0.71
10:01:04:002346 37.280 38.850 09:59:00 3.27 09:59:30 4.21 30 0.94
10:01:05:000639 21.180 22.350 09:59:06 4.82 09:59:30 5.52 24 0.71
10:01:05:002346 37.280 38.850 09:59:00 3.27 09:59:30 4.21 30 0.94
10:01:06:000639 21.180 22.350 09:59:06 4.82 09:59:30 5.52 24 0.71
10:01:06:002346 37.280 38.850 09:59:00 3.27 09:59:30 4.21 30 0.94
10:01:07:000639 21.180 22.380 09:59:06 4.82 09:59:33 5.67 27 0.85
10:01:08:000639 21.180 22.380 09:59:06 4.82 09:59:33 5.67 27 0.85
10:01:09:000639 21.180 22.380 09:59:06 4.82 09:59:33 5.67 27 0.85
10:01:11:002346 37.280 38.890 09:59:00 3.27 09:59:36 4.32 36 1.05
10:01:12:002346 37.280 38.890 09:59:00 3.27 09:59:36 4.32 36 1.05
10:01:13:002346 37.280 38.890 09:59:00 3.27 09:59:36 4.32 36 1.05
10:01:16:000639 21.180 22.500 09:59:06 4.82 09:59:42 6.23 36 1.42
10:01:17:000639 21.180 22.500 09:59:06 4.82 09:59:42 6.23 36 1.42
10:01:18:000639 21.180 22.500 09:59:06 4.82 09:59:42 6.23 36 1.42
10:01:26:002346 37.280 38.990 09:59:00 3.27 09:59:51 4.59 51 1.31
10:01:26:600800 11.010 11.330 09:59:02 2.36 09:59:51 2.91 49 0.54
10:01:26:601777 9.460 10.220 09:59:00 4.44 09:59:51 4.97 51 0.53
10:01:27:002346 37.280 38.990 09:59:00 3.27 09:59:51 4.59 51 1.31
10:01:27:600800 11.010 11.330 09:59:02 2.36 09:59:51 2.91 49 0.54
10:01:27:601777 9.460 10.220 09:59:00 4.44 09:59:51 4.97 51 0.53
10:01:28:002346 37.280 38.990 09:59:00 3.27 09:59:51 4.59 51 1.31
10:01:28:600800 11.010 11.330 09:59:02 2.36 09:59:51 2.91 49 0.54
10:01:28:601777 9.460 10.220 09:59:00 4.44 09:59:51 4.97 51 0.53
10:01:32:600800 11.010 11.330 09:59:02 2.36 09:59:57 2.91 55 0.54
10:01:33:600800 11.010 11.330 09:59:02 2.36 09:59:57 2.91 55 0.54
10:01:34:601777 9.460 10.220 09:59:00 4.44 09:59:59 4.97 59 0.53
10:01:34:600800 11.010 11.330 09:59:02 2.36 09:59:57 2.91 55 0.54
10:01:35:601777 9.460 10.220 09:59:00 4.44 09:59:59 4.97 59 0.53
10:01:36:601777 9.460 10.220 09:59:00 4.44 09:59:59 4.97 59 0.53
10:01:59:600838 17.740 18.240 10:00:02 2.25 10:00:24 2.82 22 0.56
10:02:00:600838 17.740 18.240 10:00:02 2.25 10:00:24 2.82 22 0.56
10:02:01:600838 17.740 18.240 10:00:02 2.25 10:00:24 2.82 22 0.56
10:02:06:600838 17.740 18.280 10:00:02 2.25 10:00:30 3.04 28 0.79
10:02:07:600838 17.740 18.280 10:00:02 2.25 10:00:30 3.04 28 0.79
10:02:08:600838 17.740 18.280 10:00:02 2.25 10:00:32 3.04 30 0.79
10:02:09:600838 17.740 18.280 10:00:02 2.25 10:00:32 3.04 30 0.79
10:02:10:002637 14.170 14.580 10:00:21 2.33 10:00:36 2.89 15 0.56
10:02:10:600838 17.740 18.280 10:00:02 2.25 10:00:32 3.04 30 0.79
10:02:11:002637 14.170 14.580 10:00:21 2.33 10:00:36 2.89 15 0.56
10:02:12:002637 14.170 14.580 10:00:21 2.33 10:00:36 2.89 15 0.56
10:02:13:002637 14.170 14.590 10:00:21 2.33 10:00:39 2.96 18 0.64
10:02:13:002346 37.280 39.480 10:00:00 5.10 10:00:39 5.90 39 0.80
10:02:14:002637 14.170 14.590 10:00:21 2.33 10:00:39 2.96 18 0.64
10:02:14:002346 37.280 39.480 10:00:00 5.10 10:00:39 5.90 39 0.80
10:02:15:002637 14.170 14.590 10:00:21 2.33 10:00:39 2.96 18 0.64
10:02:15:002346 37.280 39.480 10:00:00 5.10 10:00:39 5.90 39 0.80
10:02:16:002346 37.280 39.500 10:00:00 5.10 10:00:42 5.95 42 0.86
10:02:17:002346 37.280 39.500 10:00:00 5.10 10:00:42 5.95 42 0.86
10:02:18:002346 37.280 39.500 10:00:00 5.10 10:00:42 5.95 42 0.86
10:02:19:002637 14.170 14.630 10:00:21 2.33 10:00:45 3.25 24 0.92
10:02:20:002637 14.170 14.630 10:00:21 2.33 10:00:45 3.25 24 0.92
10:02:22:002637 14.170 14.630 10:00:21 2.33 10:00:45 3.25 24 0.92
10:02:23:002637 14.170 14.630 10:00:21 2.33 10:00:45 3.25 24 0.92
10:02:24:002461 13.660 14.160 10:00:03 3.15 10:00:48 3.66 45 0.51
10:02:24:002637 14.170 14.660 10:00:21 2.33 10:00:48 3.46 27 1.13
10:02:25:002461 13.660 14.160 10:00:03 3.15 10:00:48 3.66 45 0.51
10:02:25:002637 14.170 14.660 10:00:21 2.33 10:00:48 3.46 27 1.13
10:02:26:002346 37.280 39.640 10:00:00 5.10 10:00:51 6.33 51 1.23
10:02:27:002346 37.280 39.640 10:00:00 5.10 10:00:51 6.33 51 1.23
10:02:28:002346 37.280 39.640 10:00:00 5.10 10:00:51 6.33 51 1.23
10:02:29:002461 13.660 14.160 10:00:03 3.15 10:00:54 3.66 51 0.51
10:02:29:002637 14.170 14.680 10:00:21 2.33 10:00:54 3.60 33 1.27
10:02:30:002461 13.660 14.160 10:00:03 3.15 10:00:54 3.66 51 0.51
10:02:30:002637 14.170 14.680 10:00:21 2.33 10:00:54 3.60 33 1.27
10:02:31:002461 13.660 14.160 10:00:03 3.15 10:00:54 3.66 51 0.51
10:02:31:002637 14.170 14.680 10:00:21 2.33 10:00:57 3.60 36 1.27
10:02:32:002461 13.660 14.170 10:00:03 3.15 10:00:57 3.73 54 0.59
10:02:32:002637 14.170 14.680 10:00:21 2.33 10:00:57 3.60 36 1.27
10:02:33:002461 13.660 14.170 10:00:03 3.15 10:00:57 3.73 54 0.59
10:02:33:002637 14.170 14.680 10:00:21 2.33 10:00:57 3.60 36 1.27
10:03:08:002637 14.170 14.760 10:01:00 3.60 10:01:33 4.16 33 0.56
10:03:09:002637 14.170 14.760 10:01:00 3.60 10:01:33 4.16 33 0.56
10:03:11:601992 4.900 5.200 10:01:00 5.31 10:01:36 6.12 36 0.82
10:03:12:601992 4.900 5.200 10:01:00 5.31 10:01:36 6.12 36 0.82
10:03:13:601992 4.900 5.200 10:01:00 5.31 10:01:36 6.12 36 0.82
10:03:14:601992 4.900 5.200 10:01:00 5.31 10:01:36 6.12 36 0.82
10:03:14:002637 14.170 14.780 10:01:00 3.60 10:01:39 4.30 39 0.71
10:03:15:002637 14.170 14.780 10:01:00 3.60 10:01:39 4.30 39 0.71
10:03:16:002637 14.170 14.780 10:01:00 3.60 10:01:39 4.30 39 0.71
10:03:20:002637 14.170 14.790 10:01:00 3.60 10:01:45 4.38 45 0.78
10:03:21:002637 14.170 14.790 10:01:00 3.60 10:01:45 4.38 45 0.78
10:03:25:002637 14.170 14.800 10:01:00 3.60 10:01:51 4.45 51 0.85
10:03:28:002637 14.170 14.800 10:01:00 3.60 10:01:51 4.45 51 0.85
10:03:29:002321 10.100 10.370 10:01:30 2.08 10:01:54 2.67 24 0.59
10:03:30:002321 10.100 10.370 10:01:30 2.08 10:01:54 2.67 24 0.59
10:03:31:002321 10.100 10.370 10:01:30 2.08 10:01:54 2.67 24 0.59
10:03:32:002321 10.100 10.370 10:01:30 2.08 10:01:54 2.67 24 0.59
10:03:41:601992 4.900 5.240 10:02:00 6.12 10:02:06 6.94 6 0.82
10:03:43:601992 4.900 5.240 10:02:00 6.12 10:02:06 6.94 6 0.82
10:03:55:000506 10.020 10.690 10:02:00 6.09 10:02:21 6.69 21 0.60
10:03:57:000506 10.020 10.690 10:02:00 6.09 10:02:21 6.69 21 0.60
10:03:58:000506 10.020 10.690 10:02:00 6.09 10:02:21 6.69 21 0.60
10:03:59:601992 4.900 5.250 10:02:00 6.12 10:02:23 7.14 23 1.02
10:03:59:000506 10.020 10.700 10:02:00 6.09 10:02:24 6.79 24 0.70
10:04:00:601992 4.900 5.250 10:02:00 6.12 10:02:23 7.14 23 1.02
10:04:00:000506 10.020 10.700 10:02:00 6.09 10:02:24 6.79 24 0.70
10:04:01:601992 4.900 5.250 10:02:00 6.12 10:02:23 7.14 23 1.02
10:04:01:000506 10.020 10.700 10:02:00 6.09 10:02:27 6.79 27 0.70
10:04:02:000506 10.020 10.700 10:02:00 6.09 10:02:27 6.79 27 0.70
10:04:03:000506 10.020 10.700 10:02:00 6.09 10:02:27 6.79 27 0.70
10:04:04:002637 14.170 14.950 10:02:00 4.73 10:02:30 5.50 30 0.78
10:04:07:601992 4.900 5.250 10:02:00 6.12 10:02:30 7.14 30 1.02
10:04:07:002637 14.170 14.950 10:02:00 4.73 10:02:30 5.50 30 0.78
10:04:08:601992 4.900 5.250 10:02:00 6.12 10:02:32 7.14 32 1.02
10:04:09:601992 4.900 5.250 10:02:00 6.12 10:02:32 7.14 32 1.02
10:04:10:601992 4.900 5.250 10:02:00 6.12 10:02:32 7.14 32 1.02
10:04:10:000506 10.020 10.730 10:02:00 6.09 10:02:36 7.09 36 1.00
10:04:11:000506 10.020 10.730 10:02:00 6.09 10:02:36 7.09 36 1.00
10:04:13:000506 10.020 10.730 10:02:00 6.09 10:02:39 7.09 39 1.00
10:04:14:002637 14.170 14.970 10:02:00 4.73 10:02:39 5.65 39 0.92
10:04:14:000506 10.020 10.730 10:02:00 6.09 10:02:39 7.09 39 1.00
10:04:15:002637 14.170 14.970 10:02:00 4.73 10:02:39 5.65 39 0.92
10:04:15:000506 10.020 10.730 10:02:00 6.09 10:02:39 7.09 39 1.00
10:04:16:000506 10.020 10.740 10:02:00 6.09 10:02:42 7.19 42 1.10
10:04:17:000506 10.020 10.740 10:02:00 6.09 10:02:42 7.19 42 1.10
10:04:18:000506 10.020 10.740 10:02:00 6.09 10:02:42 7.19 42 1.10
10:04:21:000506 10.020 10.760 10:02:00 6.09 10:02:48 7.39 48 1.30
10:04:23:002637 14.170 14.980 10:02:00 4.73 10:02:48 5.72 48 0.99
10:04:23:000506 10.020 10.760 10:02:00 6.09 10:02:48 7.39 48 1.30
10:04:24:002637 14.170 14.980 10:02:00 4.73 10:02:48 5.72 48 0.99
10:04:24:000506 10.020 10.760 10:02:00 6.09 10:02:48 7.39 48 1.30
10:04:25:002637 14.170 14.980 10:02:00 4.73 10:02:48 5.72 48 0.99
10:04:25:000506 10.020 10.760 10:02:00 6.09 10:02:48 7.39 48 1.30
10:04:26:002637 14.170 14.980 10:02:00 4.73 10:02:51 5.72 51 0.99
10:04:26:002222 13.700 14.130 10:02:03 2.63 10:02:51 3.14 48 0.51
10:04:27:002637 14.170 14.980 10:02:00 4.73 10:02:51 5.72 51 0.99
10:04:27:002222 13.700 14.130 10:02:03 2.63 10:02:51 3.14 48 0.51
10:04:28:002637 14.170 14.980 10:02:00 4.73 10:02:51 5.72 51 0.99
10:04:28:002222 13.700 14.130 10:02:03 2.63 10:02:51 3.14 48 0.51
10:04:29:002637 14.170 15.000 10:02:00 4.73 10:02:54 5.86 54 1.13
10:04:30:002637 14.170 15.000 10:02:00 4.73 10:02:54 5.86 54 1.13
10:04:31:002637 14.170 15.000 10:02:00 4.73 10:02:54 5.86 54 1.13
10:04:32:002222 13.700 14.140 10:02:03 2.63 10:02:57 3.21 54 0.58
10:04:33:002222 13.700 14.140 10:02:03 2.63 10:02:57 3.21 54 0.58
10:04:34:002222 13.700 14.140 10:02:03 2.63 10:02:57 3.21 54 0.58
10:04:44:002413 12.600 13.100 10:03:03 3.17 10:03:09 3.97 6 0.79
10:04:45:002413 12.600 13.100 10:03:03 3.17 10:03:09 3.97 6 0.79
10:04:46:002413 12.600 13.100 10:03:03 3.17 10:03:09 3.97 6 0.79
10:04:47:600833 19.910 20.880 10:03:00 4.37 10:03:12 4.87 12 0.50
10:04:48:600833 19.910 20.880 10:03:00 4.37 10:03:12 4.87 12 0.50
10:04:49:600833 19.910 20.880 10:03:00 4.37 10:03:12 4.87 12 0.50
10:04:52:000791 14.400 14.800 10:03:03 2.08 10:03:18 2.78 15 0.69
10:04:53:600833 19.910 20.890 10:03:00 4.37 10:03:18 4.92 18 0.55
10:04:53:000791 14.400 14.800 10:03:03 2.08 10:03:18 2.78 15 0.69
10:04:54:600833 19.910 20.890 10:03:00 4.37 10:03:18 4.92 18 0.55
10:04:54:000791 14.400 14.800 10:03:03 2.08 10:03:18 2.78 15 0.69
10:04:56:600833 19.910 20.900 10:03:00 4.37 10:03:21 4.97 21 0.60
10:04:57:600833 19.910 20.900 10:03:00 4.37 10:03:21 4.97 21 0.60
10:04:58:600833 19.910 20.900 10:03:00 4.37 10:03:21 4.97 21 0.60
10:04:59:600833 19.910 20.910 10:03:00 4.37 10:03:23 5.02 23 0.65
10:05:01:600833 19.910 20.910 10:03:00 4.37 10:03:23 5.02 23 0.65
10:05:02:600833 19.910 20.910 10:03:00 4.37 10:03:23 5.02 23 0.65
10:05:03:600833 19.910 20.990 10:03:00 4.37 10:03:27 5.42 27 1.05
10:05:04:600833 19.910 20.990 10:03:00 4.37 10:03:27 5.42 27 1.05
10:05:06:600833 19.910 20.990 10:03:00 4.37 10:03:30 5.42 30 1.05
10:05:07:600833 19.910 20.990 10:03:00 4.37 10:03:30 5.42 30 1.05
10:05:08:600833 19.910 20.990 10:03:00 4.37 10:03:32 5.42 32 1.05
10:05:10:600833 19.910 20.990 10:03:00 4.37 10:03:32 5.42 32 1.05
10:05:11:600833 19.910 21.000 10:03:00 4.37 10:03:36 5.47 36 1.10
10:05:12:600833 19.910 21.000 10:03:00 4.37 10:03:36 5.47 36 1.10
10:05:22:000791 14.400 14.800 10:03:03 2.08 10:03:45 2.78 42 0.69
10:05:24:002212 17.780 18.300 10:03:33 2.08 10:03:48 2.92 15 0.84
10:05:26:002212 17.780 18.300 10:03:33 2.08 10:03:48 2.92 15 0.84
10:05:28:002212 17.780 18.330 10:03:33 2.08 10:03:51 3.09 18 1.01
10:05:29:002222 13.700 14.220 10:03:00 3.21 10:03:54 3.80 54 0.58
10:05:30:002222 13.700 14.220 10:03:00 3.21 10:03:54 3.80 54 0.58
10:06:09:600335 12.650 13.100 10:04:02 2.69 10:04:32 3.56 30 0.87
10:06:10:600335 12.650 13.100 10:04:02 2.69 10:04:32 3.56 30 0.87
10:06:12:600335 12.650 13.110 10:04:02 2.69 10:04:35 3.64 33 0.95
10:06:13:600335 12.650 13.110 10:04:02 2.69 10:04:35 3.64 33 0.95
10:06:14:600335 12.650 13.110 10:04:02 2.69 10:04:35 3.64 33 0.95
10:06:17:600335 12.650 13.110 10:04:02 2.69 10:04:39 3.64 37 0.95
10:06:18:600335 12.650 13.110 10:04:02 2.69 10:04:42 3.64 40 0.95
10:06:19:600335 12.650 13.110 10:04:02 2.69 10:04:42 3.64 40 0.95
10:06:24:600335 12.650 13.180 10:04:02 2.69 10:04:48 4.19 46 1.50
10:06:25:600335 12.650 13.180 10:04:02 2.69 10:04:48 4.19 46 1.50
10:06:26:600335 12.650 13.180 10:04:02 2.69 10:04:48 4.19 46 1.50
10:06:28:600335 12.650 13.180 10:04:02 2.69 10:04:51 4.19 49 1.50
10:06:29:600335 12.650 13.180 10:04:02 2.69 10:04:51 4.19 49 1.50
10:06:51:600335 12.650 13.280 10:05:02 4.35 10:05:16 4.98 14 0.63
10:06:52:600335 12.650 13.280 10:05:02 4.35 10:05:16 4.98 14 0.63
10:07:02:002346 37.280 40.490 10:05:00 7.64 10:05:27 8.61 27 0.97
10:07:04:002346 37.280 40.490 10:05:00 7.64 10:05:27 8.61 27 0.97
10:07:04:600335 12.650 13.280 10:05:02 4.35 10:05:28 4.98 26 0.63
10:07:05:600335 12.650 13.280 10:05:02 4.35 10:05:28 4.98 26 0.63
10:08:25:600833 19.910 21.170 10:06:40 5.47 10:06:50 6.33 10 0.85
10:08:26:600833 19.910 21.170 10:06:40 5.47 10:06:50 6.33 10 0.85
10:08:30:600833 19.910 21.250 10:06:40 5.47 10:06:55 6.73 15 1.26
10:08:31:600833 19.910 21.250 10:06:40 5.47 10:06:55 6.73 15 1.26
10:08:32:600833 19.910 21.250 10:06:40 5.47 10:06:55 6.73 15 1.26
10:09:02:600833 19.910 21.500 10:07:04 7.13 10:07:25 7.99 21 0.85
10:09:13:600883 15.020 15.600 10:07:07 3.26 10:07:37 3.86 30 0.60
10:09:13:600833 19.910 21.500 10:07:04 7.13 10:07:37 7.99 33 0.85
10:09:15:600833 19.910 21.500 10:07:04 7.13 10:07:37 7.99 33 0.85
10:09:16:600833 19.910 21.500 10:07:04 7.13 10:07:37 7.99 33 0.85
10:09:17:600883 15.020 15.600 10:07:07 3.26 10:07:43 3.86 36 0.60
10:09:19:600883 15.020 15.600 10:07:07 3.26 10:07:43 3.86 36 0.60
10:09:20:600883 15.020 15.600 10:07:07 3.26 10:07:43 3.86 36 0.60
10:09:22:600883 15.020 15.630 10:07:07 3.26 10:07:47 4.06 40 0.80
10:09:23:600883 15.020 15.630 10:07:07 3.26 10:07:47 4.06 40 0.80
10:09:24:600883 15.020 15.650 10:07:07 3.26 10:07:49 4.19 42 0.93
10:09:25:600883 15.020 15.650 10:07:07 3.26 10:07:49 4.19 42 0.93
10:09:25:600833 19.910 21.700 10:07:04 7.13 10:07:49 8.99 45 1.86
10:09:26:600883 15.020 15.650 10:07:07 3.26 10:07:49 4.19 42 0.93
10:09:28:600883 15.020 15.650 10:07:07 3.26 10:07:49 4.19 42 0.93
10:09:29:600883 15.020 15.650 10:07:07 3.26 10:07:49 4.19 42 0.93
10:09:30:600883 15.020 15.690 10:07:07 3.26 10:07:55 4.46 48 1.20
10:09:31:600883 15.020 15.690 10:07:07 3.26 10:07:55 4.46 48 1.20
10:09:32:600883 15.020 15.690 10:07:07 3.26 10:07:55 4.46 48 1.20
10:09:34:600883 15.020 15.700 10:07:07 3.26 10:07:59 4.53 52 1.26
10:09:35:600883 15.020 15.700 10:07:07 3.26 10:07:59 4.53 52 1.26
10:09:36:600883 15.020 15.700 10:07:07 3.26 10:07:59 4.53 52 1.26
10:09:42:600883 15.020 15.800 10:08:01 4.53 10:08:08 5.19 7 0.67
10:09:44:600883 15.020 15.800 10:08:01 4.53 10:08:08 5.19 7 0.67
10:09:45:600883 15.020 15.800 10:08:01 4.53 10:08:11 5.19 10 0.67
10:09:46:600883 15.020 15.800 10:08:01 4.53 10:08:11 5.19 10 0.67
10:09:48:600883 15.020 15.800 10:08:01 4.53 10:08:11 5.19 10 0.67
10:09:49:600883 15.020 15.800 10:08:01 4.53 10:08:14 5.19 13 0.67
10:09:50:600883 15.020 15.850 10:08:01 4.53 10:08:17 5.53 16 1.00
10:09:52:600883 15.020 15.850 10:08:01 4.53 10:08:17 5.53 16 1.00
10:09:53:600883 15.020 15.850 10:08:01 4.53 10:08:20 5.53 19 1.00
10:09:54:600883 15.020 15.850 10:08:01 4.53 10:08:20 5.53 19 1.00
10:09:55:600883 15.020 15.850 10:08:01 4.53 10:08:20 5.53 19 1.00
10:09:57:600883 15.020 15.850 10:08:01 4.53 10:08:20 5.53 19 1.00
10:10:02:600883 15.020 15.880 10:08:01 4.53 10:08:26 5.73 25 1.20
10:10:03:600883 15.020 15.880 10:08:01 4.53 10:08:26 5.73 25 1.20
10:10:04:600883 15.020 15.920 10:08:01 4.53 10:08:29 5.99 28 1.46
10:10:05:600883 15.020 15.920 10:08:01 4.53 10:08:29 5.99 28 1.46
10:10:13:600883 15.020 16.000 10:08:01 4.53 10:08:38 6.52 37 2.00
10:10:15:600883 15.020 16.000 10:08:01 4.53 10:08:38 6.52 37 2.00
10:10:16:600883 15.020 16.080 10:08:01 4.53 10:08:41 7.06 40 2.53
10:10:18:600883 15.020 16.080 10:08:01 4.53 10:08:41 7.06 40 2.53
10:10:26:002043 12.450 12.950 10:08:00 3.45 10:08:51 4.02 51 0.56
10:10:27:002043 12.450 12.950 10:08:00 3.45 10:08:51 4.02 51 0.56
10:10:29:002043 12.450 12.950 10:08:00 3.45 10:08:54 4.02 54 0.56
10:10:30:002043 12.450 12.950 10:08:00 3.45 10:08:54 4.02 54 0.56
10:10:31:002043 12.450 12.950 10:08:00 3.45 10:08:54 4.02 54 0.56
10:10:33:002043 12.450 12.950 10:08:00 3.45 10:08:57 4.02 57 0.56
10:10:34:002043 12.450 12.950 10:08:00 3.45 10:08:57 4.02 57 0.56
10:10:50:002122 10.490 10.810 10:09:00 2.48 10:09:15 3.05 15 0.57
10:10:51:002122 10.490 10.810 10:09:00 2.48 10:09:15 3.05 15 0.57
10:10:56:002122 10.490 10.850 10:09:00 2.48 10:09:21 3.43 21 0.95
10:10:58:002122 10.490 10.850 10:09:00 2.48 10:09:21 3.43 21 0.95
10:11:03:002122 10.490 10.860 10:09:00 2.48 10:09:27 3.53 27 1.05
10:11:07:002122 10.490 10.860 10:09:00 2.48 10:09:27 3.53 27 1.05
10:11:17:600215 11.460 11.750 10:09:08 2.01 10:09:41 2.53 33 0.52
10:11:18:600822 19.600 20.230 10:09:26 2.65 10:09:44 3.21 18 0.56
10:11:18:600215 11.460 11.750 10:09:08 2.01 10:09:41 2.53 33 0.52
10:11:20:600822 19.600 20.230 10:09:26 2.65 10:09:44 3.21 18 0.56
10:11:20:600614 12.260 12.620 10:09:02 2.37 10:09:44 2.94 42 0.57
10:11:21:600614 12.260 12.620 10:09:02 2.37 10:09:44 2.94 42 0.57
10:11:23:600614 12.260 12.620 10:09:02 2.37 10:09:47 2.94 45 0.57
10:11:25:600614 12.260 12.630 10:09:02 2.37 10:09:50 3.02 48 0.65
10:11:26:600614 12.260 12.630 10:09:02 2.37 10:09:50 3.02 48 0.65
10:11:27:600614 12.260 12.630 10:09:02 2.37 10:09:50 3.02 48 0.65
10:11:31:600614 12.260 12.630 10:09:02 2.37 10:09:56 3.02 54 0.65
10:11:33:600614 12.260 12.630 10:09:02 2.37 10:09:56 3.02 54 0.65
10:12:24:002727 20.120 20.850 10:10:39 3.08 10:10:48 3.63 9 0.55
10:12:25:002727 20.120 20.850 10:10:39 3.08 10:10:48 3.63 9 0.55
10:12:26:002727 20.120 20.860 10:10:39 3.08 10:10:51 3.68 12 0.60
10:12:27:002727 20.120 20.860 10:10:39 3.08 10:10:51 3.68 12 0.60
10:12:28:002727 20.120 20.860 10:10:39 3.08 10:10:51 3.68 12 0.60
10:12:30:002727 20.120 20.860 10:10:39 3.08 10:10:54 3.68 15 0.60
10:12:31:002727 20.120 20.860 10:10:39 3.08 10:10:54 3.68 15 0.60
10:12:32:002727 20.120 20.860 10:10:39 3.08 10:10:57 3.68 18 0.60
10:12:33:002727 20.120 20.860 10:10:39 3.08 10:10:57 3.68 18 0.60
10:12:34:002727 20.120 20.860 10:10:39 3.08 10:10:57 3.68 18 0.60
10:12:55:002727 20.120 21.080 10:11:00 3.88 10:11:18 4.77 18 0.89
10:12:56:002727 20.120 21.080 10:11:00 3.88 10:11:21 4.77 21 0.89
10:12:57:002727 20.120 21.080 10:11:00 3.88 10:11:21 4.77 21 0.89
10:12:58:002727 20.120 21.080 10:11:00 3.88 10:11:21 4.77 21 0.89
10:13:00:002727 20.120 21.120 10:11:00 3.88 10:11:24 4.97 24 1.09
10:13:01:002727 20.120 21.120 10:11:00 3.88 10:11:27 4.97 27 1.09
10:13:02:002727 20.120 21.120 10:11:00 3.88 10:11:27 4.97 27 1.09
10:13:04:600797 12.940 13.620 10:11:05 4.71 10:11:29 5.26 24 0.54
10:13:04:002727 20.120 21.120 10:11:00 3.88 10:11:27 4.97 27 1.09
10:13:05:600797 12.940 13.620 10:11:05 4.71 10:11:29 5.26 24 0.54
10:13:06:600797 12.940 13.620 10:11:05 4.71 10:11:29 5.26 24 0.54
10:13:08:000910 20.150 20.850 10:11:00 2.88 10:11:33 3.47 33 0.60
10:13:09:000910 20.150 20.850 10:11:00 2.88 10:11:33 3.47 33 0.60
10:13:13:600797 12.940 13.650 10:11:05 4.71 10:11:38 5.49 33 0.77
10:13:14:600797 12.940 13.650 10:11:05 4.71 10:11:38 5.49 33 0.77
10:13:15:600797 12.940 13.650 10:11:05 4.71 10:11:38 5.49 33 0.77
10:13:16:600797 12.940 13.650 10:11:05 4.71 10:11:41 5.49 36 0.77
10:13:16:000910 20.150 20.860 10:11:00 2.88 10:11:42 3.52 42 0.65
10:13:18:600797 12.940 13.650 10:11:05 4.71 10:11:41 5.49 36 0.77
10:13:18:000910 20.150 20.860 10:11:00 2.88 10:11:42 3.52 42 0.65
10:13:19:000910 20.150 20.860 10:11:00 2.88 10:11:42 3.52 42 0.65
10:13:21:600797 12.940 13.680 10:11:05 4.71 10:11:47 5.72 42 1.00
10:13:22:600797 12.940 13.680 10:11:05 4.71 10:11:47 5.72 42 1.00
10:13:24:600797 12.940 13.680 10:11:05 4.71 10:11:47 5.72 42 1.00
10:13:25:600797 12.940 13.700 10:11:05 4.71 10:11:51 5.87 46 1.16
10:13:27:600797 12.940 13.700 10:11:05 4.71 10:11:51 5.87 46 1.16
10:13:32:600095 13.630 14.080 10:11:02 2.79 10:11:56 3.30 54 0.51
10:14:00:002122 10.490 10.920 10:12:15 3.53 10:12:24 4.10 9 0.57
10:14:02:002122 10.490 10.940 10:12:15 3.53 10:12:27 4.29 12 0.76
10:14:03:002122 10.490 10.940 10:12:15 3.53 10:12:27 4.29 12 0.76
10:14:04:002122 10.490 10.940 10:12:15 3.53 10:12:30 4.29 15 0.76
10:14:06:002122 10.490 10.940 10:12:15 3.53 10:12:30 4.29 15 0.76
10:14:07:002122 10.490 10.940 10:12:15 3.53 10:12:30 4.29 15 0.76
10:14:08:002122 10.490 10.940 10:12:15 3.53 10:12:33 4.29 18 0.76
10:14:09:002122 10.490 10.940 10:12:15 3.53 10:12:33 4.29 18 0.76
10:14:11:002122 10.490 10.940 10:12:15 3.53 10:12:33 4.29 18 0.76
10:14:17:002122 10.490 11.000 10:12:15 3.53 10:12:42 4.86 27 1.33
10:14:18:002122 10.490 11.000 10:12:15 3.53 10:12:42 4.86 27 1.33
10:14:19:002122 10.490 11.000 10:12:15 3.53 10:12:42 4.86 27 1.33
10:14:34:600095 13.630 14.150 10:12:11 3.30 10:12:59 3.82 48 0.51
10:14:35:600095 13.630 14.150 10:12:11 3.30 10:12:59 3.82 48 0.51
10:14:36:600095 13.630 14.150 10:12:11 3.30 10:12:59 3.82 48 0.51
10:14:52:600822 19.600 20.560 10:13:03 4.34 10:13:18 4.90 15 0.56
10:14:53:600822 19.600 20.560 10:13:03 4.34 10:13:18 4.90 15 0.56
10:14:55:600822 19.600 20.560 10:13:03 4.34 10:13:18 4.90 15 0.56
10:14:56:600822 19.600 20.580 10:13:03 4.34 10:13:20 5.00 17 0.66
10:15:07:600822 19.600 20.640 10:13:03 4.34 10:13:32 5.31 29 0.97
10:15:08:600822 19.600 20.640 10:13:03 4.34 10:13:32 5.31 29 0.97
10:15:09:600822 19.600 20.640 10:13:03 4.34 10:13:32 5.31 29 0.97
10:15:13:600797 12.940 13.970 10:13:30 7.42 10:13:39 7.96 9 0.54
10:15:15:600797 12.940 13.970 10:13:30 7.42 10:13:39 7.96 9 0.54
10:15:17:600822 19.600 20.660 10:13:03 4.34 10:13:42 5.41 39 1.07
10:15:17:600797 12.940 14.000 10:13:30 7.42 10:13:42 8.19 12 0.77
10:15:18:600822 19.600 20.660 10:13:03 4.34 10:13:42 5.41 39 1.07
10:15:18:600797 12.940 14.000 10:13:30 7.42 10:13:42 8.19 12 0.77
10:15:23:600801 9.680 10.190 10:13:03 2.48 10:13:48 3.00 45 0.52
10:15:23:600797 12.940 14.100 10:13:30 7.42 10:13:48 8.96 18 1.55
10:15:25:600801 9.680 10.190 10:13:03 2.48 10:13:48 3.00 45 0.52
10:15:25:600797 12.940 14.100 10:13:30 7.42 10:13:48 8.96 18 1.55
10:15:26:600801 9.680 10.190 10:13:03 2.48 10:13:51 3.00 48 0.52
10:15:27:600801 9.680 10.190 10:13:03 2.48 10:13:51 3.00 48 0.52
10:15:28:600801 9.680 10.190 10:13:03 2.48 10:13:54 3.00 51 0.52
10:15:29:600801 9.680 10.190 10:13:03 2.48 10:13:54 3.00 51 0.52
10:15:31:600801 9.680 10.190 10:13:03 2.48 10:13:56 3.00 53 0.52
10:15:32:600801 9.680 10.190 10:13:03 2.48 10:13:56 3.00 53 0.52
10:15:33:600801 9.680 10.190 10:13:03 2.48 10:13:56 3.00 53 0.52
10:16:17:002723 26.510 27.250 10:14:00 2.23 10:14:42 2.79 42 0.57
10:16:18:002723 26.510 27.250 10:14:00 2.23 10:14:42 2.79 42 0.57
10:16:19:002723 26.510 27.250 10:14:00 2.23 10:14:42 2.79 42 0.57
10:17:27:002273 20.560 21.420 10:15:03 3.65 10:15:51 4.18 48 0.54
10:17:28:002273 20.560 21.420 10:15:03 3.65 10:15:51 4.18 48 0.54
10:17:29:002273 20.560 21.420 10:15:03 3.65 10:15:54 4.18 51 0.54
10:17:30:002273 20.560 21.420 10:15:03 3.65 10:15:54 4.18 51 0.54
10:17:32:002273 20.560 21.430 10:15:03 3.65 10:15:57 4.23 54 0.58
10:17:33:002273 20.560 21.430 10:15:03 3.65 10:15:57 4.23 54 0.58
10:19:08:002089 15.150 15.590 10:17:09 2.24 10:17:33 2.90 24 0.66
10:19:10:002089 15.150 15.590 10:17:09 2.24 10:17:33 2.90 24 0.66
10:19:23:002089 15.150 15.630 10:17:09 2.24 10:17:48 3.17 39 0.92
10:19:23:000553 13.650 14.010 10:17:00 2.12 10:17:48 2.64 48 0.51
10:19:24:002089 15.150 15.630 10:17:09 2.24 10:17:48 3.17 39 0.92
10:19:24:000553 13.650 14.010 10:17:00 2.12 10:17:48 2.64 48 0.51
10:19:25:002089 15.150 15.630 10:17:09 2.24 10:17:48 3.17 39 0.92
10:19:25:000553 13.650 14.010 10:17:00 2.12 10:17:48 2.64 48 0.51
10:19:26:000553 13.650 14.040 10:17:00 2.12 10:17:51 2.86 51 0.73
10:19:28:000553 13.650 14.040 10:17:00 2.12 10:17:51 2.86 51 0.73
10:19:33:000553 13.650 14.050 10:17:00 2.12 10:17:57 2.93 57 0.81
10:20:02:000877 12.910 13.850 10:18:21 6.66 10:18:27 7.28 6 0.62
10:20:04:000877 12.910 13.850 10:18:21 6.66 10:18:27 7.28 6 0.62
10:20:08:002636 19.350 20.100 10:18:00 3.36 10:18:33 3.88 33 0.52
10:20:10:002636 19.350 20.100 10:18:00 3.36 10:18:33 3.88 33 0.52
10:20:11:002636 19.350 20.100 10:18:00 3.36 10:18:36 3.88 36 0.52
10:20:13:002636 19.350 20.100 10:18:00 3.36 10:18:36 3.88 36 0.52
10:20:14:002636 19.350 20.150 10:18:00 3.36 10:18:39 4.13 39 0.78
10:20:14:000877 12.910 13.870 10:18:21 6.66 10:18:39 7.44 18 0.77
10:20:16:002636 19.350 20.150 10:18:00 3.36 10:18:39 4.13 39 0.78
10:20:16:000877 12.910 13.870 10:18:21 6.66 10:18:39 7.44 18 0.77
10:20:17:000877 12.910 13.870 10:18:21 6.66 10:18:42 7.44 21 0.77
10:20:19:000877 12.910 13.880 10:18:21 6.66 10:18:45 7.51 24 0.85
10:20:21:000877 12.910 13.880 10:18:21 6.66 10:18:45 7.51 24 0.85
10:20:21:002636 19.350 20.150 10:18:00 3.36 10:18:45 4.13 45 0.78
10:20:22:002636 19.350 20.180 10:18:00 3.36 10:18:48 4.29 48 0.93
10:20:24:002390 9.530 9.800 10:18:24 2.20 10:18:48 2.83 24 0.63
10:20:24:002636 19.350 20.180 10:18:00 3.36 10:18:48 4.29 48 0.93
10:20:25:002390 9.530 9.800 10:18:24 2.20 10:18:48 2.83 24 0.63
10:20:25:002636 19.350 20.180 10:18:00 3.36 10:18:48 4.29 48 0.93
10:20:26:002636 19.350 20.180 10:18:00 3.36 10:18:51 4.29 51 0.93
10:20:27:002636 19.350 20.180 10:18:00 3.36 10:18:51 4.29 51 0.93
10:20:28:002636 19.350 20.180 10:18:00 3.36 10:18:54 4.29 54 0.93
10:20:29:002390 9.530 9.810 10:18:24 2.20 10:18:54 2.94 30 0.73
10:20:29:002636 19.350 20.180 10:18:00 3.36 10:18:54 4.29 54 0.93
10:20:31:002390 9.530 9.810 10:18:24 2.20 10:18:54 2.94 30 0.73
10:20:31:002636 19.350 20.180 10:18:00 3.36 10:18:54 4.29 54 0.93
10:20:32:002390 9.530 9.860 10:18:24 2.20 10:18:57 3.46 33 1.26
10:20:33:002390 9.530 9.860 10:18:24 2.20 10:18:57 3.46 33 1.26
10:21:10:000791 14.400 14.960 10:19:00 3.33 10:19:36 3.89 36 0.56
10:21:11:000791 14.400 14.960 10:19:00 3.33 10:19:36 3.89 36 0.56
10:21:13:000791 14.400 14.960 10:19:00 3.33 10:19:36 3.89 36 0.56
10:21:14:000791 14.400 14.970 10:19:00 3.33 10:19:39 3.96 39 0.62
10:23:23:000555 20.920 21.560 10:21:12 2.44 10:21:48 3.06 36 0.62
10:23:25:000555 20.920 21.560 10:21:12 2.44 10:21:48 3.06 36 0.62
10:23:26:000555 20.920 21.560 10:21:12 2.44 10:21:51 3.06 39 0.62
10:23:54:601007 15.380 15.780 10:22:00 2.08 10:22:18 2.60 18 0.52
10:23:55:601007 15.380 15.780 10:22:00 2.08 10:22:18 2.60 18 0.52
10:23:56:601007 15.380 15.780 10:22:00 2.08 10:22:18 2.60 18 0.52
10:24:00:601007 15.380 15.800 10:22:00 2.08 10:22:24 2.73 24 0.65
10:24:03:601007 15.380 15.830 10:22:00 2.08 10:22:27 2.93 27 0.85
10:24:04:601007 15.380 15.830 10:22:00 2.08 10:22:27 2.93 27 0.85
10:24:09:601007 15.380 15.850 10:22:00 2.08 10:22:33 3.06 33 0.98
10:24:11:601007 15.380 15.850 10:22:00 2.08 10:22:33 3.06 33 0.98
10:24:19:601007 15.380 15.880 10:22:00 2.08 10:22:42 3.25 42 1.17
10:24:20:601007 15.380 15.880 10:22:00 2.08 10:22:42 3.25 42 1.17
10:24:25:601007 15.380 15.890 10:22:00 2.08 10:22:48 3.32 48 1.24
10:25:10:002222 13.700 14.440 10:23:00 4.82 10:23:36 5.40 36 0.58
10:25:11:002222 13.700 14.440 10:23:00 4.82 10:23:36 5.40 36 0.58
10:25:13:002222 13.700 14.440 10:23:00 4.82 10:23:36 5.40 36 0.58
10:25:16:600208 4.460 4.620 10:23:01 2.91 10:23:40 3.59 39 0.67
10:25:16:002222 13.700 14.440 10:23:00 4.82 10:23:42 5.40 42 0.58
10:25:18:600208 4.460 4.620 10:23:01 2.91 10:23:40 3.59 39 0.67
10:25:18:002222 13.700 14.440 10:23:00 4.82 10:23:42 5.40 42 0.58
10:25:22:002222 13.700 14.440 10:23:00 4.82 10:23:48 5.40 48 0.58
10:25:23:002222 13.700 14.440 10:23:00 4.82 10:23:48 5.40 48 0.58
10:25:25:002222 13.700 14.440 10:23:00 4.82 10:23:48 5.40 48 0.58
10:25:26:002222 13.700 14.440 10:23:00 4.82 10:23:48 5.40 48 0.58
10:26:12:600243 11.700 12.140 10:24:08 3.16 10:24:38 3.76 30 0.60
10:26:13:600243 11.700 12.140 10:24:08 3.16 10:24:38 3.76 30 0.60
10:26:15:600243 11.700 12.140 10:24:08 3.16 10:24:38 3.76 30 0.60
10:26:21:600243 11.700 12.150 10:24:08 3.16 10:24:47 3.85 39 0.68
10:26:23:600243 11.700 12.150 10:24:08 3.16 10:24:47 3.85 39 0.68
10:26:27:600243 11.700 12.150 10:24:08 3.16 10:24:51 3.85 43 0.68
10:26:28:600243 11.700 12.150 10:24:08 3.16 10:24:51 3.85 43 0.68
10:26:29:600243 11.700 12.150 10:24:08 3.16 10:24:51 3.85 43 0.68
10:26:47:000760 9.990 10.310 10:25:00 2.60 10:25:12 3.20 12 0.60
10:26:48:000760 9.990 10.310 10:25:00 2.60 10:25:12 3.20 12 0.60
10:26:49:000760 9.990 10.310 10:25:00 2.60 10:25:12 3.20 12 0.60
10:26:52:000760 9.990 10.350 10:25:00 2.60 10:25:18 3.60 18 1.00
10:26:53:000760 9.990 10.350 10:25:00 2.60 10:25:18 3.60 18 1.00
10:26:55:000760 9.990 10.350 10:25:00 2.60 10:25:18 3.60 18 1.00
10:26:56:000760 9.990 10.350 10:25:00 2.60 10:25:21 3.60 21 1.00
10:26:57:000760 9.990 10.350 10:25:00 2.60 10:25:21 3.60 21 1.00
10:26:58:000760 9.990 10.370 10:25:00 2.60 10:25:24 3.80 24 1.20
10:27:00:000760 9.990 10.370 10:25:00 2.60 10:25:24 3.80 24 1.20
10:27:01:000760 9.990 10.370 10:25:00 2.60 10:25:24 3.80 24 1.20
10:27:02:000760 9.990 10.390 10:25:00 2.60 10:25:27 4.00 27 1.40
10:27:04:000760 9.990 10.400 10:25:00 2.60 10:25:30 4.10 30 1.50
10:27:05:000760 9.990 10.400 10:25:00 2.60 10:25:30 4.10 30 1.50
10:27:07:000760 9.990 10.450 10:25:00 2.60 10:25:33 4.60 33 2.00
10:27:08:000760 9.990 10.450 10:25:00 2.60 10:25:33 4.60 33 2.00
10:27:09:000760 9.990 10.450 10:25:00 2.60 10:25:33 4.60 33 2.00
10:27:15:000760 9.990 10.480 10:25:00 2.60 10:25:39 4.90 39 2.30
10:27:16:000760 9.990 10.480 10:25:00 2.60 10:25:39 4.90 39 2.30
10:27:18:000760 9.990 10.480 10:25:00 2.60 10:25:39 4.90 39 2.30
10:27:20:000760 9.990 10.480 10:25:00 2.60 10:25:39 4.90 39 2.30
10:27:21:600723 10.110 10.380 10:25:05 2.08 10:25:47 2.67 42 0.59
10:27:22:000760 9.990 10.690 10:25:00 2.60 10:25:48 7.01 48 4.40
10:27:22:600723 10.110 10.380 10:25:05 2.08 10:25:47 2.67 42 0.59
10:27:24:000760 9.990 10.690 10:25:00 2.60 10:25:48 7.01 48 4.40
10:27:25:000760 9.990 10.780 10:25:00 2.60 10:25:51 7.91 51 5.31
10:27:26:000760 9.990 10.780 10:25:00 2.60 10:25:51 7.91 51 5.31
10:27:27:600272 18.900 19.480 10:25:32 2.43 10:25:51 3.07 19 0.63
10:27:27:000760 9.990 10.780 10:25:00 2.60 10:25:51 7.91 51 5.31
10:27:28:600272 18.900 19.480 10:25:32 2.43 10:25:51 3.07 19 0.63
10:27:30:600272 18.900 19.480 10:25:32 2.43 10:25:51 3.07 19 0.63
10:27:34:600272 18.900 19.480 10:25:32 2.43 10:25:58 3.07 26 0.63
10:27:34:600723 10.110 10.400 10:25:05 2.08 10:25:58 2.87 53 0.79
10:27:35:600272 18.900 19.480 10:25:32 2.43 10:25:58 3.07 26 0.63
10:27:35:600723 10.110 10.400 10:25:05 2.08 10:25:58 2.87 53 0.79
10:28:07:002381 11.150 11.440 10:26:21 2.06 10:26:33 2.60 12 0.54
10:28:08:002381 11.150 11.440 10:26:21 2.06 10:26:33 2.60 12 0.54
10:28:09:002381 11.150 11.440 10:26:21 2.06 10:26:33 2.60 12 0.54
10:28:16:002381 11.150 11.470 10:26:21 2.06 10:26:42 2.87 21 0.81
10:28:17:002381 11.150 11.470 10:26:21 2.06 10:26:42 2.87 21 0.81
10:28:19:002381 11.150 11.470 10:26:21 2.06 10:26:42 2.87 21 0.81
10:28:23:002381 11.150 11.480 10:26:21 2.06 10:26:48 2.96 27 0.90
10:28:24:002381 11.150 11.480 10:26:21 2.06 10:26:48 2.96 27 0.90
10:28:25:002381 11.150 11.480 10:26:21 2.06 10:26:48 2.96 27 0.90
10:28:27:002381 11.150 11.500 10:26:21 2.06 10:26:51 3.14 30 1.08
10:29:07:002347 9.580 9.930 10:27:12 3.03 10:27:33 3.65 21 0.63
10:29:08:002347 9.580 9.930 10:27:12 3.03 10:27:33 3.65 21 0.63
10:29:08:002043 12.450 13.090 10:27:00 4.42 10:27:33 5.14 33 0.72
10:29:09:002043 12.450 13.090 10:27:00 4.42 10:27:33 5.14 33 0.72
10:29:09:002347 9.580 9.930 10:27:12 3.03 10:27:33 3.65 21 0.63
10:29:10:002347 9.580 9.950 10:27:12 3.03 10:27:36 3.86 24 0.84
10:29:10:002043 12.450 13.090 10:27:00 4.42 10:27:36 5.14 36 0.72
10:29:11:002347 9.580 9.950 10:27:12 3.03 10:27:36 3.86 24 0.84
10:29:11:002043 12.450 13.090 10:27:00 4.42 10:27:36 5.14 36 0.72
10:29:13:002347 9.580 9.950 10:27:12 3.03 10:27:36 3.86 24 0.84
10:29:13:002043 12.450 13.090 10:27:00 4.42 10:27:36 5.14 36 0.72
10:29:14:002347 9.580 9.950 10:27:12 3.03 10:27:36 3.86 24 0.84
10:29:14:002043 12.450 13.090 10:27:00 4.42 10:27:36 5.14 36 0.72
10:29:15:002043 12.450 13.100 10:27:00 4.42 10:27:39 5.22 39 0.80
10:29:15:002355 12.990 13.500 10:27:15 2.39 10:27:39 3.93 24 1.54
10:29:16:002043 12.450 13.100 10:27:00 4.42 10:27:42 5.22 42 0.80
10:29:17:002043 12.450 13.100 10:27:00 4.42 10:27:42 5.22 42 0.80
10:29:19:002043 12.450 13.100 10:27:00 4.42 10:27:42 5.22 42 0.80
10:29:19:000721 8.720 8.950 10:27:18 2.06 10:27:45 2.64 27 0.57
10:29:20:000721 8.720 8.950 10:27:18 2.06 10:27:45 2.64 27 0.57
10:29:21:000721 8.720 8.950 10:27:18 2.06 10:27:45 2.64 27 0.57
10:29:22:000721 8.720 8.950 10:27:18 2.06 10:27:48 2.64 30 0.57
10:29:23:002043 12.450 13.120 10:27:00 4.42 10:27:48 5.38 48 0.96
10:29:23:000721 8.720 8.950 10:27:18 2.06 10:27:48 2.64 30 0.57
10:29:24:002043 12.450 13.120 10:27:00 4.42 10:27:48 5.38 48 0.96
10:29:24:000721 8.720 8.950 10:27:18 2.06 10:27:48 2.64 30 0.57
10:29:25:002043 12.450 13.120 10:27:00 4.42 10:27:48 5.38 48 0.96
10:29:25:000721 8.720 8.950 10:27:18 2.06 10:27:48 2.64 30 0.57
10:29:27:002043 12.450 13.130 10:27:00 4.42 10:27:51 5.46 51 1.04
10:29:27:002347 9.580 9.980 10:27:12 3.03 10:27:51 4.18 39 1.15
10:29:28:002347 9.580 9.980 10:27:12 3.03 10:27:51 4.18 39 1.15
10:29:28:002043 12.450 13.130 10:27:00 4.42 10:27:51 5.46 51 1.04
10:29:28:000721 8.720 8.960 10:27:18 2.06 10:27:54 2.75 36 0.69
10:29:29:002347 9.580 9.990 10:27:12 3.03 10:27:54 4.28 42 1.25
10:29:29:002355 12.990 13.600 10:27:15 2.39 10:27:54 4.70 39 2.31
10:29:29:000721 8.720 8.960 10:27:18 2.06 10:27:54 2.75 36 0.69
10:29:31:002347 9.580 9.990 10:27:12 3.03 10:27:54 4.28 42 1.25
10:29:31:002355 12.990 13.600 10:27:15 2.39 10:27:54 4.70 39 2.31
10:29:31:000721 8.720 8.960 10:27:18 2.06 10:27:54 2.75 36 0.69
10:29:32:002043 12.450 13.140 10:27:00 4.42 10:27:57 5.54 57 1.12
10:29:32:002355 12.990 13.650 10:27:15 2.39 10:27:57 5.08 42 2.69
10:29:32:603026 35.450 36.360 10:27:11 2.06 10:27:56 2.57 45 0.51
10:29:33:002043 12.450 13.140 10:27:00 4.42 10:27:57 5.54 57 1.12
10:29:33:002355 12.990 13.650 10:27:15 2.39 10:27:57 5.08 42 2.69
10:30:06:002343 39.000 40.700 10:28:03 3.59 10:28:30 4.36 27 0.77
10:30:07:002343 39.000 40.700 10:28:03 3.59 10:28:30 4.36 27 0.77
10:30:09:002043 12.450 13.260 10:28:03 5.86 10:28:33 6.51 30 0.64
10:30:09:002343 39.000 40.700 10:28:03 3.59 10:28:33 4.36 30 0.77
10:30:10:002043 12.450 13.260 10:28:03 5.86 10:28:33 6.51 30 0.64
10:30:10:002343 39.000 40.700 10:28:03 3.59 10:28:33 4.36 30 0.77
10:30:11:002043 12.450 13.260 10:28:03 5.86 10:28:36 6.51 33 0.64
10:30:13:002043 12.450 13.260 10:28:03 5.86 10:28:36 6.51 33 0.64
10:30:15:002043 12.450 13.270 10:28:03 5.86 10:28:39 6.59 36 0.72
10:30:15:603333 9.390 9.750 10:28:02 3.30 10:28:38 3.83 36 0.53
10:30:16:002347 9.580 10.100 10:28:00 4.28 10:28:39 5.43 39 1.15
10:30:16:002043 12.450 13.270 10:28:03 5.86 10:28:39 6.59 36 0.72
10:30:16:002343 39.000 40.730 10:28:03 3.59 10:28:39 4.44 36 0.85
10:30:16:603333 9.390 9.750 10:28:02 3.30 10:28:41 3.83 39 0.53
10:30:18:002043 12.450 13.270 10:28:03 5.86 10:28:42 6.59 39 0.72
10:30:18:002347 9.580 10.110 10:28:00 4.28 10:28:42 5.53 42 1.25
10:30:18:603333 9.390 9.750 10:28:02 3.30 10:28:41 3.83 39 0.53
10:30:19:002043 12.450 13.270 10:28:03 5.86 10:28:42 6.59 39 0.72
10:30:19:002347 9.580 10.110 10:28:00 4.28 10:28:45 5.53 45 1.25
10:30:19:603333 9.390 9.750 10:28:02 3.30 10:28:44 3.83 42 0.53
10:30:20:002043 12.450 13.270 10:28:03 5.86 10:28:45 6.59 42 0.72
10:30:20:002347 9.580 10.110 10:28:00 4.28 10:28:45 5.53 45 1.25
10:30:20:603333 9.390 9.750 10:28:02 3.30 10:28:44 3.83 42 0.53
10:30:21:002043 12.450 13.270 10:28:03 5.86 10:28:45 6.59 42 0.72
10:30:21:002347 9.580 10.110 10:28:00 4.28 10:28:45 5.53 45 1.25
10:30:21:603333 9.390 9.750 10:28:02 3.30 10:28:44 3.83 42 0.53
10:30:22:002043 12.450 13.280 10:28:03 5.86 10:28:48 6.67 45 0.80
10:30:24:002043 12.450 13.280 10:28:03 5.86 10:28:48 6.67 45 0.80
10:30:25:002043 12.450 13.280 10:28:03 5.86 10:28:48 6.67 45 0.80
10:30:26:002043 12.450 13.280 10:28:03 5.86 10:28:48 6.67 45 0.80
10:30:27:002043 12.450 13.280 10:28:03 5.86 10:28:51 6.67 48 0.80
10:30:31:600800 11.010 11.430 10:28:08 3.27 10:28:56 3.81 48 0.54
10:30:31:000922 11.690 11.990 10:28:21 2.05 10:28:57 2.57 36 0.51
10:30:32:002347 9.580 10.190 10:28:00 4.28 10:28:57 6.37 57 2.09
10:30:32:600800 11.010 11.430 10:28:08 3.27 10:28:56 3.81 48 0.54
10:30:32:000922 11.690 11.990 10:28:21 2.05 10:28:57 2.57 36 0.51
10:30:33:002347 9.580 10.190 10:28:00 4.28 10:28:57 6.37 57 2.09
10:30:33:600800 11.010 11.430 10:28:08 3.27 10:28:56 3.81 48 0.54
10:30:33:000922 11.690 11.990 10:28:21 2.05 10:28:57 2.57 36 0.51
10:30:35:600800 11.010 11.440 10:28:08 3.27 10:28:59 3.91 51 0.64
10:30:36:600800 11.010 11.440 10:28:08 3.27 10:28:59 3.91 51 0.64
10:30:51:000921 12.400 12.780 10:29:00 2.34 10:29:15 3.06 15 0.73
10:30:57:000921 12.400 12.780 10:29:00 2.34 10:29:21 3.06 21 0.73
10:31:01:000921 12.400 12.790 10:29:00 2.34 10:29:27 3.15 27 0.81
10:31:02:000921 12.400 12.790 10:29:00 2.34 10:29:27 3.15 27 0.81
10:31:03:000921 12.400 12.790 10:29:00 2.34 10:29:27 3.15 27 0.81
10:31:04:002347 9.580 10.390 10:29:12 7.20 10:29:30 8.46 18 1.25
10:31:05:002347 9.580 10.390 10:29:12 7.20 10:29:30 8.46 18 1.25
10:31:06:002347 9.580 10.390 10:29:12 7.20 10:29:30 8.46 18 1.25
10:31:07:002347 9.580 10.390 10:29:12 7.20 10:29:30 8.46 18 1.25
10:31:08:000921 12.400 12.800 10:29:00 2.34 10:29:33 3.23 33 0.89
10:31:09:000921 12.400 12.800 10:29:00 2.34 10:29:33 3.23 33 0.89
10:31:11:000722 15.890 16.430 10:29:30 2.71 10:29:36 3.40 6 0.69
10:31:12:000722 15.890 16.430 10:29:30 2.71 10:29:36 3.40 6 0.69
10:31:17:000722 15.890 16.470 10:29:30 2.71 10:29:42 3.65 12 0.94
10:31:18:000722 15.890 16.470 10:29:30 2.71 10:29:42 3.65 12 0.94
10:31:19:000722 15.890 16.470 10:29:30 2.71 10:29:42 3.65 12 0.94
10:31:25:000722 15.890 16.550 10:29:30 2.71 10:29:51 4.15 21 1.45
10:31:26:000722 15.890 16.550 10:29:30 2.71 10:29:51 4.15 21 1.45
10:31:32:000722 15.890 16.650 10:29:30 2.71 10:29:57 4.78 27 2.08
10:31:33:000722 15.890 16.650 10:29:30 2.71 10:29:57 4.78 27 2.08
10:32:14:002407 27.120 28.120 10:30:09 3.13 10:30:39 3.69 30 0.55
10:32:15:002407 27.120 28.120 10:30:09 3.13 10:30:39 3.69 30 0.55
10:32:17:002407 27.120 28.130 10:30:09 3.13 10:30:42 3.72 33 0.59
10:32:18:002407 27.120 28.130 10:30:09 3.13 10:30:42 3.72 33 0.59
10:32:19:002407 27.120 28.130 10:30:09 3.13 10:30:42 3.72 33 0.59
10:32:20:000877 12.910 13.960 10:30:36 7.51 10:30:45 8.13 9 0.62
10:32:21:000877 12.910 13.960 10:30:36 7.51 10:30:45 8.13 9 0.62
10:32:23:000877 12.910 14.000 10:30:36 7.51 10:30:48 8.44 12 0.93
10:32:24:000877 12.910 14.000 10:30:36 7.51 10:30:48 8.44 12 0.93
10:32:25:000548 10.110 10.390 10:30:27 2.18 10:30:51 2.77 24 0.59
10:32:25:000877 12.910 14.000 10:30:36 7.51 10:30:51 8.44 15 0.93
10:32:26:000548 10.110 10.390 10:30:27 2.18 10:30:51 2.77 24 0.59
10:32:26:000877 12.910 14.000 10:30:36 7.51 10:30:51 8.44 15 0.93
10:32:26:002407 27.120 28.140 10:30:09 3.13 10:30:51 3.76 42 0.63
10:32:27:000548 10.110 10.390 10:30:27 2.18 10:30:51 2.77 24 0.59
10:32:27:000877 12.910 14.000 10:30:36 7.51 10:30:51 8.44 15 0.93
10:32:27:002407 27.120 28.140 10:30:09 3.13 10:30:51 3.76 42 0.63
10:32:28:000548 10.110 10.400 10:30:27 2.18 10:30:54 2.87 27 0.69
10:32:28:000877 12.910 14.010 10:30:36 7.51 10:30:54 8.52 18 1.01
10:32:30:000548 10.110 10.400 10:30:27 2.18 10:30:54 2.87 27 0.69
10:32:30:000877 12.910 14.010 10:30:36 7.51 10:30:54 8.52 18 1.01
10:32:32:000548 10.110 10.400 10:30:27 2.18 10:30:54 2.87 27 0.69
10:32:33:000548 10.110 10.400 10:30:27 2.18 10:30:57 2.87 30 0.69
10:32:33:002407 27.120 28.150 10:30:09 3.13 10:30:57 3.80 48 0.66
10:32:58:000548 10.110 10.460 10:31:03 2.87 10:31:21 3.46 18 0.59
10:33:04:000548 10.110 10.470 10:31:03 2.87 10:31:30 3.56 27 0.69
10:33:05:000548 10.110 10.470 10:31:03 2.87 10:31:30 3.56 27 0.69
10:33:07:000548 10.110 10.470 10:31:03 2.87 10:31:30 3.56 27 0.69
10:33:08:000548 10.110 10.480 10:31:03 2.87 10:31:33 3.66 30 0.79
10:33:09:000548 10.110 10.480 10:31:03 2.87 10:31:33 3.66 30 0.79
10:33:10:000548 10.110 10.480 10:31:03 2.87 10:31:36 3.66 33 0.79
10:33:12:000548 10.110 10.480 10:31:03 2.87 10:31:36 3.66 33 0.79
10:33:13:000548 10.110 10.480 10:31:03 2.87 10:31:36 3.66 33 0.79
10:33:26:002343 39.000 41.270 10:31:03 5.13 10:31:51 5.82 48 0.69
10:33:27:002343 39.000 41.270 10:31:03 5.13 10:31:51 5.82 48 0.69
10:33:28:002343 39.000 41.270 10:31:03 5.13 10:31:51 5.82 48 0.69
10:33:29:002512 15.380 15.780 10:31:00 2.02 10:31:54 2.60 54 0.59
10:33:31:002512 15.380 15.780 10:31:00 2.02 10:31:54 2.60 54 0.59
10:33:32:002512 15.380 15.780 10:31:00 2.02 10:31:54 2.60 54 0.59
10:33:33:002512 15.380 15.780 10:31:00 2.02 10:31:57 2.60 57 0.59
10:35:09:002292 20.880 21.860 10:33:00 4.02 10:33:33 4.69 33 0.67
10:35:14:002292 20.880 21.880 10:33:00 4.02 10:33:39 4.79 39 0.77
10:35:15:002292 20.880 21.880 10:33:00 4.02 10:33:39 4.79 39 0.77
10:35:17:002292 20.880 21.890 10:33:00 4.02 10:33:42 4.84 42 0.81
10:35:18:002292 20.880 21.890 10:33:00 4.02 10:33:42 4.84 42 0.81
10:35:19:002292 20.880 21.890 10:33:00 4.02 10:33:42 4.84 42 0.81
10:35:23:002292 20.880 21.980 10:33:00 4.02 10:33:48 5.27 48 1.25
10:35:25:002292 20.880 21.980 10:33:00 4.02 10:33:48 5.27 48 1.25
10:35:26:600651 10.090 10.410 10:33:00 2.58 10:33:51 3.17 51 0.59
10:35:26:002292 20.880 22.000 10:33:00 4.02 10:33:51 5.36 51 1.34
10:35:27:600651 10.090 10.410 10:33:00 2.58 10:33:51 3.17 51 0.59
10:35:27:002292 20.880 22.000 10:33:00 4.02 10:33:51 5.36 51 1.34
10:35:29:000548 10.110 10.600 10:33:48 4.15 10:33:54 4.85 6 0.69
10:35:29:002292 20.880 22.050 10:33:00 4.02 10:33:54 5.60 54 1.58
10:35:30:000548 10.110 10.600 10:33:48 4.15 10:33:54 4.85 6 0.69
10:35:30:002292 20.880 22.050 10:33:00 4.02 10:33:54 5.60 54 1.58
10:35:33:000548 10.110 10.600 10:33:48 4.15 10:33:57 4.85 9 0.69
10:35:33:600731 11.090 11.450 10:33:36 2.61 10:33:57 3.25 21 0.63
10:36:04:600731 11.090 11.560 10:34:03 3.52 10:34:30 4.24 27 0.72
10:36:06:600731 11.090 11.560 10:34:03 3.52 10:34:30 4.24 27 0.72
10:36:07:600731 11.090 11.560 10:34:03 3.52 10:34:30 4.24 27 0.72
10:36:08:600731 11.090 11.560 10:34:03 3.52 10:34:33 4.24 30 0.72
10:36:09:600731 11.090 11.560 10:34:03 3.52 10:34:33 4.24 30 0.72
10:36:10:600731 11.090 11.560 10:34:03 3.52 10:34:33 4.24 30 0.72
10:36:12:600731 11.090 11.570 10:34:03 3.52 10:34:36 4.33 33 0.81
10:36:13:600731 11.090 11.570 10:34:03 3.52 10:34:36 4.33 33 0.81
10:36:17:600731 11.090 11.600 10:34:03 3.52 10:34:42 4.60 39 1.08
10:36:18:600731 11.090 11.600 10:34:03 3.52 10:34:42 4.60 39 1.08
10:36:19:600731 11.090 11.600 10:34:03 3.52 10:34:42 4.60 39 1.08
10:38:10:000548 10.110 10.810 10:36:09 6.33 10:36:36 6.92 27 0.59
10:38:12:000548 10.110 10.810 10:36:09 6.33 10:36:36 6.92 27 0.59
10:38:13:000548 10.110 10.810 10:36:09 6.33 10:36:36 6.92 27 0.59
10:38:15:002524 10.260 10.600 10:36:09 2.44 10:36:39 3.31 30 0.88
10:38:16:002657 37.890 39.100 10:36:06 2.61 10:36:42 3.19 36 0.58
10:38:16:002524 10.260 10.600 10:36:09 2.44 10:36:39 3.31 30 0.88
10:38:17:002657 37.890 39.100 10:36:06 2.61 10:36:42 3.19 36 0.58
10:38:17:002055 20.840 21.390 10:36:09 2.11 10:36:42 2.64 33 0.53
10:38:17:002524 10.260 10.600 10:36:09 2.44 10:36:42 3.31 33 0.88
10:38:18:000548 10.110 10.850 10:36:09 6.33 10:36:45 7.32 36 0.99
10:38:18:002657 37.890 39.100 10:36:06 2.61 10:36:42 3.19 36 0.58
10:38:18:002055 20.840 21.390 10:36:09 2.11 10:36:42 2.64 33 0.53
10:38:18:002524 10.260 10.600 10:36:09 2.44 10:36:42 3.31 33 0.88
10:38:19:000548 10.110 10.850 10:36:09 6.33 10:36:45 7.32 36 0.99
10:38:19:002657 37.890 39.100 10:36:06 2.61 10:36:45 3.19 39 0.58
10:38:19:002055 20.840 21.390 10:36:09 2.11 10:36:42 2.64 33 0.53
10:38:19:002524 10.260 10.660 10:36:09 2.44 10:36:45 3.90 36 1.46
10:38:20:000548 10.110 10.850 10:36:09 6.33 10:36:45 7.32 36 0.99
10:38:20:002657 37.890 39.100 10:36:06 2.61 10:36:45 3.19 39 0.58
10:38:20:002055 20.840 21.390 10:36:09 2.11 10:36:45 2.64 36 0.53
10:38:20:002524 10.260 10.660 10:36:09 2.44 10:36:45 3.90 36 1.46
10:38:22:000548 10.110 10.860 10:36:09 6.33 10:36:48 7.42 39 1.09
10:38:22:002657 37.890 39.100 10:36:06 2.61 10:36:45 3.19 39 0.58
10:38:22:002055 20.840 21.390 10:36:09 2.11 10:36:45 2.64 36 0.53
10:38:22:002524 10.260 10.660 10:36:09 2.44 10:36:45 3.90 36 1.46
10:38:23:000548 10.110 10.860 10:36:09 6.33 10:36:48 7.42 39 1.09
10:38:23:002657 37.890 39.500 10:36:06 2.61 10:36:48 4.25 42 1.64
10:38:23:002055 20.840 21.400 10:36:09 2.11 10:36:48 2.69 39 0.58
10:38:24:000548 10.110 10.860 10:36:09 6.33 10:36:48 7.42 39 1.09
10:38:24:002657 37.890 39.500 10:36:06 2.61 10:36:48 4.25 42 1.64
10:38:24:002055 20.840 21.400 10:36:09 2.11 10:36:48 2.69 39 0.58
10:38:25:000548 10.110 10.860 10:36:09 6.33 10:36:48 7.42 39 1.09
10:38:25:002657 37.890 39.500 10:36:06 2.61 10:36:48 4.25 42 1.64
10:38:25:002055 20.840 21.400 10:36:09 2.11 10:36:48 2.69 39 0.58
10:38:26:002657 37.890 39.500 10:36:06 2.61 10:36:48 4.25 42 1.64
10:38:26:002055 20.840 21.400 10:36:09 2.11 10:36:48 2.69 39 0.58
10:38:27:002055 20.840 21.400 10:36:09 2.11 10:36:51 2.69 42 0.58
10:38:28:002055 20.840 21.400 10:36:09 2.11 10:36:51 2.69 42 0.58
10:38:29:002055 20.840 21.400 10:36:09 2.11 10:36:54 2.69 45 0.58
10:38:29:002524 10.260 10.700 10:36:09 2.44 10:36:54 4.29 45 1.85
10:38:30:002055 20.840 21.400 10:36:09 2.11 10:36:54 2.69 45 0.58
10:38:30:002524 10.260 10.700 10:36:09 2.44 10:36:54 4.29 45 1.85
10:38:31:002055 20.840 21.400 10:36:09 2.11 10:36:54 2.69 45 0.58
10:38:31:002524 10.260 10.700 10:36:09 2.44 10:36:54 4.29 45 1.85
10:38:32:002055 20.840 21.430 10:36:09 2.11 10:36:57 2.83 48 0.72
10:38:34:002055 20.840 21.430 10:36:09 2.11 10:36:57 2.83 48 0.72
10:39:16:002279 16.580 17.120 10:37:00 2.71 10:37:42 3.26 42 0.54
10:39:17:002279 16.580 17.120 10:37:00 2.71 10:37:42 3.26 42 0.54
10:39:18:002279 16.580 17.120 10:37:00 2.71 10:37:42 3.26 42 0.54
10:39:19:002279 16.580 17.130 10:37:00 2.71 10:37:45 3.32 45 0.60
10:39:20:002279 16.580 17.130 10:37:00 2.71 10:37:45 3.32 45 0.60
10:39:21:002279 16.580 17.130 10:37:00 2.71 10:37:45 3.32 45 0.60
10:39:23:002279 16.580 17.150 10:37:00 2.71 10:37:48 3.44 48 0.72
10:39:24:002279 16.580 17.150 10:37:00 2.71 10:37:48 3.44 48 0.72
10:39:25:002279 16.580 17.150 10:37:00 2.71 10:37:48 3.44 48 0.72
10:39:26:002279 16.580 17.150 10:37:00 2.71 10:37:48 3.44 48 0.72
10:39:28:002279 16.580 17.170 10:37:00 2.71 10:37:54 3.56 54 0.84
10:39:29:002279 16.580 17.170 10:37:00 2.71 10:37:54 3.56 54 0.84
10:39:30:002279 16.580 17.170 10:37:00 2.71 10:37:54 3.56 54 0.84
10:39:31:002279 16.580 17.170 10:37:00 2.71 10:37:57 3.56 57 0.84
10:39:32:002279 16.580 17.170 10:37:00 2.71 10:37:57 3.56 57 0.84
10:40:02:002279 16.580 17.270 10:38:00 3.56 10:38:27 4.16 27 0.60
10:40:03:002279 16.580 17.270 10:38:00 3.56 10:38:27 4.16 27 0.60
10:40:04:002279 16.580 17.270 10:38:00 3.56 10:38:30 4.16 30 0.60
10:40:05:002279 16.580 17.270 10:38:00 3.56 10:38:30 4.16 30 0.60
10:40:06:002279 16.580 17.270 10:38:00 3.56 10:38:30 4.16 30 0.60
10:40:07:002279 16.580 17.280 10:38:00 3.56 10:38:33 4.22 33 0.66
10:40:08:002279 16.580 17.280 10:38:00 3.56 10:38:33 4.22 33 0.66
10:40:09:002279 16.580 17.280 10:38:00 3.56 10:38:33 4.22 33 0.66
10:40:10:002279 16.580 17.280 10:38:00 3.56 10:38:36 4.22 36 0.66
10:40:11:002279 16.580 17.280 10:38:00 3.56 10:38:36 4.22 36 0.66
10:40:12:002279 16.580 17.280 10:38:00 3.56 10:38:36 4.22 36 0.66
10:40:14:002279 16.580 17.350 10:38:00 3.56 10:38:39 4.64 39 1.09
10:40:15:002279 16.580 17.350 10:38:00 3.56 10:38:39 4.64 39 1.09
10:40:15:002458 26.440 27.690 10:38:00 4.20 10:38:39 4.73 39 0.53
10:40:19:002279 16.580 17.380 10:38:00 3.56 10:38:45 4.83 45 1.27
10:40:20:002279 16.580 17.380 10:38:00 3.56 10:38:45 4.83 45 1.27
10:40:20:002458 26.440 27.690 10:38:00 4.20 10:38:45 4.73 45 0.53
10:40:21:002279 16.580 17.380 10:38:00 3.56 10:38:45 4.83 45 1.27
10:40:21:002458 26.440 27.690 10:38:00 4.20 10:38:45 4.73 45 0.53
10:40:22:002279 16.580 17.400 10:38:00 3.56 10:38:48 4.95 48 1.39
10:40:22:002458 26.440 27.690 10:38:00 4.20 10:38:48 4.73 48 0.53
10:40:24:002279 16.580 17.400 10:38:00 3.56 10:38:48 4.95 48 1.39
10:40:24:002458 26.440 27.690 10:38:00 4.20 10:38:48 4.73 48 0.53
10:40:25:002279 16.580 17.400 10:38:00 3.56 10:38:48 4.95 48 1.39
10:40:25:002458 26.440 27.690 10:38:00 4.20 10:38:48 4.73 48 0.53
10:40:26:002279 16.580 17.400 10:38:00 3.56 10:38:48 4.95 48 1.39
10:40:26:002458 26.440 27.730 10:38:00 4.20 10:38:51 4.88 51 0.68
10:40:27:002279 16.580 17.400 10:38:00 3.56 10:38:51 4.95 51 1.39
10:40:27:002458 26.440 27.730 10:38:00 4.20 10:38:51 4.88 51 0.68
10:40:28:002279 16.580 17.400 10:38:00 3.56 10:38:51 4.95 51 1.39
10:40:28:002458 26.440 27.730 10:38:00 4.20 10:38:51 4.88 51 0.68
10:40:29:002279 16.580 17.450 10:38:00 3.56 10:38:54 5.25 54 1.69
10:40:30:002279 16.580 17.450 10:38:00 3.56 10:38:54 5.25 54 1.69
10:40:31:002279 16.580 17.470 10:38:00 3.56 10:38:57 5.37 57 1.81
10:40:32:002279 16.580 17.470 10:38:00 3.56 10:38:57 5.37 57 1.81
10:40:34:002279 16.580 17.470 10:38:00 3.56 10:38:57 5.37 57 1.81
10:40:55:002279 16.580 17.710 10:39:00 5.55 10:39:21 6.82 21 1.27
10:40:56:002279 16.580 17.710 10:39:00 5.55 10:39:21 6.82 21 1.27
10:40:57:002279 16.580 17.710 10:39:00 5.55 10:39:21 6.82 21 1.27
10:40:58:002279 16.580 17.720 10:39:00 5.55 10:39:24 6.88 24 1.33
10:41:00:002279 16.580 17.720 10:39:00 5.55 10:39:24 6.88 24 1.33
10:41:01:002279 16.580 17.720 10:39:00 5.55 10:39:24 6.88 24 1.33
10:41:02:002279 16.580 17.770 10:39:00 5.55 10:39:27 7.18 27 1.63
10:41:03:002279 16.580 17.770 10:39:00 5.55 10:39:27 7.18 27 1.63
10:41:04:002279 16.580 17.790 10:39:00 5.55 10:39:30 7.30 30 1.75
10:41:06:002279 16.580 17.790 10:39:00 5.55 10:39:30 7.30 30 1.75
10:41:07:002279 16.580 17.800 10:39:00 5.55 10:39:33 7.36 33 1.81
10:41:08:002279 16.580 17.800 10:39:00 5.55 10:39:33 7.36 33 1.81
10:41:09:002279 16.580 17.800 10:39:00 5.55 10:39:33 7.36 33 1.81
10:41:15:002279 16.580 17.880 10:39:00 5.55 10:39:39 7.84 39 2.29
10:41:20:002279 16.580 17.880 10:39:00 5.55 10:39:45 7.84 45 2.29
10:41:21:002279 16.580 17.880 10:39:00 5.55 10:39:45 7.84 45 2.29
10:41:23:002458 26.440 27.950 10:39:09 5.11 10:39:48 5.71 39 0.61
10:41:23:600730 12.030 12.370 10:39:03 2.24 10:39:48 2.83 45 0.58
10:41:25:002458 26.440 27.950 10:39:09 5.11 10:39:48 5.71 39 0.61
10:41:25:600730 12.030 12.370 10:39:03 2.24 10:39:48 2.83 45 0.58
10:41:28:002279 16.580 17.950 10:39:00 5.55 10:39:51 8.26 51 2.71
10:41:29:002279 16.580 17.950 10:39:00 5.55 10:39:54 8.26 54 2.71
10:41:29:002458 26.440 27.970 10:39:09 5.11 10:39:54 5.79 45 0.68
10:41:29:002292 20.880 22.500 10:39:51 6.42 10:39:54 7.76 3 1.34
10:41:31:002279 16.580 17.950 10:39:00 5.55 10:39:54 8.26 54 2.71
10:41:31:002458 26.440 27.970 10:39:09 5.11 10:39:54 5.79 45 0.68
10:41:31:600730 12.030 12.400 10:39:03 2.24 10:39:54 3.08 51 0.83
10:41:31:002292 20.880 22.500 10:39:51 6.42 10:39:54 7.76 3 1.34
10:41:32:002279 16.580 17.950 10:39:00 5.55 10:39:57 8.26 57 2.71
10:41:32:002458 26.440 27.980 10:39:09 5.11 10:39:57 5.82 48 0.72
10:41:32:002292 20.880 22.660 10:39:51 6.42 10:39:57 8.52 6 2.11
10:41:34:002279 16.580 17.950 10:39:00 5.55 10:39:57 8.26 57 2.71
10:41:34:002458 26.440 27.980 10:39:09 5.11 10:39:57 5.82 48 0.72
10:41:34:002292 20.880 22.660 10:39:51 6.42 10:39:57 8.52 6 2.11
10:41:57:002467 9.960 10.220 10:40:00 2.11 10:40:21 2.61 21 0.50
10:41:58:002467 9.960 10.220 10:40:00 2.11 10:40:24 2.61 24 0.50
10:41:59:002467 9.960 10.220 10:40:00 2.11 10:40:24 2.61 24 0.50
10:42:00:002467 9.960 10.220 10:40:00 2.11 10:40:24 2.61 24 0.50
10:42:02:002467 9.960 10.220 10:40:00 2.11 10:40:24 2.61 24 0.50
10:42:03:002467 9.960 10.230 10:40:00 2.11 10:40:27 2.71 27 0.60
10:42:08:002234 17.260 17.780 10:40:00 2.43 10:40:33 3.01 33 0.58
10:42:09:002234 17.260 17.780 10:40:00 2.43 10:40:33 3.01 33 0.58
10:42:12:002234 17.260 17.780 10:40:00 2.43 10:40:33 3.01 33 0.58
10:42:12:002467 9.960 10.240 10:40:00 2.11 10:40:36 2.81 36 0.70
10:42:13:002467 9.960 10.240 10:40:00 2.11 10:40:36 2.81 36 0.70
10:42:15:002467 9.960 10.240 10:40:00 2.11 10:40:36 2.81 36 0.70
10:42:19:002234 17.260 17.800 10:40:00 2.43 10:40:42 3.13 42 0.70
10:42:20:002234 17.260 17.810 10:40:00 2.43 10:40:45 3.19 45 0.75
10:42:20:002467 9.960 10.240 10:40:00 2.11 10:40:36 2.81 36 0.70
10:42:22:002234 17.260 17.810 10:40:00 2.43 10:40:45 3.19 45 0.75
10:42:22:002467 9.960 10.240 10:40:00 2.11 10:40:36 2.81 36 0.70
10:42:23:002458 26.440 28.150 10:40:03 5.82 10:40:48 6.47 45 0.64
10:42:23:002234 17.260 17.850 10:40:00 2.43 10:40:48 3.42 48 0.98
10:42:24:002458 26.440 28.150 10:40:03 5.82 10:40:48 6.47 45 0.64
10:42:25:002458 26.440 28.150 10:40:03 5.82 10:40:48 6.47 45 0.64
10:42:25:002234 17.260 17.850 10:40:00 2.43 10:40:51 3.42 51 0.98
10:42:27:002234 17.260 17.850 10:40:00 2.43 10:40:51 3.42 51 0.98
10:42:30:002467 9.960 10.240 10:40:00 2.11 10:40:36 2.81 36 0.70
10:42:33:002234 17.260 17.850 10:40:00 2.43 10:40:57 3.42 57 0.98
10:42:34:002458 26.440 28.150 10:40:03 5.82 10:40:57 6.47 54 0.64
10:43:29:002351 12.310 12.790 10:41:09 3.17 10:41:54 3.90 45 0.73
10:43:30:002351 12.310 12.790 10:41:09 3.17 10:41:54 3.90 45 0.73
10:43:31:002351 12.310 12.790 10:41:09 3.17 10:41:54 3.90 45 0.73
10:47:12:600723 10.110 10.500 10:45:05 3.17 10:45:38 3.86 33 0.69
10:47:13:600723 10.110 10.500 10:45:05 3.17 10:45:38 3.86 33 0.69
10:47:15:600723 10.110 10.500 10:45:05 3.17 10:45:38 3.86 33 0.69
10:47:20:600723 10.110 10.510 10:45:05 3.17 10:45:44 3.96 39 0.79
10:47:22:600723 10.110 10.540 10:45:05 3.17 10:45:47 4.25 42 1.09
10:47:23:600723 10.110 10.540 10:45:05 3.17 10:45:47 4.25 42 1.09
10:47:24:600723 10.110 10.540 10:45:05 3.17 10:45:47 4.25 42 1.09
10:47:25:600723 10.110 10.550 10:45:05 3.17 10:45:50 4.35 45 1.19
10:47:26:600723 10.110 10.550 10:45:05 3.17 10:45:50 4.35 45 1.19
10:47:27:600723 10.110 10.550 10:45:05 3.17 10:45:50 4.35 45 1.19
10:47:29:600723 10.110 10.560 10:45:05 3.17 10:45:53 4.45 48 1.29
10:47:30:600723 10.110 10.560 10:45:05 3.17 10:45:53 4.45 48 1.29
10:47:31:600723 10.110 10.560 10:45:05 3.17 10:45:53 4.45 48 1.29
10:47:32:600723 10.110 10.560 10:45:05 3.17 10:45:56 4.45 51 1.29
10:47:33:600723 10.110 10.560 10:45:05 3.17 10:45:56 4.45 51 1.29
10:47:34:600723 10.110 10.600 10:45:05 3.17 10:45:59 4.85 54 1.68
10:47:35:600723 10.110 10.600 10:45:05 3.17 10:45:59 4.85 54 1.68
10:48:32:000810 14.450 14.860 10:46:06 2.01 10:46:57 2.84 51 0.83
10:48:33:000810 14.450 14.860 10:46:06 2.01 10:46:57 2.84 51 0.83
10:49:15:002712 25.800 26.500 10:47:27 2.17 10:47:39 2.71 12 0.54
10:49:16:002712 25.800 26.500 10:47:27 2.17 10:47:39 2.71 12 0.54
10:49:17:002712 25.800 26.500 10:47:27 2.17 10:47:42 2.71 15 0.54
10:49:18:002712 25.800 26.500 10:47:27 2.17 10:47:42 2.71 15 0.54
10:49:19:002712 25.800 26.500 10:47:27 2.17 10:47:42 2.71 15 0.54
10:49:20:002712 25.800 26.500 10:47:27 2.17 10:47:42 2.71 15 0.54
10:49:22:002712 25.800 26.500 10:47:27 2.17 10:47:48 2.71 21 0.54
10:49:23:002712 25.800 26.500 10:47:27 2.17 10:47:48 2.71 21 0.54
10:49:24:002712 25.800 26.500 10:47:27 2.17 10:47:48 2.71 21 0.54
10:49:25:002712 25.800 26.500 10:47:27 2.17 10:47:48 2.71 21 0.54
10:49:26:002712 25.800 26.500 10:47:27 2.17 10:47:51 2.71 24 0.54
10:49:28:002712 25.800 26.500 10:47:27 2.17 10:47:51 2.71 24 0.54
10:50:31:002474 12.600 13.210 10:48:39 3.97 10:48:57 4.84 18 0.87
10:50:32:002474 12.600 13.210 10:48:39 3.97 10:48:57 4.84 18 0.87
10:50:33:002474 12.600 13.210 10:48:39 3.97 10:48:57 4.84 18 0.87
10:50:44:002474 12.600 13.300 10:49:00 5.00 10:49:09 5.56 9 0.56
10:50:46:002474 12.600 13.300 10:49:00 5.00 10:49:09 5.56 9 0.56
10:50:52:002474 12.600 13.400 10:49:00 5.00 10:49:18 6.35 18 1.35
10:50:54:002474 12.600 13.400 10:49:00 5.00 10:49:18 6.35 18 1.35
10:50:59:002474 12.600 13.480 10:49:00 5.00 10:49:24 6.98 24 1.98
10:51:00:002474 12.600 13.480 10:49:00 5.00 10:49:24 6.98 24 1.98
10:51:01:002474 12.600 13.480 10:49:00 5.00 10:49:24 6.98 24 1.98
10:51:07:002474 12.600 13.500 10:49:00 5.00 10:49:33 7.14 33 2.14
10:51:09:002474 12.600 13.500 10:49:00 5.00 10:49:33 7.14 33 2.14
10:51:14:002474 12.600 13.550 10:49:00 5.00 10:49:39 7.54 39 2.54
10:51:15:002474 12.600 13.550 10:49:00 5.00 10:49:39 7.54 39 2.54
10:51:20:002474 12.600 13.570 10:49:00 5.00 10:49:45 7.70 45 2.70
10:51:21:002474 12.600 13.570 10:49:00 5.00 10:49:45 7.70 45 2.70
10:51:22:002474 12.600 13.580 10:49:00 5.00 10:49:48 7.78 48 2.78
10:51:24:002474 12.600 13.580 10:49:00 5.00 10:49:48 7.78 48 2.78
10:51:25:002474 12.600 13.580 10:49:00 5.00 10:49:48 7.78 48 2.78
10:51:57:600756 21.250 21.880 10:50:00 2.45 10:50:21 2.96 21 0.52
10:52:09:600756 21.250 21.900 10:50:00 2.45 10:50:33 3.06 33 0.61
10:52:13:600756 21.250 21.900 10:50:00 2.45 10:50:36 3.06 36 0.61
10:52:20:600756 21.250 21.980 10:50:00 2.45 10:50:45 3.44 45 0.99
10:52:20:002633 21.200 21.980 10:50:00 3.16 10:50:45 3.68 45 0.52
10:52:21:600756 21.250 21.980 10:50:00 2.45 10:50:45 3.44 45 0.99
10:52:21:002633 21.200 21.980 10:50:00 3.16 10:50:45 3.68 45 0.52
10:52:22:002633 21.200 21.980 10:50:00 3.16 10:50:48 3.68 48 0.52
10:52:24:002633 21.200 21.980 10:50:00 3.16 10:50:48 3.68 48 0.52
10:52:25:002633 21.200 21.980 10:50:00 3.16 10:50:48 3.68 48 0.52
10:52:26:600756 21.250 21.980 10:50:00 2.45 10:50:51 3.44 51 0.99
10:52:26:002633 21.200 21.980 10:50:00 3.16 10:50:48 3.68 48 0.52
10:52:27:600756 21.250 21.980 10:50:00 2.45 10:50:51 3.44 51 0.99
10:52:27:002633 21.200 21.980 10:50:00 3.16 10:50:51 3.68 51 0.52
10:52:29:600756 21.250 21.980 10:50:00 2.45 10:50:54 3.44 54 0.99
10:52:29:002633 21.200 21.980 10:50:00 3.16 10:50:54 3.68 54 0.52
10:52:30:600756 21.250 21.980 10:50:00 2.45 10:50:54 3.44 54 0.99
10:52:30:002633 21.200 21.980 10:50:00 3.16 10:50:54 3.68 54 0.52
10:52:31:600756 21.250 21.980 10:50:00 2.45 10:50:54 3.44 54 0.99
10:52:31:002633 21.200 21.980 10:50:00 3.16 10:50:57 3.68 57 0.52
10:52:32:600756 21.250 21.990 10:50:00 2.45 10:50:57 3.48 57 1.04
10:52:32:002633 21.200 21.980 10:50:00 3.16 10:50:57 3.68 57 0.52
10:52:34:600756 21.250 21.990 10:50:00 2.45 10:50:57 3.48 57 1.04
10:52:34:002633 21.200 21.980 10:50:00 3.16 10:50:57 3.68 57 0.52
10:53:04:600756 21.250 22.130 10:51:00 3.48 10:51:30 4.14 30 0.66
10:53:07:600756 21.250 22.130 10:51:00 3.48 10:51:30 4.14 30 0.66
10:53:18:600410 10.310 10.650 10:51:03 2.72 10:51:42 3.30 39 0.58
10:53:19:600410 10.310 10.650 10:51:03 2.72 10:51:42 3.30 39 0.58
10:53:26:600410 10.310 10.650 10:51:03 2.72 10:51:51 3.30 48 0.58
10:53:27:600410 10.310 10.650 10:51:03 2.72 10:51:51 3.30 48 0.58
10:53:28:600410 10.310 10.650 10:51:03 2.72 10:51:51 3.30 48 0.58
10:53:30:600410 10.310 10.660 10:51:03 2.72 10:51:54 3.39 51 0.68
10:53:32:600410 10.310 10.660 10:51:03 2.72 10:51:54 3.39 51 0.68
10:54:03:000517 5.470 5.610 10:52:00 2.01 10:52:27 2.56 27 0.55
10:54:04:000517 5.470 5.610 10:52:00 2.01 10:52:30 2.56 30 0.55
10:54:06:000517 5.470 5.610 10:52:00 2.01 10:52:30 2.56 30 0.55
10:54:08:000517 5.470 5.610 10:52:00 2.01 10:52:33 2.56 33 0.55
10:54:09:000517 5.470 5.610 10:52:00 2.01 10:52:33 2.56 33 0.55
10:54:11:000517 5.470 5.620 10:52:00 2.01 10:52:36 2.74 36 0.73
10:54:12:000517 5.470 5.620 10:52:00 2.01 10:52:36 2.74 36 0.73
10:54:13:000517 5.470 5.620 10:52:00 2.01 10:52:39 2.74 39 0.73
10:54:14:000517 5.470 5.620 10:52:00 2.01 10:52:39 2.74 39 0.73
10:54:15:000517 5.470 5.620 10:52:00 2.01 10:52:39 2.74 39 0.73
10:54:17:000517 5.470 5.620 10:52:00 2.01 10:52:42 2.74 42 0.73
10:54:18:000517 5.470 5.620 10:52:00 2.01 10:52:42 2.74 42 0.73
10:54:19:000517 5.470 5.620 10:52:00 2.01 10:52:45 2.74 45 0.73
10:54:20:000517 5.470 5.620 10:52:00 2.01 10:52:45 2.74 45 0.73
10:54:22:000517 5.470 5.620 10:52:00 2.01 10:52:45 2.74 45 0.73
10:54:23:000404 9.890 10.290 10:52:00 3.54 10:52:48 4.04 48 0.51
10:54:23:000517 5.470 5.620 10:52:00 2.01 10:52:48 2.74 48 0.73
10:54:24:000404 9.890 10.290 10:52:00 3.54 10:52:48 4.04 48 0.51
10:54:24:000517 5.470 5.620 10:52:00 2.01 10:52:48 2.74 48 0.73
10:54:26:000517 5.470 5.620 10:52:00 2.01 10:52:51 2.74 51 0.73
10:54:27:000517 5.470 5.620 10:52:00 2.01 10:52:51 2.74 51 0.73
10:54:29:000517 5.470 5.620 10:52:00 2.01 10:52:51 2.74 51 0.73
10:54:30:000517 5.470 5.620 10:52:00 2.01 10:52:51 2.74 51 0.73
10:54:31:000517 5.470 5.620 10:52:00 2.01 10:52:51 2.74 51 0.73
10:54:33:000517 5.470 5.630 10:52:00 2.01 10:52:57 2.93 57 0.91
10:54:34:000517 5.470 5.630 10:52:00 2.01 10:52:57 2.93 57 0.91
10:56:23:002277 15.100 15.510 10:54:03 2.19 10:54:48 2.72 45 0.53
10:56:23:002055 20.840 21.570 10:54:30 2.98 10:54:48 3.50 18 0.53
10:56:24:002277 15.100 15.510 10:54:03 2.19 10:54:48 2.72 45 0.53
10:56:24:002055 20.840 21.570 10:54:30 2.98 10:54:48 3.50 18 0.53
10:56:25:002277 15.100 15.510 10:54:03 2.19 10:54:48 2.72 45 0.53
10:56:25:002055 20.840 21.570 10:54:30 2.98 10:54:48 3.50 18 0.53
10:56:26:002277 15.100 15.510 10:54:03 2.19 10:54:51 2.72 48 0.53
10:56:26:002055 20.840 21.600 10:54:30 2.98 10:54:51 3.65 21 0.67
10:56:26:002702 17.560 18.060 10:54:36 2.16 10:54:51 2.85 15 0.68
10:56:28:002055 20.840 21.600 10:54:30 2.98 10:54:51 3.65 21 0.67
10:56:28:002702 17.560 18.060 10:54:36 2.16 10:54:51 2.85 15 0.68
10:56:29:002055 20.840 21.600 10:54:30 2.98 10:54:54 3.65 24 0.67
10:56:30:002055 20.840 21.600 10:54:30 2.98 10:54:54 3.65 24 0.67
10:56:31:002055 20.840 21.600 10:54:30 2.98 10:54:54 3.65 24 0.67
10:56:32:002055 20.840 21.600 10:54:30 2.98 10:54:57 3.65 27 0.67
10:56:32:002702 17.560 18.090 10:54:36 2.16 10:54:57 3.02 21 0.85
10:56:34:002055 20.840 21.600 10:54:30 2.98 10:54:57 3.65 27 0.67
10:56:34:002702 17.560 18.090 10:54:36 2.16 10:54:57 3.02 21 0.85
10:57:26:002746 41.000 42.400 10:55:03 2.90 10:55:51 3.41 48 0.51
10:57:27:002746 41.000 42.400 10:55:03 2.90 10:55:51 3.41 48 0.51
10:57:28:002746 41.000 42.400 10:55:03 2.90 10:55:54 3.41 51 0.51
10:57:29:002746 41.000 42.400 10:55:03 2.90 10:55:54 3.41 51 0.51
10:57:30:002746 41.000 42.400 10:55:03 2.90 10:55:54 3.41 51 0.51
10:58:15:600227 7.270 7.570 10:56:00 3.58 10:56:39 4.13 39 0.55
10:58:16:600227 7.270 7.570 10:56:00 3.58 10:56:39 4.13 39 0.55
10:58:17:600227 7.270 7.570 10:56:00 3.58 10:56:39 4.13 39 0.55
11:03:15:002277 15.100 15.690 11:01:15 2.98 11:01:39 3.91 24 0.93
11:03:21:002277 15.100 15.700 11:01:15 2.98 11:01:45 3.97 30 0.99
11:03:23:002277 15.100 15.700 11:01:15 2.98 11:01:45 3.97 30 0.99
11:03:27:002277 15.100 15.700 11:01:15 2.98 11:01:51 3.97 36 0.99
11:04:09:603009 58.410 60.500 11:02:05 3.06 11:02:35 3.58 30 0.51
11:04:10:603009 58.410 60.500 11:02:05 3.06 11:02:35 3.58 30 0.51
11:04:11:603009 58.410 60.500 11:02:05 3.06 11:02:35 3.58 30 0.51
11:04:13:603009 58.410 60.500 11:02:05 3.06 11:02:35 3.58 30 0.51
11:04:14:603009 58.410 60.500 11:02:05 3.06 11:02:35 3.58 30 0.51
11:04:15:603009 58.410 60.540 11:02:05 3.06 11:02:38 3.65 33 0.58
11:04:16:603009 58.410 60.540 11:02:05 3.06 11:02:41 3.65 36 0.58
11:04:23:603009 58.410 60.600 11:02:05 3.06 11:02:47 3.75 42 0.68
11:04:25:603009 58.410 60.660 11:02:05 3.06 11:02:50 3.85 45 0.79
11:04:27:603009 58.410 60.660 11:02:05 3.06 11:02:50 3.85 45 0.79
11:04:31:603009 58.410 60.690 11:02:05 3.06 11:02:56 3.90 51 0.84
11:09:11:600872 14.850 15.290 11:07:03 2.36 11:07:35 2.96 32 0.61
11:09:13:600872 14.850 15.290 11:07:03 2.36 11:07:35 2.96 32 0.61
11:10:33:000517 5.470 5.710 11:08:00 3.84 11:08:54 4.39 54 0.55
11:11:24:002620 45.700 46.850 11:09:00 2.01 11:09:45 2.52 45 0.50
11:11:26:002620 45.700 46.860 11:09:00 2.01 11:09:51 2.54 51 0.53
11:11:36:002620 45.700 46.900 11:09:00 2.01 11:09:57 2.63 57 0.61
11:11:40:603009 58.410 62.000 11:10:00 4.95 11:10:06 6.15 6 1.20
11:11:41:603009 58.410 62.000 11:10:00 4.95 11:10:06 6.15 6 1.20
11:11:43:603009 58.410 62.000 11:10:00 4.95 11:10:06 6.15 6 1.20
11:15:18:600981 8.680 8.960 11:13:00 2.53 11:13:42 3.23 42 0.69
11:15:19:600981 8.680 8.960 11:13:00 2.53 11:13:42 3.23 42 0.69
11:15:33:600872 14.850 15.390 11:13:06 3.10 11:13:57 3.64 51 0.54
11:15:34:600872 14.850 15.390 11:13:06 3.10 11:13:57 3.64 51 0.54
11:17:21:600981 8.680 9.050 11:15:42 3.69 11:15:45 4.26 3 0.58
11:17:22:600981 8.680 9.050 11:15:42 3.69 11:15:45 4.26 3 0.58
11:17:28:600981 8.680 9.070 11:15:42 3.69 11:15:51 4.49 9 0.81
11:17:32:600981 8.680 9.070 11:15:42 3.69 11:15:54 4.49 12 0.81
11:17:44:600981 8.680 9.200 11:16:03 5.41 11:16:06 5.99 3 0.58
11:17:48:600981 8.680 9.220 11:16:03 5.41 11:16:12 6.22 9 0.81
11:17:49:600981 8.680 9.220 11:16:03 5.41 11:16:12 6.22 9 0.81
11:18:09:600981 8.680 9.350 11:16:03 5.41 11:16:33 7.72 30 2.30
11:18:18:600981 8.680 9.380 11:16:03 5.41 11:16:42 8.06 39 2.65
11:18:21:600981 8.680 9.380 11:16:03 5.41 11:16:42 8.06 39 2.65
11:18:23:002396 18.350 19.180 11:16:42 3.98 11:16:48 4.52 6 0.54
11:18:24:002396 18.350 19.180 11:16:42 3.98 11:16:48 4.52 6 0.54
11:18:31:002396 18.350 19.180 11:16:42 3.98 11:16:54 4.52 12 0.54
11:18:32:002396 18.350 19.180 11:16:42 3.98 11:16:54 4.52 12 0.54
11:18:34:002396 18.350 19.200 11:16:42 3.98 11:16:57 4.63 15 0.65
11:22:04:600801 9.680 10.190 11:20:05 2.48 11:20:29 3.20 24 0.72
11:22:06:600801 9.680 10.190 11:20:05 2.48 11:20:29 3.20 24 0.72
11:22:07:600801 9.680 10.190 11:20:05 2.48 11:20:32 3.20 27 0.72
11:22:08:600801 9.680 10.190 11:20:05 2.48 11:20:32 3.20 27 0.72
11:22:22:002452 8.640 8.880 11:20:15 2.08 11:20:48 2.78 33 0.69
11:22:23:002452 8.640 8.880 11:20:15 2.08 11:20:48 2.78 33 0.69
11:22:25:002452 8.640 8.880 11:20:15 2.08 11:20:48 2.78 33 0.69
11:22:26:002452 8.640 8.880 11:20:15 2.08 11:20:51 2.78 36 0.69
11:22:28:002452 8.640 8.880 11:20:15 2.08 11:20:51 2.78 36 0.69
11:22:29:002452 8.640 8.880 11:20:15 2.08 11:20:54 2.78 39 0.69
11:22:30:002452 8.640 8.880 11:20:15 2.08 11:20:54 2.78 39 0.69
11:22:31:002452 8.640 8.900 11:20:15 2.08 11:20:57 3.01 42 0.93
11:22:32:002452 8.640 8.900 11:20:15 2.08 11:20:57 3.01 42 0.93
11:22:39:002154 5.000 5.150 11:21:00 2.20 11:21:03 3.00 3 0.80
11:25:50:002396 18.350 19.430 11:24:00 5.18 11:24:15 5.89 15 0.71
11:25:52:002396 18.350 19.430 11:24:00 5.18 11:24:15 5.89 15 0.71
11:25:57:002396 18.350 19.430 11:24:00 5.18 11:24:21 5.89 21 0.71
11:25:58:002396 18.350 19.430 11:24:00 5.18 11:24:21 5.89 21 0.71
11:26:02:002396 18.350 19.430 11:24:00 5.18 11:24:24 5.89 24 0.71
11:27:05:002452 8.640 8.970 11:25:12 3.24 11:25:30 3.82 18 0.58
11:27:07:002452 8.640 8.970 11:25:12 3.24 11:25:30 3.82 18 0.58
11:27:11:002452 8.640 8.970 11:25:12 3.24 11:25:36 3.82 24 0.58
11:27:13:002452 8.640 8.970 11:25:12 3.24 11:25:36 3.82 24 0.58
11:27:14:002452 8.640 8.970 11:25:12 3.24 11:25:36 3.82 24 0.58
11:27:22:002624 27.600 28.740 11:25:12 3.62 11:25:48 4.13 36 0.51
11:27:24:002624 27.600 28.740 11:25:12 3.62 11:25:48 4.13 36 0.51
11:27:25:002624 27.600 28.740 11:25:12 3.62 11:25:48 4.13 36 0.51
11:27:29:002624 27.600 28.740 11:25:12 3.62 11:25:48 4.13 36 0.51
11:27:30:002624 27.600 28.750 11:25:12 3.62 11:25:54 4.17 42 0.54
11:27:30:002452 8.640 8.980 11:25:12 3.24 11:25:54 3.94 42 0.69
11:27:32:002624 27.600 28.750 11:25:12 3.62 11:25:57 4.17 45 0.54
11:27:33:002624 27.600 28.750 11:25:12 3.62 11:25:57 4.17 45 0.54
11:27:34:002624 27.600 28.750 11:25:12 3.62 11:25:57 4.17 45 0.54
11:28:03:002624 27.600 28.960 11:26:00 4.35 11:26:27 4.93 27 0.58
11:28:09:002624 27.600 28.960 11:26:00 4.35 11:26:33 4.93 33 0.58
11:28:11:002624 27.600 28.980 11:26:00 4.35 11:26:36 5.00 36 0.65
11:28:12:002624 27.600 28.980 11:26:00 4.35 11:26:36 5.00 36 0.65
11:28:20:002624 27.600 29.000 11:26:00 4.35 11:26:42 5.07 42 0.72
11:28:21:002624 27.600 29.000 11:26:00 4.35 11:26:45 5.07 45 0.72
11:28:22:002624 27.600 29.010 11:26:00 4.35 11:26:48 5.11 48 0.76
11:28:24:002624 27.600 29.010 11:26:00 4.35 11:26:48 5.11 48 0.76
11:28:25:002624 27.600 29.010 11:26:00 4.35 11:26:48 5.11 48 0.76
11:28:26:002624 27.600 29.090 11:26:00 4.35 11:26:51 5.40 51 1.05
11:28:28:002624 27.600 29.090 11:26:00 4.35 11:26:51 5.40 51 1.05
11:28:29:002624 27.600 29.140 11:26:00 4.35 11:26:54 5.58 54 1.23
11:28:30:002624 27.600 29.140 11:26:00 4.35 11:26:54 5.58 54 1.23
11:28:31:002624 27.600 29.140 11:26:00 4.35 11:26:54 5.58 54 1.23
11:28:33:002624 27.600 29.180 11:26:00 4.35 11:26:57 5.72 57 1.38
11:29:11:002712 25.800 27.200 11:27:00 4.92 11:27:36 5.43 36 0.50
11:29:13:002712 25.800 27.200 11:27:00 4.92 11:27:36 5.43 36 0.50
11:29:14:002712 25.800 27.200 11:27:00 4.92 11:27:39 5.43 39 0.50
11:29:16:002712 25.800 27.200 11:27:00 4.92 11:27:39 5.43 39 0.50
11:29:18:002712 25.800 27.200 11:27:00 4.92 11:27:42 5.43 42 0.50
11:29:19:002712 25.800 27.200 11:27:00 4.92 11:27:42 5.43 42 0.50
11:29:21:002712 25.800 27.300 11:27:00 4.92 11:27:45 5.81 45 0.89
11:29:22:002712 25.800 27.300 11:27:00 4.92 11:27:48 5.81 48 0.89
11:29:25:002712 25.800 27.300 11:27:00 4.92 11:27:48 5.81 48 0.89
11:29:26:002712 25.800 27.310 11:27:00 4.92 11:27:51 5.85 51 0.93
11:29:28:002712 25.800 27.310 11:27:00 4.92 11:27:51 5.85 51 0.93
11:29:29:002712 25.800 27.400 11:27:00 4.92 11:27:54 6.20 54 1.28
11:29:31:002712 25.800 27.400 11:27:00 4.92 11:27:54 6.20 54 1.28
11:30:05:002712 25.800 27.630 11:28:00 6.59 11:28:30 7.09 30 0.50
11:30:07:002712 25.800 27.680 11:28:00 6.59 11:28:33 7.29 33 0.70
11:30:09:002712 25.800 27.680 11:28:00 6.59 11:28:33 7.29 33 0.70
11:30:10:002712 25.800 27.680 11:28:00 6.59 11:28:33 7.29 33 0.70
11:30:12:002712 25.800 27.680 11:28:00 6.59 11:28:36 7.29 36 0.70
11:30:13:002712 25.800 27.680 11:28:00 6.59 11:28:36 7.29 36 0.70
11:30:14:002712 25.800 27.730 11:28:00 6.59 11:28:39 7.48 39 0.89
11:30:16:002712 25.800 27.730 11:28:00 6.59 11:28:39 7.48 39 0.89
11:30:20:002712 25.800 27.760 11:28:00 6.59 11:28:45 7.60 45 1.01
11:30:21:002712 25.800 27.760 11:28:00 6.59 11:28:45 7.60 45 1.01
11:30:23:002712 25.800 27.900 11:28:00 6.59 11:28:48 8.14 48 1.55
11:30:24:002712 25.800 27.900 11:28:00 6.59 11:28:48 8.14 48 1.55
11:30:25:002712 25.800 27.900 11:28:00 6.59 11:28:48 8.14 48 1.55
11:30:26:002712 25.800 27.900 11:28:00 6.59 11:28:51 8.14 51 1.55
11:30:29:002712 25.800 27.940 11:28:00 6.59 11:28:54 8.29 54 1.71
11:30:30:002712 25.800 27.940 11:28:00 6.59 11:28:54 8.29 54 1.71
11:30:32:002712 25.800 27.950 11:28:00 6.59 11:28:57 8.33 57 1.74
11:30:33:002712 25.800 27.950 11:28:00 6.59 11:28:57 8.33 57 1.74
11:31:01:600892 70.480 73.300 11:29:24 2.84 11:29:27 4.00 3 1.16
11:31:03:600892 70.480 73.300 11:29:24 2.84 11:29:27 4.00 3 1.16
11:31:04:600892 70.480 73.300 11:29:24 2.84 11:29:27 4.00 3 1.16
11:31:05:600892 70.480 73.330 11:29:24 2.84 11:29:30 4.04 6 1.21
11:31:07:600892 70.480 73.330 11:29:24 2.84 11:29:30 4.04 6 1.21
11:31:08:600892 70.480 73.470 11:29:24 2.84 11:29:33 4.24 9 1.40
11:31:09:600892 70.480 73.470 11:29:24 2.84 11:29:33 4.24 9 1.40
11:31:17:600892 70.480 73.920 11:29:24 2.84 11:29:42 4.88 18 2.04
11:31:19:600892 70.480 73.920 11:29:24 2.84 11:29:42 4.88 18 2.04
11:31:20:600892 70.480 74.000 11:29:24 2.84 11:29:45 4.99 21 2.16
11:31:22:600892 70.480 74.000 11:29:24 2.84 11:29:45 4.99 21 2.16
11:31:23:600892 70.480 74.000 11:29:24 2.84 11:29:48 4.99 24 2.16
11:31:25:600892 70.480 74.000 11:29:24 2.84 11:29:48 4.99 24 2.16
11:31:27:600892 70.480 74.000 11:29:24 2.84 11:29:51 4.99 27 2.16
