09:42:52:002248 10.610 11.070 09:41:06 3.58 09:41:21 4.34 15 0.75
09:42:54:002248 10.610 11.070 09:41:06 3.58 09:41:24 4.34 18 0.75
09:42:57:002248 10.610 11.090 09:41:06 3.58 09:41:27 4.52 21 0.94
09:42:57:601991 3.940 4.210 09:41:06 5.84 09:41:27 6.85 21 1.02
09:42:59:002248 10.610 11.090 09:41:06 3.58 09:41:27 4.52 21 0.94
09:43:11:000799 20.120 20.780 09:41:06 2.73 09:41:42 3.28 36 0.55
09:43:13:600836 9.250 9.650 09:41:06 3.78 09:41:42 4.32 36 0.54
09:43:15:600836 9.250 9.650 09:41:06 3.78 09:41:45 4.32 39 0.54
09:43:18:600836 9.250 9.650 09:41:06 3.78 09:41:48 4.32 42 0.54
09:43:20:000799 20.120 20.800 09:41:06 2.73 09:41:51 3.38 45 0.65
09:43:22:000799 20.120 20.800 09:41:06 2.73 09:41:54 3.38 48 0.65
09:43:26:000799 20.120 20.810 09:41:06 2.73 09:41:57 3.43 51 0.70
09:44:16:600848 21.500 22.100 09:42:00 2.28 09:42:45 2.79 45 0.51
09:44:19:600848 21.500 22.100 09:42:00 2.28 09:42:48 2.79 48 0.51
09:44:25:600333 8.040 8.410 09:42:06 3.98 09:42:51 4.60 45 0.62
09:44:25:600848 21.500 22.130 09:42:00 2.28 09:42:54 2.93 54 0.65
09:44:27:600333 8.040 8.430 09:42:06 3.98 09:42:57 4.85 51 0.87
09:44:29:600333 8.040 8.430 09:42:06 3.98 09:42:57 4.85 51 0.87
09:45:07:000906 17.320 17.770 09:43:06 2.02 09:43:39 2.60 33 0.58
09:45:25:000906 17.320 17.780 09:43:06 2.02 09:43:57 2.66 51 0.64
09:46:02:002768 23.750 24.600 09:44:00 2.74 09:44:30 3.58 30 0.84
09:46:04:603568 24.150 25.000 09:44:00 2.82 09:44:33 3.52 33 0.70
09:46:04:002768 23.750 24.600 09:44:00 2.74 09:44:33 3.58 33 0.84
09:46:07:603568 24.150 25.060 09:44:00 2.82 09:44:36 3.77 36 0.95
09:46:09:002768 23.750 24.720 09:44:00 2.74 09:44:39 4.08 39 1.35
09:46:13:603568 24.150 25.080 09:44:00 2.82 09:44:42 3.85 42 1.04
09:46:15:603568 24.150 25.080 09:44:00 2.82 09:44:42 3.85 42 1.04
09:46:15:002768 23.750 24.720 09:44:00 2.74 09:44:45 4.08 45 1.35
09:46:17:603568 24.150 25.100 09:44:00 2.82 09:44:45 3.93 45 1.12
09:46:17:002768 23.750 24.740 09:44:00 2.74 09:44:48 4.17 48 1.43
09:46:21:603568 24.150 25.200 09:44:00 2.82 09:44:51 4.35 51 1.53
09:46:21:002768 23.750 24.760 09:44:00 2.74 09:44:51 4.25 51 1.52
09:46:26:002768 23.750 24.770 09:44:00 2.74 09:44:57 4.29 57 1.56
09:46:28:600651 9.870 10.150 09:44:03 2.13 09:44:57 2.84 54 0.71
09:46:28:002768 23.750 24.770 09:44:00 2.74 09:44:57 4.29 57 1.56
09:47:12:603568 24.150 25.490 09:45:06 4.55 09:45:42 5.55 36 0.99
09:47:16:603568 24.150 25.490 09:45:06 4.55 09:45:45 5.55 39 0.99
09:47:22:603568 24.150 25.730 09:45:06 4.55 09:45:51 6.54 45 1.99
09:48:09:002384 18.600 19.170 09:46:12 2.53 09:46:39 3.06 27 0.54
09:48:16:002384 18.600 19.180 09:46:12 2.53 09:46:45 3.12 33 0.59
09:48:19:002384 18.600 19.180 09:46:12 2.53 09:46:48 3.12 36 0.59
09:48:48:000626 22.740 23.360 09:47:06 2.07 09:47:18 2.73 12 0.66
09:50:10:002384 18.600 19.340 09:48:27 3.23 09:48:42 3.98 15 0.75
09:50:12:002384 18.600 19.340 09:48:27 3.23 09:48:42 3.98 15 0.75
09:50:15:002384 18.600 19.360 09:48:27 3.23 09:48:45 4.09 18 0.86
09:50:29:600610 10.800 11.150 09:48:08 2.69 09:48:59 3.24 51 0.56
09:51:00:600265 35.030 36.280 09:49:03 3.05 09:49:30 3.57 27 0.51
09:51:05:600265 35.030 36.280 09:49:03 3.05 09:49:36 3.57 33 0.51
09:51:08:600265 35.030 36.280 09:49:03 3.05 09:49:39 3.57 36 0.51
09:51:10:600265 35.030 36.280 09:49:03 3.05 09:49:42 3.57 39 0.51
09:51:16:600265 35.030 36.280 09:49:03 3.05 09:49:44 3.57 41 0.51
09:51:20:600265 35.030 36.280 09:49:03 3.05 09:49:51 3.57 48 0.51
09:51:38:600863 3.200 3.300 09:50:00 2.50 09:50:09 3.12 9 0.63
09:51:40:600863 3.200 3.300 09:50:00 2.50 09:50:12 3.12 12 0.63
09:51:44:600863 3.200 3.300 09:50:00 2.50 09:50:15 3.12 15 0.63
09:51:47:600863 3.200 3.300 09:50:00 2.50 09:50:18 3.12 18 0.63
09:51:50:600863 3.200 3.300 09:50:00 2.50 09:50:21 3.12 21 0.63
09:51:53:600863 3.200 3.300 09:50:00 2.50 09:50:24 3.12 24 0.63
09:51:56:600863 3.200 3.310 09:50:00 2.50 09:50:27 3.44 27 0.94
09:52:00:600863 3.200 3.310 09:50:00 2.50 09:50:33 3.44 33 0.94
09:52:03:600863 3.200 3.310 09:50:00 2.50 09:50:33 3.44 33 0.94
09:52:05:600863 3.200 3.320 09:50:00 2.50 09:50:36 3.75 36 1.25
09:52:08:600863 3.200 3.320 09:50:00 2.50 09:50:39 3.75 39 1.25
09:52:12:600863 3.200 3.320 09:50:00 2.50 09:50:42 3.75 42 1.25
09:52:57:600027 5.080 5.280 09:51:00 3.15 09:51:27 3.94 27 0.79
09:53:00:000875 6.220 6.390 09:51:00 2.09 09:51:30 2.73 30 0.64
09:53:03:600027 5.080 5.280 09:51:00 3.15 09:51:33 3.94 33 0.79
09:53:09:600744 5.100 5.280 09:51:00 2.94 09:51:39 3.53 39 0.59
09:53:09:000993 14.130 14.620 09:51:00 2.90 09:51:39 3.47 39 0.57
09:53:12:600744 5.100 5.280 09:51:00 2.94 09:51:42 3.53 42 0.59
09:53:12:000993 14.130 14.630 09:51:00 2.90 09:51:42 3.54 42 0.64
09:53:15:000993 14.130 14.630 09:51:00 2.90 09:51:45 3.54 45 0.64
09:53:18:000767 3.870 3.970 09:51:15 2.07 09:51:48 2.58 33 0.52
09:53:21:000767 3.870 3.970 09:51:15 2.07 09:51:51 2.58 36 0.52
09:53:21:600027 5.080 5.290 09:51:00 3.15 09:51:51 4.13 51 0.98
09:53:25:000767 3.870 3.970 09:51:15 2.07 09:51:57 2.58 42 0.52
09:53:42:600863 3.200 3.440 09:52:00 6.56 09:52:12 7.50 12 0.94
09:53:54:600863 3.200 3.450 09:52:00 6.56 09:52:24 7.81 24 1.25
09:54:00:000767 3.870 3.990 09:52:00 2.58 09:52:30 3.10 30 0.52
09:54:00:600863 3.200 3.460 09:52:00 6.56 09:52:30 8.12 30 1.56
09:54:00:000720 6.610 6.830 09:52:03 2.72 09:52:30 3.33 27 0.61
09:54:04:000720 6.610 6.830 09:52:03 2.72 09:52:36 3.33 33 0.61
09:54:04:000767 3.870 3.990 09:52:00 2.58 09:52:36 3.10 36 0.52
09:54:20:000767 3.870 4.000 09:52:00 2.58 09:52:48 3.36 48 0.78
09:54:25:600795 3.280 3.390 09:52:00 2.74 09:52:54 3.35 54 0.61
09:55:05:600726 5.050 5.210 09:53:00 2.57 09:53:36 3.17 36 0.59
09:55:09:000767 3.870 4.030 09:53:09 3.62 09:53:39 4.13 30 0.52
09:55:09:600726 5.050 5.210 09:53:00 2.57 09:53:39 3.17 39 0.59
09:55:12:600726 5.050 5.230 09:53:00 2.57 09:53:42 3.56 42 0.99
09:55:12:000767 3.870 4.030 09:53:09 3.62 09:53:42 4.13 33 0.52
09:55:15:000767 3.870 4.030 09:53:09 3.62 09:53:45 4.13 36 0.52
09:55:18:000767 3.870 4.040 09:53:09 3.62 09:53:48 4.39 39 0.78
09:55:25:000958 14.150 14.650 09:53:00 2.97 09:53:54 3.53 54 0.57
09:55:25:600726 5.050 5.230 09:53:00 2.57 09:53:54 3.56 54 0.99
09:56:10:000993 14.130 14.750 09:54:06 3.75 09:54:42 4.39 36 0.64
09:56:13:000993 14.130 14.760 09:54:06 3.75 09:54:45 4.46 39 0.71
09:56:18:000993 14.130 14.770 09:54:06 3.75 09:54:48 4.53 42 0.78
09:56:21:000958 14.150 14.750 09:54:06 3.60 09:54:51 4.24 45 0.64
09:56:25:600021 13.050 13.580 09:54:00 3.45 09:54:54 4.06 54 0.61
09:56:25:000993 14.130 14.780 09:54:06 3.75 09:54:54 4.60 48 0.85
09:56:28:600021 13.050 13.580 09:54:00 3.45 09:54:57 4.06 57 0.61
09:57:46:000518 8.380 8.630 09:56:12 2.39 09:56:15 2.98 3 0.60
09:57:54:000518 8.380 8.650 09:56:12 2.39 09:56:24 3.22 12 0.84
09:57:54:600789 10.540 10.980 09:56:00 3.42 09:56:24 4.17 24 0.76
09:57:57:600789 10.540 10.980 09:56:00 3.42 09:56:27 4.17 27 0.76
09:58:01:000518 8.380 8.650 09:56:12 2.39 09:56:30 3.22 18 0.84
09:58:04:000518 8.380 8.660 09:56:12 2.39 09:56:33 3.34 21 0.95
09:58:04:600789 10.540 10.990 09:56:00 3.42 09:56:36 4.27 36 0.85
09:58:04:000078 6.350 6.520 09:56:00 2.05 09:56:33 2.68 33 0.63
09:58:07:000518 8.380 8.660 09:56:12 2.39 09:56:36 3.34 24 0.95
09:58:07:600789 10.540 10.990 09:56:00 3.42 09:56:36 4.27 36 0.85
09:58:07:000078 6.350 6.520 09:56:00 2.05 09:56:36 2.68 36 0.63
09:58:12:600789 10.540 11.000 09:56:00 3.42 09:56:42 4.36 42 0.95
09:58:12:000078 6.350 6.520 09:56:00 2.05 09:56:39 2.68 39 0.63
09:58:15:000518 8.380 8.670 09:56:12 2.39 09:56:45 3.46 33 1.07
09:58:19:000518 8.380 8.670 09:56:12 2.39 09:56:48 3.46 36 1.07
09:58:19:600789 10.540 11.040 09:56:00 3.42 09:56:48 4.74 48 1.33
09:58:19:000078 6.350 6.550 09:56:00 2.05 09:56:48 3.15 48 1.10
09:58:24:000078 6.350 6.550 09:56:00 2.05 09:56:54 3.15 54 1.10
09:58:31:002240 11.270 11.640 09:56:12 2.66 09:56:57 3.28 45 0.62
09:58:55:600789 10.540 11.150 09:57:06 5.22 09:57:24 5.79 18 0.57
09:59:01:002030 21.840 22.550 09:57:03 2.66 09:57:30 3.25 27 0.60
09:59:03:002030 21.840 22.560 09:57:03 2.66 09:57:33 3.30 30 0.64
10:01:25:000791 15.310 15.750 09:59:09 2.22 09:59:54 2.87 45 0.65
10:01:28:000791 15.310 15.770 09:59:09 2.22 09:59:57 3.00 48 0.78
10:02:04:002633 24.950 26.120 10:00:18 4.13 10:00:33 4.69 15 0.56
10:02:09:002633 24.950 26.120 10:00:18 4.13 10:00:36 4.69 18 0.56
10:02:12:002633 24.950 26.300 10:00:18 4.13 10:00:42 5.41 24 1.28
10:02:15:002633 24.950 26.300 10:00:18 4.13 10:00:42 5.41 24 1.28
10:02:15:000791 15.310 15.850 10:00:00 3.00 10:00:45 3.53 45 0.52
10:02:20:002633 24.950 26.300 10:00:18 4.13 10:00:42 5.41 24 1.28
10:02:20:000791 15.310 15.850 10:00:00 3.00 10:00:45 3.53 45 0.52
10:02:23:002633 24.950 26.480 10:00:18 4.13 10:00:54 6.13 36 2.00
10:02:58:002240 11.270 11.780 10:01:00 3.90 10:01:27 4.53 27 0.62
10:03:03:002240 11.270 11.800 10:01:00 3.90 10:01:30 4.70 30 0.80
10:03:06:002240 11.270 11.820 10:01:00 3.90 10:01:36 4.88 36 0.98
10:03:13:601519 6.890 7.100 10:01:00 2.47 10:01:39 3.05 39 0.58
10:03:13:002240 11.270 11.820 10:01:00 3.90 10:01:39 4.88 39 0.98
10:03:17:601519 6.890 7.110 10:01:00 2.47 10:01:45 3.19 45 0.73
10:03:17:002240 11.270 11.840 10:01:00 3.90 10:01:45 5.06 45 1.15
10:03:22:601519 6.890 7.140 10:01:00 2.47 10:01:51 3.63 51 1.16
10:03:22:002240 11.270 11.850 10:01:00 3.90 10:01:48 5.15 48 1.24
10:03:24:002240 11.270 11.900 10:01:00 3.90 10:01:54 5.59 54 1.69
10:03:24:000078 6.350 6.650 10:01:09 3.94 10:01:54 4.72 45 0.79
10:03:27:000078 6.350 6.650 10:01:09 3.94 10:01:57 4.72 48 0.79
10:05:11:000078 6.350 6.740 10:03:09 5.51 10:03:42 6.14 33 0.63
10:05:16:000906 17.320 17.940 10:03:09 3.00 10:03:48 3.58 39 0.58
10:05:20:000906 17.320 17.940 10:03:09 3.00 10:03:48 3.58 39 0.58
10:05:27:000078 6.350 6.740 10:03:09 5.51 10:03:54 6.14 45 0.63
10:05:27:000906 17.320 17.980 10:03:09 3.00 10:03:57 3.81 48 0.81
10:06:04:000518 8.380 8.750 10:04:00 3.82 10:04:33 4.42 33 0.60
10:06:04:000791 15.310 15.960 10:04:00 3.72 10:04:33 4.25 33 0.52
10:06:14:000906 17.320 18.070 10:04:00 3.81 10:04:45 4.33 45 0.52
10:08:14:000778 5.880 6.110 10:06:30 2.89 10:06:42 3.91 12 1.02
10:08:20:000778 5.880 6.150 10:06:30 2.89 10:06:51 4.59 21 1.70
10:08:25:000778 5.880 6.160 10:06:30 2.89 10:06:54 4.76 24 1.87
10:08:36:000778 5.880 6.220 10:07:00 5.27 10:07:06 5.78 6 0.51
10:10:28:000791 15.310 16.060 10:08:15 4.25 10:08:57 4.90 42 0.65
10:11:05:000778 5.880 6.300 10:09:30 6.63 10:09:36 7.14 6 0.51
10:11:08:000778 5.880 6.300 10:09:30 6.63 10:09:39 7.14 9 0.51
10:11:13:000609 18.000 18.660 10:09:15 3.11 10:09:42 3.67 27 0.56
10:11:13:000778 5.880 6.320 10:09:30 6.63 10:09:42 7.48 12 0.85
10:11:17:000609 18.000 18.700 10:09:15 3.11 10:09:48 3.89 33 0.78
10:11:17:603012 10.300 10.720 10:09:00 3.50 10:09:48 4.08 48 0.58
10:11:21:000609 18.000 18.700 10:09:15 3.11 10:09:51 3.89 36 0.78
10:11:21:603012 10.300 10.720 10:09:00 3.50 10:09:48 4.08 48 0.58
10:11:21:000778 5.880 6.360 10:09:30 6.63 10:09:51 8.16 21 1.53
10:11:24:603012 10.300 10.730 10:09:00 3.50 10:09:54 4.17 54 0.68
10:11:26:603012 10.300 10.740 10:09:00 3.50 10:09:57 4.27 57 0.78
10:12:16:002307 13.000 13.430 10:10:18 2.69 10:10:45 3.31 27 0.62
10:12:21:002030 21.840 22.780 10:10:00 3.80 10:10:48 4.30 48 0.50
10:14:23:600836 9.250 9.950 10:12:06 6.81 10:12:51 7.57 45 0.76
10:14:27:600836 9.250 9.960 10:12:06 6.81 10:12:57 7.68 51 0.86
10:16:19:002071 12.440 12.770 10:14:03 2.09 10:14:45 2.65 42 0.56
10:16:56:000877 12.260 13.140 10:15:00 6.04 10:15:27 7.18 27 1.14
10:17:00:000877 12.260 13.150 10:15:00 6.04 10:15:30 7.26 30 1.22
10:19:15:600310 9.300 9.580 10:17:00 2.37 10:17:42 3.01 42 0.65
10:19:27:600310 9.300 9.590 10:17:00 2.37 10:17:57 3.12 57 0.75
10:21:28:000877 12.260 13.250 10:19:36 7.50 10:19:57 8.08 21 0.57
10:22:11:603017 20.920 21.600 10:20:06 2.72 10:20:39 3.25 33 0.53
10:22:19:603017 20.920 21.600 10:20:06 2.72 10:20:48 3.25 42 0.53
10:23:29:603017 20.920 21.720 10:21:03 3.30 10:21:57 3.82 54 0.53
10:23:51:603017 20.920 21.880 10:22:03 3.97 10:22:23 4.59 20 0.62
10:23:57:603017 20.920 21.970 10:22:03 3.97 10:22:30 5.02 27 1.05
10:24:00:603017 20.920 21.970 10:22:03 3.97 10:22:30 5.02 27 1.05
10:24:04:603017 20.920 21.970 10:22:03 3.97 10:22:35 5.02 32 1.05
10:24:06:603017 20.920 21.970 10:22:03 3.97 10:22:35 5.02 32 1.05
10:24:20:603017 20.920 22.050 10:22:03 3.97 10:22:51 5.40 48 1.43
10:28:56:000930 13.690 14.070 10:27:06 2.26 10:27:27 2.78 21 0.51
10:29:20:000930 13.690 14.100 10:27:06 2.26 10:27:51 2.99 45 0.73
10:32:03:002395 26.000 27.200 10:30:12 3.85 10:30:30 4.62 18 0.77
10:32:15:603022 28.270 29.050 10:30:21 2.23 10:30:45 2.76 24 0.53
10:32:25:603022 28.270 29.170 10:30:21 2.23 10:30:57 3.18 36 0.96
10:32:28:603022 28.270 29.170 10:30:21 2.23 10:30:57 3.18 36 0.96
10:32:45:603022 28.270 29.420 10:31:00 3.18 10:31:15 4.07 15 0.88
10:33:10:603022 28.270 29.540 10:31:00 3.18 10:31:39 4.49 39 1.31
10:33:18:603022 28.270 29.550 10:31:00 3.18 10:31:48 4.53 48 1.34
10:33:22:603022 28.270 29.550 10:31:00 3.18 10:31:51 4.53 51 1.34
10:36:19:603009 64.000 66.240 10:34:06 2.97 10:34:48 3.50 42 0.53
10:36:58:000159 8.860 9.190 10:35:12 3.16 10:35:30 3.72 18 0.56
10:37:13:600281 7.870 8.110 10:35:18 2.29 10:35:42 3.05 24 0.76
10:37:16:600281 7.870 8.110 10:35:18 2.29 10:35:45 3.05 27 0.76
10:37:20:600281 7.870 8.110 10:35:18 2.29 10:35:48 3.05 30 0.76
10:37:24:600281 7.870 8.150 10:35:18 2.29 10:35:51 3.56 33 1.27
10:37:45:600281 7.870 8.240 10:36:00 4.07 10:36:15 4.70 15 0.64
10:37:53:600281 7.870 8.250 10:36:00 4.07 10:36:21 4.83 21 0.76
10:38:00:600281 7.870 8.250 10:36:00 4.07 10:36:30 4.83 30 0.76
10:38:10:600281 7.870 8.300 10:36:00 4.07 10:36:39 5.46 39 1.40
10:38:57:600281 7.870 8.550 10:37:06 7.88 10:37:27 8.64 21 0.76
10:39:00:600281 7.870 8.550 10:37:06 7.88 10:37:27 8.64 21 0.76
10:39:02:600789 10.540 11.380 10:37:24 7.21 10:37:30 7.97 6 0.76
10:39:06:600789 10.540 11.390 10:37:24 7.21 10:37:36 8.06 12 0.85
10:39:08:600789 10.540 11.390 10:37:24 7.21 10:37:36 8.06 12 0.85
10:39:12:603566 24.660 25.380 10:37:09 2.39 10:37:39 2.92 30 0.53
10:39:12:600789 10.540 11.390 10:37:24 7.21 10:37:39 8.06 15 0.85
10:39:15:600789 10.540 11.390 10:37:24 7.21 10:37:42 8.06 18 0.85
10:39:20:603566 24.660 25.390 10:37:09 2.39 10:37:48 2.96 39 0.57
10:39:20:600789 10.540 11.390 10:37:24 7.21 10:37:48 8.06 24 0.85
10:39:23:603566 24.660 25.390 10:37:09 2.39 10:37:51 2.96 42 0.57
10:39:26:603566 24.660 25.400 10:37:09 2.39 10:37:54 3.00 45 0.61
10:39:26:600789 10.540 11.390 10:37:24 7.21 10:37:54 8.06 30 0.85
10:39:28:603566 24.660 25.400 10:37:09 2.39 10:37:57 3.00 48 0.61
10:39:28:600789 10.540 11.390 10:37:24 7.21 10:37:57 8.06 33 0.85
10:39:46:000755 8.570 8.910 10:38:00 2.33 10:38:18 3.97 18 1.63
10:39:48:000755 8.570 8.910 10:38:00 2.33 10:38:18 3.97 18 1.63
10:39:51:000755 8.570 8.920 10:38:00 2.33 10:38:21 4.08 21 1.75
10:39:55:000755 8.570 8.950 10:38:00 2.33 10:38:24 4.43 24 2.10
10:40:20:603009 64.000 66.930 10:38:06 3.91 10:38:48 4.58 42 0.67
10:40:22:603009 64.000 66.950 10:38:06 3.91 10:38:51 4.61 45 0.70
10:40:24:000755 8.570 9.150 10:38:00 2.33 10:38:57 6.77 57 4.43
10:40:24:603009 64.000 66.950 10:38:06 3.91 10:38:54 4.61 48 0.70
10:40:28:000755 8.570 9.150 10:38:00 2.33 10:38:57 6.77 57 4.43
10:40:28:002747 38.990 42.380 10:38:54 8.18 10:38:57 8.69 3 0.51
10:40:28:603009 64.000 66.950 10:38:06 3.91 10:38:57 4.61 51 0.70
10:41:45:002207 17.580 18.190 10:40:12 2.50 10:40:15 3.47 3 0.97
10:41:51:002207 17.580 18.210 10:40:12 2.50 10:40:21 3.58 9 1.08
10:42:21:000554 12.190 12.660 10:40:18 3.28 10:40:54 3.86 36 0.57
10:42:25:000554 12.190 12.660 10:40:18 3.28 10:40:54 3.86 36 0.57
10:42:28:000554 12.190 12.670 10:40:18 3.28 10:40:57 3.94 39 0.66
10:42:28:002100 9.100 9.350 10:40:33 2.20 10:40:57 2.75 24 0.55
10:43:06:600082 7.820 8.070 10:41:06 2.69 10:41:36 3.20 30 0.51
10:43:08:600082 7.820 8.070 10:41:06 2.69 10:41:38 3.20 32 0.51
10:43:11:600082 7.820 8.080 10:41:06 2.69 10:41:42 3.32 36 0.64
10:43:15:600082 7.820 8.100 10:41:06 2.69 10:41:45 3.58 39 0.90
10:43:20:600416 17.190 17.920 10:41:00 3.61 10:41:48 4.25 48 0.64
10:43:20:600082 7.820 8.100 10:41:06 2.69 10:41:48 3.58 42 0.90
10:45:18:002059 12.110 12.570 10:43:00 3.22 10:43:48 3.80 48 0.58
10:45:20:002059 12.110 12.580 10:43:00 3.22 10:43:51 3.88 51 0.66
10:45:25:002059 12.110 12.580 10:43:00 3.22 10:43:51 3.88 51 0.66
10:45:28:002059 12.110 12.580 10:43:00 3.22 10:43:57 3.88 57 0.66
10:46:09:002059 12.110 12.670 10:44:00 3.96 10:44:39 4.62 39 0.66
10:46:11:000812 12.350 12.730 10:44:00 2.11 10:44:42 3.08 42 0.97
10:46:11:002059 12.110 12.670 10:44:00 3.96 10:44:42 4.62 42 0.66
10:46:13:002059 12.110 12.670 10:44:00 3.96 10:44:42 4.62 42 0.66
10:46:16:002059 12.110 12.680 10:44:00 3.96 10:44:45 4.71 45 0.74
10:46:19:002059 12.110 12.680 10:44:00 3.96 10:44:48 4.71 48 0.74
10:46:22:002059 12.110 12.700 10:44:00 3.96 10:44:51 4.87 51 0.91
10:46:52:603017 20.920 22.770 10:45:00 8.27 10:45:24 8.84 24 0.57
10:46:54:600251 8.310 8.560 10:45:12 2.41 10:45:24 3.01 12 0.60
10:46:54:603017 20.920 22.770 10:45:00 8.27 10:45:24 8.84 24 0.57
10:46:57:603022 28.270 29.990 10:45:21 5.55 10:45:27 6.08 6 0.53
10:46:59:603017 20.920 22.790 10:45:00 8.27 10:45:30 8.94 30 0.67
10:47:01:600251 8.310 8.570 10:45:12 2.41 10:45:30 3.13 18 0.72
10:47:01:603017 20.920 22.790 10:45:00 8.27 10:45:33 8.94 33 0.67
10:47:01:603022 28.270 29.990 10:45:21 5.55 10:45:33 6.08 12 0.53
10:47:03:603017 20.920 22.790 10:45:00 8.27 10:45:33 8.94 33 0.67
10:47:03:603022 28.270 29.990 10:45:21 5.55 10:45:33 6.08 12 0.53
10:47:07:603017 20.920 22.800 10:45:00 8.27 10:45:39 8.99 39 0.72
10:47:07:000737 8.450 8.740 10:45:03 2.84 10:45:39 3.43 36 0.59
10:47:10:603017 20.920 22.800 10:45:00 8.27 10:45:39 8.99 39 0.72
10:47:10:000737 8.450 8.740 10:45:03 2.84 10:45:42 3.43 39 0.59
10:47:12:000737 8.450 8.740 10:45:03 2.84 10:45:42 3.43 39 0.59
10:47:14:000737 8.450 8.740 10:45:03 2.84 10:45:45 3.43 42 0.59
10:47:14:603022 28.270 30.000 10:45:21 5.55 10:45:45 6.12 24 0.57
10:47:16:603022 28.270 30.000 10:45:21 5.55 10:45:48 6.12 27 0.57
10:47:16:000737 8.450 8.740 10:45:03 2.84 10:45:48 3.43 45 0.59
10:47:18:600251 8.310 8.650 10:45:12 2.41 10:45:48 4.09 36 1.68
10:47:18:603022 28.270 30.000 10:45:21 5.55 10:45:48 6.12 27 0.57
10:47:18:000737 8.450 8.740 10:45:03 2.84 10:45:48 3.43 45 0.59
10:47:20:603022 28.270 30.000 10:45:21 5.55 10:45:51 6.12 30 0.57
10:47:22:603022 28.270 30.000 10:45:21 5.55 10:45:54 6.12 33 0.57
10:47:25:603022 28.270 30.000 10:45:21 5.55 10:45:54 6.12 33 0.57
10:47:34:603022 28.270 30.150 10:46:00 6.12 10:46:06 6.65 6 0.53
10:47:37:603022 28.270 30.150 10:46:00 6.12 10:46:06 6.65 6 0.53
10:47:39:603022 28.270 30.160 10:46:00 6.12 10:46:09 6.69 9 0.57
10:47:41:603022 28.270 30.170 10:46:00 6.12 10:46:12 6.72 12 0.60
10:47:43:603022 28.270 30.170 10:46:00 6.12 10:46:15 6.72 15 0.60
10:47:45:603022 28.270 30.170 10:46:00 6.12 10:46:15 6.72 15 0.60
10:47:48:603022 28.270 30.180 10:46:00 6.12 10:46:18 6.76 18 0.64
10:47:52:603022 28.270 30.200 10:46:00 6.12 10:46:24 6.83 24 0.71
10:47:55:603022 28.270 30.200 10:46:00 6.12 10:46:24 6.83 24 0.71
10:47:57:603022 28.270 30.200 10:46:00 6.12 10:46:27 6.83 27 0.71
10:48:09:603022 28.270 30.200 10:46:00 6.12 10:46:39 6.83 39 0.71
10:48:12:600540 7.710 7.960 10:46:18 2.33 10:46:42 3.24 24 0.91
10:48:12:603022 28.270 30.200 10:46:00 6.12 10:46:42 6.83 42 0.71
10:48:14:603022 28.270 30.230 10:46:00 6.12 10:46:45 6.93 45 0.81
10:48:16:600540 7.710 8.000 10:46:18 2.33 10:46:48 3.76 30 1.43
10:48:16:603022 28.270 30.240 10:46:00 6.12 10:46:48 6.97 48 0.85
10:48:19:600540 7.710 8.000 10:46:18 2.33 10:46:48 3.76 30 1.43
10:48:19:603022 28.270 30.240 10:46:00 6.12 10:46:48 6.97 48 0.85
10:48:20:600540 7.710 8.020 10:46:18 2.33 10:46:51 4.02 33 1.69
10:48:20:603022 28.270 30.240 10:46:00 6.12 10:46:51 6.97 51 0.85
10:48:22:600540 7.710 8.020 10:46:18 2.33 10:46:51 4.02 33 1.69
10:48:22:603022 28.270 30.240 10:46:00 6.12 10:46:51 6.97 51 0.85
10:48:24:600540 7.710 8.050 10:46:18 2.33 10:46:54 4.41 36 2.08
10:48:24:603022 28.270 30.240 10:46:00 6.12 10:46:54 6.97 54 0.85
10:48:28:600540 7.710 8.080 10:46:18 2.33 10:46:57 4.80 39 2.46
10:48:41:600540 7.710 8.160 10:47:03 5.06 10:47:12 5.84 9 0.78
10:48:44:600540 7.710 8.160 10:47:03 5.06 10:47:12 5.84 9 0.78
10:48:57:600540 7.710 8.200 10:47:03 5.06 10:47:27 6.36 24 1.30
10:49:05:002059 12.110 12.820 10:47:18 5.28 10:47:36 5.86 18 0.58
10:49:12:600231 3.580 3.870 10:47:24 7.54 10:47:42 8.10 18 0.56
10:49:14:600231 3.580 3.890 10:47:24 7.54 10:47:45 8.66 21 1.12
10:49:17:600231 3.580 3.900 10:47:24 7.54 10:47:48 8.94 24 1.40
10:49:20:600231 3.580 3.900 10:47:24 7.54 10:47:51 8.94 27 1.40
10:49:22:002059 12.110 12.870 10:47:18 5.28 10:47:51 6.28 33 0.99
10:49:25:002059 12.110 12.880 10:47:18 5.28 10:47:54 6.36 36 1.07
10:49:27:002059 12.110 12.900 10:47:18 5.28 10:47:57 6.52 39 1.24
10:49:27:600231 3.580 3.900 10:47:24 7.54 10:47:57 8.94 33 1.40
10:51:58:600251 8.310 8.750 10:50:03 4.33 10:50:27 5.29 24 0.96
10:52:06:600251 8.310 8.770 10:50:03 4.33 10:50:36 5.54 33 1.20
10:52:07:600251 8.310 8.770 10:50:03 4.33 10:50:36 5.54 33 1.20
10:52:08:600251 8.310 8.800 10:50:03 4.33 10:50:39 5.90 36 1.56
10:52:11:600251 8.310 8.800 10:50:03 4.33 10:50:39 5.90 36 1.56
10:52:14:600251 8.310 8.840 10:50:03 4.33 10:50:42 6.38 39 2.05
10:52:18:600251 8.310 8.870 10:50:03 4.33 10:50:45 6.74 42 2.41
10:52:20:600251 8.310 8.880 10:50:03 4.33 10:50:48 6.86 45 2.53
10:52:20:002100 9.100 9.410 10:50:24 2.86 10:50:48 3.41 24 0.55
10:52:22:600251 8.310 8.900 10:50:03 4.33 10:50:51 7.10 48 2.77
10:52:23:002100 9.100 9.430 10:50:24 2.86 10:50:54 3.63 30 0.77
10:52:24:002100 9.100 9.430 10:50:24 2.86 10:50:54 3.63 30 0.77
10:52:25:002100 9.100 9.430 10:50:24 2.86 10:50:54 3.63 30 0.77
10:52:27:600251 8.310 8.930 10:50:03 4.33 10:50:57 7.46 54 3.13
10:52:41:600251 8.310 8.980 10:51:00 7.46 10:51:09 8.06 9 0.60
10:52:46:600251 8.310 8.980 10:51:00 7.46 10:51:15 8.06 15 0.60
10:52:48:600251 8.310 8.980 10:51:00 7.46 10:51:18 8.06 18 0.60
10:52:50:600251 8.310 8.980 10:51:00 7.46 10:51:18 8.06 18 0.60
10:52:54:600251 8.310 9.050 10:51:00 7.46 10:51:24 8.90 24 1.44
10:53:13:002100 9.100 9.480 10:51:03 3.63 10:51:42 4.18 39 0.55
10:53:13:600679 36.420 38.400 10:51:00 4.89 10:51:42 5.44 42 0.55
10:53:20:600679 36.420 38.430 10:51:00 4.89 10:51:51 5.52 51 0.63
10:53:27:600679 36.420 38.440 10:51:00 4.89 10:51:57 5.55 57 0.66
10:53:28:600679 36.420 38.440 10:51:00 4.89 10:51:57 5.55 57 0.66
10:53:31:600679 36.420 38.440 10:51:00 4.89 10:51:57 5.55 57 0.66
10:54:08:000972 6.610 6.840 10:52:00 2.87 10:52:39 3.48 39 0.61
10:54:15:000972 6.610 6.850 10:52:00 2.87 10:52:45 3.63 45 0.76
10:54:17:000972 6.610 6.850 10:52:00 2.87 10:52:48 3.63 48 0.76
10:54:20:002719 46.000 47.600 10:52:00 2.61 10:52:51 3.48 51 0.87
10:54:20:000972 6.610 6.850 10:52:00 2.87 10:52:51 3.63 51 0.76
10:54:22:002719 46.000 47.600 10:52:00 2.61 10:52:51 3.48 51 0.87
10:54:22:000972 6.610 6.850 10:52:00 2.87 10:52:54 3.63 54 0.76
10:54:24:000972 6.610 6.850 10:52:00 2.87 10:52:57 3.63 57 0.76
10:54:27:000972 6.610 6.850 10:52:00 2.87 10:52:57 3.63 57 0.76
10:54:48:002719 46.000 48.150 10:53:00 4.09 10:53:18 4.67 18 0.59
10:54:50:002719 46.000 48.150 10:53:00 4.09 10:53:18 4.67 18 0.59
10:54:58:002719 46.000 48.400 10:53:00 4.09 10:53:27 5.22 27 1.13
10:55:02:002719 46.000 48.400 10:53:00 4.09 10:53:33 5.22 33 1.13
10:55:05:002719 46.000 48.600 10:53:00 4.09 10:53:36 5.65 36 1.57
10:55:07:002719 46.000 48.600 10:53:00 4.09 10:53:36 5.65 36 1.57
10:56:21:601177 11.350 11.650 10:54:15 2.11 10:54:51 2.64 36 0.53
10:56:22:601177 11.350 11.650 10:54:15 2.11 10:54:51 2.64 36 0.53
10:56:23:601177 11.350 11.650 10:54:15 2.11 10:54:51 2.64 36 0.53
10:56:27:601177 11.350 11.650 10:54:15 2.11 10:54:57 2.64 42 0.53
10:56:29:601177 11.350 11.650 10:54:15 2.11 10:54:57 2.64 42 0.53
10:57:29:603227 8.850 9.140 10:55:15 2.71 10:55:58 3.28 43 0.56
10:58:13:603566 24.660 25.660 10:56:18 3.41 10:56:42 4.06 24 0.65
10:58:16:603566 24.660 25.660 10:56:18 3.41 10:56:45 4.06 27 0.65
10:58:18:603566 24.660 25.660 10:56:18 3.41 10:56:45 4.06 27 0.65
10:58:18:600679 36.420 38.690 10:56:03 5.71 10:56:48 6.23 45 0.52
10:58:19:603566 24.660 25.660 10:56:18 3.41 10:56:48 4.06 30 0.65
10:58:19:600679 36.420 38.690 10:56:03 5.71 10:56:48 6.23 45 0.52
10:58:20:603566 24.660 25.660 10:56:18 3.41 10:56:48 4.06 30 0.65
10:58:20:600679 36.420 38.690 10:56:03 5.71 10:56:48 6.23 45 0.52
10:58:25:600679 36.420 38.720 10:56:03 5.71 10:56:54 6.32 51 0.60
10:58:27:600679 36.420 38.750 10:56:03 5.71 10:56:57 6.40 54 0.69
10:58:28:600679 36.420 38.750 10:56:03 5.71 10:56:57 6.40 54 0.69
10:59:26:600483 11.460 11.780 10:57:03 2.27 10:57:54 2.79 51 0.52
10:59:28:600483 11.460 11.780 10:57:03 2.27 10:57:57 2.79 54 0.52
10:59:31:600483 11.460 11.780 10:57:03 2.27 10:57:57 2.79 54 0.52
10:59:34:600483 11.460 11.780 10:57:03 2.27 10:57:57 2.79 54 0.52
11:01:19:600891 9.530 9.790 10:59:03 2.20 10:59:51 2.73 48 0.52
11:01:20:600891 9.530 9.790 10:59:03 2.20 10:59:51 2.73 48 0.52
11:01:21:600891 9.530 9.790 10:59:03 2.20 10:59:51 2.73 48 0.52
11:01:49:000859 5.850 6.000 11:00:18 2.05 11:00:21 2.56 3 0.51
11:01:50:000859 5.850 6.000 11:00:18 2.05 11:00:21 2.56 3 0.51
11:01:52:000859 5.850 6.000 11:00:18 2.05 11:00:24 2.56 6 0.51
11:01:54:000859 5.850 6.000 11:00:18 2.05 11:00:24 2.56 6 0.51
11:01:56:000859 5.850 6.010 11:00:18 2.05 11:00:27 2.74 9 0.68
11:01:58:000859 5.850 6.010 11:00:18 2.05 11:00:27 2.74 9 0.68
11:02:00:000859 5.850 6.010 11:00:18 2.05 11:00:27 2.74 9 0.68
11:02:02:000859 5.850 6.010 11:00:18 2.05 11:00:27 2.74 9 0.68
11:02:04:002333 17.300 17.830 11:00:00 2.54 11:00:33 3.06 33 0.52
11:02:06:002333 17.300 17.830 11:00:00 2.54 11:00:36 3.06 36 0.52
11:02:06:000859 5.850 6.030 11:00:18 2.05 11:00:39 3.08 21 1.03
11:02:10:002333 17.300 17.850 11:00:00 2.54 11:00:39 3.18 39 0.64
11:02:12:002333 17.300 17.880 11:00:00 2.54 11:00:42 3.35 42 0.81
11:02:12:000859 5.850 6.040 11:00:18 2.05 11:00:45 3.25 27 1.20
11:02:16:002333 17.300 17.880 11:00:00 2.54 11:00:45 3.35 45 0.81
11:02:16:000859 5.850 6.040 11:00:18 2.05 11:00:45 3.25 27 1.20
11:02:16:603688 20.450 21.210 11:00:00 3.08 11:00:48 3.72 48 0.64
11:02:18:603688 20.450 21.210 11:00:00 3.08 11:00:48 3.72 48 0.64
11:02:18:000859 5.850 6.040 11:00:18 2.05 11:00:51 3.25 33 1.20
11:02:20:002333 17.300 17.900 11:00:00 2.54 11:00:51 3.47 51 0.92
11:02:20:000859 5.850 6.040 11:00:18 2.05 11:00:51 3.25 33 1.20
11:02:20:603688 20.450 21.210 11:00:00 3.08 11:00:51 3.72 51 0.64
11:02:22:002333 17.300 17.910 11:00:00 2.54 11:00:54 3.53 54 0.98
11:02:22:000859 5.850 6.050 11:00:18 2.05 11:00:54 3.42 36 1.37
11:02:22:603688 20.450 21.210 11:00:00 3.08 11:00:54 3.72 54 0.64
11:02:24:603688 20.450 21.210 11:00:00 3.08 11:00:54 3.72 54 0.64
11:02:25:603688 20.450 21.210 11:00:00 3.08 11:00:54 3.72 54 0.64
11:02:26:603688 20.450 21.210 11:00:00 3.08 11:00:57 3.72 57 0.64
11:02:26:603688 20.450 21.210 11:00:00 3.08 11:00:57 3.72 57 0.64
11:03:59:600630 15.080 15.510 11:02:00 2.32 11:02:30 2.85 30 0.53
11:04:10:600630 15.080 15.530 11:02:00 2.32 11:02:42 2.98 42 0.66
11:04:11:600630 15.080 15.530 11:02:00 2.32 11:02:42 2.98 42 0.66
11:04:20:600630 15.080 15.530 11:02:00 2.32 11:02:51 2.98 51 0.66
11:04:22:600722 11.700 12.070 11:02:12 2.56 11:02:54 3.16 42 0.60
11:04:24:600722 11.700 12.070 11:02:12 2.56 11:02:54 3.16 42 0.60
11:05:06:000955 7.290 7.490 11:03:03 2.19 11:03:36 2.74 33 0.55
11:05:12:000955 7.290 7.500 11:03:03 2.19 11:03:42 2.88 39 0.69
11:05:15:000955 7.290 7.530 11:03:03 2.19 11:03:45 3.29 42 1.10
11:05:19:000955 7.290 7.550 11:03:03 2.19 11:03:51 3.57 48 1.37
11:05:20:000955 7.290 7.550 11:03:03 2.19 11:03:54 3.57 51 1.37
11:05:21:000955 7.290 7.550 11:03:03 2.19 11:03:54 3.57 51 1.37
11:05:23:000955 7.290 7.550 11:03:03 2.19 11:03:54 3.57 51 1.37
11:05:25:000955 7.290 7.580 11:03:03 2.19 11:03:57 3.98 54 1.78
11:07:17:600483 11.460 11.930 11:05:15 3.58 11:05:49 4.10 34 0.52
11:07:19:600483 11.460 11.930 11:05:15 3.58 11:05:49 4.10 34 0.52
11:07:27:601116 37.530 39.600 11:05:15 4.85 11:05:58 5.52 43 0.67
11:07:27:000548 8.460 8.700 11:05:00 2.25 11:05:57 2.84 57 0.59
11:07:43:600630 15.080 15.880 11:06:00 4.11 11:06:15 5.31 15 1.19
11:07:45:600630 15.080 15.880 11:06:00 4.11 11:06:15 5.31 15 1.19
11:07:51:600630 15.080 15.880 11:06:00 4.11 11:06:22 5.31 22 1.19
11:07:55:600630 15.080 15.890 11:06:00 4.11 11:06:24 5.37 24 1.26
11:08:05:600630 15.080 15.900 11:06:00 4.11 11:06:37 5.44 37 1.33
11:08:07:600630 15.080 15.900 11:06:00 4.11 11:06:37 5.44 37 1.33
11:08:17:000548 8.460 8.750 11:06:09 2.84 11:06:48 3.43 39 0.59
11:08:19:000548 8.460 8.750 11:06:09 2.84 11:06:51 3.43 42 0.59
11:08:22:600630 15.080 15.940 11:06:00 4.11 11:06:51 5.70 51 1.59
11:08:22:000548 8.460 8.750 11:06:09 2.84 11:06:54 3.43 45 0.59
11:08:24:600630 15.080 15.940 11:06:00 4.11 11:06:55 5.70 55 1.59
11:08:24:000548 8.460 8.750 11:06:09 2.84 11:06:54 3.43 45 0.59
11:08:26:000548 8.460 8.760 11:06:09 2.84 11:06:57 3.55 48 0.71
11:09:03:000548 8.460 8.830 11:07:00 3.55 11:07:33 4.37 33 0.83
11:09:05:000548 8.460 8.840 11:07:00 3.55 11:07:36 4.49 36 0.95
11:09:06:000548 8.460 8.840 11:07:00 3.55 11:07:39 4.49 39 0.95
11:09:07:000548 8.460 8.840 11:07:00 3.55 11:07:39 4.49 39 0.95
11:09:08:000548 8.460 8.840 11:07:00 3.55 11:07:39 4.49 39 0.95
11:13:38:002263 3.890 3.990 11:12:00 2.06 11:12:06 2.57 6 0.51
11:16:26:600333 8.040 8.630 11:14:01 6.72 11:14:55 7.34 54 0.62
11:16:30:002265 28.540 29.360 11:14:18 2.31 11:14:57 2.87 39 0.56
11:16:30:002469 9.800 10.240 11:14:06 3.78 11:14:57 4.49 51 0.71
11:16:30:600018 5.430 5.580 11:14:34 2.03 11:14:58 2.76 24 0.74
11:17:21:601116 37.530 40.000 11:15:31 6.00 11:15:52 6.58 21 0.59
11:17:23:601116 37.530 40.000 11:15:31 6.00 11:15:52 6.58 21 0.59
11:17:56:601116 37.530 40.330 11:16:01 6.87 11:16:25 7.46 24 0.59
11:17:58:601116 37.530 40.370 11:16:01 6.87 11:16:28 7.57 27 0.69
11:18:01:601116 37.530 40.380 11:16:01 6.87 11:16:31 7.59 30 0.72
11:18:03:601116 37.530 40.380 11:16:01 6.87 11:16:31 7.59 30 0.72
11:18:08:601116 37.530 40.450 11:16:01 6.87 11:16:37 7.78 36 0.91
11:18:30:601116 37.530 40.500 11:16:01 6.87 11:16:58 7.91 57 1.04
11:19:24:600663 22.850 23.600 11:17:04 2.41 11:17:54 3.28 50 0.88
11:19:27:002635 35.390 37.700 11:17:39 5.68 11:17:57 6.53 18 0.85
11:19:27:600663 22.850 23.600 11:17:04 2.41 11:17:57 3.28 53 0.88
11:21:18:600018 5.430 5.650 11:19:18 3.50 11:19:48 4.05 30 0.55
11:21:20:600018 5.430 5.660 11:19:18 3.50 11:19:51 4.24 33 0.74
11:21:41:002753 34.990 36.000 11:20:00 2.31 11:20:12 2.89 12 0.57
11:21:47:600018 5.430 5.760 11:20:12 5.52 11:20:18 6.08 6 0.55
11:21:49:002753 34.990 36.000 11:20:00 2.31 11:20:21 2.89 21 0.57
11:21:52:002753 34.990 36.000 11:20:00 2.31 11:20:21 2.89 21 0.57
11:21:54:002753 34.990 36.000 11:20:00 2.31 11:20:24 2.89 24 0.57
11:22:00:002753 34.990 36.000 11:20:00 2.31 11:20:30 2.89 30 0.57
11:22:10:600018 5.430 5.890 11:20:12 5.52 11:20:42 8.47 30 2.95
11:24:41:002635 35.390 38.200 11:23:00 7.40 11:23:12 7.94 12 0.54
11:24:43:002635 35.390 38.200 11:23:00 7.40 11:23:12 7.94 12 0.54
11:24:49:002635 35.390 38.200 11:23:00 7.40 11:23:18 7.94 18 0.54
11:24:53:002635 35.390 38.210 11:23:00 7.40 11:23:21 7.97 21 0.57
11:24:59:002635 35.390 38.300 11:23:00 7.40 11:23:27 8.22 27 0.82
11:25:05:002635 35.390 38.350 11:23:00 7.40 11:23:36 8.36 36 0.96
11:25:08:002635 35.390 38.350 11:23:00 7.40 11:23:36 8.36 36 0.96
11:25:17:002635 35.390 38.370 11:23:00 7.40 11:23:48 8.42 48 1.02
11:25:20:002635 35.390 38.370 11:23:00 7.40 11:23:48 8.42 48 1.02
11:26:05:000088 7.350 7.650 11:24:24 3.40 11:24:36 4.08 12 0.68
11:26:09:000088 7.350 7.650 11:24:24 3.40 11:24:39 4.08 15 0.68
11:26:17:600119 20.570 21.200 11:24:25 2.33 11:24:49 3.06 24 0.73
11:26:17:000088 7.350 7.710 11:24:24 3.40 11:24:48 4.90 24 1.50
11:26:20:600119 20.570 21.200 11:24:25 2.33 11:24:49 3.06 24 0.73
11:26:20:000088 7.350 7.720 11:24:24 3.40 11:24:51 5.03 27 1.63
11:26:22:600119 20.570 21.250 11:24:25 2.33 11:24:52 3.31 27 0.97
11:26:22:000088 7.350 7.730 11:24:24 3.40 11:24:54 5.17 30 1.77
11:26:24:000088 7.350 7.730 11:24:24 3.40 11:24:54 5.17 30 1.77
11:26:27:000088 7.350 7.750 11:24:24 3.40 11:24:57 5.44 33 2.04
11:27:56:000852 12.090 12.420 11:26:09 2.15 11:26:27 2.73 18 0.58
11:28:03:000852 12.090 12.420 11:26:09 2.15 11:26:33 2.73 24 0.58
11:28:06:000852 12.090 12.420 11:26:09 2.15 11:26:36 2.73 27 0.58
11:29:15:600630 15.080 16.090 11:27:19 5.97 11:27:46 6.70 27 0.73
11:29:17:600630 15.080 16.200 11:27:19 5.97 11:27:49 7.43 30 1.46
11:29:20:600630 15.080 16.200 11:27:19 5.97 11:27:49 7.43 30 1.46
11:29:22:600630 15.080 16.210 11:27:19 5.97 11:27:52 7.49 33 1.53
11:30:13:600662 10.940 11.250 11:28:01 2.29 11:28:43 2.83 42 0.55
11:30:21:600650 22.390 23.650 11:28:40 4.96 11:28:52 5.63 12 0.67
11:30:23:600650 22.390 23.650 11:28:40 4.96 11:28:52 5.63 12 0.67
11:30:26:600650 22.390 23.800 11:28:40 4.96 11:28:55 6.30 15 1.34
11:30:28:600650 22.390 23.800 11:28:40 4.96 11:28:58 6.30 18 1.34
11:30:28:600662 10.940 11.250 11:28:01 2.29 11:28:58 2.83 57 0.55
11:30:52:600650 22.390 23.960 11:29:01 6.34 11:29:22 7.01 21 0.67
11:30:52:600689 18.090 18.710 11:29:01 2.27 11:29:22 3.43 21 1.16
11:30:55:600650 22.390 23.980 11:29:01 6.34 11:29:25 7.10 24 0.76
11:30:59:600689 18.090 18.710 11:29:01 2.27 11:29:28 3.43 27 1.16
11:31:02:600689 18.090 18.740 11:29:01 2.27 11:29:31 3.59 30 1.33
11:31:09:600650 22.390 24.010 11:29:01 6.34 11:29:40 7.24 39 0.89
11:31:09:600841 14.900 15.280 11:29:04 2.01 11:29:40 2.55 36 0.54
11:31:09:600689 18.090 18.780 11:29:01 2.27 11:29:40 3.81 39 1.55
11:31:10:600320 5.250 5.390 11:29:04 2.10 11:29:40 2.67 36 0.57
11:31:10:600650 22.390 24.010 11:29:01 6.34 11:29:40 7.24 39 0.89
11:31:10:600841 14.900 15.280 11:29:04 2.01 11:29:40 2.55 36 0.54
11:31:10:600689 18.090 18.780 11:29:01 2.27 11:29:40 3.81 39 1.55
11:31:13:600320 5.250 5.390 11:29:04 2.10 11:29:43 2.67 39 0.57
11:31:13:600650 22.390 24.020 11:29:01 6.34 11:29:43 7.28 42 0.94
11:31:13:600841 14.900 15.290 11:29:04 2.01 11:29:43 2.62 39 0.60
11:31:13:600689 18.090 18.790 11:29:01 2.27 11:29:43 3.87 42 1.60
11:31:15:600320 5.250 5.400 11:29:04 2.10 11:29:46 2.86 42 0.76
11:31:15:600689 18.090 18.800 11:29:01 2.27 11:29:46 3.92 45 1.66
11:31:15:600841 14.900 15.290 11:29:04 2.01 11:29:46 2.62 42 0.60
11:31:19:600689 18.090 18.800 11:29:01 2.27 11:29:49 3.92 48 1.66
11:31:19:600841 14.900 15.300 11:29:04 2.01 11:29:49 2.68 45 0.67
11:31:22:600689 18.090 18.810 11:29:01 2.27 11:29:52 3.98 51 1.71
11:31:22:600841 14.900 15.300 11:29:04 2.01 11:29:52 2.68 48 0.67
11:31:24:600689 18.090 18.850 11:29:01 2.27 11:29:55 4.20 54 1.93
11:31:24:600841 14.900 15.350 11:29:04 2.01 11:29:55 3.02 51 1.01
11:31:26:600689 18.090 18.850 11:29:01 2.27 11:29:55 4.20 54 1.93
11:31:26:600841 14.900 15.360 11:29:04 2.01 11:29:58 3.09 54 1.07
11:31:29:600320 5.250 5.420 11:29:04 2.10 11:29:58 3.24 54 1.14
11:31:29:600650 22.390 24.150 11:29:01 6.34 11:29:58 7.86 57 1.52
11:31:29:600841 14.900 15.360 11:29:04 2.01 11:29:58 3.09 54 1.07
11:31:29:600689 18.090 18.860 11:29:01 2.27 11:29:58 4.26 57 1.99
13:01:34:600119 20.570 21.700 13:00:01 4.52 13:00:04 5.49 3 0.97
13:01:36:600824 7.210 7.470 13:00:01 2.50 13:00:07 3.61 6 1.11
13:01:39:600119 20.570 21.710 13:00:01 4.52 13:00:10 5.54 9 1.02
13:01:39:600689 18.090 19.200 13:00:01 4.92 13:00:10 6.14 9 1.22
13:01:39:600662 10.940 11.360 13:00:01 3.20 13:00:10 3.84 9 0.64
13:01:39:600824 7.210 7.470 13:00:01 2.50 13:00:10 3.61 9 1.11
13:01:41:600119 20.570 21.710 13:00:01 4.52 13:00:10 5.54 9 1.02
13:01:41:600662 10.940 11.360 13:00:01 3.20 13:00:13 3.84 12 0.64
13:01:41:000045 15.400 15.880 13:00:00 2.60 13:00:12 3.12 12 0.52
13:01:43:600119 20.570 21.750 13:00:01 4.52 13:00:13 5.74 12 1.22
13:01:43:600662 10.940 11.360 13:00:01 3.20 13:00:13 3.84 12 0.64
13:01:45:600119 20.570 21.750 13:00:01 4.52 13:00:13 5.74 12 1.22
13:01:45:600662 10.940 11.360 13:00:01 3.20 13:00:16 3.84 15 0.64
13:01:45:600824 7.210 7.470 13:00:01 2.50 13:00:16 3.61 15 1.11
13:01:46:600119 20.570 21.750 13:00:01 4.52 13:00:13 5.74 12 1.22
13:01:46:600662 10.940 11.360 13:00:01 3.20 13:00:16 3.84 15 0.64
13:01:46:600824 7.210 7.470 13:00:01 2.50 13:00:16 3.61 15 1.11
13:01:47:600662 10.940 11.360 13:00:01 3.20 13:00:16 3.84 15 0.64
13:01:47:600824 7.210 7.470 13:00:01 2.50 13:00:16 3.61 15 1.11
13:01:48:600119 20.570 21.770 13:00:01 4.52 13:00:19 5.83 18 1.31
13:01:48:600824 7.210 7.480 13:00:01 2.50 13:00:19 3.74 18 1.25
13:01:49:002705 17.380 17.910 13:00:03 2.53 13:00:18 3.05 15 0.52
13:01:49:600824 7.210 7.480 13:00:01 2.50 13:00:19 3.74 18 1.25
13:01:50:600119 20.570 21.770 13:00:01 4.52 13:00:19 5.83 18 1.31
13:01:50:600662 10.940 11.380 13:00:01 3.20 13:00:22 4.02 21 0.82
13:01:52:600662 10.940 11.380 13:00:01 3.20 13:00:22 4.02 21 0.82
13:01:55:600619 13.300 13.830 13:00:01 3.46 13:00:25 3.98 24 0.53
13:01:55:600689 18.090 19.260 13:00:01 4.92 13:00:25 6.47 24 1.55
13:01:55:600626 12.050 12.830 13:00:01 5.73 13:00:25 6.47 24 0.75
13:01:55:000045 15.400 15.950 13:00:00 2.60 13:00:27 3.57 27 0.97
13:01:57:002705 17.380 17.970 13:00:03 2.53 13:00:27 3.39 24 0.86
13:01:57:600619 13.300 13.830 13:00:01 3.46 13:00:25 3.98 24 0.53
13:01:57:600689 18.090 19.260 13:00:01 4.92 13:00:25 6.47 24 1.55
13:01:57:600626 12.050 12.830 13:00:01 5.73 13:00:25 6.47 24 0.75
13:01:57:000045 15.400 15.950 13:00:00 2.60 13:00:27 3.57 27 0.97
13:01:58:002705 17.380 17.970 13:00:03 2.53 13:00:27 3.39 24 0.86
13:01:58:600626 12.050 12.840 13:00:01 5.73 13:00:28 6.56 27 0.83
13:01:58:600663 22.850 24.480 13:00:19 6.61 13:00:28 7.13 9 0.53
13:01:58:600648 20.790 21.700 13:00:07 3.85 13:00:31 4.38 24 0.53
13:01:58:600119 20.570 21.780 13:00:01 4.52 13:00:28 5.88 27 1.36
13:01:58:000045 15.400 15.950 13:00:00 2.60 13:00:27 3.57 27 0.97
13:01:58:600662 10.940 11.390 13:00:01 3.20 13:00:31 4.11 30 0.91
13:01:58:600689 18.090 19.260 13:00:01 4.92 13:00:28 6.47 27 1.55
13:02:01:002705 17.380 17.980 13:00:03 2.53 13:00:30 3.45 27 0.92
13:02:01:600626 12.050 12.850 13:00:01 5.73 13:00:31 6.64 30 0.91
13:02:01:600648 20.790 21.700 13:00:07 3.85 13:00:31 4.38 24 0.53
13:02:01:000045 15.400 15.970 13:00:00 2.60 13:00:33 3.70 33 1.10
13:02:01:600619 13.300 13.840 13:00:01 3.46 13:00:31 4.06 30 0.60
13:02:01:600662 10.940 11.390 13:00:01 3.20 13:00:31 4.11 30 0.91
13:02:03:600662 10.940 11.400 13:00:01 3.20 13:00:34 4.20 33 1.01
13:02:03:000045 15.400 15.970 13:00:00 2.60 13:00:33 3.70 33 1.10
13:02:05:002705 17.380 17.990 13:00:03 2.53 13:00:36 3.51 33 0.98
13:02:05:600662 10.940 11.400 13:00:01 3.20 13:00:37 4.20 36 1.01
13:02:05:000045 15.400 15.970 13:00:00 2.60 13:00:36 3.70 36 1.10
13:02:07:600662 10.940 11.400 13:00:01 3.20 13:00:37 4.20 36 1.01
13:02:10:600170 5.070 5.280 13:00:07 3.55 13:00:40 4.14 33 0.59
13:02:10:600648 20.790 21.720 13:00:07 3.85 13:00:40 4.47 33 0.63
13:02:14:600626 12.050 12.890 13:00:01 5.73 13:00:46 6.97 45 1.24
13:02:14:600662 10.940 11.440 13:00:01 3.20 13:00:46 4.57 45 1.37
13:02:17:002705 17.380 17.990 13:00:03 2.53 13:00:48 3.51 45 0.98
13:02:17:600626 12.050 12.890 13:00:01 5.73 13:00:46 6.97 45 1.24
13:02:19:600689 18.090 19.260 13:00:01 4.92 13:00:49 6.47 48 1.55
13:02:19:600663 22.850 24.580 13:00:19 6.61 13:00:49 7.57 30 0.96
13:02:19:600619 13.300 13.840 13:00:01 3.46 13:00:49 4.06 48 0.60
13:02:22:600604 19.550 20.080 13:00:07 2.20 13:00:52 2.71 45 0.51
13:02:22:600170 5.070 5.280 13:00:07 3.55 13:00:52 4.14 45 0.59
13:02:22:600689 18.090 19.260 13:00:01 4.92 13:00:49 6.47 48 1.55
13:02:22:600663 22.850 24.580 13:00:19 6.61 13:00:49 7.57 30 0.96
13:02:22:600619 13.300 13.840 13:00:01 3.46 13:00:49 4.06 48 0.60
13:02:24:600170 5.070 5.280 13:00:07 3.55 13:00:55 4.14 48 0.59
13:02:24:600662 10.940 11.450 13:00:01 3.20 13:00:55 4.66 54 1.46
13:02:24:600663 22.850 24.580 13:00:19 6.61 13:00:55 7.57 36 0.96
13:02:26:600170 5.070 5.280 13:00:07 3.55 13:00:55 4.14 48 0.59
13:02:26:600662 10.940 11.450 13:00:01 3.20 13:00:55 4.66 54 1.46
13:02:26:600663 22.850 24.580 13:00:19 6.61 13:00:55 7.57 36 0.96
13:02:28:600119 20.570 21.800 13:00:01 4.52 13:00:58 5.98 57 1.46
13:02:28:600604 19.550 20.090 13:00:07 2.20 13:00:58 2.76 51 0.56
13:02:28:600663 22.850 24.600 13:00:19 6.61 13:00:58 7.66 39 1.05
13:04:04:600604 19.550 20.390 13:02:04 3.79 13:02:34 4.30 30 0.51
13:04:18:600604 19.550 20.420 13:02:04 3.79 13:02:49 4.45 45 0.66
13:08:52:601518 4.340 4.500 13:07:13 2.07 13:07:22 3.69 9 1.61
13:08:54:601518 4.340 4.500 13:07:13 2.07 13:07:22 3.69 9 1.61
13:09:09:601518 4.340 4.500 13:07:13 2.07 13:07:37 3.69 24 1.61
13:09:11:601518 4.340 4.500 13:07:13 2.07 13:07:40 3.69 27 1.61
13:09:18:601518 4.340 4.500 13:07:13 2.07 13:07:46 3.69 33 1.61
13:09:20:601518 4.340 4.500 13:07:13 2.07 13:07:49 3.69 36 1.61
13:09:22:000011 17.200 17.670 13:07:18 2.03 13:07:54 2.73 36 0.70
13:11:52:002753 34.990 36.280 13:10:00 2.97 13:10:21 3.69 21 0.71
13:11:56:002753 34.990 36.560 13:10:00 2.97 13:10:27 4.49 27 1.51
13:11:59:002753 34.990 36.560 13:10:00 2.97 13:10:27 4.49 27 1.51
13:12:08:002753 34.990 36.700 13:10:00 2.97 13:10:39 4.89 39 1.91
13:12:10:002753 34.990 36.700 13:10:00 2.97 13:10:39 4.89 39 1.91
13:12:12:002753 34.990 36.700 13:10:00 2.97 13:10:42 4.89 42 1.91
13:12:14:002753 34.990 36.730 13:10:00 2.97 13:10:45 4.97 45 2.00
13:12:17:002753 34.990 36.730 13:10:00 2.97 13:10:45 4.97 45 2.00
13:12:26:002753 34.990 36.890 13:10:00 2.97 13:10:57 5.43 57 2.46
13:12:26:600819 9.300 9.580 13:10:03 2.47 13:10:57 3.01 54 0.54
13:12:27:600819 9.300 9.580 13:10:03 2.47 13:10:57 3.01 54 0.54
13:12:28:600819 9.300 9.580 13:10:03 2.47 13:10:57 3.01 54 0.54
13:12:58:600819 9.300 9.650 13:11:00 3.12 13:11:27 3.76 27 0.65
13:13:09:600819 9.300 9.680 13:11:00 3.12 13:11:39 4.09 39 0.97
13:13:13:600819 9.300 9.690 13:11:00 3.12 13:11:45 4.19 45 1.08
13:13:18:600819 9.300 9.690 13:11:00 3.12 13:11:48 4.19 48 1.08
13:13:23:600819 9.300 9.720 13:11:00 3.12 13:11:51 4.52 51 1.40
13:14:12:600819 9.300 9.880 13:12:12 5.70 13:12:42 6.24 30 0.54
13:14:23:600827 15.580 16.090 13:12:09 2.70 13:12:55 3.27 46 0.58
13:14:24:600827 15.580 16.090 13:12:09 2.70 13:12:55 3.27 46 0.58
13:14:27:600827 15.580 16.090 13:12:09 2.70 13:12:58 3.27 49 0.58
13:16:07:601939 5.790 5.950 13:14:01 2.25 13:14:37 2.76 36 0.52
13:17:53:600819 9.300 10.110 13:16:01 7.10 13:16:25 8.71 24 1.61
13:17:55:600819 9.300 10.110 13:16:01 7.10 13:16:25 8.71 24 1.61
13:18:15:600619 13.300 13.920 13:16:04 4.14 13:16:46 4.66 42 0.53
13:18:23:600619 13.300 13.920 13:16:04 4.14 13:16:52 4.66 48 0.53
13:18:27:600619 13.300 13.930 13:16:04 4.14 13:16:58 4.74 54 0.60
13:19:26:000012 12.310 12.650 13:17:33 2.19 13:17:57 2.76 24 0.57
13:19:28:000012 12.310 12.650 13:17:33 2.19 13:17:57 2.76 24 0.57
13:19:30:000012 12.310 12.650 13:17:33 2.19 13:17:57 2.76 24 0.57
13:25:06:000563 6.130 6.380 13:23:27 3.43 13:23:39 4.08 12 0.65
13:25:08:000563 6.130 6.380 13:23:27 3.43 13:23:39 4.08 12 0.65
13:25:11:000563 6.130 6.430 13:23:27 3.43 13:23:42 4.89 15 1.47
13:25:16:000563 6.130 6.460 13:23:27 3.43 13:23:48 5.38 21 1.96
13:25:35:600701 14.250 15.180 13:24:01 5.82 13:24:04 6.53 3 0.70
13:25:36:600701 14.250 15.180 13:24:01 5.82 13:24:04 6.53 3 0.70
13:26:26:600818 31.000 32.480 13:24:25 4.03 13:24:55 4.77 30 0.74
13:26:26:600618 13.570 13.920 13:24:22 2.06 13:24:55 2.58 33 0.52
13:26:28:600818 31.000 32.480 13:24:25 4.03 13:24:58 4.77 33 0.74
13:27:20:600818 31.000 32.780 13:25:10 5.10 13:25:49 5.74 39 0.65
13:27:22:600818 31.000 32.790 13:25:10 5.10 13:25:52 5.77 42 0.68
13:27:25:600800 10.770 11.190 13:25:01 3.16 13:25:55 3.90 54 0.74
13:27:27:600818 31.000 32.800 13:25:10 5.10 13:25:58 5.81 48 0.71
13:27:27:600800 10.770 11.190 13:25:01 3.16 13:25:55 3.90 54 0.74
13:27:30:600818 31.000 32.800 13:25:10 5.10 13:25:58 5.81 48 0.71
13:28:08:600822 18.480 19.660 13:26:01 5.68 13:26:37 6.39 36 0.70
13:28:10:600822 18.480 19.660 13:26:01 5.68 13:26:40 6.39 39 0.70
13:28:24:600822 18.480 19.730 13:26:01 5.68 13:26:55 6.76 54 1.08
13:28:24:600822 18.480 19.730 13:26:01 5.68 13:26:55 6.76 54 1.08
13:28:25:600822 18.480 19.730 13:26:01 5.68 13:26:55 6.76 54 1.08
13:28:26:600822 18.480 19.730 13:26:01 5.68 13:26:55 6.76 54 1.08
13:28:48:600822 18.480 19.840 13:27:00 6.82 13:27:19 7.36 19 0.54
13:28:50:600822 18.480 19.840 13:27:00 6.82 13:27:19 7.36 19 0.54
13:29:02:600822 18.480 19.870 13:27:00 6.82 13:27:31 7.52 31 0.70
13:29:09:002006 9.570 9.950 13:27:21 3.45 13:27:39 3.97 18 0.52
13:29:09:600822 18.480 19.900 13:27:00 6.82 13:27:40 7.68 40 0.87
13:29:11:002006 9.570 9.950 13:27:21 3.45 13:27:42 3.97 21 0.52
13:29:11:600822 18.480 19.900 13:27:00 6.82 13:27:40 7.68 40 0.87
13:29:13:002006 9.570 9.950 13:27:21 3.45 13:27:45 3.97 24 0.52
13:29:13:600822 18.480 19.900 13:27:00 6.82 13:27:43 7.68 43 0.87
13:29:16:002006 9.570 9.950 13:27:21 3.45 13:27:45 3.97 24 0.52
13:29:16:600822 18.480 19.900 13:27:00 6.82 13:27:43 7.68 43 0.87
13:29:18:002006 9.570 9.960 13:27:21 3.45 13:27:48 4.08 27 0.63
13:29:23:002489 7.430 7.640 13:27:06 2.29 13:27:54 2.83 48 0.54
13:29:23:600822 18.480 19.930 13:27:00 6.82 13:27:52 7.85 52 1.03
13:29:25:002489 7.430 7.640 13:27:06 2.29 13:27:57 2.83 51 0.54
13:29:28:002489 7.430 7.640 13:27:06 2.29 13:27:57 2.83 51 0.54
13:30:58:600707 8.430 8.730 13:29:00 2.97 13:29:31 3.56 31 0.59
13:31:00:600707 8.430 8.730 13:29:00 2.97 13:29:31 3.56 31 0.59
13:31:03:600707 8.430 8.730 13:29:00 2.97 13:29:34 3.56 34 0.59
13:31:05:600707 8.430 8.730 13:29:00 2.97 13:29:37 3.56 37 0.59
13:31:10:600707 8.430 8.740 13:29:00 2.97 13:29:43 3.68 43 0.71
13:31:11:600707 8.430 8.740 13:29:00 2.97 13:29:43 3.68 43 0.71
13:31:12:600707 8.430 8.740 13:29:00 2.97 13:29:43 3.68 43 0.71
13:31:13:600707 8.430 8.740 13:29:00 2.97 13:29:45 3.68 45 0.71
13:31:14:600707 8.430 8.740 13:29:00 2.97 13:29:45 3.68 45 0.71
13:31:15:600707 8.430 8.740 13:29:00 2.97 13:29:45 3.68 45 0.71
13:31:16:600707 8.430 8.740 13:29:00 2.97 13:29:45 3.68 45 0.71
13:31:18:600707 8.430 8.750 13:29:00 2.97 13:29:49 3.80 49 0.83
13:31:21:600707 8.430 8.750 13:29:00 2.97 13:29:52 3.80 52 0.83
13:31:24:600707 8.430 8.750 13:29:00 2.97 13:29:54 3.80 54 0.83
13:34:05:600680 31.900 33.200 13:32:01 3.54 13:32:37 4.08 36 0.53
13:34:08:600680 31.900 33.200 13:32:01 3.54 13:32:40 4.08 39 0.53
13:34:10:600680 31.900 33.200 13:32:01 3.54 13:32:40 4.08 39 0.53
13:34:25:600680 31.900 33.280 13:32:01 3.54 13:32:55 4.33 54 0.78
13:35:24:600707 8.430 8.830 13:33:07 4.15 13:33:55 4.74 48 0.59
13:35:52:000019 15.170 15.860 13:34:15 4.02 13:34:21 4.55 6 0.53
13:35:56:000019 15.170 15.960 13:34:15 4.02 13:34:27 5.21 12 1.19
13:35:58:000019 15.170 15.980 13:34:15 4.02 13:34:30 5.34 15 1.32
13:36:00:000019 15.170 15.980 13:34:15 4.02 13:34:30 5.34 15 1.32
13:36:07:000019 15.170 16.070 13:34:15 4.02 13:34:39 5.93 24 1.91
13:36:10:000019 15.170 16.090 13:34:15 4.02 13:34:42 6.06 27 2.04
13:36:12:000019 15.170 16.090 13:34:15 4.02 13:34:42 6.06 27 2.04
13:36:14:000019 15.170 16.120 13:34:15 4.02 13:34:45 6.26 30 2.24
13:36:17:000019 15.170 16.180 13:34:15 4.02 13:34:48 6.66 33 2.64
13:36:17:600843 17.700 18.570 13:34:01 4.35 13:34:49 4.92 48 0.56
13:36:18:600843 17.700 18.570 13:34:01 4.35 13:34:49 4.92 48 0.56
13:36:19:600843 17.700 18.570 13:34:01 4.35 13:34:49 4.92 48 0.56
13:36:20:600843 17.700 18.580 13:34:01 4.35 13:34:52 4.97 51 0.62
13:36:21:600843 17.700 18.580 13:34:01 4.35 13:34:52 4.97 51 0.62
13:36:25:000019 15.170 16.250 13:34:15 4.02 13:34:54 7.12 39 3.10
13:36:27:600843 17.700 18.580 13:34:01 4.35 13:34:58 4.97 57 0.62
13:36:27:000020 21.300 21.940 13:34:00 2.35 13:34:57 3.00 57 0.66
13:36:47:000045 15.400 16.100 13:35:00 3.90 13:35:18 4.55 18 0.65
13:36:49:000045 15.400 16.100 13:35:00 3.90 13:35:21 4.55 21 0.65
13:36:54:000045 15.400 16.100 13:35:00 3.90 13:35:21 4.55 21 0.65
13:36:56:000045 15.400 16.140 13:35:00 3.90 13:35:24 4.81 24 0.91
13:37:00:000011 17.200 17.790 13:35:09 2.73 13:35:30 3.43 21 0.70
13:37:04:000045 15.400 16.190 13:35:00 3.90 13:35:36 5.13 36 1.23
13:37:08:000045 15.400 16.190 13:35:00 3.90 13:35:36 5.13 36 1.23
13:37:10:000011 17.200 17.980 13:35:09 2.73 13:35:42 4.53 33 1.80
13:37:10:000045 15.400 16.200 13:35:00 3.90 13:35:42 5.19 42 1.30
13:37:12:600843 17.700 18.680 13:35:01 4.97 13:35:43 5.54 42 0.56
13:37:12:000011 17.200 17.980 13:35:09 2.73 13:35:42 4.53 33 1.80
13:37:12:000045 15.400 16.200 13:35:00 3.90 13:35:42 5.19 42 1.30
13:37:15:000017 12.130 12.520 13:35:18 2.64 13:35:45 3.22 27 0.58
13:37:15:600843 17.700 18.680 13:35:01 4.97 13:35:46 5.54 45 0.56
13:37:15:000011 17.200 17.980 13:35:09 2.73 13:35:45 4.53 36 1.80
13:37:15:000045 15.400 16.230 13:35:00 3.90 13:35:45 5.39 45 1.49
13:37:17:000014 18.160 18.650 13:35:18 2.15 13:35:48 2.70 30 0.55
13:37:17:600843 17.700 18.690 13:35:01 4.97 13:35:49 5.59 48 0.62
13:37:17:000045 15.400 16.250 13:35:00 3.90 13:35:48 5.52 48 1.62
13:37:21:000014 18.160 18.660 13:35:18 2.15 13:35:51 2.75 33 0.61
13:37:21:000017 12.130 12.530 13:35:18 2.64 13:35:51 3.30 33 0.66
13:37:21:000011 17.200 17.980 13:35:09 2.73 13:35:51 4.53 42 1.80
13:37:21:000045 15.400 16.260 13:35:00 3.90 13:35:51 5.58 51 1.69
13:37:25:000014 18.160 18.660 13:35:18 2.15 13:35:54 2.75 36 0.61
13:37:25:600843 17.700 18.700 13:35:01 4.97 13:35:55 5.65 54 0.68
13:37:25:000045 15.400 16.260 13:35:00 3.90 13:35:54 5.58 54 1.69
13:37:27:000014 18.160 18.700 13:35:18 2.15 13:35:57 2.97 39 0.83
13:37:27:000017 12.130 12.550 13:35:18 2.64 13:35:57 3.46 39 0.82
13:37:27:000045 15.400 16.270 13:35:00 3.90 13:35:57 5.65 57 1.75
13:38:13:600623 12.450 12.970 13:36:10 3.61 13:36:43 4.18 33 0.56
13:38:16:600623 12.450 12.980 13:36:10 3.61 13:36:46 4.26 36 0.64
13:38:20:600623 12.450 13.000 13:36:10 3.61 13:36:52 4.42 42 0.80
13:38:22:600623 12.450 13.000 13:36:10 3.61 13:36:52 4.42 42 0.80
13:39:18:600390 13.230 13.730 13:37:01 3.25 13:37:49 3.78 48 0.53
13:39:21:600390 13.230 13.730 13:37:01 3.25 13:37:49 3.78 48 0.53
13:39:23:600390 13.230 13.730 13:37:01 3.25 13:37:52 3.78 51 0.53
13:39:25:600390 13.230 13.730 13:37:01 3.25 13:37:55 3.78 54 0.53
13:39:27:600390 13.230 13.750 13:37:01 3.25 13:37:58 3.93 57 0.68
13:39:58:000014 18.160 18.850 13:38:06 3.25 13:38:27 3.80 21 0.55
13:39:58:000011 17.200 18.180 13:38:15 5.12 13:38:27 5.70 12 0.58
13:40:00:000014 18.160 18.860 13:38:06 3.25 13:38:30 3.85 24 0.61
13:40:00:000011 17.200 18.210 13:38:15 5.12 13:38:30 5.87 15 0.76
13:40:04:000014 18.160 18.870 13:38:06 3.25 13:38:33 3.91 27 0.66
13:40:04:000011 17.200 18.260 13:38:15 5.12 13:38:33 6.16 18 1.05
13:40:08:000006 8.860 9.180 13:38:18 3.05 13:38:39 3.61 21 0.56
13:40:11:000006 8.860 9.180 13:38:18 3.05 13:38:39 3.61 21 0.56
13:40:14:000014 18.160 18.900 13:38:06 3.25 13:38:45 4.07 39 0.83
13:40:14:000006 8.860 9.190 13:38:18 3.05 13:38:45 3.72 27 0.68
13:40:18:000014 18.160 18.940 13:38:06 3.25 13:38:48 4.30 42 1.05
13:40:18:000045 15.400 16.430 13:38:30 6.04 13:38:48 6.69 18 0.65
13:40:20:000014 18.160 18.960 13:38:06 3.25 13:38:51 4.41 45 1.16
13:40:20:000006 8.860 9.200 13:38:18 3.05 13:38:51 3.84 33 0.79
13:40:20:000011 17.200 18.600 13:38:15 5.12 13:38:51 8.14 36 3.02
13:40:20:000045 15.400 16.440 13:38:30 6.04 13:38:51 6.75 21 0.71
13:40:24:000006 8.860 9.200 13:38:18 3.05 13:38:54 3.84 36 0.79
13:40:26:000006 8.860 9.200 13:38:18 3.05 13:38:57 3.84 39 0.79
13:40:26:000011 17.200 18.650 13:38:15 5.12 13:38:57 8.43 42 3.31
13:40:38:000014 18.160 19.100 13:39:06 4.57 13:39:09 5.18 3 0.61
13:40:40:000014 18.160 19.100 13:39:06 4.57 13:39:09 5.18 3 0.61
13:40:49:000523 11.740 12.140 13:39:06 2.73 13:39:21 3.41 15 0.68
13:40:52:000523 11.740 12.140 13:39:06 2.73 13:39:21 3.41 15 0.68
13:40:55:000523 11.740 12.170 13:39:06 2.73 13:39:24 3.66 18 0.94
13:41:00:000523 11.740 12.200 13:39:06 2.73 13:39:30 3.92 24 1.19
13:41:04:000523 11.740 12.200 13:39:06 2.73 13:39:36 3.92 30 1.19
13:41:04:000020 21.300 22.150 13:39:00 3.29 13:39:36 3.99 36 0.70
13:41:08:000523 11.740 12.200 13:39:06 2.73 13:39:36 3.92 30 1.19
13:41:08:000020 21.300 22.150 13:39:00 3.29 13:39:36 3.99 36 0.70
13:41:24:000020 21.300 22.200 13:39:00 3.29 13:39:54 4.23 54 0.94
13:41:28:000017 12.130 12.650 13:39:06 3.71 13:39:57 4.29 51 0.58
13:41:28:000032 15.350 15.770 13:39:09 2.15 13:39:57 2.74 48 0.59
13:46:56:600692 19.590 20.150 13:45:01 2.35 13:45:27 2.86 26 0.51
13:46:58:600692 19.590 20.150 13:45:01 2.35 13:45:27 2.86 26 0.51
13:47:06:600692 19.590 20.180 13:45:01 2.35 13:45:34 3.01 33 0.66
13:47:25:600692 19.590 20.200 13:45:01 2.35 13:45:55 3.11 54 0.77
13:47:29:600692 19.590 20.200 13:45:01 2.35 13:45:55 3.11 54 0.77
13:52:12:601009 11.800 12.240 13:50:01 3.22 13:50:43 3.73 42 0.51
13:52:16:601009 11.800 12.240 13:50:01 3.22 13:50:48 3.73 47 0.51
13:52:18:601009 11.800 12.240 13:50:01 3.22 13:50:48 3.73 47 0.51
13:57:08:600618 13.570 14.080 13:55:31 3.24 13:55:40 3.76 9 0.52
13:57:11:600618 13.570 14.080 13:55:31 3.24 13:55:40 3.76 9 0.52
13:57:20:600618 13.570 14.090 13:55:31 3.24 13:55:52 3.83 21 0.59
13:57:24:600618 13.570 14.090 13:55:31 3.24 13:55:52 3.83 21 0.59
13:59:30:600381 18.210 18.680 13:57:04 2.03 13:57:58 2.58 54 0.55
14:00:04:601116 37.530 40.900 13:58:16 8.37 13:58:34 8.98 18 0.61
14:01:15:600787 9.390 9.690 13:59:07 2.66 13:59:46 3.19 39 0.53
14:01:26:600787 9.390 9.690 13:59:07 2.66 13:59:55 3.19 48 0.53
14:03:27:600361 7.230 7.430 14:01:31 2.21 14:01:58 2.77 27 0.55
14:03:30:600361 7.230 7.430 14:01:31 2.21 14:01:58 2.77 27 0.55
14:04:00:600814 12.800 13.180 14:02:01 2.42 14:02:28 2.97 27 0.55
14:04:07:600814 12.800 13.180 14:02:01 2.42 14:02:37 2.97 36 0.55
14:04:10:600814 12.800 13.180 14:02:01 2.42 14:02:37 2.97 36 0.55
14:04:10:002697 8.150 8.370 14:02:03 2.09 14:02:39 2.70 36 0.61
14:04:13:002697 8.150 8.370 14:02:03 2.09 14:02:45 2.70 42 0.61
14:04:15:002697 8.150 8.370 14:02:03 2.09 14:02:45 2.70 42 0.61
14:04:17:002697 8.150 8.370 14:02:03 2.09 14:02:48 2.70 45 0.61
14:04:28:002697 8.150 8.390 14:02:03 2.09 14:02:57 2.94 54 0.86
14:04:30:600814 12.800 13.200 14:02:01 2.42 14:02:58 3.12 57 0.70
14:08:27:600845 19.160 19.720 14:06:00 2.35 14:06:58 2.92 58 0.57
14:09:03:600845 19.160 19.850 14:07:01 2.97 14:07:34 3.60 33 0.63
14:09:05:600845 19.160 19.850 14:07:01 2.97 14:07:37 3.60 36 0.63
14:09:09:600845 19.160 19.860 14:07:01 2.97 14:07:40 3.65 39 0.68
14:09:13:600845 19.160 19.870 14:07:01 2.97 14:07:43 3.71 42 0.73
14:09:18:600845 19.160 19.880 14:07:01 2.97 14:07:49 3.76 48 0.78
14:09:23:600845 19.160 19.880 14:07:01 2.97 14:07:55 3.76 54 0.78
14:10:09:600845 19.160 20.100 14:08:10 4.12 14:08:40 4.91 30 0.78
14:10:12:600845 19.160 20.100 14:08:10 4.12 14:08:43 4.91 33 0.78
14:10:14:600845 19.160 20.100 14:08:10 4.12 14:08:46 4.91 36 0.78
14:10:18:600845 19.160 20.150 14:08:10 4.12 14:08:49 5.17 39 1.04
14:11:08:600845 19.160 20.480 14:09:16 5.90 14:09:40 6.89 24 0.99
14:11:10:600845 19.160 20.480 14:09:16 5.90 14:09:40 6.89 24 0.99
14:13:17:002363 11.970 12.280 14:11:00 2.09 14:11:45 2.59 45 0.50
14:13:17:600854 7.420 7.680 14:11:04 2.96 14:11:49 3.50 45 0.54
14:13:19:600854 7.420 7.680 14:11:04 2.96 14:11:49 3.50 45 0.54
14:13:21:600854 7.420 7.680 14:11:04 2.96 14:11:52 3.50 48 0.54
14:13:25:600854 7.420 7.690 14:11:04 2.96 14:11:55 3.64 51 0.67
14:13:27:600854 7.420 7.690 14:11:04 2.96 14:11:58 3.64 54 0.67
14:15:07:000411 23.260 24.000 14:13:00 2.67 14:13:39 3.18 39 0.52
14:15:09:000411 23.260 24.000 14:13:00 2.67 14:13:39 3.18 39 0.52
14:15:14:000411 23.260 24.000 14:13:00 2.67 14:13:45 3.18 45 0.52
14:15:16:000411 23.260 24.000 14:13:00 2.67 14:13:48 3.18 48 0.52
14:15:18:000411 23.260 24.000 14:13:00 2.67 14:13:48 3.18 48 0.52
14:15:20:000411 23.260 24.000 14:13:00 2.67 14:13:51 3.18 51 0.52
14:15:24:000411 23.260 24.000 14:13:00 2.67 14:13:51 3.18 51 0.52
14:15:26:000411 23.260 24.010 14:13:00 2.67 14:13:57 3.22 57 0.56
14:16:19:000544 19.980 20.600 14:14:39 2.60 14:14:51 3.10 12 0.50
14:16:19:000411 23.260 24.150 14:14:00 3.22 14:14:51 3.83 51 0.60
14:16:21:000411 23.260 24.150 14:14:00 3.22 14:14:54 3.83 54 0.60
14:16:24:000411 23.260 24.150 14:14:00 3.22 14:14:54 3.83 54 0.60
14:16:27:000544 19.980 20.600 14:14:39 2.60 14:14:57 3.10 18 0.50
14:16:27:000411 23.260 24.150 14:14:00 3.22 14:14:57 3.83 57 0.60
14:29:14:600800 10.770 11.280 14:27:01 3.99 14:27:46 4.74 45 0.74
14:29:16:600800 10.770 11.280 14:27:01 3.99 14:27:46 4.74 45 0.74
14:29:18:600800 10.770 11.280 14:27:01 3.99 14:27:49 4.74 48 0.74
14:29:25:600800 10.770 11.290 14:27:01 3.99 14:27:55 4.83 54 0.84
14:29:26:600800 10.770 11.300 14:27:01 3.99 14:27:58 4.92 57 0.93
14:30:23:002119 19.880 20.750 14:28:00 3.87 14:28:54 4.38 54 0.50
14:30:25:002119 19.880 20.750 14:28:00 3.87 14:28:54 4.38 54 0.50
14:30:28:002119 19.880 20.750 14:28:00 3.87 14:28:57 4.38 57 0.50
14:33:09:600845 19.160 20.730 14:31:16 7.52 14:31:40 8.19 24 0.68
14:33:11:600845 19.160 20.730 14:31:16 7.52 14:31:40 8.19 24 0.68
14:33:14:600845 19.160 20.780 14:31:16 7.52 14:31:43 8.46 27 0.94
14:33:19:600845 19.160 20.880 14:31:16 7.52 14:31:49 8.98 33 1.46
14:33:21:600845 19.160 20.880 14:31:16 7.52 14:31:49 8.98 33 1.46
14:41:46:600698 12.400 12.780 14:40:04 2.42 14:40:18 3.06 14 0.65
14:41:49:600698 12.400 12.780 14:40:04 2.42 14:40:18 3.06 14 0.65
14:42:01:600698 12.400 12.800 14:40:04 2.42 14:40:31 3.23 27 0.81
14:42:06:600698 12.400 12.810 14:40:04 2.42 14:40:33 3.31 29 0.89
