09:36:50:002717 24.380 25.170 09:35:03 2.63 09:35:24 3.24 21 0.62
09:36:50:002717 24.380 25.170 09:35:03 2.63 09:35:24 3.24 21 0.62
09:36:51:002717 24.380 25.170 09:35:03 2.63 09:35:24 3.24 21 0.62
09:36:52:002717 24.380 25.170 09:35:03 2.63 09:35:24 3.24 21 0.62
09:36:56:002717 24.380 25.190 09:35:03 2.63 09:35:30 3.32 27 0.70
09:36:57:002717 24.380 25.190 09:35:03 2.63 09:35:30 3.32 27 0.70
09:36:58:002717 24.380 25.190 09:35:03 2.63 09:35:30 3.32 27 0.70
09:37:02:002717 24.380 25.280 09:35:03 2.63 09:35:36 3.69 33 1.07
09:37:03:002717 24.380 25.280 09:35:03 2.63 09:35:36 3.69 33 1.07
09:37:03:600724 6.130 6.300 09:35:19 2.12 09:35:37 2.77 18 0.65
09:37:04:002717 24.380 25.280 09:35:03 2.63 09:35:36 3.69 33 1.07
09:37:04:600724 6.130 6.300 09:35:19 2.12 09:35:37 2.77 18 0.65
09:37:05:600724 6.130 6.300 09:35:19 2.12 09:35:37 2.77 18 0.65
09:37:06:600724 6.130 6.320 09:35:19 2.12 09:35:40 3.10 21 0.98
09:37:07:600724 6.130 6.320 09:35:19 2.12 09:35:40 3.10 21 0.98
09:37:07:600724 6.130 6.320 09:35:19 2.12 09:35:40 3.10 21 0.98
09:37:08:600724 6.130 6.320 09:35:19 2.12 09:35:40 3.10 21 0.98
09:37:11:002717 24.380 25.300 09:35:03 2.63 09:35:45 3.77 42 1.15
09:37:12:002717 24.380 25.300 09:35:03 2.63 09:35:45 3.77 42 1.15
09:37:12:002717 24.380 25.300 09:35:03 2.63 09:35:45 3.77 42 1.15
09:37:13:002717 24.380 25.300 09:35:03 2.63 09:35:45 3.77 42 1.15
09:37:14:002717 24.380 25.300 09:35:03 2.63 09:35:48 3.77 45 1.15
09:37:15:002717 24.380 25.300 09:35:03 2.63 09:35:48 3.77 45 1.15
09:37:16:002717 24.380 25.300 09:35:03 2.63 09:35:48 3.77 45 1.15
09:37:17:002717 24.380 25.300 09:35:03 2.63 09:35:48 3.77 45 1.15
09:37:18:002717 24.380 25.300 09:35:03 2.63 09:35:51 3.77 48 1.15
09:37:18:002717 24.380 25.300 09:35:03 2.63 09:35:51 3.77 48 1.15
09:37:19:002717 24.380 25.310 09:35:03 2.63 09:35:54 3.81 51 1.19
09:37:20:002717 24.380 25.310 09:35:03 2.63 09:35:54 3.81 51 1.19
09:37:20:601099 5.190 5.510 09:35:25 5.59 09:35:55 6.17 30 0.58
09:37:21:002717 24.380 25.310 09:35:03 2.63 09:35:54 3.81 51 1.19
09:37:21:601099 5.190 5.510 09:35:25 5.59 09:35:55 6.17 30 0.58
09:37:22:002717 24.380 25.310 09:35:03 2.63 09:35:54 3.81 51 1.19
09:37:22:601099 5.190 5.510 09:35:25 5.59 09:35:55 6.17 30 0.58
09:37:23:002717 24.380 25.330 09:35:03 2.63 09:35:57 3.90 54 1.27
09:37:24:002717 24.380 25.330 09:35:03 2.63 09:35:57 3.90 54 1.27
09:37:25:002717 24.380 25.330 09:35:03 2.63 09:35:57 3.90 54 1.27
09:37:33:000897 5.220 5.400 09:36:00 2.49 09:36:09 3.45 9 0.96
09:37:34:000897 5.220 5.400 09:36:00 2.49 09:36:09 3.45 9 0.96
09:37:35:000897 5.220 5.400 09:36:00 2.49 09:36:09 3.45 9 0.96
09:37:36:000897 5.220 5.400 09:36:00 2.49 09:36:09 3.45 9 0.96
09:37:37:000897 5.220 5.400 09:36:00 2.49 09:36:12 3.45 12 0.96
09:37:38:000897 5.220 5.400 09:36:00 2.49 09:36:12 3.45 12 0.96
09:37:39:000897 5.220 5.400 09:36:00 2.49 09:36:12 3.45 12 0.96
09:37:40:000897 5.220 5.410 09:36:00 2.49 09:36:15 3.64 15 1.15
09:37:41:000897 5.220 5.410 09:36:00 2.49 09:36:15 3.64 15 1.15
09:37:41:600753 34.300 35.180 09:36:01 2.04 09:36:16 2.57 15 0.52
09:37:41:000897 5.220 5.410 09:36:00 2.49 09:36:15 3.64 15 1.15
09:37:41:600753 34.300 35.180 09:36:01 2.04 09:36:16 2.57 15 0.52
09:37:42:000897 5.220 5.420 09:36:00 2.49 09:36:18 3.83 18 1.34
09:37:42:600753 34.300 35.180 09:36:01 2.04 09:36:16 2.57 15 0.52
09:37:43:000897 5.220 5.420 09:36:00 2.49 09:36:18 3.83 18 1.34
09:37:43:600753 34.300 35.180 09:36:01 2.04 09:36:16 2.57 15 0.52
09:37:44:000897 5.220 5.420 09:36:00 2.49 09:36:18 3.83 18 1.34
09:37:44:600753 34.300 35.180 09:36:01 2.04 09:36:16 2.57 15 0.52
09:37:45:000897 5.220 5.420 09:36:00 2.49 09:36:18 3.83 18 1.34
09:37:45:600753 34.300 35.180 09:36:01 2.04 09:36:19 2.57 18 0.52
09:37:46:600753 34.300 35.180 09:36:01 2.04 09:36:19 2.57 18 0.52
09:37:47:600753 34.300 35.180 09:36:01 2.04 09:36:19 2.57 18 0.52
09:37:48:600753 34.300 35.180 09:36:01 2.04 09:36:22 2.57 21 0.52
09:37:49:000897 5.220 5.430 09:36:00 2.49 09:36:24 4.02 24 1.53
09:37:49:600753 34.300 35.180 09:36:01 2.04 09:36:22 2.57 21 0.52
09:37:50:000897 5.220 5.430 09:36:00 2.49 09:36:24 4.02 24 1.53
09:37:50:600753 34.300 35.180 09:36:01 2.04 09:36:22 2.57 21 0.52
09:37:50:000897 5.220 5.430 09:36:00 2.49 09:36:24 4.02 24 1.53
09:37:50:600753 34.300 35.180 09:36:01 2.04 09:36:22 2.57 21 0.52
09:37:51:000897 5.220 5.430 09:36:00 2.49 09:36:24 4.02 24 1.53
09:37:51:600753 34.300 35.180 09:36:01 2.04 09:36:25 2.57 24 0.52
09:37:52:000897 5.220 5.440 09:36:00 2.49 09:36:27 4.21 27 1.72
09:37:52:600753 34.300 35.180 09:36:01 2.04 09:36:25 2.57 24 0.52
09:37:53:000897 5.220 5.440 09:36:00 2.49 09:36:27 4.21 27 1.72
09:37:53:600753 34.300 35.180 09:36:01 2.04 09:36:25 2.57 24 0.52
09:37:54:000897 5.220 5.440 09:36:00 2.49 09:36:27 4.21 27 1.72
09:37:54:600753 34.300 35.180 09:36:01 2.04 09:36:28 2.57 27 0.52
09:37:55:000897 5.220 5.440 09:36:00 2.49 09:36:30 4.21 30 1.72
09:37:55:600753 34.300 35.180 09:36:01 2.04 09:36:28 2.57 27 0.52
09:37:56:000897 5.220 5.440 09:36:00 2.49 09:36:30 4.21 30 1.72
09:37:56:600753 34.300 35.180 09:36:01 2.04 09:36:28 2.57 27 0.52
09:37:57:000897 5.220 5.440 09:36:00 2.49 09:36:30 4.21 30 1.72
09:37:57:600753 34.300 35.180 09:36:01 2.04 09:36:28 2.57 27 0.52
09:37:58:600753 34.300 35.180 09:36:01 2.04 09:36:31 2.57 30 0.52
09:37:58:600753 34.300 35.180 09:36:01 2.04 09:36:31 2.57 30 0.52
09:37:59:600698 13.010 13.360 09:36:01 2.15 09:36:34 2.69 33 0.54
09:38:00:600698 13.010 13.360 09:36:01 2.15 09:36:34 2.69 33 0.54
09:38:01:600698 13.010 13.360 09:36:01 2.15 09:36:34 2.69 33 0.54
09:38:02:600698 13.010 13.360 09:36:01 2.15 09:36:34 2.69 33 0.54
09:38:03:600698 13.010 13.360 09:36:01 2.15 09:36:34 2.69 33 0.54
09:38:03:601099 5.190 5.540 09:36:01 6.17 09:36:37 6.74 36 0.58
09:38:04:601099 5.190 5.540 09:36:01 6.17 09:36:37 6.74 36 0.58
09:38:05:601099 5.190 5.540 09:36:01 6.17 09:36:37 6.74 36 0.58
09:38:06:600753 34.300 35.190 09:36:01 2.04 09:36:40 2.59 39 0.55
09:38:07:600753 34.300 35.190 09:36:01 2.04 09:36:40 2.59 39 0.55
09:38:08:600753 34.300 35.190 09:36:01 2.04 09:36:40 2.59 39 0.55
09:38:09:601099 5.190 5.540 09:36:01 6.17 09:36:43 6.74 42 0.58
09:38:09:600698 13.010 13.400 09:36:01 2.15 09:36:43 3.00 42 0.85
09:38:10:601099 5.190 5.540 09:36:01 6.17 09:36:43 6.74 42 0.58
09:38:10:600698 13.010 13.400 09:36:01 2.15 09:36:43 3.00 42 0.85
09:38:10:000750 6.740 6.950 09:36:06 2.37 09:36:45 3.12 39 0.74
09:38:10:601099 5.190 5.540 09:36:01 6.17 09:36:43 6.74 42 0.58
09:38:10:600698 13.010 13.400 09:36:01 2.15 09:36:43 3.00 42 0.85
09:38:10:000750 6.740 6.950 09:36:06 2.37 09:36:45 3.12 39 0.74
09:38:11:600854 7.750 7.950 09:36:28 2.06 09:36:46 2.58 18 0.52
09:38:11:000750 6.740 6.950 09:36:06 2.37 09:36:45 3.12 39 0.74
09:38:12:600854 7.750 7.950 09:36:28 2.06 09:36:46 2.58 18 0.52
09:38:12:000750 6.740 6.950 09:36:06 2.37 09:36:45 3.12 39 0.74
09:38:13:600854 7.750 7.950 09:36:28 2.06 09:36:46 2.58 18 0.52
09:38:14:600854 7.750 7.950 09:36:28 2.06 09:36:46 2.58 18 0.52
09:38:15:600854 7.750 7.950 09:36:28 2.06 09:36:46 2.58 18 0.52
09:38:16:601099 5.190 5.540 09:36:01 6.17 09:36:49 6.74 48 0.58
09:38:17:601099 5.190 5.540 09:36:01 6.17 09:36:49 6.74 48 0.58
09:38:18:600580 8.670 8.910 09:36:37 2.08 09:36:52 2.77 15 0.69
09:38:18:601099 5.190 5.540 09:36:01 6.17 09:36:52 6.74 51 0.58
09:38:18:600753 34.300 35.190 09:36:01 2.04 09:36:52 2.59 51 0.55
09:38:19:600580 8.670 8.910 09:36:37 2.08 09:36:52 2.77 15 0.69
09:38:19:601099 5.190 5.540 09:36:01 6.17 09:36:52 6.74 51 0.58
09:38:19:600753 34.300 35.190 09:36:01 2.04 09:36:52 2.59 51 0.55
09:38:21:601099 5.190 5.540 09:36:01 6.17 09:36:55 6.74 54 0.58
09:38:21:600854 7.750 7.980 09:36:28 2.06 09:36:55 2.97 27 0.90
09:38:21:600698 13.010 13.400 09:36:01 2.15 09:36:55 3.00 54 0.85
09:38:23:601099 5.190 5.540 09:36:01 6.17 09:36:55 6.74 54 0.58
09:38:23:600854 7.750 7.980 09:36:28 2.06 09:36:55 2.97 27 0.90
09:38:23:600698 13.010 13.400 09:36:01 2.15 09:36:55 3.00 54 0.85
09:38:23:000897 5.220 5.500 09:36:00 2.49 09:36:57 5.36 57 2.87
09:38:24:601099 5.190 5.540 09:36:01 6.17 09:36:55 6.74 54 0.58
09:38:24:600854 7.750 7.980 09:36:28 2.06 09:36:55 2.97 27 0.90
09:38:24:600698 13.010 13.400 09:36:01 2.15 09:36:55 3.00 54 0.85
09:38:24:000897 5.220 5.500 09:36:00 2.49 09:36:57 5.36 57 2.87
09:38:26:600698 13.010 13.400 09:36:01 2.15 09:36:58 3.00 57 0.85
09:38:26:600854 7.750 8.000 09:36:28 2.06 09:36:58 3.23 30 1.16
09:38:26:601099 5.190 5.540 09:36:01 6.17 09:36:58 6.74 57 0.58
09:39:06:600580 8.670 9.030 09:37:07 3.23 09:37:40 4.15 33 0.92
09:39:07:600580 8.670 9.030 09:37:07 3.23 09:37:40 4.15 33 0.92
09:39:07:000720 6.660 6.840 09:37:33 2.10 09:37:42 2.70 9 0.60
09:39:08:600580 8.670 9.030 09:37:07 3.23 09:37:40 4.15 33 0.92
09:39:08:000720 6.660 6.840 09:37:33 2.10 09:37:42 2.70 9 0.60
09:39:13:000720 6.660 6.840 09:37:33 2.10 09:37:48 2.70 15 0.60
09:39:14:000720 6.660 6.840 09:37:33 2.10 09:37:48 2.70 15 0.60
09:39:15:000720 6.660 6.840 09:37:33 2.10 09:37:48 2.70 15 0.60
09:39:16:000720 6.660 6.840 09:37:33 2.10 09:37:51 2.70 18 0.60
09:39:17:000720 6.660 6.840 09:37:33 2.10 09:37:51 2.70 18 0.60
09:39:17:000720 6.660 6.840 09:37:33 2.10 09:37:51 2.70 18 0.60
09:39:18:000720 6.660 6.840 09:37:33 2.10 09:37:51 2.70 18 0.60
09:39:19:000720 6.660 6.840 09:37:33 2.10 09:37:54 2.70 21 0.60
09:39:20:000720 6.660 6.840 09:37:33 2.10 09:37:54 2.70 21 0.60
09:39:21:600580 8.670 9.100 09:37:07 3.23 09:37:55 4.96 48 1.73
09:39:21:000720 6.660 6.840 09:37:33 2.10 09:37:54 2.70 21 0.60
09:39:22:000561 15.760 16.160 09:37:24 2.03 09:37:57 2.54 33 0.51
09:39:22:600580 8.670 9.100 09:37:07 3.23 09:37:55 4.96 48 1.73
09:39:23:000561 15.760 16.160 09:37:24 2.03 09:37:57 2.54 33 0.51
09:39:23:600580 8.670 9.100 09:37:07 3.23 09:37:55 4.96 48 1.73
09:39:23:000561 15.760 16.160 09:37:24 2.03 09:37:57 2.54 33 0.51
09:39:24:000561 15.760 16.160 09:37:24 2.03 09:37:57 2.54 33 0.51
09:40:11:002361 8.730 8.970 09:38:03 2.18 09:38:45 2.75 42 0.57
09:40:12:002361 8.730 8.970 09:38:03 2.18 09:38:45 2.75 42 0.57
09:40:13:002342 7.760 7.970 09:38:21 2.19 09:38:48 2.71 27 0.52
09:40:13:002361 8.730 8.970 09:38:03 2.18 09:38:45 2.75 42 0.57
09:40:14:002342 7.760 7.970 09:38:21 2.19 09:38:48 2.71 27 0.52
09:40:15:002342 7.760 7.970 09:38:21 2.19 09:38:48 2.71 27 0.52
09:40:17:002342 7.760 7.970 09:38:21 2.19 09:38:48 2.71 27 0.52
09:40:19:002342 7.760 7.970 09:38:21 2.19 09:38:54 2.71 33 0.52
09:40:20:002342 7.760 7.970 09:38:21 2.19 09:38:54 2.71 33 0.52
09:40:21:002342 7.760 7.970 09:38:21 2.19 09:38:54 2.71 33 0.52
09:40:22:002342 7.760 7.970 09:38:21 2.19 09:38:57 2.71 36 0.52
09:40:23:002342 7.760 7.970 09:38:21 2.19 09:38:57 2.71 36 0.52
09:40:24:002342 7.760 7.970 09:38:21 2.19 09:38:57 2.71 36 0.52
09:40:25:002342 7.760 7.970 09:38:21 2.19 09:38:57 2.71 36 0.52
09:41:15:600698 13.010 13.490 09:39:02 3.00 09:39:50 3.69 48 0.69
09:41:16:600698 13.010 13.490 09:39:02 3.00 09:39:50 3.69 48 0.69
09:41:17:600698 13.010 13.490 09:39:02 3.00 09:39:50 3.69 48 0.69
09:41:56:000401 13.650 14.100 09:40:09 2.56 09:40:30 3.30 21 0.73
09:41:57:000401 13.650 14.100 09:40:09 2.56 09:40:30 3.30 21 0.73
09:41:58:000401 13.650 14.100 09:40:09 2.56 09:40:30 3.30 21 0.73
09:43:43:600326 10.530 11.060 09:42:05 4.46 09:42:17 5.03 12 0.57
09:43:44:600326 10.530 11.060 09:42:05 4.46 09:42:17 5.03 12 0.57
09:43:47:002195 9.900 10.350 09:42:06 2.93 09:42:21 4.55 15 1.62
09:43:48:002195 9.900 10.350 09:42:06 2.93 09:42:21 4.55 15 1.62
09:43:49:600854 7.750 8.100 09:42:05 3.87 09:42:23 4.52 18 0.65
09:43:49:002195 9.900 10.350 09:42:06 2.93 09:42:21 4.55 15 1.62
09:43:51:600854 7.750 8.100 09:42:05 3.87 09:42:23 4.52 18 0.65
09:43:52:600854 7.750 8.100 09:42:05 3.87 09:42:26 4.52 21 0.65
09:43:52:600854 7.750 8.100 09:42:05 3.87 09:42:26 4.52 21 0.65
09:43:54:600854 7.750 8.100 09:42:05 3.87 09:42:26 4.52 21 0.65
09:43:55:600854 7.750 8.150 09:42:05 3.87 09:42:29 5.16 24 1.29
09:43:56:600854 7.750 8.150 09:42:05 3.87 09:42:29 5.16 24 1.29
09:43:57:600854 7.750 8.150 09:42:05 3.87 09:42:29 5.16 24 1.29
09:44:01:600854 7.750 8.180 09:42:05 3.87 09:42:35 5.55 30 1.68
09:44:03:600854 7.750 8.180 09:42:05 3.87 09:42:35 5.55 30 1.68
09:44:07:600854 7.750 8.200 09:42:05 3.87 09:42:41 5.81 36 1.94
09:44:08:600854 7.750 8.200 09:42:05 3.87 09:42:41 5.81 36 1.94
09:45:01:600155 14.160 14.580 09:43:02 2.40 09:43:32 2.97 30 0.56
09:45:03:600155 14.160 14.580 09:43:02 2.40 09:43:35 2.97 33 0.56
09:45:17:600155 14.160 14.580 09:43:02 2.40 09:43:44 2.97 42 0.56
09:45:21:600543 13.950 14.320 09:43:29 2.15 09:43:56 2.65 27 0.50
09:45:22:600155 14.160 14.580 09:43:02 2.40 09:43:56 2.97 54 0.56
09:45:22:600543 13.950 14.320 09:43:29 2.15 09:43:56 2.65 27 0.50
09:45:23:600155 14.160 14.580 09:43:02 2.40 09:43:56 2.97 54 0.56
09:45:23:600543 13.950 14.320 09:43:29 2.15 09:43:56 2.65 27 0.50
09:45:24:600155 14.160 14.580 09:43:02 2.40 09:43:56 2.97 54 0.56
09:45:24:600543 13.950 14.320 09:43:29 2.15 09:43:56 2.65 27 0.50
09:45:24:600155 14.160 14.580 09:43:02 2.40 09:43:56 2.97 54 0.56
09:45:24:600543 13.950 14.320 09:43:29 2.15 09:43:56 2.65 27 0.50
09:45:25:600155 14.160 14.590 09:43:02 2.40 09:43:59 3.04 57 0.64
09:45:25:600543 13.950 14.320 09:43:29 2.15 09:43:59 2.65 30 0.50
09:45:26:600155 14.160 14.590 09:43:02 2.40 09:43:59 3.04 57 0.64
09:45:26:600543 13.950 14.320 09:43:29 2.15 09:43:59 2.65 30 0.50
09:45:27:600155 14.160 14.590 09:43:02 2.40 09:43:59 3.04 57 0.64
09:45:27:600543 13.950 14.320 09:43:29 2.15 09:43:59 2.65 30 0.50
09:46:00:600167 19.000 19.840 09:44:02 3.89 09:44:32 4.42 30 0.53
09:46:01:600167 19.000 19.840 09:44:02 3.89 09:44:32 4.42 30 0.53
09:46:02:600167 19.000 19.880 09:44:02 3.89 09:44:35 4.63 33 0.74
09:46:03:600167 19.000 19.880 09:44:02 3.89 09:44:35 4.63 33 0.74
09:46:23:000561 15.760 16.510 09:44:24 4.06 09:44:54 4.76 30 0.70
09:46:23:600167 19.000 20.000 09:44:02 3.89 09:44:53 5.26 51 1.37
09:46:23:000750 6.740 7.000 09:44:03 3.26 09:44:54 3.86 51 0.59
09:46:55:002361 8.730 9.200 09:45:00 4.12 09:45:30 5.38 30 1.26
09:46:56:002361 8.730 9.200 09:45:00 4.12 09:45:30 5.38 30 1.26
09:46:57:002361 8.730 9.200 09:45:00 4.12 09:45:30 5.38 30 1.26
09:47:05:002361 8.730 9.230 09:45:00 4.12 09:45:39 5.73 39 1.60
09:47:06:002361 8.730 9.230 09:45:00 4.12 09:45:39 5.73 39 1.60
09:47:07:002361 8.730 9.230 09:45:00 4.12 09:45:39 5.73 39 1.60
09:47:21:000750 6.740 7.060 09:45:03 4.15 09:45:54 4.75 51 0.59
09:47:26:000750 6.740 7.070 09:45:03 4.15 09:45:57 4.90 54 0.74
09:47:48:600854 7.750 8.350 09:46:02 7.10 09:46:20 7.74 18 0.65
09:47:56:600854 7.750 8.390 09:46:02 7.10 09:46:29 8.26 27 1.16
09:47:57:600854 7.750 8.390 09:46:02 7.10 09:46:29 8.26 27 1.16
09:47:58:600854 7.750 8.390 09:46:02 7.10 09:46:29 8.26 27 1.16
09:48:22:002372 16.250 16.770 09:46:00 2.65 09:46:51 3.20 51 0.55
09:48:37:600982 5.760 5.980 09:47:02 2.43 09:47:11 3.82 9 1.39
09:48:38:600982 5.760 5.980 09:47:02 2.43 09:47:11 3.82 9 1.39
09:48:44:600982 5.760 6.000 09:47:02 2.43 09:47:17 4.17 15 1.74
09:48:45:600982 5.760 6.000 09:47:02 2.43 09:47:17 4.17 15 1.74
09:48:46:600982 5.760 6.000 09:47:02 2.43 09:47:17 4.17 15 1.74
09:48:47:600982 5.760 6.020 09:47:02 2.43 09:47:20 4.51 18 2.08
09:48:47:600982 5.760 6.020 09:47:02 2.43 09:47:20 4.51 18 2.08
09:48:48:600982 5.760 6.020 09:47:02 2.43 09:47:20 4.51 18 2.08
09:48:50:600982 5.760 6.080 09:47:02 2.43 09:47:23 5.56 21 3.12
09:48:51:600982 5.760 6.080 09:47:02 2.43 09:47:23 5.56 21 3.12
09:48:52:600982 5.760 6.080 09:47:02 2.43 09:47:23 5.56 21 3.12
09:48:53:000818 13.900 14.370 09:47:00 2.88 09:47:27 3.38 27 0.50
09:48:53:000818 13.900 14.370 09:47:00 2.88 09:47:27 3.38 27 0.50
09:48:54:000818 13.900 14.370 09:47:00 2.88 09:47:27 3.38 27 0.50
09:48:55:000818 13.900 14.370 09:47:00 2.88 09:47:30 3.38 30 0.50
09:48:56:000818 13.900 14.370 09:47:00 2.88 09:47:30 3.38 30 0.50
09:48:57:000818 13.900 14.370 09:47:00 2.88 09:47:30 3.38 30 0.50
09:48:59:600982 5.760 6.100 09:47:02 2.43 09:47:32 5.90 30 3.47
09:48:59:000752 16.280 17.050 09:47:03 3.81 09:47:33 4.73 30 0.92
09:49:00:600982 5.760 6.100 09:47:02 2.43 09:47:32 5.90 30 3.47
09:49:00:000752 16.280 17.050 09:47:03 3.81 09:47:33 4.73 30 0.92
09:49:01:000709 3.990 4.100 09:47:00 2.26 09:47:36 2.76 36 0.50
09:49:01:600982 5.760 6.100 09:47:02 2.43 09:47:32 5.90 30 3.47
09:49:02:000709 3.990 4.100 09:47:00 2.26 09:47:36 2.76 36 0.50
09:49:02:600982 5.760 6.100 09:47:02 2.43 09:47:32 5.90 30 3.47
09:49:02:603616 15.840 16.660 09:47:02 4.29 09:47:35 5.18 33 0.88
09:49:03:000709 3.990 4.100 09:47:00 2.26 09:47:36 2.76 36 0.50
09:49:03:600982 5.760 6.120 09:47:02 2.43 09:47:35 6.25 33 3.82
09:49:03:603616 15.840 16.660 09:47:02 4.29 09:47:35 5.18 33 0.88
09:49:05:000818 13.900 14.400 09:47:00 2.88 09:47:39 3.60 39 0.72
09:49:05:603616 15.840 16.660 09:47:02 4.29 09:47:38 5.18 36 0.88
09:49:05:000752 16.280 17.100 09:47:03 3.81 09:47:39 5.04 36 1.23
09:49:06:000818 13.900 14.400 09:47:00 2.88 09:47:39 3.60 39 0.72
09:49:06:603616 15.840 16.660 09:47:02 4.29 09:47:38 5.18 36 0.88
09:49:06:000752 16.280 17.100 09:47:03 3.81 09:47:39 5.04 36 1.23
09:49:07:000818 13.900 14.410 09:47:00 2.88 09:47:42 3.67 42 0.79
09:49:07:603616 15.840 16.660 09:47:02 4.29 09:47:38 5.18 36 0.88
09:49:07:000752 16.280 17.100 09:47:03 3.81 09:47:39 5.04 36 1.23
09:49:08:000709 3.990 4.100 09:47:00 2.26 09:47:42 2.76 42 0.50
09:49:08:000818 13.900 14.410 09:47:00 2.88 09:47:42 3.67 42 0.79
09:49:08:600982 5.760 6.160 09:47:02 2.43 09:47:41 6.94 39 4.51
09:49:08:000752 16.280 17.200 09:47:03 3.81 09:47:42 5.65 39 1.84
09:49:09:000709 3.990 4.100 09:47:00 2.26 09:47:42 2.76 42 0.50
09:49:09:000818 13.900 14.410 09:47:00 2.88 09:47:42 3.67 42 0.79
09:49:09:600982 5.760 6.160 09:47:02 2.43 09:47:41 6.94 39 4.51
09:49:09:000752 16.280 17.200 09:47:03 3.81 09:47:42 5.65 39 1.84
09:49:12:000709 3.990 4.100 09:47:00 2.26 09:47:45 2.76 45 0.50
09:49:15:000752 16.280 17.240 09:47:03 3.81 09:47:48 5.90 45 2.09
09:49:16:000752 16.280 17.240 09:47:03 3.81 09:47:48 5.90 45 2.09
09:49:18:000762 17.570 18.050 09:47:18 2.16 09:47:51 2.73 33 0.57
09:49:18:603616 15.840 16.690 09:47:02 4.29 09:47:50 5.37 48 1.07
09:49:19:000762 17.570 18.050 09:47:18 2.16 09:47:54 2.73 36 0.57
09:49:21:600155 14.160 14.780 09:47:02 3.67 09:47:53 4.38 51 0.71
09:49:21:000762 17.570 18.050 09:47:18 2.16 09:47:54 2.73 36 0.57
09:49:22:600155 14.160 14.780 09:47:02 3.67 09:47:53 4.38 51 0.71
09:49:22:603616 15.840 16.700 09:47:02 4.29 09:47:56 5.43 54 1.14
09:49:23:603616 15.840 16.700 09:47:02 4.29 09:47:56 5.43 54 1.14
09:49:24:603616 15.840 16.700 09:47:02 4.29 09:47:56 5.43 54 1.14
09:49:25:603616 15.840 16.700 09:47:02 4.29 09:47:56 5.43 54 1.14
09:49:26:603616 15.840 16.700 09:47:02 4.29 09:47:59 5.43 57 1.14
09:49:28:603616 15.840 16.700 09:47:02 4.29 09:47:59 5.43 57 1.14
09:50:23:002062 6.580 6.780 09:48:09 2.43 09:48:57 3.04 48 0.61
09:50:24:002062 6.580 6.780 09:48:09 2.43 09:48:57 3.04 48 0.61
09:50:25:002062 6.580 6.780 09:48:09 2.43 09:48:57 3.04 48 0.61
09:50:45:002342 7.760 8.040 09:49:00 3.09 09:49:15 3.61 15 0.52
09:50:46:002342 7.760 8.050 09:49:00 3.09 09:49:18 3.74 18 0.64
09:50:47:002342 7.760 8.060 09:49:00 3.09 09:49:21 3.87 21 0.77
09:50:47:600074 13.290 14.100 09:49:11 5.42 09:49:22 6.09 11 0.68
09:50:50:002342 7.760 8.060 09:49:00 3.09 09:49:21 3.87 21 0.77
09:50:50:600074 13.290 14.100 09:49:11 5.42 09:49:22 6.09 11 0.68
09:50:53:002342 7.760 8.070 09:49:00 3.09 09:49:24 3.99 24 0.90
09:50:59:002342 7.760 8.130 09:49:00 3.09 09:49:33 4.77 33 1.68
09:51:00:002342 7.760 8.130 09:49:00 3.09 09:49:33 4.77 33 1.68
09:51:01:002342 7.760 8.130 09:49:00 3.09 09:49:33 4.77 33 1.68
09:51:02:002342 7.760 8.130 09:49:00 3.09 09:49:36 4.77 36 1.68
09:51:03:002342 7.760 8.130 09:49:00 3.09 09:49:36 4.77 36 1.68
09:51:04:002342 7.760 8.130 09:49:00 3.09 09:49:36 4.77 36 1.68
09:51:07:002342 7.760 8.150 09:49:00 3.09 09:49:42 5.03 42 1.93
09:51:08:002342 7.760 8.150 09:49:00 3.09 09:49:42 5.03 42 1.93
09:51:09:002342 7.760 8.150 09:49:00 3.09 09:49:42 5.03 42 1.93
09:51:10:002342 7.760 8.160 09:49:00 3.09 09:49:45 5.15 45 2.06
09:51:11:002342 7.760 8.160 09:49:00 3.09 09:49:45 5.15 45 2.06
09:51:12:002342 7.760 8.160 09:49:00 3.09 09:49:45 5.15 45 2.06
09:51:14:002342 7.760 8.160 09:49:00 3.09 09:49:45 5.15 45 2.06
09:51:59:000712 21.510 22.120 09:50:00 2.28 09:50:27 2.84 27 0.56
09:52:00:000712 21.510 22.160 09:50:00 2.28 09:50:33 3.02 33 0.74
09:52:01:000712 21.510 22.160 09:50:00 2.28 09:50:33 3.02 33 0.74
09:52:02:000712 21.510 22.210 09:50:00 2.28 09:50:36 3.25 36 0.98
09:52:03:000712 21.510 22.210 09:50:00 2.28 09:50:36 3.25 36 0.98
09:52:03:000712 21.510 22.210 09:50:00 2.28 09:50:36 3.25 36 0.98
09:52:04:000712 21.510 22.210 09:50:00 2.28 09:50:39 3.25 39 0.98
09:52:05:000712 21.510 22.210 09:50:00 2.28 09:50:39 3.25 39 0.98
09:52:06:000712 21.510 22.210 09:50:00 2.28 09:50:39 3.25 39 0.98
09:52:07:000712 21.510 22.210 09:50:00 2.28 09:50:39 3.25 39 0.98
09:52:08:000762 17.570 18.250 09:50:21 3.30 09:50:42 3.87 21 0.57
09:52:08:000762 17.570 18.250 09:50:21 3.30 09:50:42 3.87 21 0.57
09:52:09:000762 17.570 18.250 09:50:21 3.30 09:50:42 3.87 21 0.57
09:52:10:000627 7.770 7.970 09:50:12 2.06 09:50:45 2.57 33 0.51
09:52:11:000627 7.770 7.970 09:50:12 2.06 09:50:45 2.57 33 0.51
09:52:12:000627 7.770 7.970 09:50:12 2.06 09:50:45 2.57 33 0.51
09:52:14:000627 7.770 7.970 09:50:12 2.06 09:50:45 2.57 33 0.51
09:52:14:601198 19.660 20.180 09:50:01 2.14 09:50:49 2.64 48 0.51
09:52:15:601198 19.660 20.180 09:50:01 2.14 09:50:49 2.64 48 0.51
09:52:17:000762 17.570 18.290 09:50:21 3.30 09:50:51 4.10 30 0.80
09:52:18:000762 17.570 18.290 09:50:21 3.30 09:50:51 4.10 30 0.80
09:52:19:000762 17.570 18.290 09:50:21 3.30 09:50:51 4.10 30 0.80
09:52:19:000762 17.570 18.300 09:50:21 3.30 09:50:54 4.15 33 0.85
09:52:20:000762 17.570 18.300 09:50:21 3.30 09:50:54 4.15 33 0.85
09:52:21:000762 17.570 18.300 09:50:21 3.30 09:50:54 4.15 33 0.85
09:52:22:000762 17.570 18.300 09:50:21 3.30 09:50:57 4.15 36 0.85
09:52:23:000762 17.570 18.300 09:50:21 3.30 09:50:57 4.15 36 0.85
09:52:24:000762 17.570 18.300 09:50:21 3.30 09:50:57 4.15 36 0.85
09:52:44:000627 7.770 8.020 09:51:06 2.57 09:51:18 3.22 12 0.64
09:52:45:000627 7.770 8.020 09:51:06 2.57 09:51:18 3.22 12 0.64
09:52:46:000627 7.770 8.020 09:51:06 2.57 09:51:18 3.22 12 0.64
09:52:50:000627 7.770 8.030 09:51:06 2.57 09:51:24 3.35 18 0.77
09:52:52:000627 7.770 8.030 09:51:06 2.57 09:51:24 3.35 18 0.77
09:52:59:002653 15.480 15.980 09:51:03 2.71 09:51:33 3.23 30 0.52
09:53:00:002653 15.480 15.980 09:51:03 2.71 09:51:33 3.23 30 0.52
09:53:01:002653 15.480 15.980 09:51:03 2.71 09:51:33 3.23 30 0.52
09:53:02:002560 13.320 13.660 09:51:03 2.03 09:51:36 2.55 33 0.53
09:53:02:002677 12.610 13.080 09:51:00 3.09 09:51:36 3.73 36 0.63
09:53:03:002560 13.320 13.660 09:51:03 2.03 09:51:36 2.55 33 0.53
09:53:03:002677 12.610 13.080 09:51:00 3.09 09:51:36 3.73 36 0.63
09:53:04:002560 13.320 13.660 09:51:03 2.03 09:51:36 2.55 33 0.53
09:53:04:002677 12.610 13.080 09:51:00 3.09 09:51:36 3.73 36 0.63
09:53:05:000627 7.770 8.030 09:51:06 2.57 09:51:39 3.35 33 0.77
09:53:06:000627 7.770 8.030 09:51:06 2.57 09:51:39 3.35 33 0.77
09:53:11:000627 7.770 8.030 09:51:06 2.57 09:51:45 3.35 39 0.77
09:53:11:000762 17.570 18.500 09:51:15 4.72 09:51:45 5.29 30 0.57
09:53:11:002653 15.480 15.990 09:51:03 2.71 09:51:45 3.29 42 0.58
09:53:11:000627 7.770 8.030 09:51:06 2.57 09:51:45 3.35 39 0.77
09:53:11:000762 17.570 18.500 09:51:15 4.72 09:51:45 5.29 30 0.57
09:53:11:002653 15.480 15.990 09:51:03 2.71 09:51:45 3.29 42 0.58
09:53:12:000627 7.770 8.030 09:51:06 2.57 09:51:45 3.35 39 0.77
09:53:12:000762 17.570 18.500 09:51:15 4.72 09:51:48 5.29 33 0.57
09:53:12:002653 15.480 15.990 09:51:03 2.71 09:51:45 3.29 42 0.58
09:53:13:000627 7.770 8.030 09:51:06 2.57 09:51:45 3.35 39 0.77
09:53:13:000762 17.570 18.500 09:51:15 4.72 09:51:48 5.29 33 0.57
09:53:14:000762 17.570 18.500 09:51:15 4.72 09:51:48 5.29 33 0.57
09:53:15:000762 17.570 18.500 09:51:15 4.72 09:51:48 5.29 33 0.57
09:53:17:002653 15.480 15.990 09:51:03 2.71 09:51:51 3.29 48 0.58
09:53:18:002653 15.480 15.990 09:51:03 2.71 09:51:51 3.29 48 0.58
09:53:22:002653 15.480 15.990 09:51:03 2.71 09:51:51 3.29 48 0.58
09:53:23:600338 31.690 33.150 09:51:01 3.69 09:51:58 4.61 57 0.92
09:53:24:600338 31.690 33.150 09:51:01 3.69 09:51:58 4.61 57 0.92
09:53:25:600338 31.690 33.150 09:51:01 3.69 09:51:58 4.61 57 0.92
09:53:26:600338 31.690 33.150 09:51:01 3.69 09:51:58 4.61 57 0.92
09:53:36:002361 8.730 9.360 09:52:00 6.53 09:52:09 7.22 9 0.69
09:53:37:002361 8.730 9.360 09:52:00 6.53 09:52:09 7.22 9 0.69
09:53:38:002361 8.730 9.370 09:52:00 6.53 09:52:12 7.33 12 0.80
09:53:39:002361 8.730 9.370 09:52:00 6.53 09:52:12 7.33 12 0.80
09:53:40:002361 8.730 9.370 09:52:00 6.53 09:52:12 7.33 12 0.80
09:53:40:002361 8.730 9.380 09:52:00 6.53 09:52:15 7.45 15 0.92
09:53:41:002361 8.730 9.380 09:52:00 6.53 09:52:15 7.45 15 0.92
09:53:42:002361 8.730 9.380 09:52:00 6.53 09:52:15 7.45 15 0.92
09:53:43:002361 8.730 9.380 09:52:00 6.53 09:52:15 7.45 15 0.92
09:53:44:002361 8.730 9.460 09:52:00 6.53 09:52:18 8.36 18 1.83
09:53:45:002361 8.730 9.460 09:52:00 6.53 09:52:18 8.36 18 1.83
09:53:46:002361 8.730 9.460 09:52:00 6.53 09:52:18 8.36 18 1.83
09:53:47:002361 8.730 9.480 09:52:00 6.53 09:52:21 8.59 21 2.06
09:53:48:002361 8.730 9.480 09:52:00 6.53 09:52:21 8.59 21 2.06
09:53:48:002361 8.730 9.480 09:52:00 6.53 09:52:21 8.59 21 2.06
09:53:49:002361 8.730 9.480 09:52:00 6.53 09:52:21 8.59 21 2.06
09:53:50:002361 8.730 9.480 09:52:00 6.53 09:52:24 8.59 24 2.06
09:53:51:002361 8.730 9.480 09:52:00 6.53 09:52:24 8.59 24 2.06
09:53:53:002361 8.730 9.480 09:52:00 6.53 09:52:24 8.59 24 2.06
09:53:54:002361 8.730 9.490 09:52:00 6.53 09:52:27 8.71 27 2.18
09:53:55:002361 8.730 9.490 09:52:00 6.53 09:52:27 8.71 27 2.18
09:54:02:000858 38.520 39.500 09:52:21 2.02 09:52:36 2.54 15 0.52
09:54:03:000858 38.520 39.500 09:52:21 2.02 09:52:36 2.54 15 0.52
09:54:07:000858 38.520 39.500 09:52:21 2.02 09:52:42 2.54 21 0.52
09:54:08:000858 38.520 39.500 09:52:21 2.02 09:52:42 2.54 21 0.52
09:54:09:000858 38.520 39.500 09:52:21 2.02 09:52:42 2.54 21 0.52
09:54:10:000858 38.520 39.500 09:52:21 2.02 09:52:42 2.54 21 0.52
09:54:14:000858 38.520 39.600 09:52:21 2.02 09:52:48 2.80 27 0.78
09:54:14:000858 38.520 39.600 09:52:21 2.02 09:52:48 2.80 27 0.78
09:54:16:600338 31.690 33.330 09:52:01 4.61 09:52:49 5.18 48 0.57
09:54:16:000858 38.520 39.600 09:52:21 2.02 09:52:48 2.80 27 0.78
09:54:21:600338 31.690 33.330 09:52:01 4.61 09:52:55 5.18 54 0.57
09:54:22:600338 31.690 33.330 09:52:01 4.61 09:52:55 5.18 54 0.57
09:54:23:600338 31.690 33.330 09:52:01 4.61 09:52:55 5.18 54 0.57
09:54:23:600338 31.690 33.330 09:52:01 4.61 09:52:58 5.18 57 0.57
09:54:24:600338 31.690 33.330 09:52:01 4.61 09:52:58 5.18 57 0.57
09:54:25:600338 31.690 33.330 09:52:01 4.61 09:52:58 5.18 57 0.57
09:54:26:600338 31.690 33.330 09:52:01 4.61 09:52:58 5.18 57 0.57
09:54:56:603669 27.930 28.640 09:53:04 2.04 09:53:31 2.54 27 0.50
09:54:57:603669 27.930 28.640 09:53:04 2.04 09:53:31 2.54 27 0.50
09:54:58:603669 27.930 28.640 09:53:04 2.04 09:53:31 2.54 27 0.50
09:54:59:603669 27.930 28.640 09:53:04 2.04 09:53:31 2.54 27 0.50
09:55:00:603669 27.930 28.640 09:53:04 2.04 09:53:34 2.54 30 0.50
09:55:01:603669 27.930 28.640 09:53:04 2.04 09:53:34 2.54 30 0.50
09:55:02:603669 27.930 28.640 09:53:04 2.04 09:53:34 2.54 30 0.50
09:55:06:603669 27.930 28.690 09:53:04 2.04 09:53:40 2.72 36 0.68
09:55:07:603669 27.930 28.690 09:53:04 2.04 09:53:40 2.72 36 0.68
09:55:08:603669 27.930 28.690 09:53:04 2.04 09:53:40 2.72 36 0.68
09:55:11:002711 16.660 17.090 09:53:27 2.04 09:53:45 2.58 18 0.54
09:55:11:002673 19.900 20.410 09:53:03 2.06 09:53:45 2.56 42 0.50
09:55:11:002711 16.660 17.090 09:53:27 2.04 09:53:45 2.58 18 0.54
09:55:11:002673 19.900 20.410 09:53:03 2.06 09:53:45 2.56 42 0.50
09:55:12:002711 16.660 17.090 09:53:27 2.04 09:53:45 2.58 18 0.54
09:55:12:002673 19.900 20.410 09:53:03 2.06 09:53:45 2.56 42 0.50
09:55:13:002711 16.660 17.090 09:53:27 2.04 09:53:45 2.58 18 0.54
09:55:13:002673 19.900 20.410 09:53:03 2.06 09:53:45 2.56 42 0.50
09:55:14:002711 16.660 17.090 09:53:27 2.04 09:53:48 2.58 21 0.54
09:55:14:002673 19.900 20.420 09:53:03 2.06 09:53:48 2.61 45 0.55
09:55:15:002711 16.660 17.090 09:53:27 2.04 09:53:48 2.58 21 0.54
09:55:15:002673 19.900 20.420 09:53:03 2.06 09:53:48 2.61 45 0.55
09:55:16:002711 16.660 17.090 09:53:27 2.04 09:53:48 2.58 21 0.54
09:55:16:002673 19.900 20.420 09:53:03 2.06 09:53:48 2.61 45 0.55
09:55:16:002673 19.900 20.430 09:53:03 2.06 09:53:51 2.66 48 0.60
09:55:17:002673 19.900 20.430 09:53:03 2.06 09:53:51 2.66 48 0.60
09:55:18:603669 27.930 28.720 09:53:04 2.04 09:53:52 2.83 48 0.79
09:55:18:002673 19.900 20.430 09:53:03 2.06 09:53:51 2.66 48 0.60
09:55:19:603669 27.930 28.720 09:53:04 2.04 09:53:52 2.83 48 0.79
09:55:19:002673 19.900 20.430 09:53:03 2.06 09:53:51 2.66 48 0.60
09:55:20:603669 27.930 28.720 09:53:04 2.04 09:53:52 2.83 48 0.79
09:55:21:603669 27.930 28.720 09:53:04 2.04 09:53:55 2.83 51 0.79
09:55:22:603669 27.930 28.720 09:53:04 2.04 09:53:55 2.83 51 0.79
09:55:23:603669 27.930 28.720 09:53:04 2.04 09:53:55 2.83 51 0.79
09:55:35:000753 5.900 6.130 09:54:00 3.39 09:54:09 3.90 9 0.51
09:55:36:000753 5.900 6.130 09:54:00 3.39 09:54:09 3.90 9 0.51
09:55:37:000753 5.900 6.140 09:54:00 3.39 09:54:12 4.07 12 0.68
09:55:38:000753 5.900 6.140 09:54:00 3.39 09:54:12 4.07 12 0.68
09:55:39:000753 5.900 6.140 09:54:00 3.39 09:54:12 4.07 12 0.68
09:55:40:000753 5.900 6.140 09:54:00 3.39 09:54:12 4.07 12 0.68
09:55:41:000753 5.900 6.140 09:54:00 3.39 09:54:15 4.07 15 0.68
09:55:41:000753 5.900 6.140 09:54:00 3.39 09:54:15 4.07 15 0.68
09:55:42:000753 5.900 6.140 09:54:00 3.39 09:54:15 4.07 15 0.68
09:55:43:000753 5.900 6.140 09:54:00 3.39 09:54:15 4.07 15 0.68
09:55:44:000753 5.900 6.150 09:54:00 3.39 09:54:18 4.24 18 0.85
09:55:45:000753 5.900 6.150 09:54:00 3.39 09:54:18 4.24 18 0.85
09:55:59:002534 12.710 13.170 09:54:00 2.99 09:54:33 3.62 33 0.63
09:56:00:002534 12.710 13.170 09:54:00 2.99 09:54:33 3.62 33 0.63
09:56:01:002534 12.710 13.170 09:54:00 2.99 09:54:33 3.62 33 0.63
09:56:02:002534 12.710 13.220 09:54:00 2.99 09:54:36 4.01 36 1.02
09:56:04:002534 12.710 13.220 09:54:00 2.99 09:54:36 4.01 36 1.02
09:56:11:002534 12.710 13.280 09:54:00 2.99 09:54:45 4.48 45 1.49
09:56:12:603669 27.930 28.950 09:54:01 2.94 09:54:46 3.65 45 0.72
09:56:12:002534 12.710 13.280 09:54:00 2.99 09:54:45 4.48 45 1.49
09:56:14:603669 27.930 28.950 09:54:01 2.94 09:54:46 3.65 45 0.72
09:56:14:002534 12.710 13.280 09:54:00 2.99 09:54:45 4.48 45 1.49
09:56:15:603669 27.930 28.980 09:54:01 2.94 09:54:49 3.76 48 0.82
09:56:16:603669 27.930 28.980 09:54:01 2.94 09:54:49 3.76 48 0.82
09:56:17:603669 27.930 28.980 09:54:01 2.94 09:54:49 3.76 48 0.82
09:56:17:002534 12.710 13.290 09:54:00 2.99 09:54:51 4.56 51 1.57
09:56:18:002534 12.710 13.290 09:54:00 2.99 09:54:51 4.56 51 1.57
09:56:19:002534 12.710 13.290 09:54:00 2.99 09:54:51 4.56 51 1.57
09:56:21:002534 12.710 13.290 09:54:00 2.99 09:54:51 4.56 51 1.57
09:56:31:000750 6.740 7.130 09:55:00 5.19 09:55:06 5.79 6 0.59
09:56:32:000750 6.740 7.130 09:55:00 5.19 09:55:06 5.79 6 0.59
09:56:33:000750 6.740 7.130 09:55:00 5.19 09:55:06 5.79 6 0.59
09:56:45:000750 6.740 7.150 09:55:00 5.19 09:55:21 6.08 21 0.89
09:56:47:000750 6.740 7.150 09:55:00 5.19 09:55:21 6.08 21 0.89
09:56:48:000750 6.740 7.150 09:55:00 5.19 09:55:21 6.08 21 0.89
09:56:49:000750 6.740 7.150 09:55:00 5.19 09:55:24 6.08 24 0.89
09:56:50:000750 6.740 7.150 09:55:00 5.19 09:55:24 6.08 24 0.89
09:56:51:000750 6.740 7.150 09:55:00 5.19 09:55:24 6.08 24 0.89
09:57:01:000750 6.740 7.160 09:55:00 5.19 09:55:36 6.23 36 1.04
09:57:02:000750 6.740 7.160 09:55:00 5.19 09:55:36 6.23 36 1.04
09:57:02:000750 6.740 7.160 09:55:00 5.19 09:55:36 6.23 36 1.04
09:57:03:000750 6.740 7.170 09:55:00 5.19 09:55:39 6.38 39 1.19
09:57:04:000750 6.740 7.170 09:55:00 5.19 09:55:39 6.38 39 1.19
09:57:05:000750 6.740 7.170 09:55:00 5.19 09:55:39 6.38 39 1.19
09:57:06:000750 6.740 7.170 09:55:00 5.19 09:55:39 6.38 39 1.19
09:57:12:601198 19.660 20.450 09:55:01 3.51 09:55:46 4.02 45 0.51
09:57:13:601198 19.660 20.450 09:55:01 3.51 09:55:46 4.02 45 0.51
09:57:14:601198 19.660 20.450 09:55:01 3.51 09:55:46 4.02 45 0.51
09:57:15:601198 19.660 20.450 09:55:01 3.51 09:55:46 4.02 45 0.51
09:57:17:601198 19.660 20.450 09:55:01 3.51 09:55:52 4.02 51 0.51
09:57:18:000166 6.470 6.650 09:55:00 2.16 09:55:54 2.78 54 0.62
09:57:18:601198 19.660 20.450 09:55:01 3.51 09:55:52 4.02 51 0.51
09:57:19:000166 6.470 6.650 09:55:00 2.16 09:55:54 2.78 54 0.62
09:57:19:601198 19.660 20.450 09:55:01 3.51 09:55:52 4.02 51 0.51
09:57:20:000166 6.470 6.650 09:55:00 2.16 09:55:54 2.78 54 0.62
09:57:20:601198 19.660 20.450 09:55:01 3.51 09:55:52 4.02 51 0.51
09:57:21:000166 6.470 6.650 09:55:00 2.16 09:55:54 2.78 54 0.62
09:57:21:601198 19.660 20.450 09:55:01 3.51 09:55:52 4.02 51 0.51
09:57:23:601198 19.660 20.460 09:55:01 3.51 09:55:55 4.07 54 0.56
09:57:24:601198 19.660 20.460 09:55:01 3.51 09:55:58 4.07 57 0.56
09:57:25:601198 19.660 20.460 09:55:01 3.51 09:55:58 4.07 57 0.56
09:57:26:601198 19.660 20.460 09:55:01 3.51 09:55:58 4.07 57 0.56
09:57:27:601198 19.660 20.460 09:55:01 3.51 09:55:58 4.07 57 0.56
09:57:49:002342 7.760 8.260 09:56:03 5.93 09:56:24 6.44 21 0.52
09:57:50:002342 7.760 8.260 09:56:03 5.93 09:56:24 6.44 21 0.52
09:57:51:002342 7.760 8.260 09:56:03 5.93 09:56:24 6.44 21 0.52
09:57:52:002342 7.760 8.270 09:56:03 5.93 09:56:27 6.57 24 0.64
09:57:54:002342 7.760 8.270 09:56:03 5.93 09:56:27 6.57 24 0.64
09:57:56:002342 7.760 8.270 09:56:03 5.93 09:56:30 6.57 27 0.64
09:57:56:002342 7.760 8.270 09:56:03 5.93 09:56:30 6.57 27 0.64
09:57:57:002342 7.760 8.270 09:56:03 5.93 09:56:30 6.57 27 0.64
09:57:58:002342 7.760 8.280 09:56:03 5.93 09:56:33 6.70 30 0.77
09:57:59:002342 7.760 8.280 09:56:03 5.93 09:56:33 6.70 30 0.77
09:58:00:002342 7.760 8.280 09:56:03 5.93 09:56:33 6.70 30 0.77
09:58:01:002342 7.760 8.280 09:56:03 5.93 09:56:36 6.70 33 0.77
09:58:02:002342 7.760 8.280 09:56:03 5.93 09:56:36 6.70 33 0.77
09:58:03:002342 7.760 8.280 09:56:03 5.93 09:56:36 6.70 33 0.77
09:58:06:603669 27.930 30.100 09:56:16 7.05 09:56:40 7.77 24 0.72
09:58:07:603669 27.930 30.100 09:56:16 7.05 09:56:40 7.77 24 0.72
09:58:08:603669 27.930 30.100 09:56:16 7.05 09:56:40 7.77 24 0.72
09:58:09:603669 27.930 30.100 09:56:16 7.05 09:56:40 7.77 24 0.72
09:58:10:600705 6.380 6.550 09:56:01 2.04 09:56:43 2.66 42 0.63
09:58:12:600705 6.380 6.550 09:56:01 2.04 09:56:43 2.66 42 0.63
09:58:13:000987 13.950 14.420 09:56:00 2.72 09:56:48 3.37 48 0.65
09:58:15:000987 13.950 14.420 09:56:00 2.72 09:56:48 3.37 48 0.65
09:58:16:600061 15.900 16.350 09:56:01 2.26 09:56:49 2.83 48 0.57
09:58:16:000812 12.620 13.090 09:56:03 2.93 09:56:51 3.72 48 0.79
09:58:16:000987 13.950 14.450 09:56:00 2.72 09:56:51 3.58 51 0.86
09:58:17:600061 15.900 16.350 09:56:01 2.26 09:56:49 2.83 48 0.57
09:58:17:002342 7.760 8.350 09:56:03 5.93 09:56:51 7.60 48 1.68
09:58:17:000812 12.620 13.090 09:56:03 2.93 09:56:51 3.72 48 0.79
09:58:17:000987 13.950 14.450 09:56:00 2.72 09:56:51 3.58 51 0.86
09:58:18:600061 15.900 16.350 09:56:01 2.26 09:56:49 2.83 48 0.57
09:58:18:002342 7.760 8.350 09:56:03 5.93 09:56:51 7.60 48 1.68
09:58:18:000812 12.620 13.090 09:56:03 2.93 09:56:51 3.72 48 0.79
09:58:18:000987 13.950 14.450 09:56:00 2.72 09:56:51 3.58 51 0.86
09:58:22:600705 6.380 6.560 09:56:01 2.04 09:56:55 2.82 54 0.78
09:58:22:000987 13.950 14.460 09:56:00 2.72 09:56:57 3.66 57 0.93
09:58:22:600705 6.380 6.560 09:56:01 2.04 09:56:55 2.82 54 0.78
09:58:22:000987 13.950 14.460 09:56:00 2.72 09:56:57 3.66 57 0.93
09:58:23:600705 6.380 6.560 09:56:01 2.04 09:56:55 2.82 54 0.78
09:58:23:000987 13.950 14.460 09:56:00 2.72 09:56:57 3.66 57 0.93
09:58:24:600705 6.380 6.560 09:56:01 2.04 09:56:55 2.82 54 0.78
09:58:24:000987 13.950 14.460 09:56:00 2.72 09:56:57 3.66 57 0.93
09:59:07:000753 5.900 6.260 09:57:36 5.08 09:57:42 6.10 6 1.02
09:59:08:000753 5.900 6.260 09:57:36 5.08 09:57:42 6.10 6 1.02
09:59:09:000753 5.900 6.260 09:57:36 5.08 09:57:42 6.10 6 1.02
09:59:10:000753 5.900 6.270 09:57:36 5.08 09:57:45 6.27 9 1.19
09:59:10:000753 5.900 6.270 09:57:36 5.08 09:57:45 6.27 9 1.19
09:59:11:000753 5.900 6.270 09:57:36 5.08 09:57:45 6.27 9 1.19
09:59:12:000753 5.900 6.270 09:57:36 5.08 09:57:45 6.27 9 1.19
09:59:13:000753 5.900 6.280 09:57:36 5.08 09:57:48 6.44 12 1.36
09:59:14:000753 5.900 6.280 09:57:36 5.08 09:57:48 6.44 12 1.36
09:59:15:000753 5.900 6.280 09:57:36 5.08 09:57:48 6.44 12 1.36
09:59:16:000753 5.900 6.280 09:57:36 5.08 09:57:51 6.44 15 1.36
09:59:17:000753 5.900 6.280 09:57:36 5.08 09:57:51 6.44 15 1.36
09:59:18:000753 5.900 6.280 09:57:36 5.08 09:57:51 6.44 15 1.36
09:59:19:000753 5.900 6.280 09:57:36 5.08 09:57:54 6.44 18 1.36
09:59:20:000753 5.900 6.280 09:57:36 5.08 09:57:54 6.44 18 1.36
09:59:21:000753 5.900 6.280 09:57:36 5.08 09:57:54 6.44 18 1.36
09:59:22:000753 5.900 6.280 09:57:36 5.08 09:57:57 6.44 21 1.36
09:59:22:000753 5.900 6.280 09:57:36 5.08 09:57:57 6.44 21 1.36
09:59:23:000753 5.900 6.280 09:57:36 5.08 09:57:57 6.44 21 1.36
09:59:24:000753 5.900 6.280 09:57:36 5.08 09:57:57 6.44 21 1.36
09:59:45:600167 19.000 20.110 09:58:02 5.32 09:58:19 5.84 17 0.53
09:59:46:600167 19.000 20.110 09:58:02 5.32 09:58:19 5.84 17 0.53
09:59:47:600167 19.000 20.110 09:58:02 5.32 09:58:19 5.84 17 0.53
09:59:48:600167 19.000 20.110 09:58:02 5.32 09:58:19 5.84 17 0.53
09:59:52:600167 19.000 20.150 09:58:02 5.32 09:58:26 6.05 24 0.74
09:59:53:600167 19.000 20.150 09:58:02 5.32 09:58:26 6.05 24 0.74
09:59:54:600167 19.000 20.160 09:58:02 5.32 09:58:29 6.11 27 0.79
09:59:55:600167 19.000 20.160 09:58:02 5.32 09:58:29 6.11 27 0.79
09:59:56:600167 19.000 20.160 09:58:02 5.32 09:58:29 6.11 27 0.79
09:59:57:600167 19.000 20.160 09:58:02 5.32 09:58:29 6.11 27 0.79
09:59:58:600167 19.000 20.180 09:58:02 5.32 09:58:32 6.21 30 0.89
09:59:59:600167 19.000 20.180 09:58:02 5.32 09:58:32 6.21 30 0.89
10:00:00:600167 19.000 20.180 09:58:02 5.32 09:58:32 6.21 30 0.89
10:00:01:600167 19.000 20.190 09:58:02 5.32 09:58:35 6.26 33 0.95
10:00:02:600167 19.000 20.190 09:58:02 5.32 09:58:35 6.26 33 0.95
10:00:03:600167 19.000 20.190 09:58:02 5.32 09:58:35 6.26 33 0.95
10:00:04:600167 19.000 20.250 09:58:02 5.32 09:58:38 6.58 36 1.26
10:00:05:600167 19.000 20.250 09:58:02 5.32 09:58:38 6.58 36 1.26
10:00:06:600167 19.000 20.260 09:58:02 5.32 09:58:41 6.63 39 1.32
10:00:06:600063 5.060 5.230 09:58:19 2.77 09:58:41 3.36 22 0.59
10:00:07:600167 19.000 20.260 09:58:02 5.32 09:58:41 6.63 39 1.32
10:00:07:600063 5.060 5.230 09:58:19 2.77 09:58:41 3.36 22 0.59
10:00:09:600167 19.000 20.260 09:58:02 5.32 09:58:41 6.63 39 1.32
10:00:09:600063 5.060 5.230 09:58:19 2.77 09:58:41 3.36 22 0.59
10:00:11:600063 5.060 5.230 09:58:19 2.77 09:58:44 3.36 25 0.59
10:00:12:600063 5.060 5.230 09:58:19 2.77 09:58:44 3.36 25 0.59
10:00:13:600167 19.000 20.300 09:58:02 5.32 09:58:47 6.84 45 1.53
10:00:13:600063 5.060 5.230 09:58:19 2.77 09:58:44 3.36 25 0.59
10:00:14:600167 19.000 20.300 09:58:02 5.32 09:58:47 6.84 45 1.53
10:00:14:600063 5.060 5.230 09:58:19 2.77 09:58:47 3.36 28 0.59
10:00:14:600167 19.000 20.300 09:58:02 5.32 09:58:47 6.84 45 1.53
10:00:14:600063 5.060 5.230 09:58:19 2.77 09:58:47 3.36 28 0.59
10:00:15:600167 19.000 20.360 09:58:02 5.32 09:58:50 7.16 48 1.84
10:00:15:600063 5.060 5.230 09:58:19 2.77 09:58:50 3.36 31 0.59
10:00:16:600167 19.000 20.360 09:58:02 5.32 09:58:50 7.16 48 1.84
10:00:16:600063 5.060 5.230 09:58:19 2.77 09:58:50 3.36 31 0.59
10:00:17:600167 19.000 20.360 09:58:02 5.32 09:58:50 7.16 48 1.84
10:00:17:600063 5.060 5.230 09:58:19 2.77 09:58:50 3.36 31 0.59
10:00:18:600167 19.000 20.430 09:58:02 5.32 09:58:53 7.53 51 2.21
10:00:18:600063 5.060 5.240 09:58:19 2.77 09:58:53 3.56 34 0.79
10:00:19:600167 19.000 20.430 09:58:02 5.32 09:58:53 7.53 51 2.21
10:00:19:600063 5.060 5.240 09:58:19 2.77 09:58:53 3.56 34 0.79
10:00:20:600167 19.000 20.430 09:58:02 5.32 09:58:53 7.53 51 2.21
10:00:20:600063 5.060 5.240 09:58:19 2.77 09:58:53 3.56 34 0.79
10:00:21:600167 19.000 20.430 09:58:02 5.32 09:58:53 7.53 51 2.21
10:00:21:600063 5.060 5.240 09:58:19 2.77 09:58:53 3.56 34 0.79
10:00:23:600167 19.000 20.430 09:58:02 5.32 09:58:53 7.53 51 2.21
10:00:23:600063 5.060 5.240 09:58:19 2.77 09:58:53 3.56 34 0.79
10:00:24:600167 19.000 20.480 09:58:02 5.32 09:58:56 7.79 54 2.47
10:00:24:600063 5.060 5.240 09:58:19 2.77 09:58:56 3.56 37 0.79
10:00:25:600063 5.060 5.240 09:58:19 2.77 09:58:59 3.56 40 0.79
10:00:26:600063 5.060 5.240 09:58:19 2.77 09:58:59 3.56 40 0.79
10:00:27:600063 5.060 5.240 09:58:19 2.77 09:58:59 3.56 40 0.79
10:01:10:000810 14.800 15.220 09:59:15 2.23 09:59:45 2.84 30 0.61
10:01:11:000810 14.800 15.220 09:59:15 2.23 09:59:45 2.84 30 0.61
10:01:13:000810 14.800 15.220 09:59:15 2.23 09:59:45 2.84 30 0.61
10:01:16:000961 9.570 9.820 09:59:36 2.09 09:59:48 2.61 12 0.52
10:01:16:000810 14.800 15.240 09:59:15 2.23 09:59:48 2.97 33 0.74
10:01:17:000961 9.570 9.820 09:59:36 2.09 09:59:51 2.61 15 0.52
10:01:18:601000 4.450 4.570 09:59:02 2.02 09:59:53 2.70 51 0.67
10:01:18:000961 9.570 9.820 09:59:36 2.09 09:59:51 2.61 15 0.52
10:01:19:601000 4.450 4.570 09:59:02 2.02 09:59:53 2.70 51 0.67
10:01:19:000961 9.570 9.820 09:59:36 2.09 09:59:54 2.61 18 0.52
10:01:19:000810 14.800 15.250 09:59:15 2.23 09:59:54 3.04 39 0.81
10:01:21:601000 4.450 4.570 09:59:02 2.02 09:59:53 2.70 51 0.67
10:01:21:000961 9.570 9.820 09:59:36 2.09 09:59:54 2.61 18 0.52
10:01:21:000810 14.800 15.250 09:59:15 2.23 09:59:54 3.04 39 0.81
10:01:22:601000 4.450 4.570 09:59:02 2.02 09:59:56 2.70 54 0.67
10:01:22:000810 14.800 15.250 09:59:15 2.23 09:59:54 3.04 39 0.81
10:01:23:601000 4.450 4.570 09:59:02 2.02 09:59:56 2.70 54 0.67
10:01:23:000810 14.800 15.270 09:59:15 2.23 09:59:57 3.18 42 0.95
10:01:24:601000 4.450 4.570 09:59:02 2.02 09:59:59 2.70 57 0.67
10:01:24:000810 14.800 15.270 09:59:15 2.23 09:59:57 3.18 42 0.95
10:01:25:601000 4.450 4.570 09:59:02 2.02 09:59:59 2.70 57 0.67
10:01:26:601000 4.450 4.570 09:59:02 2.02 09:59:59 2.70 57 0.67
10:01:52:000810 14.800 15.400 10:00:03 3.38 10:00:27 4.05 24 0.68
10:01:53:000810 14.800 15.400 10:00:03 3.38 10:00:27 4.05 24 0.68
10:01:54:000810 14.800 15.400 10:00:03 3.38 10:00:27 4.05 24 0.68
10:01:55:000810 14.800 15.400 10:00:03 3.38 10:00:27 4.05 24 0.68
10:02:01:601000 4.450 4.600 10:00:02 2.70 10:00:35 3.37 33 0.67
10:02:02:601000 4.450 4.600 10:00:02 2.70 10:00:35 3.37 33 0.67
10:02:03:601000 4.450 4.600 10:00:02 2.70 10:00:35 3.37 33 0.67
10:02:04:002228 5.170 5.360 10:00:03 3.09 10:00:39 3.68 36 0.58
10:02:05:002228 5.170 5.360 10:00:03 3.09 10:00:39 3.68 36 0.58
10:02:06:002228 5.170 5.360 10:00:03 3.09 10:00:39 3.68 36 0.58
10:02:07:002228 5.170 5.360 10:00:03 3.09 10:00:39 3.68 36 0.58
10:02:08:002228 5.170 5.360 10:00:03 3.09 10:00:42 3.68 39 0.58
10:02:08:002228 5.170 5.360 10:00:03 3.09 10:00:42 3.68 39 0.58
10:02:10:002228 5.170 5.360 10:00:03 3.09 10:00:42 3.68 39 0.58
10:02:10:002228 5.170 5.360 10:00:03 3.09 10:00:45 3.68 42 0.58
10:02:11:002228 5.170 5.360 10:00:03 3.09 10:00:45 3.68 42 0.58
10:02:12:002228 5.170 5.360 10:00:03 3.09 10:00:45 3.68 42 0.58
10:02:17:002228 5.170 5.370 10:00:03 3.09 10:00:51 3.87 48 0.77
10:02:18:002228 5.170 5.370 10:00:03 3.09 10:00:51 3.87 48 0.77
10:02:18:002228 5.170 5.370 10:00:03 3.09 10:00:51 3.87 48 0.77
10:02:19:002228 5.170 5.370 10:00:03 3.09 10:00:54 3.87 51 0.77
10:02:19:002415 27.900 29.140 10:00:03 3.94 10:00:54 4.44 51 0.50
10:02:19:000728 20.380 21.100 10:00:09 2.99 10:00:54 3.53 45 0.54
10:02:20:601000 4.450 4.600 10:00:02 2.70 10:00:53 3.37 51 0.67
10:02:20:002228 5.170 5.370 10:00:03 3.09 10:00:54 3.87 51 0.77
10:02:20:002415 27.900 29.140 10:00:03 3.94 10:00:54 4.44 51 0.50
10:02:20:000728 20.380 21.100 10:00:09 2.99 10:00:54 3.53 45 0.54
10:02:21:601000 4.450 4.600 10:00:02 2.70 10:00:53 3.37 51 0.67
10:02:21:002228 5.170 5.370 10:00:03 3.09 10:00:54 3.87 51 0.77
10:02:21:002415 27.900 29.140 10:00:03 3.94 10:00:54 4.44 51 0.50
10:02:21:000728 20.380 21.100 10:00:09 2.99 10:00:54 3.53 45 0.54
10:02:23:002228 5.170 5.390 10:00:03 3.09 10:00:57 4.26 54 1.16
10:02:23:002415 27.900 29.150 10:00:03 3.94 10:00:57 4.48 54 0.54
10:02:23:000728 20.380 21.100 10:00:09 2.99 10:00:57 3.53 48 0.54
10:02:24:002228 5.170 5.390 10:00:03 3.09 10:00:57 4.26 54 1.16
10:02:24:002415 27.900 29.150 10:00:03 3.94 10:00:57 4.48 54 0.54
10:02:24:000728 20.380 21.100 10:00:09 2.99 10:00:57 3.53 48 0.54
10:02:25:601000 4.450 4.600 10:00:02 2.70 10:00:59 3.37 57 0.67
10:02:25:002415 27.900 29.150 10:00:03 3.94 10:00:57 4.48 54 0.54
10:02:25:002228 5.170 5.390 10:00:03 3.09 10:00:57 4.26 54 1.16
10:02:26:601000 4.450 4.600 10:00:02 2.70 10:00:59 3.37 57 0.67
10:02:27:601000 4.450 4.600 10:00:02 2.70 10:00:59 3.37 57 0.67
10:02:28:601000 4.450 4.600 10:00:02 2.70 10:00:59 3.37 57 0.67
10:02:45:002228 5.170 5.420 10:01:03 4.26 10:01:15 4.84 12 0.58
10:02:48:000615 11.140 11.560 10:01:00 3.23 10:01:21 3.77 21 0.54
10:02:48:002228 5.170 5.440 10:01:03 4.26 10:01:21 5.22 18 0.97
10:02:53:002228 5.170 5.440 10:01:03 4.26 10:01:21 5.22 18 0.97
10:02:57:002228 5.170 5.450 10:01:03 4.26 10:01:27 5.42 24 1.16
10:03:00:000810 14.800 15.590 10:01:21 4.73 10:01:33 5.34 12 0.61
10:03:18:000810 14.800 15.600 10:01:21 4.73 10:01:45 5.41 24 0.68
10:04:08:002236 14.120 14.690 10:02:15 3.47 10:02:42 4.04 27 0.57
10:04:10:002236 14.120 14.690 10:02:15 3.47 10:02:42 4.04 27 0.57
10:04:11:002236 14.120 14.710 10:02:15 3.47 10:02:45 4.18 30 0.71
10:04:18:002236 14.120 14.710 10:02:15 3.47 10:02:45 4.18 30 0.71
10:07:42:000555 20.210 21.200 10:06:03 3.71 10:06:15 4.90 12 1.19
10:07:46:000555 20.210 21.210 10:06:03 3.71 10:06:18 4.95 15 1.24
10:07:55:000555 20.210 21.280 10:06:03 3.71 10:06:21 5.29 18 1.58
10:08:05:000555 20.210 21.500 10:06:03 3.71 10:06:33 6.38 30 2.67
10:08:14:000555 20.210 21.950 10:06:03 3.71 10:06:42 8.61 39 4.90
10:09:18:000636 10.600 11.000 10:07:03 2.64 10:07:51 3.77 48 1.13
10:09:33:002224 14.450 14.940 10:07:18 2.70 10:07:54 3.39 36 0.69
10:09:54:000507 6.790 7.300 10:08:21 6.19 10:08:27 7.51 6 1.33
10:09:57:000507 6.790 7.300 10:08:21 6.19 10:08:27 7.51 6 1.33
10:10:00:002224 14.450 15.150 10:08:18 4.15 10:08:33 4.84 15 0.69
10:10:12:600213 15.280 15.950 10:08:19 3.73 10:08:46 4.38 27 0.65
10:10:14:600213 15.280 15.950 10:08:19 3.73 10:08:46 4.38 27 0.65
10:11:00:000088 7.440 7.750 10:09:00 3.36 10:09:33 4.17 33 0.81
10:11:02:000088 7.440 7.750 10:09:00 3.36 10:09:36 4.17 36 0.81
10:11:04:000088 7.440 7.750 10:09:00 3.36 10:09:36 4.17 36 0.81
10:11:04:600317 3.590 3.690 10:09:13 2.23 10:09:37 2.79 24 0.56
10:11:04:601008 5.930 6.080 10:09:26 2.02 10:09:38 2.53 12 0.51
10:11:07:601008 5.930 6.080 10:09:26 2.02 10:09:38 2.53 12 0.51
10:11:09:600317 3.590 3.690 10:09:13 2.23 10:09:43 2.79 30 0.56
10:11:12:600317 3.590 3.690 10:09:13 2.23 10:09:43 2.79 30 0.56
10:11:12:601008 5.930 6.090 10:09:26 2.02 10:09:44 2.70 18 0.67
10:11:19:000088 7.440 7.780 10:09:00 3.36 10:09:48 4.57 48 1.21
10:11:19:600317 3.590 3.690 10:09:13 2.23 10:09:49 2.79 36 0.56
10:11:19:601008 5.930 6.100 10:09:26 2.02 10:09:50 2.87 24 0.84
10:11:24:000088 7.440 7.790 10:09:00 3.36 10:09:54 4.70 54 1.34
10:11:27:601008 5.930 6.120 10:09:26 2.02 10:09:59 3.20 33 1.18
10:11:29:601008 5.930 6.120 10:09:26 2.02 10:09:59 3.20 33 1.18
10:11:54:000582 16.570 17.180 10:10:00 2.72 10:10:27 3.68 27 0.97
10:11:55:000582 16.570 17.180 10:10:00 2.72 10:10:27 3.68 27 0.97
10:11:56:000582 16.570 17.180 10:10:00 2.72 10:10:30 3.68 30 0.97
10:11:57:000582 16.570 17.180 10:10:00 2.72 10:10:30 3.68 30 0.97
10:11:58:000636 10.600 11.170 10:10:12 4.25 10:10:33 5.38 21 1.13
10:11:58:000582 16.570 17.180 10:10:00 2.72 10:10:33 3.68 33 0.97
10:11:59:000636 10.600 11.170 10:10:12 4.25 10:10:33 5.38 21 1.13
10:11:59:000582 16.570 17.180 10:10:00 2.72 10:10:33 3.68 33 0.97
10:12:00:000636 10.600 11.170 10:10:12 4.25 10:10:33 5.38 21 1.13
10:12:00:000582 16.570 17.180 10:10:00 2.72 10:10:33 3.68 33 0.97
10:12:01:002287 52.380 54.480 10:10:00 3.42 10:10:36 4.01 36 0.59
10:12:02:002287 52.380 54.480 10:10:00 3.42 10:10:36 4.01 36 0.59
10:12:04:002287 52.380 54.480 10:10:00 3.42 10:10:36 4.01 36 0.59
10:12:05:002564 11.460 11.750 10:10:15 2.01 10:10:39 2.53 24 0.52
10:12:05:000636 10.600 11.210 10:10:12 4.25 10:10:39 5.75 27 1.51
10:12:06:002564 11.460 11.750 10:10:15 2.01 10:10:39 2.53 24 0.52
10:12:06:000636 10.600 11.210 10:10:12 4.25 10:10:39 5.75 27 1.51
10:12:07:002564 11.460 11.750 10:10:15 2.01 10:10:39 2.53 24 0.52
10:12:07:000636 10.600 11.210 10:10:12 4.25 10:10:39 5.75 27 1.51
10:12:08:002564 11.460 11.750 10:10:15 2.01 10:10:42 2.53 27 0.52
10:12:08:002287 52.380 54.500 10:10:00 3.42 10:10:42 4.05 42 0.63
10:12:08:000582 16.570 17.200 10:10:00 2.72 10:10:42 3.80 42 1.09
10:12:08:002564 11.460 11.750 10:10:15 2.01 10:10:42 2.53 27 0.52
10:12:08:002287 52.380 54.500 10:10:00 3.42 10:10:42 4.05 42 0.63
10:12:08:000582 16.570 17.200 10:10:00 2.72 10:10:42 3.80 42 1.09
10:12:09:002564 11.460 11.750 10:10:15 2.01 10:10:42 2.53 27 0.52
10:12:09:002287 52.380 54.500 10:10:00 3.42 10:10:42 4.05 42 0.63
10:12:09:000582 16.570 17.200 10:10:00 2.72 10:10:42 3.80 42 1.09
10:12:10:002564 11.460 11.750 10:10:15 2.01 10:10:45 2.53 30 0.52
10:12:10:002287 52.380 54.500 10:10:00 3.42 10:10:45 4.05 45 0.63
10:12:12:002564 11.460 11.750 10:10:15 2.01 10:10:45 2.53 30 0.52
10:12:12:002287 52.380 54.500 10:10:00 3.42 10:10:45 4.05 45 0.63
10:12:13:002564 11.460 11.750 10:10:15 2.01 10:10:45 2.53 30 0.52
10:12:13:002287 52.380 54.500 10:10:00 3.42 10:10:45 4.05 45 0.63
10:12:14:000636 10.600 11.310 10:10:12 4.25 10:10:48 6.70 36 2.45
10:12:14:002287 52.380 54.510 10:10:00 3.42 10:10:48 4.07 48 0.65
10:12:15:000636 10.600 11.310 10:10:12 4.25 10:10:48 6.70 36 2.45
10:12:15:002287 52.380 54.510 10:10:00 3.42 10:10:48 4.07 48 0.65
10:12:15:000636 10.600 11.310 10:10:12 4.25 10:10:48 6.70 36 2.45
10:12:15:002287 52.380 54.510 10:10:00 3.42 10:10:48 4.07 48 0.65
10:12:17:002287 52.380 54.550 10:10:00 3.42 10:10:51 4.14 51 0.73
10:12:17:000582 16.570 17.290 10:10:00 2.72 10:10:51 4.35 51 1.63
10:12:18:002287 52.380 54.550 10:10:00 3.42 10:10:51 4.14 51 0.73
10:12:18:000582 16.570 17.290 10:10:00 2.72 10:10:51 4.35 51 1.63
10:12:19:002287 52.380 54.550 10:10:00 3.42 10:10:51 4.14 51 0.73
10:12:19:000582 16.570 17.300 10:10:00 2.72 10:10:54 4.41 54 1.69
10:12:20:000582 16.570 17.300 10:10:00 2.72 10:10:54 4.41 54 1.69
10:12:21:000582 16.570 17.300 10:10:00 2.72 10:10:54 4.41 54 1.69
10:12:23:002287 52.380 54.600 10:10:00 3.42 10:10:57 4.24 57 0.82
10:12:24:002287 52.380 54.600 10:10:00 3.42 10:10:57 4.24 57 0.82
10:12:25:002287 52.380 54.600 10:10:00 3.42 10:10:57 4.24 57 0.82
10:12:26:002287 52.380 54.600 10:10:00 3.42 10:10:57 4.24 57 0.82
10:13:09:002240 11.440 11.860 10:11:00 3.15 10:11:42 3.67 42 0.52
10:13:10:000615 11.140 11.670 10:11:09 3.95 10:11:45 4.76 36 0.81
10:13:10:002240 11.440 11.860 10:11:00 3.15 10:11:42 3.67 42 0.52
10:13:11:000615 11.140 11.670 10:11:09 3.95 10:11:45 4.76 36 0.81
10:13:11:002240 11.440 11.870 10:11:00 3.15 10:11:45 3.76 45 0.61
10:13:12:000615 11.140 11.670 10:11:09 3.95 10:11:45 4.76 36 0.81
10:13:12:002240 11.440 11.870 10:11:00 3.15 10:11:45 3.76 45 0.61
10:13:13:000615 11.140 11.670 10:11:09 3.95 10:11:45 4.76 36 0.81
10:13:13:002240 11.440 11.870 10:11:00 3.15 10:11:45 3.76 45 0.61
10:13:16:000615 11.140 11.670 10:11:09 3.95 10:11:51 4.76 42 0.81
10:13:17:000615 11.140 11.670 10:11:09 3.95 10:11:51 4.76 42 0.81
10:13:17:002240 11.440 11.870 10:11:00 3.15 10:11:51 3.76 51 0.61
10:13:18:000615 11.140 11.670 10:11:09 3.95 10:11:51 4.76 42 0.81
10:13:18:002240 11.440 11.870 10:11:00 3.15 10:11:51 3.76 51 0.61
10:13:19:000615 11.140 11.670 10:11:09 3.95 10:11:51 4.76 42 0.81
10:13:19:002240 11.440 11.870 10:11:00 3.15 10:11:51 3.76 51 0.61
10:13:25:000615 11.140 11.670 10:11:09 3.95 10:11:57 4.76 48 0.81
10:15:06:601000 4.450 4.730 10:13:04 5.62 10:13:40 6.29 36 0.67
10:15:07:601000 4.450 4.730 10:13:04 5.62 10:13:40 6.29 36 0.67
10:15:08:601000 4.450 4.730 10:13:04 5.62 10:13:40 6.29 36 0.67
10:15:09:601000 4.450 4.730 10:13:04 5.62 10:13:43 6.29 39 0.67
10:15:09:600416 17.200 17.710 10:13:01 2.44 10:13:43 2.97 42 0.52
10:15:10:601000 4.450 4.730 10:13:04 5.62 10:13:43 6.29 39 0.67
10:15:10:600416 17.200 17.710 10:13:01 2.44 10:13:43 2.97 42 0.52
10:15:11:601000 4.450 4.730 10:13:04 5.62 10:13:43 6.29 39 0.67
10:15:11:600416 17.200 17.710 10:13:01 2.44 10:13:43 2.97 42 0.52
10:15:12:601000 4.450 4.740 10:13:04 5.62 10:13:46 6.52 42 0.90
10:15:13:601000 4.450 4.740 10:13:04 5.62 10:13:46 6.52 42 0.90
10:15:14:601000 4.450 4.740 10:13:04 5.62 10:13:46 6.52 42 0.90
10:15:15:601000 4.450 4.740 10:13:04 5.62 10:13:46 6.52 42 0.90
10:15:18:600416 17.200 17.730 10:13:01 2.44 10:13:52 3.08 51 0.64
10:15:19:600416 17.200 17.730 10:13:01 2.44 10:13:52 3.08 51 0.64
10:15:20:600416 17.200 17.730 10:13:01 2.44 10:13:52 3.08 51 0.64
10:15:21:600249 11.800 12.440 10:13:16 4.75 10:13:55 5.42 39 0.68
10:15:22:600249 11.800 12.440 10:13:16 4.75 10:13:55 5.42 39 0.68
10:15:23:600249 11.800 12.440 10:13:16 4.75 10:13:55 5.42 39 0.68
10:15:24:601000 4.450 4.750 10:13:04 5.62 10:13:58 6.74 54 1.12
10:15:24:600416 17.200 17.740 10:13:01 2.44 10:13:58 3.14 57 0.70
10:15:24:600249 11.800 12.450 10:13:16 4.75 10:13:58 5.51 42 0.76
10:15:25:601000 4.450 4.750 10:13:04 5.62 10:13:58 6.74 54 1.12
10:15:25:600416 17.200 17.740 10:13:01 2.44 10:13:58 3.14 57 0.70
10:15:25:600249 11.800 12.450 10:13:16 4.75 10:13:58 5.51 42 0.76
10:15:26:601000 4.450 4.750 10:13:04 5.62 10:13:58 6.74 54 1.12
10:15:26:600416 17.200 17.740 10:13:01 2.44 10:13:58 3.14 57 0.70
10:15:26:600249 11.800 12.450 10:13:16 4.75 10:13:58 5.51 42 0.76
10:15:27:601000 4.450 4.750 10:13:04 5.62 10:13:58 6.74 54 1.12
10:15:27:600416 17.200 17.740 10:13:01 2.44 10:13:58 3.14 57 0.70
10:15:27:600249 11.800 12.450 10:13:16 4.75 10:13:58 5.51 42 0.76
10:15:30:601008 5.930 6.340 10:14:01 6.41 10:14:04 6.91 3 0.51
10:15:31:601008 5.930 6.340 10:14:01 6.41 10:14:04 6.91 3 0.51
10:15:32:601008 5.930 6.340 10:14:01 6.41 10:14:04 6.91 3 0.51
10:15:40:601008 5.930 6.360 10:14:01 6.41 10:14:13 7.25 12 0.84
10:15:41:601008 5.930 6.360 10:14:01 6.41 10:14:13 7.25 12 0.84
10:16:16:600416 17.200 17.830 10:14:01 3.14 10:14:49 3.66 48 0.52
10:16:17:600416 17.200 17.830 10:14:01 3.14 10:14:49 3.66 48 0.52
10:16:18:600416 17.200 17.860 10:14:01 3.14 10:14:52 3.84 51 0.70
10:16:20:600416 17.200 17.860 10:14:01 3.14 10:14:52 3.84 51 0.70
10:16:55:600416 17.200 17.960 10:15:04 3.90 10:15:29 4.42 25 0.52
10:16:56:600416 17.200 17.960 10:15:04 3.90 10:15:29 4.42 25 0.52
10:16:57:600416 17.200 17.960 10:15:04 3.90 10:15:29 4.42 25 0.52
10:17:51:002307 12.720 13.120 10:16:00 2.44 10:16:24 3.14 24 0.71
10:17:54:002307 12.720 13.120 10:16:00 2.44 10:16:24 3.14 24 0.71
10:18:03:002307 12.720 13.120 10:16:00 2.44 10:16:36 3.14 36 0.71
10:18:05:002307 12.720 13.130 10:16:00 2.44 10:16:39 3.22 39 0.79
10:18:07:002307 12.720 13.130 10:16:00 2.44 10:16:39 3.22 39 0.79
10:18:09:002307 12.720 13.160 10:16:00 2.44 10:16:42 3.46 42 1.02
10:18:09:002307 12.720 13.160 10:16:00 2.44 10:16:42 3.46 42 1.02
10:18:16:600425 6.580 6.800 10:16:10 2.28 10:16:50 3.34 40 1.06
10:18:16:000905 12.100 12.470 10:16:12 2.48 10:16:51 3.06 39 0.58
10:18:16:600425 6.580 6.800 10:16:10 2.28 10:16:50 3.34 40 1.06
10:18:16:000905 12.100 12.470 10:16:12 2.48 10:16:51 3.06 39 0.58
10:18:17:600425 6.580 6.800 10:16:10 2.28 10:16:50 3.34 40 1.06
10:18:17:000905 12.100 12.470 10:16:12 2.48 10:16:51 3.06 39 0.58
10:18:18:600425 6.580 6.800 10:16:10 2.28 10:16:50 3.34 40 1.06
10:18:18:000905 12.100 12.470 10:16:12 2.48 10:16:51 3.06 39 0.58
10:18:23:002307 12.720 13.190 10:16:00 2.44 10:16:57 3.69 57 1.26
10:18:23:002307 12.720 13.190 10:16:00 2.44 10:16:57 3.69 57 1.26
10:18:24:002307 12.720 13.190 10:16:00 2.44 10:16:57 3.69 57 1.26
10:18:25:002307 12.720 13.190 10:16:00 2.44 10:16:57 3.69 57 1.26
10:19:00:000905 12.100 12.560 10:17:00 3.22 10:17:33 3.80 33 0.58
10:19:01:000905 12.100 12.560 10:17:00 3.22 10:17:36 3.80 36 0.58
10:19:02:000905 12.100 12.560 10:17:00 3.22 10:17:36 3.80 36 0.58
10:19:14:600249 11.800 12.580 10:17:26 5.93 10:17:47 6.61 21 0.68
10:19:15:600249 11.800 12.580 10:17:26 5.93 10:17:47 6.61 21 0.68
10:19:16:600249 11.800 12.580 10:17:26 5.93 10:17:50 6.61 24 0.68
10:19:17:600249 11.800 12.580 10:17:26 5.93 10:17:50 6.61 24 0.68
10:19:18:600249 11.800 12.590 10:17:26 5.93 10:17:53 6.69 27 0.76
10:19:20:600249 11.800 12.590 10:17:26 5.93 10:17:53 6.69 27 0.76
10:19:21:600249 11.800 12.590 10:17:26 5.93 10:17:53 6.69 27 0.76
10:19:26:600249 11.800 12.600 10:17:26 5.93 10:17:59 6.78 33 0.85
10:19:27:600249 11.800 12.600 10:17:26 5.93 10:17:59 6.78 33 0.85
10:20:04:600425 6.580 6.850 10:18:05 3.34 10:18:38 4.10 33 0.76
10:20:05:002711 16.660 17.200 10:18:00 2.70 10:18:39 3.24 39 0.54
10:20:05:600425 6.580 6.850 10:18:05 3.34 10:18:38 4.10 33 0.76
10:20:06:002711 16.660 17.200 10:18:00 2.70 10:18:39 3.24 39 0.54
10:20:06:600425 6.580 6.850 10:18:05 3.34 10:18:38 4.10 33 0.76
10:20:07:002711 16.660 17.200 10:18:00 2.70 10:18:39 3.24 39 0.54
10:20:07:600425 6.580 6.850 10:18:05 3.34 10:18:38 4.10 33 0.76
10:20:08:002711 16.660 17.200 10:18:00 2.70 10:18:39 3.24 39 0.54
10:20:11:002711 16.660 17.200 10:18:00 2.70 10:18:45 3.24 45 0.54
10:20:12:002711 16.660 17.200 10:18:00 2.70 10:18:45 3.24 45 0.54
10:20:13:002711 16.660 17.200 10:18:00 2.70 10:18:45 3.24 45 0.54
10:20:13:600425 6.580 6.850 10:18:05 3.34 10:18:47 4.10 42 0.76
10:20:14:002711 16.660 17.210 10:18:00 2.70 10:18:48 3.30 48 0.60
10:20:14:600425 6.580 6.850 10:18:05 3.34 10:18:47 4.10 42 0.76
10:20:15:002711 16.660 17.210 10:18:00 2.70 10:18:48 3.30 48 0.60
10:20:15:600425 6.580 6.850 10:18:05 3.34 10:18:47 4.10 42 0.76
10:20:16:002711 16.660 17.210 10:18:00 2.70 10:18:48 3.30 48 0.60
10:20:16:600425 6.580 6.850 10:18:05 3.34 10:18:47 4.10 42 0.76
10:20:17:002711 16.660 17.210 10:18:00 2.70 10:18:51 3.30 51 0.60
10:20:19:002711 16.660 17.210 10:18:00 2.70 10:18:51 3.30 51 0.60
10:20:21:002711 16.660 17.210 10:18:00 2.70 10:18:54 3.30 54 0.60
10:20:22:002711 16.660 17.210 10:18:00 2.70 10:18:54 3.30 54 0.60
10:20:23:002711 16.660 17.220 10:18:00 2.70 10:18:57 3.36 57 0.66
10:20:24:002711 16.660 17.220 10:18:00 2.70 10:18:57 3.36 57 0.66
10:20:24:002711 16.660 17.220 10:18:00 2.70 10:18:57 3.36 57 0.66
10:22:04:600368 6.240 6.490 10:20:02 3.37 10:20:38 4.01 36 0.64
10:22:05:600368 6.240 6.490 10:20:02 3.37 10:20:38 4.01 36 0.64
10:22:06:600368 6.240 6.490 10:20:02 3.37 10:20:38 4.01 36 0.64
10:22:07:600368 6.240 6.490 10:20:02 3.37 10:20:38 4.01 36 0.64
10:22:08:600425 6.580 6.990 10:20:29 5.62 10:20:41 6.23 12 0.61
10:22:10:600425 6.580 6.990 10:20:29 5.62 10:20:41 6.23 12 0.61
10:22:15:600425 6.580 7.000 10:20:29 5.62 10:20:47 6.38 18 0.76
10:22:16:600425 6.580 7.000 10:20:29 5.62 10:20:47 6.38 18 0.76
10:22:17:600425 6.580 7.000 10:20:29 5.62 10:20:50 6.38 21 0.76
10:22:18:600425 6.580 7.000 10:20:29 5.62 10:20:50 6.38 21 0.76
10:22:19:600425 6.580 7.000 10:20:29 5.62 10:20:50 6.38 21 0.76
10:22:19:002307 12.720 13.450 10:20:30 5.03 10:20:54 5.74 24 0.71
10:22:21:002307 12.720 13.450 10:20:30 5.03 10:20:54 5.74 24 0.71
10:22:22:002307 12.720 13.470 10:20:30 5.03 10:20:57 5.90 27 0.86
10:22:23:002307 12.720 13.470 10:20:30 5.03 10:20:57 5.90 27 0.86
10:22:24:002307 12.720 13.470 10:20:30 5.03 10:20:57 5.90 27 0.86
10:26:00:600213 15.280 16.080 10:24:23 4.71 10:24:32 5.24 9 0.52
10:26:02:600213 15.280 16.080 10:24:23 4.71 10:24:32 5.24 9 0.52
10:26:03:600213 15.280 16.080 10:24:23 4.71 10:24:35 5.24 12 0.52
10:26:04:600213 15.280 16.100 10:24:23 4.71 10:24:38 5.37 15 0.65
10:26:05:600213 15.280 16.100 10:24:23 4.71 10:24:38 5.37 15 0.65
10:26:06:600213 15.280 16.100 10:24:23 4.71 10:24:38 5.37 15 0.65
10:26:07:600213 15.280 16.100 10:24:23 4.71 10:24:38 5.37 15 0.65
10:26:08:600213 15.280 16.100 10:24:23 4.71 10:24:41 5.37 18 0.65
10:26:09:600213 15.280 16.100 10:24:23 4.71 10:24:41 5.37 18 0.65
10:26:10:600213 15.280 16.100 10:24:23 4.71 10:24:41 5.37 18 0.65
10:26:10:600213 15.280 16.100 10:24:23 4.71 10:24:41 5.37 18 0.65
10:26:11:600213 15.280 16.100 10:24:23 4.71 10:24:44 5.37 21 0.65
10:26:12:600213 15.280 16.100 10:24:23 4.71 10:24:44 5.37 21 0.65
10:26:13:600213 15.280 16.100 10:24:23 4.71 10:24:47 5.37 24 0.65
10:26:14:600213 15.280 16.100 10:24:23 4.71 10:24:47 5.37 24 0.65
10:26:15:600213 15.280 16.100 10:24:23 4.71 10:24:47 5.37 24 0.65
10:26:16:600213 15.280 16.120 10:24:23 4.71 10:24:50 5.50 27 0.79
10:26:17:600213 15.280 16.120 10:24:23 4.71 10:24:50 5.50 27 0.79
10:26:18:600213 15.280 16.120 10:24:23 4.71 10:24:50 5.50 27 0.79
10:26:19:600213 15.280 16.120 10:24:23 4.71 10:24:50 5.50 27 0.79
10:26:20:600213 15.280 16.120 10:24:23 4.71 10:24:50 5.50 27 0.79
10:28:51:002254 13.050 13.450 10:27:12 2.45 10:27:21 3.07 9 0.61
10:28:52:002254 13.050 13.450 10:27:12 2.45 10:27:24 3.07 12 0.61
10:30:10:002621 27.050 27.860 10:28:00 2.33 10:28:42 2.99 42 0.67
10:30:20:002621 27.050 27.860 10:28:00 2.33 10:28:51 2.99 51 0.67
10:30:26:002621 27.050 27.880 10:28:00 2.33 10:28:57 3.07 57 0.74
10:30:51:002621 27.050 28.290 10:29:03 3.14 10:29:24 4.58 21 1.44
10:30:53:002621 27.050 28.300 10:29:03 3.14 10:29:27 4.62 24 1.48
10:30:54:002621 27.050 28.300 10:29:03 3.14 10:29:27 4.62 24 1.48
10:30:55:002621 27.050 28.300 10:29:03 3.14 10:29:27 4.62 24 1.48
10:30:56:002621 27.050 28.300 10:29:03 3.14 10:29:30 4.62 27 1.48
10:30:57:002621 27.050 28.300 10:29:03 3.14 10:29:30 4.62 27 1.48
10:30:58:002621 27.050 28.300 10:29:03 3.14 10:29:30 4.62 27 1.48
10:31:04:002621 27.050 28.480 10:29:03 3.14 10:29:36 5.29 33 2.14
10:31:05:002621 27.050 28.480 10:29:03 3.14 10:29:39 5.29 36 2.14
10:31:06:002621 27.050 28.480 10:29:03 3.14 10:29:39 5.29 36 2.14
10:31:07:002621 27.050 28.480 10:29:03 3.14 10:29:39 5.29 36 2.14
10:31:17:002621 27.050 28.580 10:29:03 3.14 10:29:51 5.66 48 2.51
10:31:19:002621 27.050 28.580 10:29:03 3.14 10:29:51 5.66 48 2.51
10:31:21:002621 27.050 28.590 10:29:03 3.14 10:29:54 5.69 51 2.55
10:31:22:002621 27.050 28.590 10:29:03 3.14 10:29:54 5.69 51 2.55
10:31:23:002621 27.050 28.630 10:29:03 3.14 10:29:57 5.84 54 2.70
10:31:25:002621 27.050 28.630 10:29:03 3.14 10:29:57 5.84 54 2.70
10:31:26:002621 27.050 28.630 10:29:03 3.14 10:29:57 5.84 54 2.70
10:31:39:002621 27.050 28.900 10:30:09 6.25 10:30:12 6.84 3 0.59
10:31:41:002621 27.050 28.980 10:30:09 6.25 10:30:15 7.13 6 0.89
10:31:42:002621 27.050 28.980 10:30:09 6.25 10:30:15 7.13 6 0.89
10:31:43:002621 27.050 28.980 10:30:09 6.25 10:30:15 7.13 6 0.89
10:31:45:002621 27.050 29.100 10:30:09 6.25 10:30:18 7.58 9 1.33
10:31:46:002621 27.050 29.100 10:30:09 6.25 10:30:18 7.58 9 1.33
10:34:15:600291 16.370 17.180 10:32:10 4.40 10:32:49 4.95 39 0.55
10:34:16:600291 16.370 17.180 10:32:10 4.40 10:32:49 4.95 39 0.55
10:34:17:600291 16.370 17.180 10:32:10 4.40 10:32:49 4.95 39 0.55
10:34:24:600291 16.370 17.190 10:32:10 4.40 10:32:58 5.01 48 0.61
10:34:25:600291 16.370 17.190 10:32:10 4.40 10:32:58 5.01 48 0.61
10:34:26:600291 16.370 17.190 10:32:10 4.40 10:32:58 5.01 48 0.61
10:34:27:600291 16.370 17.190 10:32:10 4.40 10:32:58 5.01 48 0.61
13:18:16:000839 8.420 9.150 13:16:06 6.65 13:16:51 8.67 45 2.02
13:18:17:000839 8.420 9.150 13:16:06 6.65 13:16:51 8.67 45 2.02
13:18:17:000839 8.420 9.150 13:16:06 6.65 13:16:51 8.67 45 2.02
13:18:22:000839 8.420 9.170 13:16:06 6.65 13:16:57 8.91 51 2.26
13:18:23:000839 8.420 9.170 13:16:06 6.65 13:16:57 8.91 51 2.26
13:18:24:000839 8.420 9.170 13:16:06 6.65 13:16:57 8.91 51 2.26
13:18:52:600084 10.660 11.540 13:17:08 7.69 13:17:26 8.26 18 0.56
13:18:53:600084 10.660 11.540 13:17:08 7.69 13:17:26 8.26 18 0.56
13:18:54:600084 10.660 11.540 13:17:08 7.69 13:17:26 8.26 18 0.56
13:18:55:600084 10.660 11.540 13:17:08 7.69 13:17:26 8.26 18 0.56
13:18:58:600084 10.660 11.550 13:17:08 7.69 13:17:32 8.35 24 0.66
13:18:59:600084 10.660 11.550 13:17:08 7.69 13:17:32 8.35 24 0.66
13:19:00:600084 10.660 11.550 13:17:08 7.69 13:17:32 8.35 24 0.66
13:19:01:600084 10.660 11.550 13:17:08 7.69 13:17:35 8.35 27 0.66
13:19:02:600084 10.660 11.550 13:17:08 7.69 13:17:35 8.35 27 0.66
13:19:03:600084 10.660 11.550 13:17:08 7.69 13:17:35 8.35 27 0.66
13:19:04:600084 10.660 11.550 13:17:08 7.69 13:17:35 8.35 27 0.66
13:19:16:600084 10.660 11.580 13:17:08 7.69 13:17:50 8.63 42 0.94
13:19:17:600084 10.660 11.580 13:17:08 7.69 13:17:50 8.63 42 0.94
13:19:18:600084 10.660 11.580 13:17:08 7.69 13:17:50 8.63 42 0.94
13:20:19:600130 8.750 9.050 13:18:32 2.86 13:18:53 3.43 21 0.57
13:20:20:600130 8.750 9.050 13:18:32 2.86 13:18:53 3.43 21 0.57
13:20:21:600130 8.750 9.050 13:18:32 2.86 13:18:53 3.43 21 0.57
13:20:21:600130 8.750 9.050 13:18:32 2.86 13:18:53 3.43 21 0.57
13:20:22:000917 13.620 14.050 13:18:45 2.57 13:18:57 3.16 12 0.59
13:20:23:000917 13.620 14.050 13:18:45 2.57 13:18:57 3.16 12 0.59
13:20:24:000917 13.620 14.050 13:18:45 2.57 13:18:57 3.16 12 0.59
13:21:23:600187 5.230 5.390 13:19:23 2.10 13:19:56 3.06 33 0.96
13:21:23:600187 5.230 5.390 13:19:23 2.10 13:19:56 3.06 33 0.96
13:21:24:600187 5.230 5.390 13:19:23 2.10 13:19:56 3.06 33 0.96
13:21:25:600187 5.230 5.390 13:19:23 2.10 13:19:56 3.06 33 0.96
13:21:26:600187 5.230 5.390 13:19:23 2.10 13:19:59 3.06 36 0.96
13:21:27:600187 5.230 5.390 13:19:23 2.10 13:19:59 3.06 36 0.96
13:21:27:600187 5.230 5.390 13:19:23 2.10 13:19:59 3.06 36 0.96
13:21:46:600187 5.230 5.430 13:20:05 3.06 13:20:20 3.82 15 0.76
13:21:46:600187 5.230 5.430 13:20:05 3.06 13:20:20 3.82 15 0.76
13:21:47:600187 5.230 5.430 13:20:05 3.06 13:20:20 3.82 15 0.76
13:21:48:600187 5.230 5.430 13:20:05 3.06 13:20:20 3.82 15 0.76
13:21:49:600187 5.230 5.430 13:20:05 3.06 13:20:20 3.82 15 0.76
13:21:50:600187 5.230 5.430 13:20:05 3.06 13:20:20 3.82 15 0.76
13:21:51:600187 5.230 5.430 13:20:05 3.06 13:20:20 3.82 15 0.76
13:21:59:600360 9.070 9.340 13:20:02 2.43 13:20:32 2.98 30 0.55
13:21:59:600360 9.070 9.340 13:20:02 2.43 13:20:32 2.98 30 0.55
13:22:00:600360 9.070 9.340 13:20:02 2.43 13:20:32 2.98 30 0.55
13:22:01:600360 9.070 9.340 13:20:02 2.43 13:20:32 2.98 30 0.55
13:22:02:600360 9.070 9.340 13:20:02 2.43 13:20:32 2.98 30 0.55
13:22:03:600360 9.070 9.340 13:20:02 2.43 13:20:32 2.98 30 0.55
13:22:04:600360 9.070 9.340 13:20:02 2.43 13:20:32 2.98 30 0.55
13:22:04:002558 64.000 67.800 13:20:00 5.28 13:20:39 5.94 39 0.66
13:22:05:002558 64.000 67.800 13:20:00 5.28 13:20:39 5.94 39 0.66
13:22:06:002558 64.000 67.800 13:20:00 5.28 13:20:39 5.94 39 0.66
13:22:10:002558 64.000 67.800 13:20:00 5.28 13:20:45 5.94 45 0.66
13:22:11:002558 64.000 67.800 13:20:00 5.28 13:20:45 5.94 45 0.66
13:22:12:002558 64.000 67.800 13:20:00 5.28 13:20:45 5.94 45 0.66
13:22:13:002558 64.000 67.800 13:20:00 5.28 13:20:45 5.94 45 0.66
13:22:13:002558 64.000 67.850 13:20:00 5.28 13:20:48 6.02 48 0.73
13:22:14:002558 64.000 67.850 13:20:00 5.28 13:20:48 6.02 48 0.73
13:22:15:600360 9.070 9.360 13:20:02 2.43 13:20:47 3.20 45 0.77
13:22:15:002558 64.000 67.850 13:20:00 5.28 13:20:48 6.02 48 0.73
13:22:16:002558 64.000 67.850 13:20:00 5.28 13:20:48 6.02 48 0.73
13:22:17:002558 64.000 67.850 13:20:00 5.28 13:20:51 6.02 51 0.73
13:22:18:002558 64.000 67.850 13:20:00 5.28 13:20:51 6.02 51 0.73
13:22:18:002558 64.000 67.850 13:20:00 5.28 13:20:51 6.02 51 0.73
13:22:19:600360 9.070 9.360 13:20:02 2.43 13:20:53 3.20 51 0.77
13:22:20:600360 9.070 9.360 13:20:02 2.43 13:20:53 3.20 51 0.77
13:22:21:600360 9.070 9.360 13:20:02 2.43 13:20:53 3.20 51 0.77
13:22:22:600360 9.070 9.360 13:20:02 2.43 13:20:53 3.20 51 0.77
13:22:22:002558 64.000 67.870 13:20:00 5.28 13:20:57 6.05 57 0.77
13:22:23:600360 9.070 9.380 13:20:02 2.43 13:20:57 3.42 55 0.99
13:22:23:002558 64.000 67.870 13:20:00 5.28 13:20:57 6.05 57 0.77
13:22:24:600360 9.070 9.380 13:20:02 2.43 13:20:57 3.42 55 0.99
13:22:24:002558 64.000 67.870 13:20:00 5.28 13:20:57 6.05 57 0.77
13:22:25:600360 9.070 9.380 13:20:02 2.43 13:20:57 3.42 55 0.99
13:22:25:002558 64.000 67.870 13:20:00 5.28 13:20:57 6.05 57 0.77
13:22:25:600360 9.070 9.380 13:20:02 2.43 13:20:57 3.42 55 0.99
13:22:26:600360 9.070 9.380 13:20:02 2.43 13:20:57 3.42 55 0.99
13:22:50:002360 11.820 12.150 13:21:12 2.12 13:21:24 2.79 12 0.68
13:22:50:002360 11.820 12.150 13:21:12 2.12 13:21:24 2.79 12 0.68
13:22:51:002360 11.820 12.150 13:21:12 2.12 13:21:24 2.79 12 0.68
13:22:52:002360 11.820 12.150 13:21:12 2.12 13:21:24 2.79 12 0.68
13:22:53:002360 11.820 12.160 13:21:12 2.12 13:21:27 2.88 15 0.76
13:22:54:002360 11.820 12.160 13:21:12 2.12 13:21:27 2.88 15 0.76
13:22:54:002360 11.820 12.160 13:21:12 2.12 13:21:27 2.88 15 0.76
13:22:55:002360 11.820 12.160 13:21:12 2.12 13:21:27 2.88 15 0.76
13:22:56:002360 11.820 12.160 13:21:12 2.12 13:21:30 2.88 18 0.76
13:22:57:002360 11.820 12.160 13:21:12 2.12 13:21:30 2.88 18 0.76
13:22:58:002360 11.820 12.160 13:21:12 2.12 13:21:30 2.88 18 0.76
13:22:58:002360 11.820 12.170 13:21:12 2.12 13:21:33 2.96 21 0.85
13:22:58:002558 64.000 68.200 13:21:00 6.05 13:21:33 6.56 33 0.52
13:22:59:002360 11.820 12.170 13:21:12 2.12 13:21:33 2.96 21 0.85
13:22:59:002558 64.000 68.200 13:21:00 6.05 13:21:33 6.56 33 0.52
13:23:00:002360 11.820 12.170 13:21:12 2.12 13:21:33 2.96 21 0.85
13:23:00:002558 64.000 68.200 13:21:00 6.05 13:21:33 6.56 33 0.52
13:23:01:002360 11.820 12.170 13:21:12 2.12 13:21:33 2.96 21 0.85
13:23:01:002558 64.000 68.200 13:21:00 6.05 13:21:33 6.56 33 0.52
13:23:02:002360 11.820 12.190 13:21:12 2.12 13:21:36 3.13 24 1.02
13:23:02:002558 64.000 68.200 13:21:00 6.05 13:21:36 6.56 36 0.52
13:23:03:002360 11.820 12.190 13:21:12 2.12 13:21:36 3.13 24 1.02
13:23:03:002558 64.000 68.200 13:21:00 6.05 13:21:36 6.56 36 0.52
13:23:03:002360 11.820 12.190 13:21:12 2.12 13:21:36 3.13 24 1.02
13:23:03:002558 64.000 68.200 13:21:00 6.05 13:21:36 6.56 36 0.52
13:23:04:002360 11.820 12.200 13:21:12 2.12 13:21:39 3.21 27 1.10
13:23:05:002360 11.820 12.200 13:21:12 2.12 13:21:39 3.21 27 1.10
13:23:06:002360 11.820 12.200 13:21:12 2.12 13:21:39 3.21 27 1.10
13:23:07:002360 11.820 12.200 13:21:12 2.12 13:21:39 3.21 27 1.10
13:23:07:002558 64.000 68.200 13:21:00 6.05 13:21:42 6.56 42 0.52
13:23:08:002558 64.000 68.200 13:21:00 6.05 13:21:42 6.56 42 0.52
13:23:09:002558 64.000 68.200 13:21:00 6.05 13:21:42 6.56 42 0.52
13:23:10:002558 64.000 68.200 13:21:00 6.05 13:21:42 6.56 42 0.52
13:23:11:600543 13.950 14.970 13:21:02 6.81 13:21:45 7.31 43 0.50
13:23:11:002558 64.000 68.280 13:21:00 6.05 13:21:45 6.69 45 0.64
13:23:12:002360 11.820 12.240 13:21:12 2.12 13:21:45 3.55 33 1.44
13:23:12:600543 13.950 14.970 13:21:02 6.81 13:21:45 7.31 43 0.50
13:23:12:002558 64.000 68.280 13:21:00 6.05 13:21:45 6.69 45 0.64
13:23:13:600543 13.950 14.970 13:21:02 6.81 13:21:48 7.31 46 0.50
13:23:14:600543 13.950 14.970 13:21:02 6.81 13:21:48 7.31 46 0.50
13:23:15:600543 13.950 14.970 13:21:02 6.81 13:21:48 7.31 46 0.50
13:23:16:600543 13.950 14.970 13:21:02 6.81 13:21:51 7.31 49 0.50
13:23:17:600543 13.950 14.970 13:21:02 6.81 13:21:51 7.31 49 0.50
13:23:18:600543 13.950 14.970 13:21:02 6.81 13:21:51 7.31 49 0.50
13:23:19:600543 13.950 14.970 13:21:02 6.81 13:21:51 7.31 49 0.50
13:23:19:600543 13.950 14.970 13:21:02 6.81 13:21:51 7.31 49 0.50
13:23:20:600543 13.950 14.970 13:21:02 6.81 13:21:51 7.31 49 0.50
13:23:21:600543 13.950 14.970 13:21:02 6.81 13:21:54 7.31 52 0.50
13:23:22:600543 13.950 14.970 13:21:02 6.81 13:21:54 7.31 52 0.50
13:23:23:600543 13.950 14.970 13:21:02 6.81 13:21:57 7.31 55 0.50
13:23:24:600543 13.950 14.970 13:21:02 6.81 13:21:57 7.31 55 0.50
13:23:25:600543 13.950 14.970 13:21:02 6.81 13:21:57 7.31 55 0.50
13:24:07:002558 64.000 68.680 13:22:06 6.80 13:22:42 7.31 36 0.52
13:24:08:002558 64.000 68.680 13:22:06 6.80 13:22:42 7.31 36 0.52
13:24:09:002558 64.000 68.680 13:22:06 6.80 13:22:42 7.31 36 0.52
13:24:10:002558 64.000 68.680 13:22:06 6.80 13:22:42 7.31 36 0.52
13:24:14:002558 64.000 68.700 13:22:06 6.80 13:22:48 7.34 42 0.55
13:24:15:002558 64.000 68.700 13:22:06 6.80 13:22:48 7.34 42 0.55
13:24:15:002558 64.000 68.700 13:22:06 6.80 13:22:48 7.34 42 0.55
13:24:16:002558 64.000 68.700 13:22:06 6.80 13:22:51 7.34 45 0.55
13:24:17:002558 64.000 68.700 13:22:06 6.80 13:22:51 7.34 45 0.55
13:24:18:002558 64.000 68.700 13:22:06 6.80 13:22:51 7.34 45 0.55
13:24:19:002558 64.000 68.780 13:22:06 6.80 13:22:54 7.47 48 0.67
13:24:20:002558 64.000 68.780 13:22:06 6.80 13:22:54 7.47 48 0.67
13:24:21:002558 64.000 68.780 13:22:06 6.80 13:22:54 7.47 48 0.67
13:24:22:002558 64.000 68.780 13:22:06 6.80 13:22:54 7.47 48 0.67
13:24:23:002558 64.000 68.780 13:22:06 6.80 13:22:57 7.47 51 0.67
13:24:23:002558 64.000 68.780 13:22:06 6.80 13:22:57 7.47 51 0.67
13:24:24:002558 64.000 68.780 13:22:06 6.80 13:22:57 7.47 51 0.67
13:25:23:002558 64.000 69.500 13:23:09 7.50 13:23:57 8.59 48 1.09
13:25:24:002558 64.000 69.500 13:23:09 7.50 13:23:57 8.59 48 1.09
13:25:24:002558 64.000 69.500 13:23:09 7.50 13:23:57 8.59 48 1.09
13:26:43:002617 14.560 14.980 13:25:15 2.34 13:25:18 2.88 3 0.55
13:26:44:002617 14.560 14.980 13:25:15 2.34 13:25:18 2.88 3 0.55
13:26:45:002617 14.560 14.980 13:25:15 2.34 13:25:18 2.88 3 0.55
13:26:46:002617 14.560 15.000 13:25:15 2.34 13:25:21 3.02 6 0.69
13:26:47:002617 14.560 15.000 13:25:15 2.34 13:25:21 3.02 6 0.69
13:26:48:002617 14.560 15.000 13:25:15 2.34 13:25:21 3.02 6 0.69
13:26:49:002617 14.560 15.000 13:25:15 2.34 13:25:24 3.02 9 0.69
13:26:50:002617 14.560 15.000 13:25:15 2.34 13:25:24 3.02 9 0.69
13:26:51:002617 14.560 15.000 13:25:15 2.34 13:25:24 3.02 9 0.69
13:26:52:002617 14.560 15.000 13:25:15 2.34 13:25:24 3.02 9 0.69
13:26:53:002617 14.560 15.180 13:25:15 2.34 13:25:27 4.26 12 1.92
13:26:54:002617 14.560 15.180 13:25:15 2.34 13:25:27 4.26 12 1.92
13:26:55:002617 14.560 15.180 13:25:15 2.34 13:25:27 4.26 12 1.92
13:26:55:002222 13.110 13.750 13:25:00 4.35 13:25:30 4.88 30 0.53
13:26:55:002617 14.560 15.220 13:25:15 2.34 13:25:30 4.53 15 2.20
13:26:56:002222 13.110 13.750 13:25:00 4.35 13:25:30 4.88 30 0.53
13:26:56:002617 14.560 15.220 13:25:15 2.34 13:25:30 4.53 15 2.20
13:26:57:002222 13.110 13.750 13:25:00 4.35 13:25:30 4.88 30 0.53
13:26:57:002617 14.560 15.220 13:25:15 2.34 13:25:30 4.53 15 2.20
13:26:58:002222 13.110 13.750 13:25:00 4.35 13:25:30 4.88 30 0.53
13:26:58:002617 14.560 15.230 13:25:15 2.34 13:25:33 4.60 18 2.27
13:26:59:002222 13.110 13.750 13:25:00 4.35 13:25:33 4.88 33 0.53
13:26:59:002617 14.560 15.230 13:25:15 2.34 13:25:33 4.60 18 2.27
13:27:01:002222 13.110 13.750 13:25:00 4.35 13:25:33 4.88 33 0.53
13:27:01:002617 14.560 15.230 13:25:15 2.34 13:25:33 4.60 18 2.27
13:27:02:002222 13.110 13.750 13:25:00 4.35 13:25:33 4.88 33 0.53
13:27:02:002617 14.560 15.230 13:25:15 2.34 13:25:33 4.60 18 2.27
13:27:05:002617 14.560 15.300 13:25:15 2.34 13:25:39 5.08 24 2.75
13:27:06:002617 14.560 15.300 13:25:15 2.34 13:25:39 5.08 24 2.75
13:27:07:002617 14.560 15.300 13:25:15 2.34 13:25:39 5.08 24 2.75
13:27:08:002617 14.560 15.400 13:25:15 2.34 13:25:42 5.77 27 3.43
13:27:09:002617 14.560 15.400 13:25:15 2.34 13:25:42 5.77 27 3.43
13:27:10:002222 13.110 13.760 13:25:00 4.35 13:25:45 4.96 45 0.61
13:27:12:002222 13.110 13.760 13:25:00 4.35 13:25:45 4.96 45 0.61
13:27:13:002222 13.110 13.760 13:25:00 4.35 13:25:45 4.96 45 0.61
13:27:17:002222 13.110 13.770 13:25:00 4.35 13:25:51 5.03 51 0.69
13:27:19:002222 13.110 13.770 13:25:00 4.35 13:25:51 5.03 51 0.69
13:27:19:002617 14.560 15.550 13:25:15 2.34 13:25:51 6.80 36 4.46
13:27:20:002617 14.560 15.570 13:25:15 2.34 13:25:54 6.94 39 4.60
13:27:21:002617 14.560 15.570 13:25:15 2.34 13:25:54 6.94 39 4.60
13:27:23:002222 13.110 13.840 13:25:00 4.35 13:25:57 5.57 57 1.22
13:27:24:002222 13.110 13.840 13:25:00 4.35 13:25:57 5.57 57 1.22
13:27:25:002222 13.110 13.840 13:25:00 4.35 13:25:57 5.57 57 1.22
13:28:50:002683 9.940 10.320 13:27:00 3.32 13:27:24 3.82 24 0.50
13:28:51:002683 9.940 10.320 13:27:00 3.32 13:27:24 3.82 24 0.50
13:28:52:002683 9.940 10.320 13:27:00 3.32 13:27:24 3.82 24 0.50
13:28:58:002683 9.940 10.330 13:27:00 3.32 13:27:33 3.92 33 0.60
13:28:59:002683 9.940 10.330 13:27:00 3.32 13:27:33 3.92 33 0.60
13:29:00:002683 9.940 10.330 13:27:00 3.32 13:27:33 3.92 33 0.60
13:29:01:002683 9.940 10.330 13:27:00 3.32 13:27:33 3.92 33 0.60
13:29:10:601007 15.270 15.660 13:27:12 2.03 13:27:42 2.55 30 0.52
13:29:10:601007 15.270 15.660 13:27:12 2.03 13:27:42 2.55 30 0.52
13:29:11:601007 15.270 15.660 13:27:12 2.03 13:27:45 2.55 33 0.52
13:29:12:601007 15.270 15.660 13:27:12 2.03 13:27:45 2.55 33 0.52
13:29:22:601007 15.270 15.660 13:27:12 2.03 13:27:54 2.55 42 0.52
13:29:23:601007 15.270 15.660 13:27:12 2.03 13:27:54 2.55 42 0.52
13:30:21:002222 13.110 14.070 13:28:12 6.56 13:28:57 7.32 45 0.76
13:30:22:002222 13.110 14.070 13:28:12 6.56 13:28:57 7.32 45 0.76
13:30:23:002222 13.110 14.070 13:28:12 6.56 13:28:57 7.32 45 0.76
13:30:24:002222 13.110 14.070 13:28:12 6.56 13:28:57 7.32 45 0.76
13:32:04:002023 13.430 13.830 13:30:00 2.38 13:30:36 2.98 36 0.60
13:32:08:002023 13.430 13.850 13:30:00 2.38 13:30:42 3.13 42 0.74
13:32:09:002023 13.430 13.850 13:30:00 2.38 13:30:42 3.13 42 0.74
13:32:10:002023 13.430 13.850 13:30:00 2.38 13:30:42 3.13 42 0.74
13:32:17:600391 37.390 38.500 13:30:07 2.35 13:30:51 2.97 44 0.62
13:32:18:600391 37.390 38.500 13:30:07 2.35 13:30:51 2.97 44 0.62
13:32:19:600391 37.390 38.500 13:30:07 2.35 13:30:51 2.97 44 0.62
13:32:20:600391 37.390 38.500 13:30:07 2.35 13:30:51 2.97 44 0.62
13:32:24:600391 37.390 38.500 13:30:07 2.35 13:30:58 2.97 51 0.62
13:32:25:600391 37.390 38.500 13:30:07 2.35 13:30:58 2.97 51 0.62
13:32:27:600391 37.390 38.500 13:30:07 2.35 13:30:58 2.97 51 0.62
13:33:15:600184 23.230 24.100 13:31:10 3.23 13:31:50 3.75 40 0.52
13:33:16:600184 23.230 24.100 13:31:10 3.23 13:31:50 3.75 40 0.52
13:33:17:600184 23.230 24.100 13:31:10 3.23 13:31:50 3.75 40 0.52
13:33:18:600184 23.230 24.100 13:31:10 3.23 13:31:53 3.75 43 0.52
13:33:19:600184 23.230 24.100 13:31:10 3.23 13:31:53 3.75 43 0.52
13:33:20:600184 23.230 24.100 13:31:10 3.23 13:31:53 3.75 43 0.52
13:33:21:600184 23.230 24.100 13:31:10 3.23 13:31:53 3.75 43 0.52
13:33:22:600184 23.230 24.100 13:31:10 3.23 13:31:53 3.75 43 0.52
13:33:23:600184 23.230 24.100 13:31:10 3.23 13:31:55 3.75 45 0.52
13:34:00:600184 23.230 24.280 13:32:05 3.92 13:32:34 4.52 29 0.60
13:34:01:600184 23.230 24.280 13:32:05 3.92 13:32:34 4.52 29 0.60
13:34:02:600184 23.230 24.280 13:32:05 3.92 13:32:34 4.52 29 0.60
13:34:03:600184 23.230 24.280 13:32:05 3.92 13:32:34 4.52 29 0.60
13:34:03:600184 23.230 24.280 13:32:05 3.92 13:32:34 4.52 29 0.60
13:34:04:600184 23.230 24.300 13:32:05 3.92 13:32:38 4.61 33 0.69
13:34:05:600184 23.230 24.300 13:32:05 3.92 13:32:38 4.61 33 0.69
13:34:06:600184 23.230 24.310 13:32:05 3.92 13:32:41 4.65 36 0.73
13:34:07:600184 23.230 24.310 13:32:05 3.92 13:32:41 4.65 36 0.73
13:34:08:600184 23.230 24.310 13:32:05 3.92 13:32:41 4.65 36 0.73
13:34:09:600184 23.230 24.310 13:32:05 3.92 13:32:41 4.65 36 0.73
13:34:18:600184 23.230 24.350 13:32:05 3.92 13:32:53 4.82 48 0.90
13:34:19:600184 23.230 24.350 13:32:05 3.92 13:32:53 4.82 48 0.90
13:34:19:000016 4.540 4.670 13:32:33 2.20 13:32:54 2.86 21 0.66
13:34:20:600184 23.230 24.350 13:32:05 3.92 13:32:53 4.82 48 0.90
13:34:20:000016 4.540 4.670 13:32:33 2.20 13:32:54 2.86 21 0.66
13:34:21:000016 4.540 4.670 13:32:33 2.20 13:32:54 2.86 21 0.66
13:38:12:600480 17.220 17.730 13:36:08 2.44 13:36:47 2.96 39 0.52
13:38:13:600480 17.220 17.730 13:36:08 2.44 13:36:47 2.96 39 0.52
13:38:14:600480 17.220 17.730 13:36:08 2.44 13:36:47 2.96 39 0.52
13:38:15:600480 17.220 17.730 13:36:08 2.44 13:36:47 2.96 39 0.52
13:38:16:600480 17.220 17.730 13:36:08 2.44 13:36:47 2.96 39 0.52
13:38:16:600480 17.220 17.740 13:36:08 2.44 13:36:50 3.02 42 0.58
13:38:17:600480 17.220 17.740 13:36:08 2.44 13:36:50 3.02 42 0.58
13:38:18:600480 17.220 17.740 13:36:08 2.44 13:36:50 3.02 42 0.58
13:38:44:002276 14.170 14.550 13:37:09 2.05 13:37:18 2.68 9 0.64
13:38:45:002276 14.170 14.550 13:37:09 2.05 13:37:18 2.68 9 0.64
13:38:45:002276 14.170 14.550 13:37:09 2.05 13:37:18 2.68 9 0.64
13:38:49:002276 14.170 14.580 13:37:09 2.05 13:37:24 2.89 15 0.85
13:38:50:002276 14.170 14.580 13:37:09 2.05 13:37:24 2.89 15 0.85
13:38:51:002276 14.170 14.580 13:37:09 2.05 13:37:24 2.89 15 0.85
13:38:52:002276 14.170 14.580 13:37:09 2.05 13:37:24 2.89 15 0.85
13:38:53:002276 14.170 14.600 13:37:09 2.05 13:37:27 3.03 18 0.99
13:38:53:002276 14.170 14.600 13:37:09 2.05 13:37:27 3.03 18 0.99
13:38:54:002276 14.170 14.600 13:37:09 2.05 13:37:27 3.03 18 0.99
13:38:55:002276 14.170 14.630 13:37:09 2.05 13:37:30 3.25 21 1.20
13:38:56:002276 14.170 14.630 13:37:09 2.05 13:37:30 3.25 21 1.20
13:38:57:002276 14.170 14.630 13:37:09 2.05 13:37:30 3.25 21 1.20
13:38:58:002276 14.170 14.630 13:37:09 2.05 13:37:30 3.25 21 1.20
13:38:59:002276 14.170 14.640 13:37:09 2.05 13:37:33 3.32 24 1.27
13:39:01:002276 14.170 14.640 13:37:09 2.05 13:37:33 3.32 24 1.27
13:39:05:002276 14.170 14.680 13:37:09 2.05 13:37:39 3.60 30 1.55
13:39:06:002276 14.170 14.680 13:37:09 2.05 13:37:39 3.60 30 1.55
13:39:06:002276 14.170 14.680 13:37:09 2.05 13:37:39 3.60 30 1.55
13:39:23:002276 14.170 14.920 13:37:09 2.05 13:37:57 5.29 48 3.25
13:39:24:002276 14.170 14.920 13:37:09 2.05 13:37:57 5.29 48 3.25
13:39:24:002276 14.170 14.920 13:37:09 2.05 13:37:57 5.29 48 3.25
13:40:16:002201 16.910 17.410 13:38:00 2.37 13:38:51 2.96 51 0.59
13:40:17:002201 16.910 17.410 13:38:00 2.37 13:38:51 2.96 51 0.59
13:40:17:002201 16.910 17.410 13:38:00 2.37 13:38:51 2.96 51 0.59
13:40:18:002201 16.910 17.410 13:38:00 2.37 13:38:51 2.96 51 0.59
13:40:19:002201 16.910 17.410 13:38:00 2.37 13:38:51 2.96 51 0.59
13:40:20:002201 16.910 17.420 13:38:00 2.37 13:38:54 3.02 54 0.65
13:40:21:002201 16.910 17.420 13:38:00 2.37 13:38:54 3.02 54 0.65
13:40:22:002201 16.910 17.420 13:38:00 2.37 13:38:54 3.02 54 0.65
13:41:14:000547 15.000 15.580 13:39:39 3.33 13:39:48 3.87 9 0.53
13:41:14:000547 15.000 15.580 13:39:39 3.33 13:39:48 3.87 9 0.53
13:41:15:000547 15.000 15.580 13:39:39 3.33 13:39:48 3.87 9 0.53
13:41:16:000547 15.000 15.590 13:39:39 3.33 13:39:51 3.93 12 0.60
13:41:17:000547 15.000 15.590 13:39:39 3.33 13:39:51 3.93 12 0.60
13:41:18:000547 15.000 15.590 13:39:39 3.33 13:39:51 3.93 12 0.60
13:41:19:000547 15.000 15.590 13:39:39 3.33 13:39:54 3.93 15 0.60
13:41:19:000547 15.000 15.590 13:39:39 3.33 13:39:54 3.93 15 0.60
13:41:20:000547 15.000 15.590 13:39:39 3.33 13:39:54 3.93 15 0.60
13:41:40:000547 15.000 15.830 13:40:06 4.73 13:40:15 5.53 9 0.80
13:41:41:000547 15.000 15.830 13:40:06 4.73 13:40:15 5.53 9 0.80
13:41:42:000547 15.000 15.830 13:40:06 4.73 13:40:15 5.53 9 0.80
13:41:45:000547 15.000 15.850 13:40:06 4.73 13:40:21 5.67 15 0.93
13:41:46:000547 15.000 15.850 13:40:06 4.73 13:40:21 5.67 15 0.93
13:41:47:000547 15.000 15.850 13:40:06 4.73 13:40:21 5.67 15 0.93
13:41:48:000547 15.000 15.850 13:40:06 4.73 13:40:21 5.67 15 0.93
13:42:56:600680 32.060 33.190 13:41:00 2.90 13:41:30 3.52 30 0.62
13:42:57:600680 32.060 33.190 13:41:00 2.90 13:41:30 3.52 30 0.62
13:42:59:600680 32.060 33.200 13:41:00 2.90 13:41:33 3.56 33 0.66
13:42:59:600680 32.060 33.200 13:41:00 2.90 13:41:33 3.56 33 0.66
13:43:00:600680 32.060 33.200 13:41:00 2.90 13:41:33 3.56 33 0.66
13:43:01:600680 32.060 33.200 13:41:00 2.90 13:41:33 3.56 33 0.66
13:43:02:600680 32.060 33.200 13:41:00 2.90 13:41:33 3.56 33 0.66
13:43:03:600680 32.060 33.200 13:41:00 2.90 13:41:33 3.56 33 0.66
13:43:13:600680 32.060 33.290 13:41:00 2.90 13:41:45 3.84 45 0.94
13:43:17:600680 32.060 33.300 13:41:00 2.90 13:41:51 3.87 51 0.97
13:43:18:600680 32.060 33.300 13:41:00 2.90 13:41:51 3.87 51 0.97
13:46:16:002431 8.870 9.240 13:44:36 3.38 13:44:51 4.17 15 0.79
13:46:17:002431 8.870 9.240 13:44:36 3.38 13:44:51 4.17 15 0.79
13:46:18:002431 8.870 9.240 13:44:36 3.38 13:44:51 4.17 15 0.79
13:46:19:002431 8.870 9.240 13:44:36 3.38 13:44:54 4.17 18 0.79
13:46:21:002431 8.870 9.240 13:44:36 3.38 13:44:54 4.17 18 0.79
13:46:23:002431 8.870 9.250 13:44:36 3.38 13:44:57 4.28 21 0.90
13:46:24:002431 8.870 9.250 13:44:36 3.38 13:44:57 4.28 21 0.90
13:47:46:000801 11.980 12.320 13:46:00 2.25 13:46:21 2.84 21 0.58
13:47:49:000801 11.980 12.330 13:46:00 2.25 13:46:24 2.92 24 0.67
13:47:50:000801 11.980 12.330 13:46:00 2.25 13:46:24 2.92 24 0.67
13:47:52:000801 11.980 12.330 13:46:00 2.25 13:46:24 2.92 24 0.67
13:47:53:000801 11.980 12.340 13:46:00 2.25 13:46:27 3.01 27 0.75
13:47:55:000801 11.980 12.340 13:46:00 2.25 13:46:27 3.01 27 0.75
13:50:20:002062 6.580 6.880 13:48:15 3.95 13:48:54 4.56 39 0.61
13:50:21:002062 6.580 6.880 13:48:15 3.95 13:48:54 4.56 39 0.61
13:50:22:002062 6.580 6.880 13:48:15 3.95 13:48:54 4.56 39 0.61
13:50:43:002062 6.580 6.920 13:49:00 4.56 13:49:15 5.17 15 0.61
13:50:45:002062 6.580 6.920 13:49:00 4.56 13:49:18 5.17 18 0.61
13:50:49:002062 6.580 6.920 13:49:00 4.56 13:49:18 5.17 18 0.61
13:51:13:000801 11.980 12.440 13:49:12 3.26 13:49:48 3.84 36 0.58
13:51:14:000801 11.980 12.440 13:49:12 3.26 13:49:48 3.84 36 0.58
13:51:15:000801 11.980 12.440 13:49:12 3.26 13:49:48 3.84 36 0.58
13:51:16:000801 11.980 12.440 13:49:12 3.26 13:49:48 3.84 36 0.58
13:51:17:000801 11.980 12.440 13:49:12 3.26 13:49:48 3.84 36 0.58
13:51:18:000801 11.980 12.450 13:49:12 3.26 13:49:51 3.92 39 0.67
13:51:19:000801 11.980 12.450 13:49:12 3.26 13:49:51 3.92 39 0.67
13:51:22:000801 11.980 12.460 13:49:12 3.26 13:49:57 4.01 45 0.75
13:51:23:000801 11.980 12.460 13:49:12 3.26 13:49:57 4.01 45 0.75
13:51:24:000801 11.980 12.460 13:49:12 3.26 13:49:57 4.01 45 0.75
13:53:59:600137 45.820 47.500 13:52:02 2.14 13:52:32 3.67 30 1.53
13:54:00:600137 45.820 47.500 13:52:02 2.14 13:52:32 3.67 30 1.53
13:54:01:600137 45.820 47.500 13:52:02 2.14 13:52:35 3.67 33 1.53
13:54:03:600137 45.820 47.500 13:52:02 2.14 13:52:37 3.67 35 1.53
13:54:05:600137 45.820 47.500 13:52:02 2.14 13:52:37 3.67 35 1.53
13:54:06:600137 45.820 47.500 13:52:02 2.14 13:52:37 3.67 35 1.53
13:54:13:002602 33.900 34.800 13:52:15 2.04 13:52:48 2.65 33 0.62
13:54:14:002602 33.900 34.800 13:52:15 2.04 13:52:48 2.65 33 0.62
13:54:16:002602 33.900 34.800 13:52:15 2.04 13:52:48 2.65 33 0.62
13:55:17:002602 33.900 35.130 13:53:18 2.95 13:53:51 3.63 33 0.68
13:55:18:002602 33.900 35.130 13:53:18 2.95 13:53:51 3.63 33 0.68
13:55:19:002602 33.900 35.130 13:53:18 2.95 13:53:51 3.63 33 0.68
13:55:37:002647 54.000 57.000 13:54:00 4.81 13:54:12 5.56 12 0.74
13:55:38:002647 54.000 57.000 13:54:00 4.81 13:54:12 5.56 12 0.74
13:55:39:002647 54.000 57.000 13:54:00 4.81 13:54:12 5.56 12 0.74
13:55:40:002647 54.000 57.000 13:54:00 4.81 13:54:12 5.56 12 0.74
13:55:41:002647 54.000 57.000 13:54:00 4.81 13:54:15 5.56 15 0.74
13:55:42:002647 54.000 57.000 13:54:00 4.81 13:54:15 5.56 15 0.74
13:55:43:002647 54.000 57.000 13:54:00 4.81 13:54:15 5.56 15 0.74
13:55:44:002647 54.000 57.000 13:54:00 4.81 13:54:15 5.56 15 0.74
13:55:45:002647 54.000 57.000 13:54:00 4.81 13:54:18 5.56 18 0.74
14:04:28:000800 11.690 12.200 14:03:00 2.65 14:03:03 4.36 3 1.71
14:04:30:000800 11.690 12.200 14:03:00 2.65 14:03:03 4.36 3 1.71
14:04:31:000800 11.690 12.200 14:03:00 2.65 14:03:03 4.36 3 1.71
14:04:32:000800 11.690 12.200 14:03:00 2.65 14:03:06 4.36 6 1.71
14:04:33:000800 11.690 12.200 14:03:00 2.65 14:03:06 4.36 6 1.71
14:04:35:000800 11.690 12.200 14:03:00 2.65 14:03:06 4.36 6 1.71
14:04:35:000800 11.690 12.200 14:03:00 2.65 14:03:06 4.36 6 1.71
14:04:37:000800 11.690 12.200 14:03:00 2.65 14:03:06 4.36 6 1.71
14:04:37:000800 11.690 12.200 14:03:00 2.65 14:03:06 4.36 6 1.71
14:04:38:000800 11.690 12.250 14:03:00 2.65 14:03:12 4.79 12 2.14
14:04:39:000800 11.690 12.250 14:03:00 2.65 14:03:12 4.79 12 2.14
14:04:40:000800 11.690 12.260 14:03:00 2.65 14:03:15 4.88 15 2.22
14:04:43:000800 11.690 12.260 14:03:00 2.65 14:03:15 4.88 15 2.22
14:04:43:000800 11.690 12.260 14:03:00 2.65 14:03:18 4.88 18 2.22
14:04:44:000800 11.690 12.260 14:03:00 2.65 14:03:18 4.88 18 2.22
14:04:45:000800 11.690 12.260 14:03:00 2.65 14:03:18 4.88 18 2.22
14:04:46:000800 11.690 12.260 14:03:00 2.65 14:03:18 4.88 18 2.22
14:04:47:000800 11.690 12.260 14:03:00 2.65 14:03:18 4.88 18 2.22
14:04:48:000800 11.690 12.260 14:03:00 2.65 14:03:18 4.88 18 2.22
14:04:48:000800 11.690 12.260 14:03:00 2.65 14:03:18 4.88 18 2.22
14:07:09:600006 7.000 7.250 14:05:27 2.14 14:05:42 3.57 15 1.43
14:07:10:600006 7.000 7.250 14:05:27 2.14 14:05:42 3.57 15 1.43
14:07:11:600006 7.000 7.250 14:05:27 2.14 14:05:42 3.57 15 1.43
14:07:18:600006 7.000 7.290 14:05:27 2.14 14:05:51 4.14 24 2.00
14:07:19:600006 7.000 7.290 14:05:27 2.14 14:05:51 4.14 24 2.00
14:07:20:600006 7.000 7.290 14:05:27 2.14 14:05:51 4.14 24 2.00
14:07:21:600006 7.000 7.300 14:05:27 2.14 14:05:54 4.29 27 2.14
14:07:22:600006 7.000 7.300 14:05:27 2.14 14:05:54 4.29 27 2.14
14:07:23:600006 7.000 7.300 14:05:27 2.14 14:05:54 4.29 27 2.14
14:07:23:600006 7.000 7.300 14:05:27 2.14 14:05:54 4.29 27 2.14
14:07:24:600006 7.000 7.300 14:05:27 2.14 14:05:54 4.29 27 2.14
14:14:08:603688 21.200 22.580 14:12:02 5.66 14:12:41 6.51 39 0.85
14:14:09:603688 21.200 22.580 14:12:02 5.66 14:12:41 6.51 39 0.85
14:14:10:603688 21.200 22.590 14:12:02 5.66 14:12:44 6.56 42 0.90
14:14:11:603688 21.200 22.590 14:12:02 5.66 14:12:44 6.56 42 0.90
14:14:12:603688 21.200 22.590 14:12:02 5.66 14:12:44 6.56 42 0.90
14:14:13:603688 21.200 22.600 14:12:02 5.66 14:12:47 6.60 45 0.94
14:14:14:603688 21.200 22.600 14:12:02 5.66 14:12:47 6.60 45 0.94
14:14:15:603688 21.200 22.600 14:12:02 5.66 14:12:47 6.60 45 0.94
14:14:15:603688 21.200 22.600 14:12:02 5.66 14:12:50 6.60 48 0.94
14:14:15:600478 9.920 10.170 14:12:11 2.02 14:12:50 2.52 39 0.50
14:14:16:603688 21.200 22.600 14:12:02 5.66 14:12:50 6.60 48 0.94
14:14:16:600478 9.920 10.170 14:12:11 2.02 14:12:50 2.52 39 0.50
14:14:18:603688 21.200 22.600 14:12:02 5.66 14:12:50 6.60 48 0.94
14:14:18:600478 9.920 10.170 14:12:11 2.02 14:12:50 2.52 39 0.50
14:14:19:603688 21.200 22.630 14:12:02 5.66 14:12:53 6.75 51 1.08
14:14:19:600478 9.920 10.170 14:12:11 2.02 14:12:53 2.52 42 0.50
14:14:22:603688 21.200 22.640 14:12:02 5.66 14:12:56 6.79 54 1.13
14:14:24:603688 21.200 22.640 14:12:02 5.66 14:12:56 6.79 54 1.13
14:14:24:002542 7.740 8.300 14:12:09 6.59 14:12:57 7.24 48 0.65
14:14:28:002542 7.740 8.300 14:12:09 6.59 14:12:57 7.24 48 0.65
14:17:35:002401 17.530 18.000 14:16:00 2.11 14:16:09 2.68 9 0.57
14:17:37:002401 17.530 18.000 14:16:00 2.11 14:16:09 2.68 9 0.57
14:17:47:002401 17.530 18.090 14:16:00 2.11 14:16:18 3.19 18 1.08
14:17:48:002401 17.530 18.100 14:16:00 2.11 14:16:21 3.25 21 1.14
14:17:49:002401 17.530 18.100 14:16:00 2.11 14:16:21 3.25 21 1.14
14:17:50:002401 17.530 18.100 14:16:00 2.11 14:16:21 3.25 21 1.14
14:17:51:002401 17.530 18.150 14:16:00 2.11 14:16:24 3.54 24 1.43
14:17:54:002401 17.530 18.180 14:16:00 2.11 14:16:27 3.71 27 1.60
14:17:56:002401 17.530 18.180 14:16:00 2.11 14:16:27 3.71 27 1.60
14:18:00:002401 17.530 18.200 14:16:00 2.11 14:16:33 3.82 33 1.71
14:18:05:002401 17.530 18.280 14:16:00 2.11 14:16:39 4.28 39 2.17
14:18:06:002401 17.530 18.280 14:16:00 2.11 14:16:39 4.28 39 2.17
14:18:07:002401 17.530 18.280 14:16:00 2.11 14:16:39 4.28 39 2.17
14:18:10:002401 17.530 18.350 14:16:00 2.11 14:16:42 4.68 42 2.57
14:18:11:002401 17.530 18.380 14:16:00 2.11 14:16:45 4.85 45 2.74
14:18:12:002401 17.530 18.380 14:16:00 2.11 14:16:45 4.85 45 2.74
14:18:14:002401 17.530 18.380 14:16:00 2.11 14:16:48 4.85 48 2.74
14:18:17:002401 17.530 18.380 14:16:00 2.11 14:16:48 4.85 48 2.74
14:18:24:002401 17.530 18.500 14:16:00 2.11 14:16:57 5.53 57 3.42
14:18:25:002401 17.530 18.500 14:16:00 2.11 14:16:57 5.53 57 3.42
14:18:41:002401 17.530 18.800 14:17:00 6.10 14:17:15 7.24 15 1.14
14:18:45:603688 21.200 22.880 14:17:05 7.36 14:17:18 7.92 13 0.57
14:18:45:002401 17.530 18.800 14:17:00 6.10 14:17:15 7.24 15 1.14
14:18:47:603688 21.200 22.890 14:17:05 7.36 14:17:21 7.97 16 0.61
14:18:49:603688 21.200 22.890 14:17:05 7.36 14:17:21 7.97 16 0.61
14:18:51:603688 21.200 22.900 14:17:05 7.36 14:17:24 8.02 19 0.66
14:18:52:603688 21.200 22.900 14:17:05 7.36 14:17:24 8.02 19 0.66
14:18:53:603688 21.200 22.930 14:17:05 7.36 14:17:27 8.16 22 0.80
14:18:54:603688 21.200 22.930 14:17:05 7.36 14:17:27 8.16 22 0.80
14:19:01:603688 21.200 22.970 14:17:05 7.36 14:17:33 8.35 28 0.99
14:19:09:603688 21.200 23.000 14:17:05 7.36 14:17:42 8.49 37 1.13
14:19:10:603688 21.200 23.000 14:17:05 7.36 14:17:42 8.49 37 1.13
14:19:12:603688 21.200 23.000 14:17:05 7.36 14:17:45 8.49 40 1.13
14:19:14:603688 21.200 23.000 14:17:05 7.36 14:17:48 8.49 43 1.13
14:19:15:603688 21.200 23.000 14:17:05 7.36 14:17:48 8.49 43 1.13
14:19:24:603688 21.200 23.080 14:17:05 7.36 14:17:57 8.87 52 1.51
14:19:25:603688 21.200 23.080 14:17:05 7.36 14:17:57 8.87 52 1.51
14:21:14:002153 22.630 23.350 14:19:21 2.52 14:19:48 3.18 27 0.66
14:21:15:002153 22.630 23.350 14:19:21 2.52 14:19:48 3.18 27 0.66
14:21:16:002153 22.630 23.350 14:19:21 2.52 14:19:48 3.18 27 0.66
14:21:17:002153 22.630 23.370 14:19:21 2.52 14:19:51 3.27 30 0.75
14:21:18:002153 22.630 23.370 14:19:21 2.52 14:19:51 3.27 30 0.75
14:21:19:002153 22.630 23.370 14:19:21 2.52 14:19:54 3.27 33 0.75
14:21:21:002153 22.630 23.370 14:19:21 2.52 14:19:54 3.27 33 0.75
14:21:21:002153 22.630 23.370 14:19:21 2.52 14:19:54 3.27 33 0.75
14:21:56:600072 20.890 22.750 14:20:00 8.19 14:20:30 8.90 30 0.72
14:21:57:600072 20.890 22.750 14:20:00 8.19 14:20:30 8.90 30 0.72
14:21:58:600072 20.890 22.750 14:20:00 8.19 14:20:30 8.90 30 0.72
14:22:14:002153 22.630 23.550 14:20:00 3.40 14:20:48 4.07 48 0.66
14:22:15:002153 22.630 23.550 14:20:00 3.40 14:20:48 4.07 48 0.66
14:22:16:002153 22.630 23.550 14:20:00 3.40 14:20:48 4.07 48 0.66
14:22:17:002153 22.630 23.550 14:20:00 3.40 14:20:51 4.07 51 0.66
14:22:19:002153 22.630 23.550 14:20:00 3.40 14:20:51 4.07 51 0.66
14:22:20:002153 22.630 23.550 14:20:00 3.40 14:20:54 4.07 54 0.66
14:22:21:002153 22.630 23.550 14:20:00 3.40 14:20:54 4.07 54 0.66
14:22:22:002153 22.630 23.550 14:20:00 3.40 14:20:54 4.07 54 0.66
14:22:23:002153 22.630 23.570 14:20:00 3.40 14:20:57 4.15 57 0.75
14:22:24:002153 22.630 23.570 14:20:00 3.40 14:20:57 4.15 57 0.75
14:22:25:002153 22.630 23.570 14:20:00 3.40 14:20:57 4.15 57 0.75
14:22:27:002153 22.630 23.570 14:20:00 3.40 14:20:57 4.15 57 0.75
14:23:22:002726 18.460 19.180 14:21:15 3.25 14:21:57 3.90 42 0.65
14:23:23:002726 18.460 19.180 14:21:15 3.25 14:21:57 3.90 42 0.65
14:23:24:002726 18.460 19.180 14:21:15 3.25 14:21:57 3.90 42 0.65
14:24:07:002711 16.660 17.770 14:22:06 6.12 14:22:42 6.66 36 0.54
14:24:08:002711 16.660 17.770 14:22:06 6.12 14:22:42 6.66 36 0.54
14:24:09:002711 16.660 17.770 14:22:06 6.12 14:22:42 6.66 36 0.54
14:24:10:002711 16.660 17.770 14:22:06 6.12 14:22:42 6.66 36 0.54
14:24:11:002711 16.660 17.800 14:22:06 6.12 14:22:45 6.84 39 0.72
14:24:12:002711 16.660 17.800 14:22:06 6.12 14:22:45 6.84 39 0.72
14:24:17:002711 16.660 17.800 14:22:06 6.12 14:22:51 6.84 45 0.72
14:24:18:002711 16.660 17.800 14:22:06 6.12 14:22:51 6.84 45 0.72
14:24:20:002711 16.660 17.800 14:22:06 6.12 14:22:51 6.84 45 0.72
14:24:21:002711 16.660 17.800 14:22:06 6.12 14:22:54 6.84 48 0.72
14:24:22:002711 16.660 17.800 14:22:06 6.12 14:22:54 6.84 48 0.72
14:24:23:002711 16.660 17.800 14:22:06 6.12 14:22:57 6.84 51 0.72
14:24:25:002711 16.660 17.800 14:22:06 6.12 14:22:57 6.84 51 0.72
14:26:22:002017 13.800 14.150 14:24:33 2.03 14:24:57 2.54 24 0.51
14:26:24:002017 13.800 14.150 14:24:33 2.03 14:24:57 2.54 24 0.51
14:26:25:002017 13.800 14.150 14:24:33 2.03 14:24:57 2.54 24 0.51
14:26:27:002017 13.800 14.150 14:24:33 2.03 14:24:57 2.54 24 0.51
14:27:09:000915 38.880 40.300 14:25:06 2.60 14:25:42 3.65 36 1.05
14:27:17:000915 38.880 40.300 14:25:06 2.60 14:25:51 3.65 45 1.05
14:27:18:000915 38.880 40.300 14:25:06 2.60 14:25:51 3.65 45 1.05
14:27:19:000915 38.880 40.300 14:25:06 2.60 14:25:51 3.65 45 1.05
14:27:20:000915 38.880 40.300 14:25:06 2.60 14:25:51 3.65 45 1.05
14:27:21:000915 38.880 40.300 14:25:06 2.60 14:25:54 3.65 48 1.05
14:28:02:002542 7.740 8.350 14:26:24 7.24 14:26:33 7.88 9 0.65
14:28:02:002542 7.740 8.350 14:26:24 7.24 14:26:36 7.88 12 0.65
14:28:04:600082 8.020 8.250 14:26:02 2.24 14:26:38 2.87 36 0.62
14:28:04:002542 7.740 8.350 14:26:24 7.24 14:26:36 7.88 12 0.65
14:28:05:600082 8.020 8.250 14:26:02 2.24 14:26:38 2.87 36 0.62
14:28:05:002542 7.740 8.350 14:26:24 7.24 14:26:39 7.88 15 0.65
14:28:06:600082 8.020 8.250 14:26:02 2.24 14:26:38 2.87 36 0.62
14:28:06:002542 7.740 8.350 14:26:24 7.24 14:26:39 7.88 15 0.65
14:28:08:002542 7.740 8.350 14:26:24 7.24 14:26:39 7.88 15 0.65
14:28:09:002542 7.740 8.350 14:26:24 7.24 14:26:42 7.88 18 0.65
14:28:10:002542 7.740 8.360 14:26:24 7.24 14:26:45 8.01 21 0.78
14:28:11:600082 8.020 8.250 14:26:02 2.24 14:26:44 2.87 42 0.62
14:28:11:002542 7.740 8.360 14:26:24 7.24 14:26:45 8.01 21 0.78
14:28:12:600082 8.020 8.250 14:26:02 2.24 14:26:44 2.87 42 0.62
14:28:12:002542 7.740 8.360 14:26:24 7.24 14:26:45 8.01 21 0.78
14:28:14:002542 7.740 8.360 14:26:24 7.24 14:26:48 8.01 24 0.78
14:28:15:600082 8.020 8.250 14:26:02 2.24 14:26:50 2.87 48 0.62
14:28:15:002542 7.740 8.360 14:26:24 7.24 14:26:48 8.01 24 0.78
14:28:17:600082 8.020 8.250 14:26:02 2.24 14:26:50 2.87 48 0.62
14:28:17:002542 7.740 8.380 14:26:24 7.24 14:26:51 8.27 27 1.03
14:28:19:600082 8.020 8.250 14:26:02 2.24 14:26:50 2.87 48 0.62
14:28:19:002542 7.740 8.380 14:26:24 7.24 14:26:51 8.27 27 1.03
14:28:20:600082 8.020 8.250 14:26:02 2.24 14:26:50 2.87 48 0.62
14:28:20:002542 7.740 8.380 14:26:24 7.24 14:26:51 8.27 27 1.03
14:28:23:002542 7.740 8.390 14:26:24 7.24 14:26:57 8.40 33 1.16
14:28:25:002542 7.740 8.390 14:26:24 7.24 14:26:57 8.40 33 1.16
14:29:08:002677 12.610 13.170 14:27:00 3.81 14:27:42 4.44 42 0.63
14:29:14:002677 12.610 13.180 14:27:00 3.81 14:27:48 4.52 48 0.71
14:29:16:002677 12.610 13.180 14:27:00 3.81 14:27:51 4.52 51 0.71
14:29:18:002677 12.610 13.180 14:27:00 3.81 14:27:51 4.52 51 0.71
14:29:19:002677 12.610 13.180 14:27:00 3.81 14:27:51 4.52 51 0.71
14:29:21:002677 12.610 13.190 14:27:00 3.81 14:27:54 4.60 54 0.79
14:34:59:603022 26.130 26.850 14:33:02 2.22 14:33:32 2.76 30 0.54
14:35:00:600753 34.300 35.990 14:33:05 4.37 14:33:32 4.93 27 0.55
14:42:18:600478 9.920 10.250 14:40:00 2.82 14:40:51 3.33 51 0.50
14:42:19:600478 9.920 10.250 14:40:00 2.82 14:40:51 3.33 51 0.50
14:42:20:600478 9.920 10.250 14:40:00 2.82 14:40:51 3.33 51 0.50
14:49:58:000887 23.750 24.670 14:48:12 3.24 14:48:27 3.87 15 0.63
14:50:09:600184 23.230 25.140 14:48:11 7.58 14:48:41 8.22 30 0.65
14:50:16:000887 23.750 24.670 14:48:12 3.24 14:48:51 3.87 39 0.63
14:50:17:000887 23.750 24.670 14:48:12 3.24 14:48:51 3.87 39 0.63
14:50:18:000887 23.750 24.670 14:48:12 3.24 14:48:51 3.87 39 0.63
14:50:25:600184 23.230 25.200 14:48:11 7.58 14:48:56 8.48 45 0.90
14:50:26:600184 23.230 25.200 14:48:11 7.58 14:48:56 8.48 45 0.90
14:50:27:600184 23.230 25.200 14:48:11 7.58 14:48:56 8.48 45 0.90
14:53:27:600365 11.110 11.480 14:51:14 2.34 14:51:59 3.33 45 0.99
